[7.143s] Invoking command in '/home/sln/beginner_tutorials/build/examples_rclpy_guard_conditions': PYTHONPATH=/home/sln/beginner_tutorials/install/examples_rclpy_guard_conditions/lib/python3.8/site-packages:${PYTHONPATH} /usr/bin/python3 setup.py develop --prefix /home/sln/beginner_tutorials/install/examples_rclpy_guard_conditions --uninstall --editable --build-directory /home/sln/beginner_tutorials/build/examples_rclpy_guard_conditions/build
[8.521s] running develop
[9.970s] Invoked command in '/home/sln/beginner_tutorials/build/examples_rclpy_guard_conditions' returned '0': PYTHONPATH=/home/sln/beginner_tutorials/install/examples_rclpy_guard_conditions/lib/python3.8/site-packages:${PYTHONPATH} /usr/bin/python3 setup.py develop --prefix /home/sln/beginner_tutorials/install/examples_rclpy_guard_conditions --uninstall --editable --build-directory /home/sln/beginner_tutorials/build/examples_rclpy_guard_conditions/build
[9.972s] Invoking command in '/home/sln/beginner_tutorials/src/examples/rclpy/guard_conditions': PYTHONPATH=/home/sln/beginner_tutorials/install/examples_rclpy_guard_conditions/lib/python3.8/site-packages:${PYTHONPATH} /usr/bin/python3 setup.py egg_info --egg-base ../../../../build/examples_rclpy_guard_conditions build --build-base /home/sln/beginner_tutorials/build/examples_rclpy_guard_conditions/build install --prefix /home/sln/beginner_tutorials/install/examples_rclpy_guard_conditions --record /home/sln/beginner_tutorials/build/examples_rclpy_guard_conditions/install.log --single-version-externally-managed
[11.585s] running egg_info
[11.586s] writing ../../../../build/examples_rclpy_guard_conditions/examples_rclpy_guard_conditions.egg-info/PKG-INFO
[11.587s] writing dependency_links to ../../../../build/examples_rclpy_guard_conditions/examples_rclpy_guard_conditions.egg-info/dependency_links.txt
[11.587s] writing entry points to ../../../../build/examples_rclpy_guard_conditions/examples_rclpy_guard_conditions.egg-info/entry_points.txt
[11.587s] writing requirements to ../../../../build/examples_rclpy_guard_conditions/examples_rclpy_guard_conditions.egg-info/requires.txt
[11.588s] writing top-level names to ../../../../build/examples_rclpy_guard_conditions/examples_rclpy_guard_conditions.egg-info/top_level.txt
[11.696s] reading manifest file '../../../../build/examples_rclpy_guard_conditions/examples_rclpy_guard_conditions.egg-info/SOURCES.txt'
[11.698s] writing manifest file '../../../../build/examples_rclpy_guard_conditions/examples_rclpy_guard_conditions.egg-info/SOURCES.txt'
[11.698s] running build
[11.698s] running build_py
[11.699s] running install
[11.704s] running install_lib
[11.710s] running install_data
[11.712s] running install_egg_info
[11.718s] removing '/home/sln/beginner_tutorials/install/examples_rclpy_guard_conditions/lib/python3.8/site-packages/examples_rclpy_guard_conditions-0.15.1-py3.8.egg-info' (and everything under it)
[11.721s] Copying ../../../../build/examples_rclpy_guard_conditions/examples_rclpy_guard_conditions.egg-info to /home/sln/beginner_tutorials/install/examples_rclpy_guard_conditions/lib/python3.8/site-packages/examples_rclpy_guard_conditions-0.15.1-py3.8.egg-info
[11.721s] running install_scripts
[11.789s] Installing trigger_guard_condition script to /home/sln/beginner_tutorials/install/examples_rclpy_guard_conditions/lib/examples_rclpy_guard_conditions
[11.789s] writing list of installed files to '/home/sln/beginner_tutorials/build/examples_rclpy_guard_conditions/install.log'
[11.951s] Invoked command in '/home/sln/beginner_tutorials/src/examples/rclpy/guard_conditions' returned '0': PYTHONPATH=/home/sln/beginner_tutorials/install/examples_rclpy_guard_conditions/lib/python3.8/site-packages:${PYTHONPATH} /usr/bin/python3 setup.py egg_info --egg-base ../../../../build/examples_rclpy_guard_conditions build --build-base /home/sln/beginner_tutorials/build/examples_rclpy_guard_conditions/build install --prefix /home/sln/beginner_tutorials/install/examples_rclpy_guard_conditions --record /home/sln/beginner_tutorials/build/examples_rclpy_guard_conditions/install.log --single-version-externally-managed
