running develop
Removing /home/sln/beginner_tutorials/install/examples_rclpy_guard_conditions/lib/python3.8/site-packages/examples-rclpy-guard-conditions.egg-link (link to .)
running egg_info
writing ../../../../build/examples_rclpy_guard_conditions/examples_rclpy_guard_conditions.egg-info/PKG-INFO
writing dependency_links to ../../../../build/examples_rclpy_guard_conditions/examples_rclpy_guard_conditions.egg-info/dependency_links.txt
writing entry points to ../../../../build/examples_rclpy_guard_conditions/examples_rclpy_guard_conditions.egg-info/entry_points.txt
writing requirements to ../../../../build/examples_rclpy_guard_conditions/examples_rclpy_guard_conditions.egg-info/requires.txt
writing top-level names to ../../../../build/examples_rclpy_guard_conditions/examples_rclpy_guard_conditions.egg-info/top_level.txt
reading manifest file '../../../../build/examples_rclpy_guard_conditions/examples_rclpy_guard_conditions.egg-info/SOURCES.txt'
writing manifest file '../../../../build/examples_rclpy_guard_conditions/examples_rclpy_guard_conditions.egg-info/SOURCES.txt'
running build
running build_py
creating /home/sln/beginner_tutorials/build/examples_rclpy_guard_conditions/build
creating /home/sln/beginner_tutorials/build/examples_rclpy_guard_conditions/build/lib
creating /home/sln/beginner_tutorials/build/examples_rclpy_guard_conditions/build/lib/examples_rclpy_guard_conditions
copying examples_rclpy_guard_conditions/trigger_guard_condition.py -> /home/sln/beginner_tutorials/build/examples_rclpy_guard_conditions/build/lib/examples_rclpy_guard_conditions
copying examples_rclpy_guard_conditions/__init__.py -> /home/sln/beginner_tutorials/build/examples_rclpy_guard_conditions/build/lib/examples_rclpy_guard_conditions
running install
running install_lib
creating /home/sln/beginner_tutorials/install/examples_rclpy_guard_conditions/lib/python3.8/site-packages/examples_rclpy_guard_conditions
copying /home/sln/beginner_tutorials/build/examples_rclpy_guard_conditions/build/lib/examples_rclpy_guard_conditions/trigger_guard_condition.py -> /home/sln/beginner_tutorials/install/examples_rclpy_guard_conditions/lib/python3.8/site-packages/examples_rclpy_guard_conditions
copying /home/sln/beginner_tutorials/build/examples_rclpy_guard_conditions/build/lib/examples_rclpy_guard_conditions/__init__.py -> /home/sln/beginner_tutorials/install/examples_rclpy_guard_conditions/lib/python3.8/site-packages/examples_rclpy_guard_conditions
byte-compiling /home/sln/beginner_tutorials/install/examples_rclpy_guard_conditions/lib/python3.8/site-packages/examples_rclpy_guard_conditions/trigger_guard_condition.py to trigger_guard_condition.cpython-38.pyc
byte-compiling /home/sln/beginner_tutorials/install/examples_rclpy_guard_conditions/lib/python3.8/site-packages/examples_rclpy_guard_conditions/__init__.py to __init__.cpython-38.pyc
running install_data
running install_egg_info
Copying ../../../../build/examples_rclpy_guard_conditions/examples_rclpy_guard_conditions.egg-info to /home/sln/beginner_tutorials/install/examples_rclpy_guard_conditions/lib/python3.8/site-packages/examples_rclpy_guard_conditions-0.15.1-py3.8.egg-info
running install_scripts
Installing trigger_guard_condition script to /home/sln/beginner_tutorials/install/examples_rclpy_guard_conditions/lib/examples_rclpy_guard_conditions
writing list of installed files to '/home/sln/beginner_tutorials/build/examples_rclpy_guard_conditions/install.log'
