[8.458s] Invoking command in '/home/sln/beginner_tutorials/build/examples_rclpy_guard_conditions': PYTHONPATH=/home/sln/beginner_tutorials/install/examples_rclpy_guard_conditions/lib/python3.8/site-packages:${PYTHONPATH} /usr/bin/python3 setup.py develop --prefix /home/sln/beginner_tutorials/install/examples_rclpy_guard_conditions --uninstall --editable --build-directory /home/sln/beginner_tutorials/build/examples_rclpy_guard_conditions/build
[10.359s] running develop
[10.799s] Removing /home/sln/beginner_tutorials/install/examples_rclpy_guard_conditions/lib/python3.8/site-packages/examples-rclpy-guard-conditions.egg-link (link to .)
[11.167s] Invoked command in '/home/sln/beginner_tutorials/build/examples_rclpy_guard_conditions' returned '0': PYTHONPATH=/home/sln/beginner_tutorials/install/examples_rclpy_guard_conditions/lib/python3.8/site-packages:${PYTHONPATH} /usr/bin/python3 setup.py develop --prefix /home/sln/beginner_tutorials/install/examples_rclpy_guard_conditions --uninstall --editable --build-directory /home/sln/beginner_tutorials/build/examples_rclpy_guard_conditions/build
[11.171s] Invoking command in '/home/sln/beginner_tutorials/src/examples/rclpy/guard_conditions': PYTHONPATH=/home/sln/beginner_tutorials/install/examples_rclpy_guard_conditions/lib/python3.8/site-packages:${PYTHONPATH} /usr/bin/python3 setup.py egg_info --egg-base ../../../../build/examples_rclpy_guard_conditions build --build-base /home/sln/beginner_tutorials/build/examples_rclpy_guard_conditions/build install --prefix /home/sln/beginner_tutorials/install/examples_rclpy_guard_conditions --record /home/sln/beginner_tutorials/build/examples_rclpy_guard_conditions/install.log --single-version-externally-managed
[12.587s] running egg_info
[12.587s] writing ../../../../build/examples_rclpy_guard_conditions/examples_rclpy_guard_conditions.egg-info/PKG-INFO
[12.587s] writing dependency_links to ../../../../build/examples_rclpy_guard_conditions/examples_rclpy_guard_conditions.egg-info/dependency_links.txt
[12.587s] writing entry points to ../../../../build/examples_rclpy_guard_conditions/examples_rclpy_guard_conditions.egg-info/entry_points.txt
[12.587s] writing requirements to ../../../../build/examples_rclpy_guard_conditions/examples_rclpy_guard_conditions.egg-info/requires.txt
[12.587s] writing top-level names to ../../../../build/examples_rclpy_guard_conditions/examples_rclpy_guard_conditions.egg-info/top_level.txt
[12.588s] reading manifest file '../../../../build/examples_rclpy_guard_conditions/examples_rclpy_guard_conditions.egg-info/SOURCES.txt'
[12.588s] writing manifest file '../../../../build/examples_rclpy_guard_conditions/examples_rclpy_guard_conditions.egg-info/SOURCES.txt'
[12.588s] running build
[12.588s] running build_py
[12.588s] creating /home/sln/beginner_tutorials/build/examples_rclpy_guard_conditions/build
[12.588s] creating /home/sln/beginner_tutorials/build/examples_rclpy_guard_conditions/build/lib
[12.588s] creating /home/sln/beginner_tutorials/build/examples_rclpy_guard_conditions/build/lib/examples_rclpy_guard_conditions
[12.588s] copying examples_rclpy_guard_conditions/trigger_guard_condition.py -> /home/sln/beginner_tutorials/build/examples_rclpy_guard_conditions/build/lib/examples_rclpy_guard_conditions
[12.589s] copying examples_rclpy_guard_conditions/__init__.py -> /home/sln/beginner_tutorials/build/examples_rclpy_guard_conditions/build/lib/examples_rclpy_guard_conditions
[12.589s] running install
[12.589s] running install_lib
[12.589s] creating /home/sln/beginner_tutorials/install/examples_rclpy_guard_conditions/lib/python3.8/site-packages/examples_rclpy_guard_conditions
[12.589s] copying /home/sln/beginner_tutorials/build/examples_rclpy_guard_conditions/build/lib/examples_rclpy_guard_conditions/trigger_guard_condition.py -> /home/sln/beginner_tutorials/install/examples_rclpy_guard_conditions/lib/python3.8/site-packages/examples_rclpy_guard_conditions
[12.589s] copying /home/sln/beginner_tutorials/build/examples_rclpy_guard_conditions/build/lib/examples_rclpy_guard_conditions/__init__.py -> /home/sln/beginner_tutorials/install/examples_rclpy_guard_conditions/lib/python3.8/site-packages/examples_rclpy_guard_conditions
[12.590s] byte-compiling /home/sln/beginner_tutorials/install/examples_rclpy_guard_conditions/lib/python3.8/site-packages/examples_rclpy_guard_conditions/trigger_guard_condition.py to trigger_guard_condition.cpython-38.pyc
[12.590s] byte-compiling /home/sln/beginner_tutorials/install/examples_rclpy_guard_conditions/lib/python3.8/site-packages/examples_rclpy_guard_conditions/__init__.py to __init__.cpython-38.pyc
[12.590s] running install_data
[12.590s] running install_egg_info
[12.590s] Copying ../../../../build/examples_rclpy_guard_conditions/examples_rclpy_guard_conditions.egg-info to /home/sln/beginner_tutorials/install/examples_rclpy_guard_conditions/lib/python3.8/site-packages/examples_rclpy_guard_conditions-0.15.1-py3.8.egg-info
[12.590s] running install_scripts
[12.591s] Installing trigger_guard_condition script to /home/sln/beginner_tutorials/install/examples_rclpy_guard_conditions/lib/examples_rclpy_guard_conditions
[12.596s] writing list of installed files to '/home/sln/beginner_tutorials/build/examples_rclpy_guard_conditions/install.log'
[12.635s] Invoked command in '/home/sln/beginner_tutorials/src/examples/rclpy/guard_conditions' returned '0': PYTHONPATH=/home/sln/beginner_tutorials/install/examples_rclpy_guard_conditions/lib/python3.8/site-packages:${PYTHONPATH} /usr/bin/python3 setup.py egg_info --egg-base ../../../../build/examples_rclpy_guard_conditions build --build-base /home/sln/beginner_tutorials/build/examples_rclpy_guard_conditions/build install --prefix /home/sln/beginner_tutorials/install/examples_rclpy_guard_conditions --record /home/sln/beginner_tutorials/build/examples_rclpy_guard_conditions/install.log --single-version-externally-managed
