[6.397s] Invoking command in '/home/sln/beginner_tutorials/build/examples_rclpy_minimal_action_client': PYTHONPATH=/home/sln/beginner_tutorials/install/examples_rclpy_minimal_action_client/lib/python3.8/site-packages:${PYTHONPATH} /usr/bin/python3 setup.py develop --prefix /home/sln/beginner_tutorials/install/examples_rclpy_minimal_action_client --uninstall --editable --build-directory /home/sln/beginner_tutorials/build/examples_rclpy_minimal_action_client/build
[7.329s] running develop
[9.129s] Invoked command in '/home/sln/beginner_tutorials/build/examples_rclpy_minimal_action_client' returned '0': PYTHONPATH=/home/sln/beginner_tutorials/install/examples_rclpy_minimal_action_client/lib/python3.8/site-packages:${PYTHONPATH} /usr/bin/python3 setup.py develop --prefix /home/sln/beginner_tutorials/install/examples_rclpy_minimal_action_client --uninstall --editable --build-directory /home/sln/beginner_tutorials/build/examples_rclpy_minimal_action_client/build
[9.132s] Invoking command in '/home/sln/beginner_tutorials/src/examples/rclpy/actions/minimal_action_client': PYTHONPATH=/home/sln/beginner_tutorials/install/examples_rclpy_minimal_action_client/lib/python3.8/site-packages:${PYTHONPATH} /usr/bin/python3 setup.py egg_info --egg-base ../../../../../build/examples_rclpy_minimal_action_client build --build-base /home/sln/beginner_tutorials/build/examples_rclpy_minimal_action_client/build install --prefix /home/sln/beginner_tutorials/install/examples_rclpy_minimal_action_client --record /home/sln/beginner_tutorials/build/examples_rclpy_minimal_action_client/install.log --single-version-externally-managed
[11.012s] running egg_info
[11.014s] writing ../../../../../build/examples_rclpy_minimal_action_client/examples_rclpy_minimal_action_client.egg-info/PKG-INFO
[11.014s] writing dependency_links to ../../../../../build/examples_rclpy_minimal_action_client/examples_rclpy_minimal_action_client.egg-info/dependency_links.txt
[11.015s] writing entry points to ../../../../../build/examples_rclpy_minimal_action_client/examples_rclpy_minimal_action_client.egg-info/entry_points.txt
[11.015s] writing requirements to ../../../../../build/examples_rclpy_minimal_action_client/examples_rclpy_minimal_action_client.egg-info/requires.txt
[11.015s] writing top-level names to ../../../../../build/examples_rclpy_minimal_action_client/examples_rclpy_minimal_action_client.egg-info/top_level.txt
[11.079s] reading manifest file '../../../../../build/examples_rclpy_minimal_action_client/examples_rclpy_minimal_action_client.egg-info/SOURCES.txt'
[11.080s] writing manifest file '../../../../../build/examples_rclpy_minimal_action_client/examples_rclpy_minimal_action_client.egg-info/SOURCES.txt'
[11.080s] running build
[11.081s] running build_py
[11.081s] running install
[11.084s] running install_lib
[11.087s] running install_data
[11.088s] running install_egg_info
[11.093s] removing '/home/sln/beginner_tutorials/install/examples_rclpy_minimal_action_client/lib/python3.8/site-packages/examples_rclpy_minimal_action_client-0.15.1-py3.8.egg-info' (and everything under it)
[11.093s] Copying ../../../../../build/examples_rclpy_minimal_action_client/examples_rclpy_minimal_action_client.egg-info to /home/sln/beginner_tutorials/install/examples_rclpy_minimal_action_client/lib/python3.8/site-packages/examples_rclpy_minimal_action_client-0.15.1-py3.8.egg-info
[11.093s] running install_scripts
[11.139s] Installing client script to /home/sln/beginner_tutorials/install/examples_rclpy_minimal_action_client/lib/examples_rclpy_minimal_action_client
[11.139s] Installing client_asyncio script to /home/sln/beginner_tutorials/install/examples_rclpy_minimal_action_client/lib/examples_rclpy_minimal_action_client
[11.139s] Installing client_cancel script to /home/sln/beginner_tutorials/install/examples_rclpy_minimal_action_client/lib/examples_rclpy_minimal_action_client
[11.140s] Installing client_not_composable script to /home/sln/beginner_tutorials/install/examples_rclpy_minimal_action_client/lib/examples_rclpy_minimal_action_client
[11.140s] writing list of installed files to '/home/sln/beginner_tutorials/build/examples_rclpy_minimal_action_client/install.log'
[11.282s] Invoked command in '/home/sln/beginner_tutorials/src/examples/rclpy/actions/minimal_action_client' returned '0': PYTHONPATH=/home/sln/beginner_tutorials/install/examples_rclpy_minimal_action_client/lib/python3.8/site-packages:${PYTHONPATH} /usr/bin/python3 setup.py egg_info --egg-base ../../../../../build/examples_rclpy_minimal_action_client build --build-base /home/sln/beginner_tutorials/build/examples_rclpy_minimal_action_client/build install --prefix /home/sln/beginner_tutorials/install/examples_rclpy_minimal_action_client --record /home/sln/beginner_tutorials/build/examples_rclpy_minimal_action_client/install.log --single-version-externally-managed
