[1.318s] Invoking command in '/home/sln/beginner_tutorials/build/turtlesim': CMAKE_PREFIX_PATH=${CMAKE_PREFIX_PATH}:/home/sln/beginner_tutorials/install/launch_testing_examples:/home/sln/beginner_tutorials/install/examples_rclpy_pointcloud_publisher:/home/sln/beginner_tutorials/install/examples_rclpy_minimal_subscriber:/home/sln/beginner_tutorials/install/examples_rclpy_minimal_service:/home/sln/beginner_tutorials/install/examples_rclpy_minimal_publisher:/home/sln/beginner_tutorials/install/examples_rclpy_minimal_client:/home/sln/beginner_tutorials/install/examples_rclpy_minimal_action_server:/home/sln/beginner_tutorials/install/examples_rclpy_minimal_action_client:/home/sln/beginner_tutorials/install/examples_rclpy_guard_conditions:/home/sln/beginner_tutorials/install/examples_rclpy_executors:/home/sln/ros2_humble/install/rqt_bag_plugins:/home/sln/ros2_humble/install/rqt_bag:/home/sln/ros2_humble/install/ros2bag:/home/sln/ros2_humble/install/tracetools_test:/home/sln/ros2_humble/install/tracetools_launch:/home/sln/ros2_humble/install/topic_monitor:/home/sln/ros2_humble/install/tf2_tools:/home/sln/ros2_humble/install/examples_tf2_py:/home/sln/ros2_humble/install/tf2_ros_py:/home/sln/ros2_humble/install/sros2:/home/sln/ros2_humble/install/rqt_topic:/home/sln/ros2_humble/install/rqt_srv:/home/sln/ros2_humble/install/rqt_shell:/home/sln/ros2_humble/install/rqt_service_caller:/home/sln/ros2_humble/install/rqt_reconfigure:/home/sln/ros2_humble/install/rqt_py_console:/home/sln/ros2_humble/install/rqt_publisher:/home/sln/ros2_humble/install/rqt_plot:/home/sln/ros2_humble/install/rqt_action:/home/sln/ros2_humble/install/rqt_msg:/home/sln/ros2_humble/install/rqt_console:/home/sln/ros2_humble/install/rqt:/home/sln/ros2_humble/install/rqt_graph:/home/sln/ros2_humble/install/rqt_gui_py:/home/sln/ros2_humble/install/rqt_gui:/home/sln/ros2_humble/install/ros2trace:/home/sln/ros2_humble/install/ros2topic:/home/sln/ros2_humble/install/ros2test:/home/sln/ros2_humble/install/ros2component:/home/sln/ros2_humble/install/ros2param:/home/sln/ros2_humble/install/ros2lifecycle:/home/sln/ros2_humble/install/ros2service:/home/sln/ros2_humble/install/ros2run:/home/sln/ros2_humble/install/ros2launch:/home/sln/ros2_humble/install/ros2pkg:/home/sln/ros2_humble/install/ros2node:/home/sln/ros2_humble/install/ros2multicast:/home/sln/ros2_humble/install/ros2interface:/home/sln/ros2_humble/install/ros2doctor:/home/sln/ros2_humble/install/ros2action:/home/sln/ros2_humble/install/ros2cli:/home/sln/ros2_humble/install/quality_of_service_demo_py:/home/sln/ros2_humble/install/lifecycle_py:/home/sln/ros2_humble/install/launch_testing_ros:/home/sln/ros2_humble/install/launch_ros:/home/sln/ros2_humble/install/examples_rclpy_pointcloud_publisher:/home/sln/ros2_humble/install/examples_rclpy_minimal_subscriber:/home/sln/ros2_humble/install/examples_rclpy_minimal_service:/home/sln/ros2_humble/install/examples_rclpy_minimal_publisher:/home/sln/ros2_humble/install/examples_rclpy_minimal_client:/home/sln/ros2_humble/install/examples_rclpy_minimal_action_server:/home/sln/ros2_humble/install/examples_rclpy_minimal_action_client:/home/sln/ros2_humble/install/examples_rclpy_guard_conditions:/home/sln/ros2_humble/install/examples_rclpy_executors:/home/sln/ros2_humble/install/demo_nodes_py:/home/sln/ros2_humble/install/action_tutorials_py:/home/sln/ros2_humble/install/ament_uncrustify:/home/sln/ros2_humble/install/tracetools_trace:/home/sln/ros2_humble/install/tracetools_read:/home/sln/ros2_humble/install/test_tracetools_launch:/home/sln/ros2_humble/install/test_launch_ros:/home/sln/ros2_humble/install/sensor_msgs_py:/home/sln/ros2_humble/install/rpyutils:/home/sln/ros2_humble/install/rosidl_runtime_py:/home/sln/ros2_humble/install/rosidl_cli:/home/sln/ros2_humble/install/launch_pytest:/home/sln/ros2_humble/install/launch_testing:/home/sln/ros2_humble/install/launch_yaml:/home/sln/ros2_humble/install/launch_xml:/home/sln/ros2_humble/install/launch:/home/sln/ros2_humble/install/osrf_pycommon:/home/sln/ros2_humble/install/launch_testing_examples:/home/sln/ros2_humble/install/domain_coordinator:/home/sln/ros2_humble/install/ament_xmllint:/home/sln/ros2_humble/install/ament_pyflakes:/home/sln/ros2_humble/install/ament_pycodestyle:/home/sln/ros2_humble/install/ament_pep257:/home/sln/ros2_humble/install/ament_pclint:/home/sln/ros2_humble/install/ament_package:/home/sln/ros2_humble/install/ament_mypy:/home/sln/ros2_humble/install/ament_lint_cmake:/home/sln/ros2_humble/install/ament_flake8:/home/sln/ros2_humble/install/ament_copyright:/home/sln/ros2_humble/install/ament_lint:/home/sln/ros2_humble/install/ament_index_python:/home/sln/ros2_humble/install/ament_cpplint:/home/sln/ros2_humble/install/ament_cppcheck:/home/sln/ros2_humble/install/ament_clang_tidy:/home/sln/ros2_humble/install/ament_clang_format /usr/bin/cmake --build /home/sln/beginner_tutorials/build/turtlesim -- -j8 -l8
[1.622s] [  1%] Built target turtlesim__cpp
[1.652s] [ 11%] Built target turtlesim__rosidl_generator_c
[1.764s] [ 11%] Built target ament_cmake_python_copy_turtlesim
[1.845s] [ 21%] Built target turtlesim__rosidl_typesupport_introspection_cpp
[1.873s] [ 31%] Built target turtlesim__rosidl_typesupport_cpp
[1.888s] [ 41%] Built target turtlesim__rosidl_typesupport_fastrtps_cpp
[1.899s] [ 51%] Built target turtlesim__rosidl_typesupport_introspection_c
[1.913s] [ 61%] Built target turtlesim__rosidl_typesupport_fastrtps_c
[1.952s] [ 71%] Built target turtlesim__rosidl_typesupport_c
[2.133s] [ 77%] Built target turtlesim_node
[2.197s] [ 79%] Built target draw_square
[2.197s] [ 81%] Built target turtle_teleop_key
[2.212s] [ 81%] Built target turtlesim
[2.213s] [ 83%] Built target mimic
[2.339s] [ 84%] Built target turtlesim__py
[2.459s] [ 93%] Built target turtlesim__rosidl_generator_py
[2.646s] [ 95%] Built target turtlesim__rosidl_typesupport_fastrtps_c__pyext
[2.678s] [ 97%] Built target turtlesim__rosidl_typesupport_introspection_c__pyext
[2.688s] [100%] Built target turtlesim__rosidl_typesupport_c__pyext
[3.965s] running egg_info
[3.966s] writing turtlesim.egg-info/PKG-INFO
[3.966s] writing dependency_links to turtlesim.egg-info/dependency_links.txt
[3.966s] writing top-level names to turtlesim.egg-info/top_level.txt
[4.009s] reading manifest file 'turtlesim.egg-info/SOURCES.txt'
[4.009s] writing manifest file 'turtlesim.egg-info/SOURCES.txt'
[4.055s] [100%] Built target ament_cmake_python_build_turtlesim_egg
[4.083s] Invoked command in '/home/sln/beginner_tutorials/build/turtlesim' returned '0': CMAKE_PREFIX_PATH=${CMAKE_PREFIX_PATH}:/home/sln/beginner_tutorials/install/launch_testing_examples:/home/sln/beginner_tutorials/install/examples_rclpy_pointcloud_publisher:/home/sln/beginner_tutorials/install/examples_rclpy_minimal_subscriber:/home/sln/beginner_tutorials/install/examples_rclpy_minimal_service:/home/sln/beginner_tutorials/install/examples_rclpy_minimal_publisher:/home/sln/beginner_tutorials/install/examples_rclpy_minimal_client:/home/sln/beginner_tutorials/install/examples_rclpy_minimal_action_server:/home/sln/beginner_tutorials/install/examples_rclpy_minimal_action_client:/home/sln/beginner_tutorials/install/examples_rclpy_guard_conditions:/home/sln/beginner_tutorials/install/examples_rclpy_executors:/home/sln/ros2_humble/install/rqt_bag_plugins:/home/sln/ros2_humble/install/rqt_bag:/home/sln/ros2_humble/install/ros2bag:/home/sln/ros2_humble/install/tracetools_test:/home/sln/ros2_humble/install/tracetools_launch:/home/sln/ros2_humble/install/topic_monitor:/home/sln/ros2_humble/install/tf2_tools:/home/sln/ros2_humble/install/examples_tf2_py:/home/sln/ros2_humble/install/tf2_ros_py:/home/sln/ros2_humble/install/sros2:/home/sln/ros2_humble/install/rqt_topic:/home/sln/ros2_humble/install/rqt_srv:/home/sln/ros2_humble/install/rqt_shell:/home/sln/ros2_humble/install/rqt_service_caller:/home/sln/ros2_humble/install/rqt_reconfigure:/home/sln/ros2_humble/install/rqt_py_console:/home/sln/ros2_humble/install/rqt_publisher:/home/sln/ros2_humble/install/rqt_plot:/home/sln/ros2_humble/install/rqt_action:/home/sln/ros2_humble/install/rqt_msg:/home/sln/ros2_humble/install/rqt_console:/home/sln/ros2_humble/install/rqt:/home/sln/ros2_humble/install/rqt_graph:/home/sln/ros2_humble/install/rqt_gui_py:/home/sln/ros2_humble/install/rqt_gui:/home/sln/ros2_humble/install/ros2trace:/home/sln/ros2_humble/install/ros2topic:/home/sln/ros2_humble/install/ros2test:/home/sln/ros2_humble/install/ros2component:/home/sln/ros2_humble/install/ros2param:/home/sln/ros2_humble/install/ros2lifecycle:/home/sln/ros2_humble/install/ros2service:/home/sln/ros2_humble/install/ros2run:/home/sln/ros2_humble/install/ros2launch:/home/sln/ros2_humble/install/ros2pkg:/home/sln/ros2_humble/install/ros2node:/home/sln/ros2_humble/install/ros2multicast:/home/sln/ros2_humble/install/ros2interface:/home/sln/ros2_humble/install/ros2doctor:/home/sln/ros2_humble/install/ros2action:/home/sln/ros2_humble/install/ros2cli:/home/sln/ros2_humble/install/quality_of_service_demo_py:/home/sln/ros2_humble/install/lifecycle_py:/home/sln/ros2_humble/install/launch_testing_ros:/home/sln/ros2_humble/install/launch_ros:/home/sln/ros2_humble/install/examples_rclpy_pointcloud_publisher:/home/sln/ros2_humble/install/examples_rclpy_minimal_subscriber:/home/sln/ros2_humble/install/examples_rclpy_minimal_service:/home/sln/ros2_humble/install/examples_rclpy_minimal_publisher:/home/sln/ros2_humble/install/examples_rclpy_minimal_client:/home/sln/ros2_humble/install/examples_rclpy_minimal_action_server:/home/sln/ros2_humble/install/examples_rclpy_minimal_action_client:/home/sln/ros2_humble/install/examples_rclpy_guard_conditions:/home/sln/ros2_humble/install/examples_rclpy_executors:/home/sln/ros2_humble/install/demo_nodes_py:/home/sln/ros2_humble/install/action_tutorials_py:/home/sln/ros2_humble/install/ament_uncrustify:/home/sln/ros2_humble/install/tracetools_trace:/home/sln/ros2_humble/install/tracetools_read:/home/sln/ros2_humble/install/test_tracetools_launch:/home/sln/ros2_humble/install/test_launch_ros:/home/sln/ros2_humble/install/sensor_msgs_py:/home/sln/ros2_humble/install/rpyutils:/home/sln/ros2_humble/install/rosidl_runtime_py:/home/sln/ros2_humble/install/rosidl_cli:/home/sln/ros2_humble/install/launch_pytest:/home/sln/ros2_humble/install/launch_testing:/home/sln/ros2_humble/install/launch_yaml:/home/sln/ros2_humble/install/launch_xml:/home/sln/ros2_humble/install/launch:/home/sln/ros2_humble/install/osrf_pycommon:/home/sln/ros2_humble/install/launch_testing_examples:/home/sln/ros2_humble/install/domain_coordinator:/home/sln/ros2_humble/install/ament_xmllint:/home/sln/ros2_humble/install/ament_pyflakes:/home/sln/ros2_humble/install/ament_pycodestyle:/home/sln/ros2_humble/install/ament_pep257:/home/sln/ros2_humble/install/ament_pclint:/home/sln/ros2_humble/install/ament_package:/home/sln/ros2_humble/install/ament_mypy:/home/sln/ros2_humble/install/ament_lint_cmake:/home/sln/ros2_humble/install/ament_flake8:/home/sln/ros2_humble/install/ament_copyright:/home/sln/ros2_humble/install/ament_lint:/home/sln/ros2_humble/install/ament_index_python:/home/sln/ros2_humble/install/ament_cpplint:/home/sln/ros2_humble/install/ament_cppcheck:/home/sln/ros2_humble/install/ament_clang_tidy:/home/sln/ros2_humble/install/ament_clang_format /usr/bin/cmake --build /home/sln/beginner_tutorials/build/turtlesim -- -j8 -l8
[5.215s] Invoking command in '/home/sln/beginner_tutorials/build/turtlesim': CMAKE_PREFIX_PATH=${CMAKE_PREFIX_PATH}:/home/sln/beginner_tutorials/install/launch_testing_examples:/home/sln/beginner_tutorials/install/examples_rclpy_pointcloud_publisher:/home/sln/beginner_tutorials/install/examples_rclpy_minimal_subscriber:/home/sln/beginner_tutorials/install/examples_rclpy_minimal_service:/home/sln/beginner_tutorials/install/examples_rclpy_minimal_publisher:/home/sln/beginner_tutorials/install/examples_rclpy_minimal_client:/home/sln/beginner_tutorials/install/examples_rclpy_minimal_action_server:/home/sln/beginner_tutorials/install/examples_rclpy_minimal_action_client:/home/sln/beginner_tutorials/install/examples_rclpy_guard_conditions:/home/sln/beginner_tutorials/install/examples_rclpy_executors:/home/sln/ros2_humble/install/rqt_bag_plugins:/home/sln/ros2_humble/install/rqt_bag:/home/sln/ros2_humble/install/ros2bag:/home/sln/ros2_humble/install/tracetools_test:/home/sln/ros2_humble/install/tracetools_launch:/home/sln/ros2_humble/install/topic_monitor:/home/sln/ros2_humble/install/tf2_tools:/home/sln/ros2_humble/install/examples_tf2_py:/home/sln/ros2_humble/install/tf2_ros_py:/home/sln/ros2_humble/install/sros2:/home/sln/ros2_humble/install/rqt_topic:/home/sln/ros2_humble/install/rqt_srv:/home/sln/ros2_humble/install/rqt_shell:/home/sln/ros2_humble/install/rqt_service_caller:/home/sln/ros2_humble/install/rqt_reconfigure:/home/sln/ros2_humble/install/rqt_py_console:/home/sln/ros2_humble/install/rqt_publisher:/home/sln/ros2_humble/install/rqt_plot:/home/sln/ros2_humble/install/rqt_action:/home/sln/ros2_humble/install/rqt_msg:/home/sln/ros2_humble/install/rqt_console:/home/sln/ros2_humble/install/rqt:/home/sln/ros2_humble/install/rqt_graph:/home/sln/ros2_humble/install/rqt_gui_py:/home/sln/ros2_humble/install/rqt_gui:/home/sln/ros2_humble/install/ros2trace:/home/sln/ros2_humble/install/ros2topic:/home/sln/ros2_humble/install/ros2test:/home/sln/ros2_humble/install/ros2component:/home/sln/ros2_humble/install/ros2param:/home/sln/ros2_humble/install/ros2lifecycle:/home/sln/ros2_humble/install/ros2service:/home/sln/ros2_humble/install/ros2run:/home/sln/ros2_humble/install/ros2launch:/home/sln/ros2_humble/install/ros2pkg:/home/sln/ros2_humble/install/ros2node:/home/sln/ros2_humble/install/ros2multicast:/home/sln/ros2_humble/install/ros2interface:/home/sln/ros2_humble/install/ros2doctor:/home/sln/ros2_humble/install/ros2action:/home/sln/ros2_humble/install/ros2cli:/home/sln/ros2_humble/install/quality_of_service_demo_py:/home/sln/ros2_humble/install/lifecycle_py:/home/sln/ros2_humble/install/launch_testing_ros:/home/sln/ros2_humble/install/launch_ros:/home/sln/ros2_humble/install/examples_rclpy_pointcloud_publisher:/home/sln/ros2_humble/install/examples_rclpy_minimal_subscriber:/home/sln/ros2_humble/install/examples_rclpy_minimal_service:/home/sln/ros2_humble/install/examples_rclpy_minimal_publisher:/home/sln/ros2_humble/install/examples_rclpy_minimal_client:/home/sln/ros2_humble/install/examples_rclpy_minimal_action_server:/home/sln/ros2_humble/install/examples_rclpy_minimal_action_client:/home/sln/ros2_humble/install/examples_rclpy_guard_conditions:/home/sln/ros2_humble/install/examples_rclpy_executors:/home/sln/ros2_humble/install/demo_nodes_py:/home/sln/ros2_humble/install/action_tutorials_py:/home/sln/ros2_humble/install/ament_uncrustify:/home/sln/ros2_humble/install/tracetools_trace:/home/sln/ros2_humble/install/tracetools_read:/home/sln/ros2_humble/install/test_tracetools_launch:/home/sln/ros2_humble/install/test_launch_ros:/home/sln/ros2_humble/install/sensor_msgs_py:/home/sln/ros2_humble/install/rpyutils:/home/sln/ros2_humble/install/rosidl_runtime_py:/home/sln/ros2_humble/install/rosidl_cli:/home/sln/ros2_humble/install/launch_pytest:/home/sln/ros2_humble/install/launch_testing:/home/sln/ros2_humble/install/launch_yaml:/home/sln/ros2_humble/install/launch_xml:/home/sln/ros2_humble/install/launch:/home/sln/ros2_humble/install/osrf_pycommon:/home/sln/ros2_humble/install/launch_testing_examples:/home/sln/ros2_humble/install/domain_coordinator:/home/sln/ros2_humble/install/ament_xmllint:/home/sln/ros2_humble/install/ament_pyflakes:/home/sln/ros2_humble/install/ament_pycodestyle:/home/sln/ros2_humble/install/ament_pep257:/home/sln/ros2_humble/install/ament_pclint:/home/sln/ros2_humble/install/ament_package:/home/sln/ros2_humble/install/ament_mypy:/home/sln/ros2_humble/install/ament_lint_cmake:/home/sln/ros2_humble/install/ament_flake8:/home/sln/ros2_humble/install/ament_copyright:/home/sln/ros2_humble/install/ament_lint:/home/sln/ros2_humble/install/ament_index_python:/home/sln/ros2_humble/install/ament_cpplint:/home/sln/ros2_humble/install/ament_cppcheck:/home/sln/ros2_humble/install/ament_clang_tidy:/home/sln/ros2_humble/install/ament_clang_format /usr/bin/cmake --install /home/sln/beginner_tutorials/build/turtlesim
[5.240s] -- Install configuration: ""
[5.240s] -- Up-to-date: /home/sln/beginner_tutorials/install/turtlesim/share/ament_index/resource_index/rosidl_interfaces/turtlesim
[5.241s] -- Up-to-date: /home/sln/beginner_tutorials/install/turtlesim/include/turtlesim/turtlesim
[5.241s] -- Up-to-date: /home/sln/beginner_tutorials/install/turtlesim/include/turtlesim/turtlesim/action
[5.241s] -- Up-to-date: /home/sln/beginner_tutorials/install/turtlesim/include/turtlesim/turtlesim/action/detail
[5.241s] -- Up-to-date: /home/sln/beginner_tutorials/install/turtlesim/include/turtlesim/turtlesim/action/detail/rotate_absolute__functions.h
[5.241s] -- Up-to-date: /home/sln/beginner_tutorials/install/turtlesim/include/turtlesim/turtlesim/action/detail/rotate_absolute__struct.h
[5.241s] -- Up-to-date: /home/sln/beginner_tutorials/install/turtlesim/include/turtlesim/turtlesim/action/detail/rotate_absolute__type_support.h
[5.242s] -- Up-to-date: /home/sln/beginner_tutorials/install/turtlesim/include/turtlesim/turtlesim/action/detail/rotate_absolute__functions.c
[5.242s] -- Up-to-date: /home/sln/beginner_tutorials/install/turtlesim/include/turtlesim/turtlesim/action/rotate_absolute.h
[5.242s] -- Up-to-date: /home/sln/beginner_tutorials/install/turtlesim/include/turtlesim/turtlesim/msg
[5.242s] -- Up-to-date: /home/sln/beginner_tutorials/install/turtlesim/include/turtlesim/turtlesim/msg/detail
[5.242s] -- Up-to-date: /home/sln/beginner_tutorials/install/turtlesim/include/turtlesim/turtlesim/msg/detail/color__functions.h
[5.242s] -- Up-to-date: /home/sln/beginner_tutorials/install/turtlesim/include/turtlesim/turtlesim/msg/detail/pose__struct.h
[5.242s] -- Up-to-date: /home/sln/beginner_tutorials/install/turtlesim/include/turtlesim/turtlesim/msg/detail/color__functions.c
[5.242s] -- Up-to-date: /home/sln/beginner_tutorials/install/turtlesim/include/turtlesim/turtlesim/msg/detail/pose__functions.h
[5.243s] -- Up-to-date: /home/sln/beginner_tutorials/install/turtlesim/include/turtlesim/turtlesim/msg/detail/color__struct.h
[5.243s] -- Up-to-date: /home/sln/beginner_tutorials/install/turtlesim/include/turtlesim/turtlesim/msg/detail/pose__functions.c
[5.243s] -- Up-to-date: /home/sln/beginner_tutorials/install/turtlesim/include/turtlesim/turtlesim/msg/detail/color__type_support.h
[5.243s] -- Up-to-date: /home/sln/beginner_tutorials/install/turtlesim/include/turtlesim/turtlesim/msg/detail/pose__type_support.h
[5.243s] -- Up-to-date: /home/sln/beginner_tutorials/install/turtlesim/include/turtlesim/turtlesim/msg/rosidl_generator_c__visibility_control.h
[5.244s] -- Up-to-date: /home/sln/beginner_tutorials/install/turtlesim/include/turtlesim/turtlesim/msg/color.h
[5.244s] -- Up-to-date: /home/sln/beginner_tutorials/install/turtlesim/include/turtlesim/turtlesim/msg/pose.h
[5.244s] -- Up-to-date: /home/sln/beginner_tutorials/install/turtlesim/include/turtlesim/turtlesim/srv
[5.244s] -- Up-to-date: /home/sln/beginner_tutorials/install/turtlesim/include/turtlesim/turtlesim/srv/set_pen.h
[5.244s] -- Up-to-date: /home/sln/beginner_tutorials/install/turtlesim/include/turtlesim/turtlesim/srv/kill.h
[5.244s] -- Up-to-date: /home/sln/beginner_tutorials/install/turtlesim/include/turtlesim/turtlesim/srv/teleport_relative.h
[5.244s] -- Up-to-date: /home/sln/beginner_tutorials/install/turtlesim/include/turtlesim/turtlesim/srv/teleport_absolute.h
[5.244s] -- Up-to-date: /home/sln/beginner_tutorials/install/turtlesim/include/turtlesim/turtlesim/srv/detail
[5.245s] -- Up-to-date: /home/sln/beginner_tutorials/install/turtlesim/include/turtlesim/turtlesim/srv/detail/teleport_relative__functions.h
[5.245s] -- Up-to-date: /home/sln/beginner_tutorials/install/turtlesim/include/turtlesim/turtlesim/srv/detail/kill__functions.c
[5.245s] -- Up-to-date: /home/sln/beginner_tutorials/install/turtlesim/include/turtlesim/turtlesim/srv/detail/set_pen__functions.h
[5.245s] -- Up-to-date: /home/sln/beginner_tutorials/install/turtlesim/include/turtlesim/turtlesim/srv/detail/kill__type_support.h
[5.245s] -- Up-to-date: /home/sln/beginner_tutorials/install/turtlesim/include/turtlesim/turtlesim/srv/detail/teleport_absolute__functions.c
[5.245s] -- Up-to-date: /home/sln/beginner_tutorials/install/turtlesim/include/turtlesim/turtlesim/srv/detail/kill__functions.h
[5.245s] -- Up-to-date: /home/sln/beginner_tutorials/install/turtlesim/include/turtlesim/turtlesim/srv/detail/spawn__type_support.h
[5.245s] -- Up-to-date: /home/sln/beginner_tutorials/install/turtlesim/include/turtlesim/turtlesim/srv/detail/spawn__struct.h
[5.246s] -- Up-to-date: /home/sln/beginner_tutorials/install/turtlesim/include/turtlesim/turtlesim/srv/detail/set_pen__struct.h
[5.246s] -- Up-to-date: /home/sln/beginner_tutorials/install/turtlesim/include/turtlesim/turtlesim/srv/detail/kill__struct.h
[5.246s] -- Up-to-date: /home/sln/beginner_tutorials/install/turtlesim/include/turtlesim/turtlesim/srv/detail/teleport_relative__functions.c
[5.246s] -- Up-to-date: /home/sln/beginner_tutorials/install/turtlesim/include/turtlesim/turtlesim/srv/detail/set_pen__functions.c
[5.246s] -- Up-to-date: /home/sln/beginner_tutorials/install/turtlesim/include/turtlesim/turtlesim/srv/detail/spawn__functions.c
[5.246s] -- Up-to-date: /home/sln/beginner_tutorials/install/turtlesim/include/turtlesim/turtlesim/srv/detail/teleport_absolute__type_support.h
[5.246s] -- Up-to-date: /home/sln/beginner_tutorials/install/turtlesim/include/turtlesim/turtlesim/srv/detail/teleport_absolute__struct.h
[5.246s] -- Up-to-date: /home/sln/beginner_tutorials/install/turtlesim/include/turtlesim/turtlesim/srv/detail/teleport_relative__struct.h
[5.247s] -- Up-to-date: /home/sln/beginner_tutorials/install/turtlesim/include/turtlesim/turtlesim/srv/detail/teleport_absolute__functions.h
[5.247s] -- Up-to-date: /home/sln/beginner_tutorials/install/turtlesim/include/turtlesim/turtlesim/srv/detail/set_pen__type_support.h
[5.247s] -- Up-to-date: /home/sln/beginner_tutorials/install/turtlesim/include/turtlesim/turtlesim/srv/detail/teleport_relative__type_support.h
[5.247s] -- Up-to-date: /home/sln/beginner_tutorials/install/turtlesim/include/turtlesim/turtlesim/srv/detail/spawn__functions.h
[5.247s] -- Up-to-date: /home/sln/beginner_tutorials/install/turtlesim/include/turtlesim/turtlesim/srv/spawn.h
[5.247s] -- Up-to-date: /home/sln/beginner_tutorials/install/turtlesim/share/turtlesim/environment/library_path.sh
[5.247s] -- Up-to-date: /home/sln/beginner_tutorials/install/turtlesim/share/turtlesim/environment/library_path.dsv
[5.247s] -- Up-to-date: /home/sln/beginner_tutorials/install/turtlesim/lib/libturtlesim__rosidl_generator_c.so
[5.247s] -- Up-to-date: /home/sln/beginner_tutorials/install/turtlesim/include/turtlesim/turtlesim
[5.248s] -- Up-to-date: /home/sln/beginner_tutorials/install/turtlesim/include/turtlesim/turtlesim/action
[5.248s] -- Up-to-date: /home/sln/beginner_tutorials/install/turtlesim/include/turtlesim/turtlesim/action/detail
[5.248s] -- Up-to-date: /home/sln/beginner_tutorials/install/turtlesim/include/turtlesim/turtlesim/action/detail/rotate_absolute__rosidl_typesupport_fastrtps_c.h
[5.248s] -- Up-to-date: /home/sln/beginner_tutorials/install/turtlesim/include/turtlesim/turtlesim/msg
[5.249s] -- Up-to-date: /home/sln/beginner_tutorials/install/turtlesim/include/turtlesim/turtlesim/msg/rosidl_typesupport_fastrtps_c__visibility_control.h
[5.249s] -- Up-to-date: /home/sln/beginner_tutorials/install/turtlesim/include/turtlesim/turtlesim/msg/detail
[5.249s] -- Up-to-date: /home/sln/beginner_tutorials/install/turtlesim/include/turtlesim/turtlesim/msg/detail/color__rosidl_typesupport_fastrtps_c.h
[5.249s] -- Up-to-date: /home/sln/beginner_tutorials/install/turtlesim/include/turtlesim/turtlesim/msg/detail/pose__rosidl_typesupport_fastrtps_c.h
[5.249s] -- Up-to-date: /home/sln/beginner_tutorials/install/turtlesim/include/turtlesim/turtlesim/srv
[5.249s] -- Up-to-date: /home/sln/beginner_tutorials/install/turtlesim/include/turtlesim/turtlesim/srv/detail
[5.250s] -- Up-to-date: /home/sln/beginner_tutorials/install/turtlesim/include/turtlesim/turtlesim/srv/detail/teleport_relative__rosidl_typesupport_fastrtps_c.h
[5.250s] -- Up-to-date: /home/sln/beginner_tutorials/install/turtlesim/include/turtlesim/turtlesim/srv/detail/spawn__rosidl_typesupport_fastrtps_c.h
[5.250s] -- Up-to-date: /home/sln/beginner_tutorials/install/turtlesim/include/turtlesim/turtlesim/srv/detail/teleport_absolute__rosidl_typesupport_fastrtps_c.h
[5.250s] -- Up-to-date: /home/sln/beginner_tutorials/install/turtlesim/include/turtlesim/turtlesim/srv/detail/set_pen__rosidl_typesupport_fastrtps_c.h
[5.250s] -- Up-to-date: /home/sln/beginner_tutorials/install/turtlesim/include/turtlesim/turtlesim/srv/detail/kill__rosidl_typesupport_fastrtps_c.h
[5.250s] -- Up-to-date: /home/sln/beginner_tutorials/install/turtlesim/lib/libturtlesim__rosidl_typesupport_fastrtps_c.so
[5.250s] -- Up-to-date: /home/sln/beginner_tutorials/install/turtlesim/include/turtlesim/turtlesim
[5.250s] -- Up-to-date: /home/sln/beginner_tutorials/install/turtlesim/include/turtlesim/turtlesim/action
[5.251s] -- Up-to-date: /home/sln/beginner_tutorials/install/turtlesim/include/turtlesim/turtlesim/action/rotate_absolute.hpp
[5.251s] -- Up-to-date: /home/sln/beginner_tutorials/install/turtlesim/include/turtlesim/turtlesim/action/detail
[5.251s] -- Up-to-date: /home/sln/beginner_tutorials/install/turtlesim/include/turtlesim/turtlesim/action/detail/rotate_absolute__builder.hpp
[5.251s] -- Up-to-date: /home/sln/beginner_tutorials/install/turtlesim/include/turtlesim/turtlesim/action/detail/rotate_absolute__traits.hpp
[5.252s] -- Up-to-date: /home/sln/beginner_tutorials/install/turtlesim/include/turtlesim/turtlesim/action/detail/rotate_absolute__struct.hpp
[5.252s] -- Up-to-date: /home/sln/beginner_tutorials/install/turtlesim/include/turtlesim/turtlesim/msg
[5.252s] -- Up-to-date: /home/sln/beginner_tutorials/install/turtlesim/include/turtlesim/turtlesim/msg/pose.hpp
[5.252s] -- Up-to-date: /home/sln/beginner_tutorials/install/turtlesim/include/turtlesim/turtlesim/msg/detail
[5.252s] -- Up-to-date: /home/sln/beginner_tutorials/install/turtlesim/include/turtlesim/turtlesim/msg/detail/pose__builder.hpp
[5.252s] -- Up-to-date: /home/sln/beginner_tutorials/install/turtlesim/include/turtlesim/turtlesim/msg/detail/pose__traits.hpp
[5.253s] -- Up-to-date: /home/sln/beginner_tutorials/install/turtlesim/include/turtlesim/turtlesim/msg/detail/color__traits.hpp
[5.253s] -- Up-to-date: /home/sln/beginner_tutorials/install/turtlesim/include/turtlesim/turtlesim/msg/detail/color__builder.hpp
[5.253s] -- Up-to-date: /home/sln/beginner_tutorials/install/turtlesim/include/turtlesim/turtlesim/msg/detail/color__struct.hpp
[5.253s] -- Up-to-date: /home/sln/beginner_tutorials/install/turtlesim/include/turtlesim/turtlesim/msg/detail/pose__struct.hpp
[5.253s] -- Up-to-date: /home/sln/beginner_tutorials/install/turtlesim/include/turtlesim/turtlesim/msg/color.hpp
[5.253s] -- Up-to-date: /home/sln/beginner_tutorials/install/turtlesim/include/turtlesim/turtlesim/srv
[5.253s] -- Up-to-date: /home/sln/beginner_tutorials/install/turtlesim/include/turtlesim/turtlesim/srv/kill.hpp
[5.253s] -- Up-to-date: /home/sln/beginner_tutorials/install/turtlesim/include/turtlesim/turtlesim/srv/set_pen.hpp
[5.254s] -- Up-to-date: /home/sln/beginner_tutorials/install/turtlesim/include/turtlesim/turtlesim/srv/detail
[5.254s] -- Up-to-date: /home/sln/beginner_tutorials/install/turtlesim/include/turtlesim/turtlesim/srv/detail/set_pen__struct.hpp
[5.254s] -- Up-to-date: /home/sln/beginner_tutorials/install/turtlesim/include/turtlesim/turtlesim/srv/detail/kill__traits.hpp
[5.254s] -- Up-to-date: /home/sln/beginner_tutorials/install/turtlesim/include/turtlesim/turtlesim/srv/detail/spawn__builder.hpp
[5.254s] -- Up-to-date: /home/sln/beginner_tutorials/install/turtlesim/include/turtlesim/turtlesim/srv/detail/kill__struct.hpp
[5.254s] -- Up-to-date: /home/sln/beginner_tutorials/install/turtlesim/include/turtlesim/turtlesim/srv/detail/teleport_relative__traits.hpp
[5.254s] -- Up-to-date: /home/sln/beginner_tutorials/install/turtlesim/include/turtlesim/turtlesim/srv/detail/spawn__traits.hpp
[5.254s] -- Up-to-date: /home/sln/beginner_tutorials/install/turtlesim/include/turtlesim/turtlesim/srv/detail/teleport_relative__struct.hpp
[5.254s] -- Up-to-date: /home/sln/beginner_tutorials/install/turtlesim/include/turtlesim/turtlesim/srv/detail/set_pen__builder.hpp
[5.255s] -- Up-to-date: /home/sln/beginner_tutorials/install/turtlesim/include/turtlesim/turtlesim/srv/detail/spawn__struct.hpp
[5.255s] -- Up-to-date: /home/sln/beginner_tutorials/install/turtlesim/include/turtlesim/turtlesim/srv/detail/kill__builder.hpp
[5.255s] -- Up-to-date: /home/sln/beginner_tutorials/install/turtlesim/include/turtlesim/turtlesim/srv/detail/teleport_relative__builder.hpp
[5.255s] -- Up-to-date: /home/sln/beginner_tutorials/install/turtlesim/include/turtlesim/turtlesim/srv/detail/teleport_absolute__struct.hpp
[5.255s] -- Up-to-date: /home/sln/beginner_tutorials/install/turtlesim/include/turtlesim/turtlesim/srv/detail/set_pen__traits.hpp
[5.255s] -- Up-to-date: /home/sln/beginner_tutorials/install/turtlesim/include/turtlesim/turtlesim/srv/detail/teleport_absolute__builder.hpp
[5.255s] -- Up-to-date: /home/sln/beginner_tutorials/install/turtlesim/include/turtlesim/turtlesim/srv/detail/teleport_absolute__traits.hpp
[5.255s] -- Up-to-date: /home/sln/beginner_tutorials/install/turtlesim/include/turtlesim/turtlesim/srv/teleport_absolute.hpp
[5.255s] -- Up-to-date: /home/sln/beginner_tutorials/install/turtlesim/include/turtlesim/turtlesim/srv/spawn.hpp
[5.256s] -- Up-to-date: /home/sln/beginner_tutorials/install/turtlesim/include/turtlesim/turtlesim/srv/teleport_relative.hpp
[5.256s] -- Up-to-date: /home/sln/beginner_tutorials/install/turtlesim/include/turtlesim/turtlesim
[5.256s] -- Up-to-date: /home/sln/beginner_tutorials/install/turtlesim/include/turtlesim/turtlesim/action
[5.256s] -- Up-to-date: /home/sln/beginner_tutorials/install/turtlesim/include/turtlesim/turtlesim/action/detail
[5.256s] -- Up-to-date: /home/sln/beginner_tutorials/install/turtlesim/include/turtlesim/turtlesim/action/detail/rotate_absolute__rosidl_typesupport_fastrtps_cpp.hpp
[5.256s] -- Up-to-date: /home/sln/beginner_tutorials/install/turtlesim/include/turtlesim/turtlesim/action/detail/dds_fastrtps
[5.256s] -- Up-to-date: /home/sln/beginner_tutorials/install/turtlesim/include/turtlesim/turtlesim/msg
[5.256s] -- Up-to-date: /home/sln/beginner_tutorials/install/turtlesim/include/turtlesim/turtlesim/msg/rosidl_typesupport_fastrtps_cpp__visibility_control.h
[5.257s] -- Up-to-date: /home/sln/beginner_tutorials/install/turtlesim/include/turtlesim/turtlesim/msg/detail
[5.257s] -- Up-to-date: /home/sln/beginner_tutorials/install/turtlesim/include/turtlesim/turtlesim/msg/detail/color__rosidl_typesupport_fastrtps_cpp.hpp
[5.257s] -- Up-to-date: /home/sln/beginner_tutorials/install/turtlesim/include/turtlesim/turtlesim/msg/detail/dds_fastrtps
[5.257s] -- Up-to-date: /home/sln/beginner_tutorials/install/turtlesim/include/turtlesim/turtlesim/msg/detail/pose__rosidl_typesupport_fastrtps_cpp.hpp
[5.257s] -- Up-to-date: /home/sln/beginner_tutorials/install/turtlesim/include/turtlesim/turtlesim/srv
[5.257s] -- Up-to-date: /home/sln/beginner_tutorials/install/turtlesim/include/turtlesim/turtlesim/srv/detail
[5.257s] -- Up-to-date: /home/sln/beginner_tutorials/install/turtlesim/include/turtlesim/turtlesim/srv/detail/teleport_absolute__rosidl_typesupport_fastrtps_cpp.hpp
[5.257s] -- Up-to-date: /home/sln/beginner_tutorials/install/turtlesim/include/turtlesim/turtlesim/srv/detail/set_pen__rosidl_typesupport_fastrtps_cpp.hpp
[5.257s] -- Up-to-date: /home/sln/beginner_tutorials/install/turtlesim/include/turtlesim/turtlesim/srv/detail/spawn__rosidl_typesupport_fastrtps_cpp.hpp
[5.257s] -- Up-to-date: /home/sln/beginner_tutorials/install/turtlesim/include/turtlesim/turtlesim/srv/detail/dds_fastrtps
[5.257s] -- Up-to-date: /home/sln/beginner_tutorials/install/turtlesim/include/turtlesim/turtlesim/srv/detail/teleport_relative__rosidl_typesupport_fastrtps_cpp.hpp
[5.257s] -- Up-to-date: /home/sln/beginner_tutorials/install/turtlesim/include/turtlesim/turtlesim/srv/detail/kill__rosidl_typesupport_fastrtps_cpp.hpp
[5.257s] -- Up-to-date: /home/sln/beginner_tutorials/install/turtlesim/lib/libturtlesim__rosidl_typesupport_fastrtps_cpp.so
[5.258s] -- Up-to-date: /home/sln/beginner_tutorials/install/turtlesim/include/turtlesim/turtlesim
[5.258s] -- Up-to-date: /home/sln/beginner_tutorials/install/turtlesim/include/turtlesim/turtlesim/action
[5.258s] -- Up-to-date: /home/sln/beginner_tutorials/install/turtlesim/include/turtlesim/turtlesim/action/detail
[5.258s] -- Up-to-date: /home/sln/beginner_tutorials/install/turtlesim/include/turtlesim/turtlesim/action/detail/rotate_absolute__rosidl_typesupport_introspection_c.h
[5.258s] -- Up-to-date: /home/sln/beginner_tutorials/install/turtlesim/include/turtlesim/turtlesim/action/detail/rotate_absolute__type_support.c
[5.258s] -- Up-to-date: /home/sln/beginner_tutorials/install/turtlesim/include/turtlesim/turtlesim/msg
[5.258s] -- Up-to-date: /home/sln/beginner_tutorials/install/turtlesim/include/turtlesim/turtlesim/msg/detail
[5.258s] -- Up-to-date: /home/sln/beginner_tutorials/install/turtlesim/include/turtlesim/turtlesim/msg/detail/pose__rosidl_typesupport_introspection_c.h
[5.258s] -- Up-to-date: /home/sln/beginner_tutorials/install/turtlesim/include/turtlesim/turtlesim/msg/detail/pose__type_support.c
[5.259s] -- Up-to-date: /home/sln/beginner_tutorials/install/turtlesim/include/turtlesim/turtlesim/msg/detail/color__type_support.c
[5.259s] -- Up-to-date: /home/sln/beginner_tutorials/install/turtlesim/include/turtlesim/turtlesim/msg/detail/color__rosidl_typesupport_introspection_c.h
[5.259s] -- Up-to-date: /home/sln/beginner_tutorials/install/turtlesim/include/turtlesim/turtlesim/msg/rosidl_typesupport_introspection_c__visibility_control.h
[5.259s] -- Up-to-date: /home/sln/beginner_tutorials/install/turtlesim/include/turtlesim/turtlesim/srv
[5.259s] -- Up-to-date: /home/sln/beginner_tutorials/install/turtlesim/include/turtlesim/turtlesim/srv/detail
[5.259s] -- Up-to-date: /home/sln/beginner_tutorials/install/turtlesim/include/turtlesim/turtlesim/srv/detail/teleport_absolute__type_support.c
[5.259s] -- Up-to-date: /home/sln/beginner_tutorials/install/turtlesim/include/turtlesim/turtlesim/srv/detail/teleport_relative__rosidl_typesupport_introspection_c.h
[5.259s] -- Up-to-date: /home/sln/beginner_tutorials/install/turtlesim/include/turtlesim/turtlesim/srv/detail/spawn__rosidl_typesupport_introspection_c.h
[5.259s] -- Up-to-date: /home/sln/beginner_tutorials/install/turtlesim/include/turtlesim/turtlesim/srv/detail/spawn__type_support.c
[5.259s] -- Up-to-date: /home/sln/beginner_tutorials/install/turtlesim/include/turtlesim/turtlesim/srv/detail/teleport_relative__type_support.c
[5.259s] -- Up-to-date: /home/sln/beginner_tutorials/install/turtlesim/include/turtlesim/turtlesim/srv/detail/set_pen__rosidl_typesupport_introspection_c.h
[5.259s] -- Up-to-date: /home/sln/beginner_tutorials/install/turtlesim/include/turtlesim/turtlesim/srv/detail/teleport_absolute__rosidl_typesupport_introspection_c.h
[5.259s] -- Up-to-date: /home/sln/beginner_tutorials/install/turtlesim/include/turtlesim/turtlesim/srv/detail/set_pen__type_support.c
[5.259s] -- Up-to-date: /home/sln/beginner_tutorials/install/turtlesim/include/turtlesim/turtlesim/srv/detail/kill__type_support.c
[5.259s] -- Up-to-date: /home/sln/beginner_tutorials/install/turtlesim/include/turtlesim/turtlesim/srv/detail/kill__rosidl_typesupport_introspection_c.h
[5.259s] -- Up-to-date: /home/sln/beginner_tutorials/install/turtlesim/lib/libturtlesim__rosidl_typesupport_introspection_c.so
[5.260s] -- Up-to-date: /home/sln/beginner_tutorials/install/turtlesim/lib/libturtlesim__rosidl_typesupport_c.so
[5.260s] -- Up-to-date: /home/sln/beginner_tutorials/install/turtlesim/include/turtlesim/turtlesim
[5.260s] -- Up-to-date: /home/sln/beginner_tutorials/install/turtlesim/include/turtlesim/turtlesim/action
[5.260s] -- Up-to-date: /home/sln/beginner_tutorials/install/turtlesim/include/turtlesim/turtlesim/action/detail
[5.260s] -- Up-to-date: /home/sln/beginner_tutorials/install/turtlesim/include/turtlesim/turtlesim/action/detail/rotate_absolute__type_support.cpp
[5.260s] -- Up-to-date: /home/sln/beginner_tutorials/install/turtlesim/include/turtlesim/turtlesim/action/detail/rotate_absolute__rosidl_typesupport_introspection_cpp.hpp
[5.260s] -- Up-to-date: /home/sln/beginner_tutorials/install/turtlesim/include/turtlesim/turtlesim/msg
[5.260s] -- Up-to-date: /home/sln/beginner_tutorials/install/turtlesim/include/turtlesim/turtlesim/msg/detail
[5.261s] -- Up-to-date: /home/sln/beginner_tutorials/install/turtlesim/include/turtlesim/turtlesim/msg/detail/color__rosidl_typesupport_introspection_cpp.hpp
[5.261s] -- Up-to-date: /home/sln/beginner_tutorials/install/turtlesim/include/turtlesim/turtlesim/msg/detail/pose__rosidl_typesupport_introspection_cpp.hpp
[5.261s] -- Up-to-date: /home/sln/beginner_tutorials/install/turtlesim/include/turtlesim/turtlesim/msg/detail/pose__type_support.cpp
[5.261s] -- Up-to-date: /home/sln/beginner_tutorials/install/turtlesim/include/turtlesim/turtlesim/msg/detail/color__type_support.cpp
[5.261s] -- Up-to-date: /home/sln/beginner_tutorials/install/turtlesim/include/turtlesim/turtlesim/srv
[5.261s] -- Up-to-date: /home/sln/beginner_tutorials/install/turtlesim/include/turtlesim/turtlesim/srv/detail
[5.261s] -- Up-to-date: /home/sln/beginner_tutorials/install/turtlesim/include/turtlesim/turtlesim/srv/detail/set_pen__type_support.cpp
[5.261s] -- Up-to-date: /home/sln/beginner_tutorials/install/turtlesim/include/turtlesim/turtlesim/srv/detail/set_pen__rosidl_typesupport_introspection_cpp.hpp
[5.261s] -- Up-to-date: /home/sln/beginner_tutorials/install/turtlesim/include/turtlesim/turtlesim/srv/detail/spawn__rosidl_typesupport_introspection_cpp.hpp
[5.261s] -- Up-to-date: /home/sln/beginner_tutorials/install/turtlesim/include/turtlesim/turtlesim/srv/detail/kill__rosidl_typesupport_introspection_cpp.hpp
[5.262s] -- Up-to-date: /home/sln/beginner_tutorials/install/turtlesim/include/turtlesim/turtlesim/srv/detail/teleport_absolute__rosidl_typesupport_introspection_cpp.hpp
[5.262s] -- Up-to-date: /home/sln/beginner_tutorials/install/turtlesim/include/turtlesim/turtlesim/srv/detail/teleport_absolute__type_support.cpp
[5.262s] -- Up-to-date: /home/sln/beginner_tutorials/install/turtlesim/include/turtlesim/turtlesim/srv/detail/teleport_relative__rosidl_typesupport_introspection_cpp.hpp
[5.262s] -- Up-to-date: /home/sln/beginner_tutorials/install/turtlesim/include/turtlesim/turtlesim/srv/detail/teleport_relative__type_support.cpp
[5.262s] -- Up-to-date: /home/sln/beginner_tutorials/install/turtlesim/include/turtlesim/turtlesim/srv/detail/kill__type_support.cpp
[5.262s] -- Up-to-date: /home/sln/beginner_tutorials/install/turtlesim/include/turtlesim/turtlesim/srv/detail/spawn__type_support.cpp
[5.262s] -- Up-to-date: /home/sln/beginner_tutorials/install/turtlesim/lib/libturtlesim__rosidl_typesupport_introspection_cpp.so
[5.262s] -- Up-to-date: /home/sln/beginner_tutorials/install/turtlesim/lib/libturtlesim__rosidl_typesupport_cpp.so
[5.262s] -- Up-to-date: /home/sln/beginner_tutorials/install/turtlesim/share/turtlesim/environment/pythonpath.sh
[5.263s] -- Up-to-date: /home/sln/beginner_tutorials/install/turtlesim/share/turtlesim/environment/pythonpath.dsv
[5.263s] -- Up-to-date: /home/sln/beginner_tutorials/install/turtlesim/lib/python3.8/site-packages/turtlesim-1.4.1-py3.8.egg-info
[5.263s] -- Installing: /home/sln/beginner_tutorials/install/turtlesim/lib/python3.8/site-packages/turtlesim-1.4.1-py3.8.egg-info/top_level.txt
[5.263s] -- Installing: /home/sln/beginner_tutorials/install/turtlesim/lib/python3.8/site-packages/turtlesim-1.4.1-py3.8.egg-info/dependency_links.txt
[5.263s] -- Installing: /home/sln/beginner_tutorials/install/turtlesim/lib/python3.8/site-packages/turtlesim-1.4.1-py3.8.egg-info/SOURCES.txt
[5.263s] -- Installing: /home/sln/beginner_tutorials/install/turtlesim/lib/python3.8/site-packages/turtlesim-1.4.1-py3.8.egg-info/PKG-INFO
[5.263s] -- Up-to-date: /home/sln/beginner_tutorials/install/turtlesim/lib/python3.8/site-packages/turtlesim
[5.263s] -- Up-to-date: /home/sln/beginner_tutorials/install/turtlesim/lib/python3.8/site-packages/turtlesim/turtlesim_s__rosidl_typesupport_introspection_c.cpython-38-x86_64-linux-gnu.so
[5.263s] -- Up-to-date: /home/sln/beginner_tutorials/install/turtlesim/lib/python3.8/site-packages/turtlesim/libturtlesim__rosidl_generator_py.so
[5.264s] -- Up-to-date: /home/sln/beginner_tutorials/install/turtlesim/lib/python3.8/site-packages/turtlesim/action
[5.264s] -- Up-to-date: /home/sln/beginner_tutorials/install/turtlesim/lib/python3.8/site-packages/turtlesim/action/_rotate_absolute.py
[5.264s] -- Up-to-date: /home/sln/beginner_tutorials/install/turtlesim/lib/python3.8/site-packages/turtlesim/action/__init__.py
[5.264s] -- Up-to-date: /home/sln/beginner_tutorials/install/turtlesim/lib/python3.8/site-packages/turtlesim/action/_rotate_absolute_s.c
[5.264s] -- Up-to-date: /home/sln/beginner_tutorials/install/turtlesim/lib/python3.8/site-packages/turtlesim/msg
[5.264s] -- Up-to-date: /home/sln/beginner_tutorials/install/turtlesim/lib/python3.8/site-packages/turtlesim/msg/_color_s.c
[5.264s] -- Up-to-date: /home/sln/beginner_tutorials/install/turtlesim/lib/python3.8/site-packages/turtlesim/msg/_pose.py
[5.264s] -- Up-to-date: /home/sln/beginner_tutorials/install/turtlesim/lib/python3.8/site-packages/turtlesim/msg/_color.py
[5.264s] -- Up-to-date: /home/sln/beginner_tutorials/install/turtlesim/lib/python3.8/site-packages/turtlesim/msg/__init__.py
[5.264s] -- Up-to-date: /home/sln/beginner_tutorials/install/turtlesim/lib/python3.8/site-packages/turtlesim/msg/_pose_s.c
[5.265s] -- Up-to-date: /home/sln/beginner_tutorials/install/turtlesim/lib/python3.8/site-packages/turtlesim/turtlesim_s__rosidl_typesupport_c.cpython-38-x86_64-linux-gnu.so
[5.265s] -- Up-to-date: /home/sln/beginner_tutorials/install/turtlesim/lib/python3.8/site-packages/turtlesim/srv
[5.265s] -- Up-to-date: /home/sln/beginner_tutorials/install/turtlesim/lib/python3.8/site-packages/turtlesim/srv/_teleport_relative.py
[5.265s] -- Up-to-date: /home/sln/beginner_tutorials/install/turtlesim/lib/python3.8/site-packages/turtlesim/srv/_teleport_relative_s.c
[5.265s] -- Up-to-date: /home/sln/beginner_tutorials/install/turtlesim/lib/python3.8/site-packages/turtlesim/srv/_teleport_absolute_s.c
[5.265s] -- Up-to-date: /home/sln/beginner_tutorials/install/turtlesim/lib/python3.8/site-packages/turtlesim/srv/_kill_s.c
[5.265s] -- Up-to-date: /home/sln/beginner_tutorials/install/turtlesim/lib/python3.8/site-packages/turtlesim/srv/_kill.py
[5.265s] -- Up-to-date: /home/sln/beginner_tutorials/install/turtlesim/lib/python3.8/site-packages/turtlesim/srv/_set_pen.py
[5.265s] -- Up-to-date: /home/sln/beginner_tutorials/install/turtlesim/lib/python3.8/site-packages/turtlesim/srv/__init__.py
[5.266s] -- Up-to-date: /home/sln/beginner_tutorials/install/turtlesim/lib/python3.8/site-packages/turtlesim/srv/_teleport_absolute.py
[5.266s] -- Up-to-date: /home/sln/beginner_tutorials/install/turtlesim/lib/python3.8/site-packages/turtlesim/srv/_set_pen_s.c
[5.266s] -- Up-to-date: /home/sln/beginner_tutorials/install/turtlesim/lib/python3.8/site-packages/turtlesim/srv/_spawn_s.c
[5.266s] -- Up-to-date: /home/sln/beginner_tutorials/install/turtlesim/lib/python3.8/site-packages/turtlesim/srv/_spawn.py
[5.266s] -- Up-to-date: /home/sln/beginner_tutorials/install/turtlesim/lib/python3.8/site-packages/turtlesim/_turtlesim_s.ep.rosidl_typesupport_introspection_c.c
[5.266s] -- Up-to-date: /home/sln/beginner_tutorials/install/turtlesim/lib/python3.8/site-packages/turtlesim/turtlesim_s__rosidl_typesupport_fastrtps_c.cpython-38-x86_64-linux-gnu.so
[5.266s] -- Up-to-date: /home/sln/beginner_tutorials/install/turtlesim/lib/python3.8/site-packages/turtlesim/__init__.py
[5.266s] -- Up-to-date: /home/sln/beginner_tutorials/install/turtlesim/lib/python3.8/site-packages/turtlesim/_turtlesim_s.ep.rosidl_typesupport_fastrtps_c.c
[5.267s] -- Up-to-date: /home/sln/beginner_tutorials/install/turtlesim/lib/python3.8/site-packages/turtlesim/_turtlesim_s.ep.rosidl_typesupport_c.c
[5.835s] Listing '/home/sln/beginner_tutorials/install/turtlesim/lib/python3.8/site-packages/turtlesim'...
[5.835s] Listing '/home/sln/beginner_tutorials/install/turtlesim/lib/python3.8/site-packages/turtlesim/action'...
[5.835s] Listing '/home/sln/beginner_tutorials/install/turtlesim/lib/python3.8/site-packages/turtlesim/msg'...
[5.835s] Listing '/home/sln/beginner_tutorials/install/turtlesim/lib/python3.8/site-packages/turtlesim/srv'...
[5.839s] -- Up-to-date: /home/sln/beginner_tutorials/install/turtlesim/lib/python3.8/site-packages/turtlesim/turtlesim_s__rosidl_typesupport_introspection_c.cpython-38-x86_64-linux-gnu.so
[5.840s] -- Up-to-date: /home/sln/beginner_tutorials/install/turtlesim/lib/python3.8/site-packages/turtlesim/turtlesim_s__rosidl_typesupport_fastrtps_c.cpython-38-x86_64-linux-gnu.so
[5.841s] -- Up-to-date: /home/sln/beginner_tutorials/install/turtlesim/lib/python3.8/site-packages/turtlesim/turtlesim_s__rosidl_typesupport_c.cpython-38-x86_64-linux-gnu.so
[5.842s] -- Up-to-date: /home/sln/beginner_tutorials/install/turtlesim/lib/libturtlesim__rosidl_generator_py.so
[5.843s] -- Up-to-date: /home/sln/beginner_tutorials/install/turtlesim/share/turtlesim/action/RotateAbsolute.idl
[5.843s] -- Up-to-date: /home/sln/beginner_tutorials/install/turtlesim/share/turtlesim/msg/Color.idl
[5.843s] -- Up-to-date: /home/sln/beginner_tutorials/install/turtlesim/share/turtlesim/msg/Pose.idl
[5.843s] -- Up-to-date: /home/sln/beginner_tutorials/install/turtlesim/share/turtlesim/srv/Kill.idl
[5.844s] -- Up-to-date: /home/sln/beginner_tutorials/install/turtlesim/share/turtlesim/srv/SetPen.idl
[5.844s] -- Up-to-date: /home/sln/beginner_tutorials/install/turtlesim/share/turtlesim/srv/Spawn.idl
[5.844s] -- Up-to-date: /home/sln/beginner_tutorials/install/turtlesim/share/turtlesim/srv/TeleportAbsolute.idl
[5.844s] -- Up-to-date: /home/sln/beginner_tutorials/install/turtlesim/share/turtlesim/srv/TeleportRelative.idl
[5.844s] -- Up-to-date: /home/sln/beginner_tutorials/install/turtlesim/share/turtlesim/action/RotateAbsolute.action
[5.844s] -- Up-to-date: /home/sln/beginner_tutorials/install/turtlesim/share/turtlesim/msg/Color.msg
[5.845s] -- Up-to-date: /home/sln/beginner_tutorials/install/turtlesim/share/turtlesim/msg/Pose.msg
[5.845s] -- Up-to-date: /home/sln/beginner_tutorials/install/turtlesim/share/turtlesim/srv/Kill.srv
[5.845s] -- Up-to-date: /home/sln/beginner_tutorials/install/turtlesim/share/turtlesim/srv/Kill_Request.msg
[5.845s] -- Up-to-date: /home/sln/beginner_tutorials/install/turtlesim/share/turtlesim/srv/Kill_Response.msg
[5.845s] -- Up-to-date: /home/sln/beginner_tutorials/install/turtlesim/share/turtlesim/srv/SetPen.srv
[5.845s] -- Up-to-date: /home/sln/beginner_tutorials/install/turtlesim/share/turtlesim/srv/SetPen_Request.msg
[5.845s] -- Up-to-date: /home/sln/beginner_tutorials/install/turtlesim/share/turtlesim/srv/SetPen_Response.msg
[5.845s] -- Up-to-date: /home/sln/beginner_tutorials/install/turtlesim/share/turtlesim/srv/Spawn.srv
[5.846s] -- Up-to-date: /home/sln/beginner_tutorials/install/turtlesim/share/turtlesim/srv/Spawn_Request.msg
[5.846s] -- Up-to-date: /home/sln/beginner_tutorials/install/turtlesim/share/turtlesim/srv/Spawn_Response.msg
[5.846s] -- Up-to-date: /home/sln/beginner_tutorials/install/turtlesim/share/turtlesim/srv/TeleportAbsolute.srv
[5.846s] -- Up-to-date: /home/sln/beginner_tutorials/install/turtlesim/share/turtlesim/srv/TeleportAbsolute_Request.msg
[5.846s] -- Up-to-date: /home/sln/beginner_tutorials/install/turtlesim/share/turtlesim/srv/TeleportAbsolute_Response.msg
[5.846s] -- Up-to-date: /home/sln/beginner_tutorials/install/turtlesim/share/turtlesim/srv/TeleportRelative.srv
[5.846s] -- Up-to-date: /home/sln/beginner_tutorials/install/turtlesim/share/turtlesim/srv/TeleportRelative_Request.msg
[5.846s] -- Up-to-date: /home/sln/beginner_tutorials/install/turtlesim/share/turtlesim/srv/TeleportRelative_Response.msg
[5.846s] -- Up-to-date: /home/sln/beginner_tutorials/install/turtlesim/lib/turtlesim/turtlesim_node
[5.847s] -- Up-to-date: /home/sln/beginner_tutorials/install/turtlesim/lib/turtlesim/turtle_teleop_key
[5.847s] -- Up-to-date: /home/sln/beginner_tutorials/install/turtlesim/lib/turtlesim/draw_square
[5.848s] -- Up-to-date: /home/sln/beginner_tutorials/install/turtlesim/lib/turtlesim/mimic
[5.848s] -- Up-to-date: /home/sln/beginner_tutorials/install/turtlesim/share/turtlesim/images
[5.848s] -- Up-to-date: /home/sln/beginner_tutorials/install/turtlesim/share/turtlesim/images/bouncy.png
[5.849s] -- Up-to-date: /home/sln/beginner_tutorials/install/turtlesim/share/turtlesim/images/humble.png
[5.849s] -- Up-to-date: /home/sln/beginner_tutorials/install/turtlesim/share/turtlesim/images/dashing.png
[5.849s] -- Up-to-date: /home/sln/beginner_tutorials/install/turtlesim/share/turtlesim/images/galactic.png
[5.849s] -- Up-to-date: /home/sln/beginner_tutorials/install/turtlesim/share/turtlesim/images/ardent.png
[5.849s] -- Up-to-date: /home/sln/beginner_tutorials/install/turtlesim/share/turtlesim/images/rolling.png
[5.849s] -- Up-to-date: /home/sln/beginner_tutorials/install/turtlesim/share/turtlesim/images/eloquent.png
[5.849s] -- Up-to-date: /home/sln/beginner_tutorials/install/turtlesim/share/turtlesim/images/crystal.png
[5.849s] -- Up-to-date: /home/sln/beginner_tutorials/install/turtlesim/share/turtlesim/images/foxy.png
[5.849s] -- Up-to-date: /home/sln/beginner_tutorials/install/turtlesim/share/turtlesim/launch
[5.850s] -- Up-to-date: /home/sln/beginner_tutorials/install/turtlesim/share/turtlesim/launch/multisim.launch.py
[5.850s] -- Up-to-date: /home/sln/beginner_tutorials/install/turtlesim/share/ament_index/resource_index/package_run_dependencies/turtlesim
[5.850s] -- Up-to-date: /home/sln/beginner_tutorials/install/turtlesim/share/ament_index/resource_index/parent_prefix_path/turtlesim
[5.850s] -- Up-to-date: /home/sln/beginner_tutorials/install/turtlesim/share/turtlesim/environment/ament_prefix_path.dsv
[5.850s] -- Up-to-date: /home/sln/beginner_tutorials/install/turtlesim/share/turtlesim/environment/path.dsv
[5.850s] -- Up-to-date: /home/sln/beginner_tutorials/install/turtlesim/share/turtlesim/local_setup.bash
[5.850s] -- Up-to-date: /home/sln/beginner_tutorials/install/turtlesim/share/turtlesim/local_setup.sh
[5.850s] -- Up-to-date: /home/sln/beginner_tutorials/install/turtlesim/share/turtlesim/local_setup.zsh
[5.850s] -- Up-to-date: /home/sln/beginner_tutorials/install/turtlesim/share/turtlesim/local_setup.dsv
[5.851s] -- Installing: /home/sln/beginner_tutorials/install/turtlesim/share/turtlesim/package.dsv
[5.851s] -- Up-to-date: /home/sln/beginner_tutorials/install/turtlesim/share/ament_index/resource_index/packages/turtlesim
[5.851s] -- Up-to-date: /home/sln/beginner_tutorials/install/turtlesim/share/turtlesim/cmake/export_turtlesim__rosidl_generator_cExport.cmake
[5.851s] -- Up-to-date: /home/sln/beginner_tutorials/install/turtlesim/share/turtlesim/cmake/export_turtlesim__rosidl_generator_cExport-noconfig.cmake
[5.851s] -- Up-to-date: /home/sln/beginner_tutorials/install/turtlesim/share/turtlesim/cmake/export_turtlesim__rosidl_typesupport_fastrtps_cExport.cmake
[5.851s] -- Up-to-date: /home/sln/beginner_tutorials/install/turtlesim/share/turtlesim/cmake/export_turtlesim__rosidl_typesupport_fastrtps_cExport-noconfig.cmake
[5.851s] -- Up-to-date: /home/sln/beginner_tutorials/install/turtlesim/share/turtlesim/cmake/export_turtlesim__rosidl_generator_cppExport.cmake
[5.851s] -- Up-to-date: /home/sln/beginner_tutorials/install/turtlesim/share/turtlesim/cmake/export_turtlesim__rosidl_typesupport_fastrtps_cppExport.cmake
[5.851s] -- Up-to-date: /home/sln/beginner_tutorials/install/turtlesim/share/turtlesim/cmake/export_turtlesim__rosidl_typesupport_fastrtps_cppExport-noconfig.cmake
[5.852s] -- Up-to-date: /home/sln/beginner_tutorials/install/turtlesim/share/turtlesim/cmake/turtlesim__rosidl_typesupport_introspection_cExport.cmake
[5.852s] -- Up-to-date: /home/sln/beginner_tutorials/install/turtlesim/share/turtlesim/cmake/turtlesim__rosidl_typesupport_introspection_cExport-noconfig.cmake
[5.852s] -- Up-to-date: /home/sln/beginner_tutorials/install/turtlesim/share/turtlesim/cmake/turtlesim__rosidl_typesupport_cExport.cmake
[5.852s] -- Up-to-date: /home/sln/beginner_tutorials/install/turtlesim/share/turtlesim/cmake/turtlesim__rosidl_typesupport_cExport-noconfig.cmake
[5.852s] -- Up-to-date: /home/sln/beginner_tutorials/install/turtlesim/share/turtlesim/cmake/turtlesim__rosidl_typesupport_introspection_cppExport.cmake
[5.853s] -- Up-to-date: /home/sln/beginner_tutorials/install/turtlesim/share/turtlesim/cmake/turtlesim__rosidl_typesupport_introspection_cppExport-noconfig.cmake
[5.853s] -- Up-to-date: /home/sln/beginner_tutorials/install/turtlesim/share/turtlesim/cmake/turtlesim__rosidl_typesupport_cppExport.cmake
[5.853s] -- Up-to-date: /home/sln/beginner_tutorials/install/turtlesim/share/turtlesim/cmake/turtlesim__rosidl_typesupport_cppExport-noconfig.cmake
[5.853s] -- Up-to-date: /home/sln/beginner_tutorials/install/turtlesim/share/turtlesim/cmake/export_turtlesim__rosidl_generator_pyExport.cmake
[5.853s] -- Up-to-date: /home/sln/beginner_tutorials/install/turtlesim/share/turtlesim/cmake/export_turtlesim__rosidl_generator_pyExport-noconfig.cmake
[5.853s] -- Up-to-date: /home/sln/beginner_tutorials/install/turtlesim/share/turtlesim/cmake/rosidl_cmake-extras.cmake
[5.854s] -- Up-to-date: /home/sln/beginner_tutorials/install/turtlesim/share/turtlesim/cmake/ament_cmake_export_dependencies-extras.cmake
[5.854s] -- Up-to-date: /home/sln/beginner_tutorials/install/turtlesim/share/turtlesim/cmake/ament_cmake_export_include_directories-extras.cmake
[5.854s] -- Up-to-date: /home/sln/beginner_tutorials/install/turtlesim/share/turtlesim/cmake/ament_cmake_export_libraries-extras.cmake
[5.854s] -- Up-to-date: /home/sln/beginner_tutorials/install/turtlesim/share/turtlesim/cmake/ament_cmake_export_targets-extras.cmake
[5.854s] -- Up-to-date: /home/sln/beginner_tutorials/install/turtlesim/share/turtlesim/cmake/rosidl_cmake_export_typesupport_targets-extras.cmake
[5.854s] -- Up-to-date: /home/sln/beginner_tutorials/install/turtlesim/share/turtlesim/cmake/rosidl_cmake_export_typesupport_libraries-extras.cmake
[5.854s] -- Up-to-date: /home/sln/beginner_tutorials/install/turtlesim/share/turtlesim/cmake/turtlesimConfig.cmake
[5.854s] -- Up-to-date: /home/sln/beginner_tutorials/install/turtlesim/share/turtlesim/cmake/turtlesimConfig-version.cmake
[5.854s] -- Up-to-date: /home/sln/beginner_tutorials/install/turtlesim/share/turtlesim/package.xml
[5.862s] Invoked command in '/home/sln/beginner_tutorials/build/turtlesim' returned '0': CMAKE_PREFIX_PATH=${CMAKE_PREFIX_PATH}:/home/sln/beginner_tutorials/install/launch_testing_examples:/home/sln/beginner_tutorials/install/examples_rclpy_pointcloud_publisher:/home/sln/beginner_tutorials/install/examples_rclpy_minimal_subscriber:/home/sln/beginner_tutorials/install/examples_rclpy_minimal_service:/home/sln/beginner_tutorials/install/examples_rclpy_minimal_publisher:/home/sln/beginner_tutorials/install/examples_rclpy_minimal_client:/home/sln/beginner_tutorials/install/examples_rclpy_minimal_action_server:/home/sln/beginner_tutorials/install/examples_rclpy_minimal_action_client:/home/sln/beginner_tutorials/install/examples_rclpy_guard_conditions:/home/sln/beginner_tutorials/install/examples_rclpy_executors:/home/sln/ros2_humble/install/rqt_bag_plugins:/home/sln/ros2_humble/install/rqt_bag:/home/sln/ros2_humble/install/ros2bag:/home/sln/ros2_humble/install/tracetools_test:/home/sln/ros2_humble/install/tracetools_launch:/home/sln/ros2_humble/install/topic_monitor:/home/sln/ros2_humble/install/tf2_tools:/home/sln/ros2_humble/install/examples_tf2_py:/home/sln/ros2_humble/install/tf2_ros_py:/home/sln/ros2_humble/install/sros2:/home/sln/ros2_humble/install/rqt_topic:/home/sln/ros2_humble/install/rqt_srv:/home/sln/ros2_humble/install/rqt_shell:/home/sln/ros2_humble/install/rqt_service_caller:/home/sln/ros2_humble/install/rqt_reconfigure:/home/sln/ros2_humble/install/rqt_py_console:/home/sln/ros2_humble/install/rqt_publisher:/home/sln/ros2_humble/install/rqt_plot:/home/sln/ros2_humble/install/rqt_action:/home/sln/ros2_humble/install/rqt_msg:/home/sln/ros2_humble/install/rqt_console:/home/sln/ros2_humble/install/rqt:/home/sln/ros2_humble/install/rqt_graph:/home/sln/ros2_humble/install/rqt_gui_py:/home/sln/ros2_humble/install/rqt_gui:/home/sln/ros2_humble/install/ros2trace:/home/sln/ros2_humble/install/ros2topic:/home/sln/ros2_humble/install/ros2test:/home/sln/ros2_humble/install/ros2component:/home/sln/ros2_humble/install/ros2param:/home/sln/ros2_humble/install/ros2lifecycle:/home/sln/ros2_humble/install/ros2service:/home/sln/ros2_humble/install/ros2run:/home/sln/ros2_humble/install/ros2launch:/home/sln/ros2_humble/install/ros2pkg:/home/sln/ros2_humble/install/ros2node:/home/sln/ros2_humble/install/ros2multicast:/home/sln/ros2_humble/install/ros2interface:/home/sln/ros2_humble/install/ros2doctor:/home/sln/ros2_humble/install/ros2action:/home/sln/ros2_humble/install/ros2cli:/home/sln/ros2_humble/install/quality_of_service_demo_py:/home/sln/ros2_humble/install/lifecycle_py:/home/sln/ros2_humble/install/launch_testing_ros:/home/sln/ros2_humble/install/launch_ros:/home/sln/ros2_humble/install/examples_rclpy_pointcloud_publisher:/home/sln/ros2_humble/install/examples_rclpy_minimal_subscriber:/home/sln/ros2_humble/install/examples_rclpy_minimal_service:/home/sln/ros2_humble/install/examples_rclpy_minimal_publisher:/home/sln/ros2_humble/install/examples_rclpy_minimal_client:/home/sln/ros2_humble/install/examples_rclpy_minimal_action_server:/home/sln/ros2_humble/install/examples_rclpy_minimal_action_client:/home/sln/ros2_humble/install/examples_rclpy_guard_conditions:/home/sln/ros2_humble/install/examples_rclpy_executors:/home/sln/ros2_humble/install/demo_nodes_py:/home/sln/ros2_humble/install/action_tutorials_py:/home/sln/ros2_humble/install/ament_uncrustify:/home/sln/ros2_humble/install/tracetools_trace:/home/sln/ros2_humble/install/tracetools_read:/home/sln/ros2_humble/install/test_tracetools_launch:/home/sln/ros2_humble/install/test_launch_ros:/home/sln/ros2_humble/install/sensor_msgs_py:/home/sln/ros2_humble/install/rpyutils:/home/sln/ros2_humble/install/rosidl_runtime_py:/home/sln/ros2_humble/install/rosidl_cli:/home/sln/ros2_humble/install/launch_pytest:/home/sln/ros2_humble/install/launch_testing:/home/sln/ros2_humble/install/launch_yaml:/home/sln/ros2_humble/install/launch_xml:/home/sln/ros2_humble/install/launch:/home/sln/ros2_humble/install/osrf_pycommon:/home/sln/ros2_humble/install/launch_testing_examples:/home/sln/ros2_humble/install/domain_coordinator:/home/sln/ros2_humble/install/ament_xmllint:/home/sln/ros2_humble/install/ament_pyflakes:/home/sln/ros2_humble/install/ament_pycodestyle:/home/sln/ros2_humble/install/ament_pep257:/home/sln/ros2_humble/install/ament_pclint:/home/sln/ros2_humble/install/ament_package:/home/sln/ros2_humble/install/ament_mypy:/home/sln/ros2_humble/install/ament_lint_cmake:/home/sln/ros2_humble/install/ament_flake8:/home/sln/ros2_humble/install/ament_copyright:/home/sln/ros2_humble/install/ament_lint:/home/sln/ros2_humble/install/ament_index_python:/home/sln/ros2_humble/install/ament_cpplint:/home/sln/ros2_humble/install/ament_cppcheck:/home/sln/ros2_humble/install/ament_clang_tidy:/home/sln/ros2_humble/install/ament_clang_format /usr/bin/cmake --install /home/sln/beginner_tutorials/build/turtlesim
