-- The C compiler identification is GNU 9.4.0
-- The CXX compiler identification is GNU 9.4.0
-- Check for working C compiler: /usr/bin/cc
-- Check for working C compiler: /usr/bin/cc -- works
-- Detecting C compiler ABI info
-- Detecting C compiler ABI info - done
-- Detecting C compile features
-- Detecting C compile features - done
-- Check for working CXX compiler: /usr/bin/c++
-- Check for working CXX compiler: /usr/bin/c++ -- works
-- Detecting CXX compiler ABI info
-- Detecting CXX compiler ABI info - done
-- Detecting CXX compile features
-- Detecting CXX compile features - done
-- Found ament_cmake: 1.3.3 (/home/sln/ros2_humble/install/ament_cmake/share/ament_cmake/cmake)
-- Found Python3: /usr/bin/python3.8 (found version "3.8.10") found components: Interpreter 
-- Override CMake install command with custom implementation using symlinks instead of copying resources
-- Found rclcpp: 16.0.2 (/home/sln/ros2_humble/install/rclcpp/share/rclcpp/cmake)
-- Found rosidl_generator_c: 3.1.4 (/home/sln/ros2_humble/install/rosidl_generator_c/share/rosidl_generator_c/cmake)
-- Found rosidl_adapter: 3.1.4 (/home/sln/ros2_humble/install/rosidl_adapter/share/rosidl_adapter/cmake)
-- Found rosidl_generator_cpp: 3.1.4 (/home/sln/ros2_humble/install/rosidl_generator_cpp/share/rosidl_generator_cpp/cmake)
-- Using all available rosidl_typesupport_c: rosidl_typesupport_introspection_c;rosidl_typesupport_fastrtps_c
-- Using all available rosidl_typesupport_cpp: rosidl_typesupport_introspection_cpp;rosidl_typesupport_fastrtps_cpp
-- Found rmw_implementation_cmake: 6.1.1 (/home/sln/ros2_humble/install/rmw_implementation_cmake/share/rmw_implementation_cmake/cmake)
-- Found rmw_fastrtps_cpp: 6.2.2 (/home/sln/ros2_humble/install/rmw_fastrtps_cpp/share/rmw_fastrtps_cpp/cmake)
-- Found OpenSSL: /usr/lib/x86_64-linux-gnu/libcrypto.so (found version "1.1.1f")  
-- Found FastRTPS: /home/sln/ros2_humble/install/fastrtps/include  
-- Using RMW implementation 'rmw_fastrtps_cpp' as default
-- Looking for pthread.h
-- Looking for pthread.h - found
-- Performing Test CMAKE_HAVE_LIBC_PTHREAD
-- Performing Test CMAKE_HAVE_LIBC_PTHREAD - Failed
-- Looking for pthread_create in pthreads
-- Looking for pthread_create in pthreads - not found
-- Looking for pthread_create in pthread
-- Looking for pthread_create in pthread - found
-- Found Threads: TRUE  
-- Found rclcpp_components: 16.0.2 (/home/sln/ros2_humble/install/rclcpp_components/share/rclcpp_components/cmake)
-- Found ament_lint_auto: 0.12.4 (/home/sln/ros2_humble/install/ament_lint_auto/share/ament_lint_auto/cmake)
-- Added test 'copyright' to check source files copyright and LICENSE
-- Added test 'cppcheck' to perform static code analysis on C / C++ code
-- Configured cppcheck include dirs: /home/sln/beginner_tutorials/src/examples/rclcpp/composition/minimal_composition/include
-- Configured cppcheck exclude dirs and/or files: 
-- Added test 'cpplint' to check C / C++ code against the Google style
-- Configured cpplint exclude dirs and/or files: 
-- Added test 'lint_cmake' to check CMake code style
-- Added test 'uncrustify' to check C / C++ code style
-- Configured uncrustify additional arguments: 
-- Added test 'xmllint' to check XML markup files
-- Configuring done
-- Generating done
-- Build files have been written to: /home/sln/beginner_tutorials/build/examples_rclcpp_minimal_composition
[35m[1mScanning dependencies of target composition_nodes[0m
[ 11%] [32mBuilding CXX object CMakeFiles/composition_nodes.dir/src/subscriber_node.cpp.o[0m
[ 22%] [32mBuilding CXX object CMakeFiles/composition_nodes.dir/src/publisher_node.cpp.o[0m
[ 33%] [32m[1mLinking CXX shared library libcomposition_nodes.so[0m
[ 33%] Built target composition_nodes
[35m[1mScanning dependencies of target composition_composed[0m
[ 44%] [32mBuilding CXX object CMakeFiles/composition_composed.dir/src/composed.cpp.o[0m
[ 55%] [32m[1mLinking CXX executable composition_composed[0m
[ 55%] Built target composition_composed
[35m[1mScanning dependencies of target composition_publisher[0m
[ 66%] [32mBuilding CXX object CMakeFiles/composition_publisher.dir/src/standalone_publisher.cpp.o[0m
[ 77%] [32m[1mLinking CXX executable composition_publisher[0m
[ 77%] Built target composition_publisher
[35m[1mScanning dependencies of target composition_subscriber[0m
[ 88%] [32mBuilding CXX object CMakeFiles/composition_subscriber.dir/src/standalone_subscriber.cpp.o[0m
[100%] [32m[1mLinking CXX executable composition_subscriber[0m
[100%] Built target composition_subscriber
-- Install configuration: ""
-- Execute custom install script
-- Symlinking: /home/sln/beginner_tutorials/install/examples_rclcpp_minimal_composition/share/examples_rclcpp_minimal_composition/environment/library_path.sh
-- Symlinking: /home/sln/beginner_tutorials/install/examples_rclcpp_minimal_composition/share/examples_rclcpp_minimal_composition/environment/library_path.dsv
-- Symlinking: /home/sln/beginner_tutorials/install/examples_rclcpp_minimal_composition/lib/libcomposition_nodes.so
-- Symlinking: /home/sln/beginner_tutorials/install/examples_rclcpp_minimal_composition/lib/examples_rclcpp_minimal_composition/composition_publisher
-- Symlinking: /home/sln/beginner_tutorials/install/examples_rclcpp_minimal_composition/lib/examples_rclcpp_minimal_composition/composition_subscriber
-- Symlinking: /home/sln/beginner_tutorials/install/examples_rclcpp_minimal_composition/lib/examples_rclcpp_minimal_composition/composition_composed
-- Symlinking: /home/sln/beginner_tutorials/install/examples_rclcpp_minimal_composition/share/ament_index/resource_index/package_run_dependencies/examples_rclcpp_minimal_composition
-- Symlinking: /home/sln/beginner_tutorials/install/examples_rclcpp_minimal_composition/share/ament_index/resource_index/parent_prefix_path/examples_rclcpp_minimal_composition
-- Symlinking: /home/sln/beginner_tutorials/install/examples_rclcpp_minimal_composition/share/examples_rclcpp_minimal_composition/environment/ament_prefix_path.sh
-- Symlinking: /home/sln/beginner_tutorials/install/examples_rclcpp_minimal_composition/share/examples_rclcpp_minimal_composition/environment/ament_prefix_path.dsv
-- Symlinking: /home/sln/beginner_tutorials/install/examples_rclcpp_minimal_composition/share/examples_rclcpp_minimal_composition/environment/path.sh
-- Symlinking: /home/sln/beginner_tutorials/install/examples_rclcpp_minimal_composition/share/examples_rclcpp_minimal_composition/environment/path.dsv
-- Symlinking: /home/sln/beginner_tutorials/install/examples_rclcpp_minimal_composition/share/examples_rclcpp_minimal_composition/local_setup.bash
-- Symlinking: /home/sln/beginner_tutorials/install/examples_rclcpp_minimal_composition/share/examples_rclcpp_minimal_composition/local_setup.sh
-- Symlinking: /home/sln/beginner_tutorials/install/examples_rclcpp_minimal_composition/share/examples_rclcpp_minimal_composition/local_setup.zsh
-- Symlinking: /home/sln/beginner_tutorials/install/examples_rclcpp_minimal_composition/share/examples_rclcpp_minimal_composition/local_setup.dsv
-- Symlinking: /home/sln/beginner_tutorials/install/examples_rclcpp_minimal_composition/share/examples_rclcpp_minimal_composition/package.dsv
-- Symlinking: /home/sln/beginner_tutorials/install/examples_rclcpp_minimal_composition/share/ament_index/resource_index/packages/examples_rclcpp_minimal_composition
-- Symlinking: /home/sln/beginner_tutorials/install/examples_rclcpp_minimal_composition/share/examples_rclcpp_minimal_composition/cmake/examples_rclcpp_minimal_compositionConfig.cmake
-- Symlinking: /home/sln/beginner_tutorials/install/examples_rclcpp_minimal_composition/share/examples_rclcpp_minimal_composition/cmake/examples_rclcpp_minimal_compositionConfig-version.cmake
-- Symlinking: /home/sln/beginner_tutorials/install/examples_rclcpp_minimal_composition/share/examples_rclcpp_minimal_composition/package.xml
