[2.310s] Invoking command in '/home/sln/beginner_tutorials/build/turtlesim': CMAKE_PREFIX_PATH=${CMAKE_PREFIX_PATH}:/home/sln/ros2_humble/install/rqt_bag_plugins:/home/sln/ros2_humble/install/rqt_bag:/home/sln/ros2_humble/install/ros2bag:/home/sln/ros2_humble/install/tracetools_test:/home/sln/ros2_humble/install/tracetools_launch:/home/sln/ros2_humble/install/topic_monitor:/home/sln/ros2_humble/install/tf2_tools:/home/sln/ros2_humble/install/examples_tf2_py:/home/sln/ros2_humble/install/tf2_ros_py:/home/sln/ros2_humble/install/sros2:/home/sln/ros2_humble/install/rqt_topic:/home/sln/ros2_humble/install/rqt_srv:/home/sln/ros2_humble/install/rqt_shell:/home/sln/ros2_humble/install/rqt_service_caller:/home/sln/ros2_humble/install/rqt_reconfigure:/home/sln/ros2_humble/install/rqt_py_console:/home/sln/ros2_humble/install/rqt_publisher:/home/sln/ros2_humble/install/rqt_plot:/home/sln/ros2_humble/install/rqt_action:/home/sln/ros2_humble/install/rqt_msg:/home/sln/ros2_humble/install/rqt_console:/home/sln/ros2_humble/install/rqt:/home/sln/ros2_humble/install/rqt_graph:/home/sln/ros2_humble/install/rqt_gui_py:/home/sln/ros2_humble/install/rqt_gui:/home/sln/ros2_humble/install/ros2trace:/home/sln/ros2_humble/install/ros2topic:/home/sln/ros2_humble/install/ros2test:/home/sln/ros2_humble/install/ros2component:/home/sln/ros2_humble/install/ros2param:/home/sln/ros2_humble/install/ros2lifecycle:/home/sln/ros2_humble/install/ros2service:/home/sln/ros2_humble/install/ros2run:/home/sln/ros2_humble/install/ros2launch:/home/sln/ros2_humble/install/ros2pkg:/home/sln/ros2_humble/install/ros2node:/home/sln/ros2_humble/install/ros2multicast:/home/sln/ros2_humble/install/ros2interface:/home/sln/ros2_humble/install/ros2doctor:/home/sln/ros2_humble/install/ros2action:/home/sln/ros2_humble/install/ros2cli:/home/sln/ros2_humble/install/quality_of_service_demo_py:/home/sln/ros2_humble/install/lifecycle_py:/home/sln/ros2_humble/install/launch_testing_ros:/home/sln/ros2_humble/install/launch_ros:/home/sln/ros2_humble/install/examples_rclpy_pointcloud_publisher:/home/sln/ros2_humble/install/examples_rclpy_minimal_subscriber:/home/sln/ros2_humble/install/examples_rclpy_minimal_service:/home/sln/ros2_humble/install/examples_rclpy_minimal_publisher:/home/sln/ros2_humble/install/examples_rclpy_minimal_client:/home/sln/ros2_humble/install/examples_rclpy_minimal_action_server:/home/sln/ros2_humble/install/examples_rclpy_minimal_action_client:/home/sln/ros2_humble/install/examples_rclpy_guard_conditions:/home/sln/ros2_humble/install/examples_rclpy_executors:/home/sln/ros2_humble/install/demo_nodes_py:/home/sln/ros2_humble/install/action_tutorials_py:/home/sln/ros2_humble/install/ament_uncrustify:/home/sln/ros2_humble/install/tracetools_trace:/home/sln/ros2_humble/install/tracetools_read:/home/sln/ros2_humble/install/test_tracetools_launch:/home/sln/ros2_humble/install/test_launch_ros:/home/sln/ros2_humble/install/sensor_msgs_py:/home/sln/ros2_humble/install/rpyutils:/home/sln/ros2_humble/install/rosidl_runtime_py:/home/sln/ros2_humble/install/rosidl_cli:/home/sln/ros2_humble/install/launch_pytest:/home/sln/ros2_humble/install/launch_testing:/home/sln/ros2_humble/install/launch_yaml:/home/sln/ros2_humble/install/launch_xml:/home/sln/ros2_humble/install/launch:/home/sln/ros2_humble/install/osrf_pycommon:/home/sln/ros2_humble/install/launch_testing_examples:/home/sln/ros2_humble/install/domain_coordinator:/home/sln/ros2_humble/install/ament_xmllint:/home/sln/ros2_humble/install/ament_pyflakes:/home/sln/ros2_humble/install/ament_pycodestyle:/home/sln/ros2_humble/install/ament_pep257:/home/sln/ros2_humble/install/ament_pclint:/home/sln/ros2_humble/install/ament_package:/home/sln/ros2_humble/install/ament_mypy:/home/sln/ros2_humble/install/ament_lint_cmake:/home/sln/ros2_humble/install/ament_flake8:/home/sln/ros2_humble/install/ament_copyright:/home/sln/ros2_humble/install/ament_lint:/home/sln/ros2_humble/install/ament_index_python:/home/sln/ros2_humble/install/ament_cpplint:/home/sln/ros2_humble/install/ament_cppcheck:/home/sln/ros2_humble/install/ament_clang_tidy:/home/sln/ros2_humble/install/ament_clang_format /usr/bin/cmake /home/sln/beginner_tutorials/src/ros_tutorials/turtlesim -DCMAKE_INSTALL_PREFIX=/home/sln/beginner_tutorials/install/turtlesim
[2.478s] -- The C compiler identification is GNU 9.4.0
[2.687s] -- The CXX compiler identification is GNU 9.4.0
[2.725s] -- Check for working C compiler: /usr/bin/cc
[2.957s] -- Check for working C compiler: /usr/bin/cc -- works
[2.957s] -- Detecting C compiler ABI info
[3.160s] -- Detecting C compiler ABI info - done
[3.184s] -- Detecting C compile features
[3.185s] -- Detecting C compile features - done
[3.189s] -- Check for working CXX compiler: /usr/bin/c++
[3.419s] -- Check for working CXX compiler: /usr/bin/c++ -- works
[3.421s] -- Detecting CXX compiler ABI info
[3.651s] -- Detecting CXX compiler ABI info - done
[3.675s] -- Detecting CXX compile features
[3.676s] -- Detecting CXX compile features - done
[3.709s] -- Found ament_cmake: 1.3.3 (/home/sln/ros2_humble/install/ament_cmake/share/ament_cmake/cmake)
[6.914s] -- Found Python3: /usr/bin/python3.8 (found version "3.8.10") found components: Interpreter 
[7.856s] -- Found ament_index_cpp: 1.4.0 (/home/sln/ros2_humble/install/ament_index_cpp/share/ament_index_cpp/cmake)
[7.870s] -- Found geometry_msgs: 4.2.2 (/home/sln/ros2_humble/install/geometry_msgs/share/geometry_msgs/cmake)
[8.060s] -- Found rosidl_generator_c: 3.1.4 (/home/sln/ros2_humble/install/rosidl_generator_c/share/rosidl_generator_c/cmake)
[8.094s] -- Found rosidl_adapter: 3.1.4 (/home/sln/ros2_humble/install/rosidl_adapter/share/rosidl_adapter/cmake)
[8.130s] -- Found rosidl_generator_cpp: 3.1.4 (/home/sln/ros2_humble/install/rosidl_generator_cpp/share/rosidl_generator_cpp/cmake)
[8.207s] -- Using all available rosidl_typesupport_c: rosidl_typesupport_introspection_c;rosidl_typesupport_fastrtps_c
[8.302s] -- Using all available rosidl_typesupport_cpp: rosidl_typesupport_introspection_cpp;rosidl_typesupport_fastrtps_cpp
[8.575s] -- Found rclcpp: 16.0.2 (/home/sln/ros2_humble/install/rclcpp/share/rclcpp/cmake)
[8.772s] -- Found rmw_implementation_cmake: 6.1.1 (/home/sln/ros2_humble/install/rmw_implementation_cmake/share/rmw_implementation_cmake/cmake)
[8.811s] -- Found rmw_fastrtps_cpp: 6.2.2 (/home/sln/ros2_humble/install/rmw_fastrtps_cpp/share/rmw_fastrtps_cpp/cmake)
[9.201s] -- Found OpenSSL: /usr/lib/x86_64-linux-gnu/libcrypto.so (found version "1.1.1f")  
[9.312s] -- Found FastRTPS: /home/sln/ros2_humble/install/fastrtps/include  
[9.485s] -- Using RMW implementation 'rmw_fastrtps_cpp' as default
[9.546s] -- Looking for pthread.h
[9.693s] -- Looking for pthread.h - found
[9.693s] -- Performing Test CMAKE_HAVE_LIBC_PTHREAD
[9.846s] -- Performing Test CMAKE_HAVE_LIBC_PTHREAD - Failed
[9.846s] -- Looking for pthread_create in pthreads
[9.999s] -- Looking for pthread_create in pthreads - not found
[10.000s] -- Looking for pthread_create in pthread
[10.164s] -- Looking for pthread_create in pthread - found
[10.165s] -- Found Threads: TRUE  
[10.431s] -- Found rclcpp_action: 16.0.2 (/home/sln/ros2_humble/install/rclcpp_action/share/rclcpp_action/cmake)
[10.619s] -- Found rosidl_default_generators: 1.2.0 (/home/sln/ros2_humble/install/rosidl_default_generators/share/rosidl_default_generators/cmake)
[10.768s] -- Found std_srvs: 4.2.2 (/home/sln/ros2_humble/install/std_srvs/share/std_srvs/cmake)
[15.875s] -- Found ament_cmake_ros: 0.10.0 (/home/sln/ros2_humble/install/ament_cmake_ros/share/ament_cmake_ros/cmake)
[25.759s] -- Using all available rosidl_typesupport_c: rosidl_typesupport_introspection_c;rosidl_typesupport_fastrtps_c
[29.774s] -- Using all available rosidl_typesupport_cpp: rosidl_typesupport_introspection_cpp;rosidl_typesupport_fastrtps_cpp
[30.384s] -- Found PythonInterp: /usr/bin/python3 (found suitable version "3.8.10", minimum required is "3.6") 
[30.406s] -- Found python_cmake_module: 0.10.0 (/home/sln/ros2_humble/install/python_cmake_module/share/python_cmake_module/cmake)
[30.978s] -- Found PythonLibs: /usr/lib/x86_64-linux-gnu/libpython3.8.so (found suitable version "3.8.10", minimum required is "3.5") 
[30.978s] -- Using PYTHON_EXECUTABLE: /usr/bin/python3
[30.978s] -- Using PYTHON_INCLUDE_DIRS: /usr/include/python3.8
[30.978s] -- Using PYTHON_LIBRARIES: /usr/lib/x86_64-linux-gnu/libpython3.8.so
[31.481s] -- Found PythonExtra: .so  
[32.812s] -- Configuring done
[32.937s] -- Generating done
[32.941s] -- Build files have been written to: /home/sln/beginner_tutorials/build/turtlesim
[32.953s] Invoked command in '/home/sln/beginner_tutorials/build/turtlesim' returned '0': CMAKE_PREFIX_PATH=${CMAKE_PREFIX_PATH}:/home/sln/ros2_humble/install/rqt_bag_plugins:/home/sln/ros2_humble/install/rqt_bag:/home/sln/ros2_humble/install/ros2bag:/home/sln/ros2_humble/install/tracetools_test:/home/sln/ros2_humble/install/tracetools_launch:/home/sln/ros2_humble/install/topic_monitor:/home/sln/ros2_humble/install/tf2_tools:/home/sln/ros2_humble/install/examples_tf2_py:/home/sln/ros2_humble/install/tf2_ros_py:/home/sln/ros2_humble/install/sros2:/home/sln/ros2_humble/install/rqt_topic:/home/sln/ros2_humble/install/rqt_srv:/home/sln/ros2_humble/install/rqt_shell:/home/sln/ros2_humble/install/rqt_service_caller:/home/sln/ros2_humble/install/rqt_reconfigure:/home/sln/ros2_humble/install/rqt_py_console:/home/sln/ros2_humble/install/rqt_publisher:/home/sln/ros2_humble/install/rqt_plot:/home/sln/ros2_humble/install/rqt_action:/home/sln/ros2_humble/install/rqt_msg:/home/sln/ros2_humble/install/rqt_console:/home/sln/ros2_humble/install/rqt:/home/sln/ros2_humble/install/rqt_graph:/home/sln/ros2_humble/install/rqt_gui_py:/home/sln/ros2_humble/install/rqt_gui:/home/sln/ros2_humble/install/ros2trace:/home/sln/ros2_humble/install/ros2topic:/home/sln/ros2_humble/install/ros2test:/home/sln/ros2_humble/install/ros2component:/home/sln/ros2_humble/install/ros2param:/home/sln/ros2_humble/install/ros2lifecycle:/home/sln/ros2_humble/install/ros2service:/home/sln/ros2_humble/install/ros2run:/home/sln/ros2_humble/install/ros2launch:/home/sln/ros2_humble/install/ros2pkg:/home/sln/ros2_humble/install/ros2node:/home/sln/ros2_humble/install/ros2multicast:/home/sln/ros2_humble/install/ros2interface:/home/sln/ros2_humble/install/ros2doctor:/home/sln/ros2_humble/install/ros2action:/home/sln/ros2_humble/install/ros2cli:/home/sln/ros2_humble/install/quality_of_service_demo_py:/home/sln/ros2_humble/install/lifecycle_py:/home/sln/ros2_humble/install/launch_testing_ros:/home/sln/ros2_humble/install/launch_ros:/home/sln/ros2_humble/install/examples_rclpy_pointcloud_publisher:/home/sln/ros2_humble/install/examples_rclpy_minimal_subscriber:/home/sln/ros2_humble/install/examples_rclpy_minimal_service:/home/sln/ros2_humble/install/examples_rclpy_minimal_publisher:/home/sln/ros2_humble/install/examples_rclpy_minimal_client:/home/sln/ros2_humble/install/examples_rclpy_minimal_action_server:/home/sln/ros2_humble/install/examples_rclpy_minimal_action_client:/home/sln/ros2_humble/install/examples_rclpy_guard_conditions:/home/sln/ros2_humble/install/examples_rclpy_executors:/home/sln/ros2_humble/install/demo_nodes_py:/home/sln/ros2_humble/install/action_tutorials_py:/home/sln/ros2_humble/install/ament_uncrustify:/home/sln/ros2_humble/install/tracetools_trace:/home/sln/ros2_humble/install/tracetools_read:/home/sln/ros2_humble/install/test_tracetools_launch:/home/sln/ros2_humble/install/test_launch_ros:/home/sln/ros2_humble/install/sensor_msgs_py:/home/sln/ros2_humble/install/rpyutils:/home/sln/ros2_humble/install/rosidl_runtime_py:/home/sln/ros2_humble/install/rosidl_cli:/home/sln/ros2_humble/install/launch_pytest:/home/sln/ros2_humble/install/launch_testing:/home/sln/ros2_humble/install/launch_yaml:/home/sln/ros2_humble/install/launch_xml:/home/sln/ros2_humble/install/launch:/home/sln/ros2_humble/install/osrf_pycommon:/home/sln/ros2_humble/install/launch_testing_examples:/home/sln/ros2_humble/install/domain_coordinator:/home/sln/ros2_humble/install/ament_xmllint:/home/sln/ros2_humble/install/ament_pyflakes:/home/sln/ros2_humble/install/ament_pycodestyle:/home/sln/ros2_humble/install/ament_pep257:/home/sln/ros2_humble/install/ament_pclint:/home/sln/ros2_humble/install/ament_package:/home/sln/ros2_humble/install/ament_mypy:/home/sln/ros2_humble/install/ament_lint_cmake:/home/sln/ros2_humble/install/ament_flake8:/home/sln/ros2_humble/install/ament_copyright:/home/sln/ros2_humble/install/ament_lint:/home/sln/ros2_humble/install/ament_index_python:/home/sln/ros2_humble/install/ament_cpplint:/home/sln/ros2_humble/install/ament_cppcheck:/home/sln/ros2_humble/install/ament_clang_tidy:/home/sln/ros2_humble/install/ament_clang_format /usr/bin/cmake /home/sln/beginner_tutorials/src/ros_tutorials/turtlesim -DCMAKE_INSTALL_PREFIX=/home/sln/beginner_tutorials/install/turtlesim
[32.955s] Invoking command in '/home/sln/beginner_tutorials/build/turtlesim': CMAKE_PREFIX_PATH=${CMAKE_PREFIX_PATH}:/home/sln/ros2_humble/install/rqt_bag_plugins:/home/sln/ros2_humble/install/rqt_bag:/home/sln/ros2_humble/install/ros2bag:/home/sln/ros2_humble/install/tracetools_test:/home/sln/ros2_humble/install/tracetools_launch:/home/sln/ros2_humble/install/topic_monitor:/home/sln/ros2_humble/install/tf2_tools:/home/sln/ros2_humble/install/examples_tf2_py:/home/sln/ros2_humble/install/tf2_ros_py:/home/sln/ros2_humble/install/sros2:/home/sln/ros2_humble/install/rqt_topic:/home/sln/ros2_humble/install/rqt_srv:/home/sln/ros2_humble/install/rqt_shell:/home/sln/ros2_humble/install/rqt_service_caller:/home/sln/ros2_humble/install/rqt_reconfigure:/home/sln/ros2_humble/install/rqt_py_console:/home/sln/ros2_humble/install/rqt_publisher:/home/sln/ros2_humble/install/rqt_plot:/home/sln/ros2_humble/install/rqt_action:/home/sln/ros2_humble/install/rqt_msg:/home/sln/ros2_humble/install/rqt_console:/home/sln/ros2_humble/install/rqt:/home/sln/ros2_humble/install/rqt_graph:/home/sln/ros2_humble/install/rqt_gui_py:/home/sln/ros2_humble/install/rqt_gui:/home/sln/ros2_humble/install/ros2trace:/home/sln/ros2_humble/install/ros2topic:/home/sln/ros2_humble/install/ros2test:/home/sln/ros2_humble/install/ros2component:/home/sln/ros2_humble/install/ros2param:/home/sln/ros2_humble/install/ros2lifecycle:/home/sln/ros2_humble/install/ros2service:/home/sln/ros2_humble/install/ros2run:/home/sln/ros2_humble/install/ros2launch:/home/sln/ros2_humble/install/ros2pkg:/home/sln/ros2_humble/install/ros2node:/home/sln/ros2_humble/install/ros2multicast:/home/sln/ros2_humble/install/ros2interface:/home/sln/ros2_humble/install/ros2doctor:/home/sln/ros2_humble/install/ros2action:/home/sln/ros2_humble/install/ros2cli:/home/sln/ros2_humble/install/quality_of_service_demo_py:/home/sln/ros2_humble/install/lifecycle_py:/home/sln/ros2_humble/install/launch_testing_ros:/home/sln/ros2_humble/install/launch_ros:/home/sln/ros2_humble/install/examples_rclpy_pointcloud_publisher:/home/sln/ros2_humble/install/examples_rclpy_minimal_subscriber:/home/sln/ros2_humble/install/examples_rclpy_minimal_service:/home/sln/ros2_humble/install/examples_rclpy_minimal_publisher:/home/sln/ros2_humble/install/examples_rclpy_minimal_client:/home/sln/ros2_humble/install/examples_rclpy_minimal_action_server:/home/sln/ros2_humble/install/examples_rclpy_minimal_action_client:/home/sln/ros2_humble/install/examples_rclpy_guard_conditions:/home/sln/ros2_humble/install/examples_rclpy_executors:/home/sln/ros2_humble/install/demo_nodes_py:/home/sln/ros2_humble/install/action_tutorials_py:/home/sln/ros2_humble/install/ament_uncrustify:/home/sln/ros2_humble/install/tracetools_trace:/home/sln/ros2_humble/install/tracetools_read:/home/sln/ros2_humble/install/test_tracetools_launch:/home/sln/ros2_humble/install/test_launch_ros:/home/sln/ros2_humble/install/sensor_msgs_py:/home/sln/ros2_humble/install/rpyutils:/home/sln/ros2_humble/install/rosidl_runtime_py:/home/sln/ros2_humble/install/rosidl_cli:/home/sln/ros2_humble/install/launch_pytest:/home/sln/ros2_humble/install/launch_testing:/home/sln/ros2_humble/install/launch_yaml:/home/sln/ros2_humble/install/launch_xml:/home/sln/ros2_humble/install/launch:/home/sln/ros2_humble/install/osrf_pycommon:/home/sln/ros2_humble/install/launch_testing_examples:/home/sln/ros2_humble/install/domain_coordinator:/home/sln/ros2_humble/install/ament_xmllint:/home/sln/ros2_humble/install/ament_pyflakes:/home/sln/ros2_humble/install/ament_pycodestyle:/home/sln/ros2_humble/install/ament_pep257:/home/sln/ros2_humble/install/ament_pclint:/home/sln/ros2_humble/install/ament_package:/home/sln/ros2_humble/install/ament_mypy:/home/sln/ros2_humble/install/ament_lint_cmake:/home/sln/ros2_humble/install/ament_flake8:/home/sln/ros2_humble/install/ament_copyright:/home/sln/ros2_humble/install/ament_lint:/home/sln/ros2_humble/install/ament_index_python:/home/sln/ros2_humble/install/ament_cpplint:/home/sln/ros2_humble/install/ament_cppcheck:/home/sln/ros2_humble/install/ament_clang_tidy:/home/sln/ros2_humble/install/ament_clang_format /usr/bin/cmake --build /home/sln/beginner_tutorials/build/turtlesim -- -j8 -l8
[33.069s] [35m[1mScanning dependencies of target turtlesim__cpp[0m
[33.069s] [  1%] [34m[1mGenerating C code for ROS interfaces[0m
[33.070s] [35m[1mScanning dependencies of target ament_cmake_python_copy_turtlesim[0m
[33.100s] [  2%] [34m[1mGenerating C++ code for ROS interfaces[0m
[33.123s] [  2%] Built target ament_cmake_python_copy_turtlesim
[33.154s] [35m[1mScanning dependencies of target ament_cmake_python_build_turtlesim_egg[0m
[34.008s] running egg_info
[34.008s] creating turtlesim.egg-info
[34.009s] writing turtlesim.egg-info/PKG-INFO
[34.009s] writing dependency_links to turtlesim.egg-info/dependency_links.txt
[34.009s] writing top-level names to turtlesim.egg-info/top_level.txt
[34.009s] writing manifest file 'turtlesim.egg-info/SOURCES.txt'
[34.057s] reading manifest file 'turtlesim.egg-info/SOURCES.txt'
[34.058s] writing manifest file 'turtlesim.egg-info/SOURCES.txt'
[34.100s] [  2%] Built target ament_cmake_python_build_turtlesim_egg
[34.769s] [  2%] Built target turtlesim__cpp
[34.785s] [35m[1mScanning dependencies of target turtlesim__rosidl_generator_c[0m
[34.800s] [  3%] [34m[1mGenerating C++ introspection for ROS interfaces[0m
[34.804s] [  4%] [34m[1mGenerating C++ type support dispatch for ROS interfaces[0m
[34.808s] [  5%] [34m[1mGenerating C++ type support for eProsima Fast-RTPS[0m
[34.852s] [  6%] [32mBuilding C object CMakeFiles/turtlesim__rosidl_generator_c.dir/rosidl_generator_c/turtlesim/msg/detail/pose__functions.c.o[0m
[34.854s] [  7%] [32mBuilding C object CMakeFiles/turtlesim__rosidl_generator_c.dir/rosidl_generator_c/turtlesim/action/detail/rotate_absolute__functions.c.o[0m
[34.861s] [  8%] [32mBuilding C object CMakeFiles/turtlesim__rosidl_generator_c.dir/rosidl_generator_c/turtlesim/srv/detail/set_pen__functions.c.o[0m
[34.865s] [  9%] [32mBuilding C object CMakeFiles/turtlesim__rosidl_generator_c.dir/rosidl_generator_c/turtlesim/srv/detail/kill__functions.c.o[0m
[34.890s] [ 10%] [32mBuilding C object CMakeFiles/turtlesim__rosidl_generator_c.dir/rosidl_generator_c/turtlesim/msg/detail/color__functions.c.o[0m
[35.043s] [ 11%] [32mBuilding C object CMakeFiles/turtlesim__rosidl_generator_c.dir/rosidl_generator_c/turtlesim/srv/detail/teleport_absolute__functions.c.o[0m
[35.054s] [ 12%] [32mBuilding C object CMakeFiles/turtlesim__rosidl_generator_c.dir/rosidl_generator_c/turtlesim/srv/detail/spawn__functions.c.o[0m
[35.059s] [ 13%] [32mBuilding C object CMakeFiles/turtlesim__rosidl_generator_c.dir/rosidl_generator_c/turtlesim/srv/detail/teleport_relative__functions.c.o[0m
[35.184s] [ 14%] [32m[1mLinking C shared library libturtlesim__rosidl_generator_c.so[0m
[35.271s] [ 14%] Built target turtlesim__rosidl_generator_c
[35.313s] [ 15%] [34m[1mGenerating C introspection for ROS interfaces[0m
[35.315s] [ 17%] [34m[1mGenerating C type support dispatch for ROS interfaces[0m
[35.315s] [ 17%] [34m[1mGenerating C type support for eProsima Fast-RTPS[0m
[36.274s] [35m[1mScanning dependencies of target turtlesim__rosidl_typesupport_cpp[0m
[36.350s] [ 18%] [32mBuilding CXX object CMakeFiles/turtlesim__rosidl_typesupport_cpp.dir/rosidl_typesupport_cpp/turtlesim/msg/pose__type_support.cpp.o[0m
[36.358s] [ 19%] [32mBuilding CXX object CMakeFiles/turtlesim__rosidl_typesupport_cpp.dir/rosidl_typesupport_cpp/turtlesim/action/rotate_absolute__type_support.cpp.o[0m
[36.370s] [ 20%] [32mBuilding CXX object CMakeFiles/turtlesim__rosidl_typesupport_cpp.dir/rosidl_typesupport_cpp/turtlesim/msg/color__type_support.cpp.o[0m
[36.924s] [ 21%] [32mBuilding CXX object CMakeFiles/turtlesim__rosidl_typesupport_cpp.dir/rosidl_typesupport_cpp/turtlesim/srv/kill__type_support.cpp.o[0m
[36.939s] [ 22%] [32mBuilding CXX object CMakeFiles/turtlesim__rosidl_typesupport_cpp.dir/rosidl_typesupport_cpp/turtlesim/srv/set_pen__type_support.cpp.o[0m
[37.347s] [ 23%] [32mBuilding CXX object CMakeFiles/turtlesim__rosidl_typesupport_cpp.dir/rosidl_typesupport_cpp/turtlesim/srv/spawn__type_support.cpp.o[0m
[37.437s] [35m[1mScanning dependencies of target turtlesim__rosidl_typesupport_fastrtps_cpp[0m
[37.556s] [ 24%] [32mBuilding CXX object CMakeFiles/turtlesim__rosidl_typesupport_fastrtps_cpp.dir/rosidl_typesupport_fastrtps_cpp/turtlesim/action/detail/dds_fastrtps/rotate_absolute__type_support.cpp.o[0m
[37.562s] [ 25%] [32mBuilding CXX object CMakeFiles/turtlesim__rosidl_typesupport_cpp.dir/rosidl_typesupport_cpp/turtlesim/srv/teleport_absolute__type_support.cpp.o[0m
[37.602s] [35m[1mScanning dependencies of target turtlesim__rosidl_typesupport_introspection_cpp[0m
[37.666s] [ 26%] [32mBuilding CXX object CMakeFiles/turtlesim__rosidl_typesupport_cpp.dir/rosidl_typesupport_cpp/turtlesim/srv/teleport_relative__type_support.cpp.o[0m
[37.683s] [ 27%] [32mBuilding CXX object CMakeFiles/turtlesim__rosidl_typesupport_introspection_cpp.dir/rosidl_typesupport_introspection_cpp/turtlesim/action/detail/rotate_absolute__type_support.cpp.o[0m
[37.694s] [35m[1mScanning dependencies of target turtlesim__rosidl_typesupport_c[0m
[37.762s] [ 28%] [32mBuilding CXX object CMakeFiles/turtlesim__rosidl_typesupport_c.dir/rosidl_typesupport_c/turtlesim/action/rotate_absolute__type_support.cpp.o[0m
[37.897s] [ 29%] [32mBuilding CXX object CMakeFiles/turtlesim__rosidl_typesupport_c.dir/rosidl_typesupport_c/turtlesim/msg/color__type_support.cpp.o[0m
[37.991s] [ 30%] [32mBuilding CXX object CMakeFiles/turtlesim__rosidl_typesupport_c.dir/rosidl_typesupport_c/turtlesim/msg/pose__type_support.cpp.o[0m
[37.997s] [ 31%] [32mBuilding CXX object CMakeFiles/turtlesim__rosidl_typesupport_c.dir/rosidl_typesupport_c/turtlesim/srv/kill__type_support.cpp.o[0m
[38.095s] [ 32%] [32mBuilding CXX object CMakeFiles/turtlesim__rosidl_typesupport_c.dir/rosidl_typesupport_c/turtlesim/srv/set_pen__type_support.cpp.o[0m
[38.161s] [ 33%] [32mBuilding CXX object CMakeFiles/turtlesim__rosidl_typesupport_c.dir/rosidl_typesupport_c/turtlesim/srv/spawn__type_support.cpp.o[0m
[38.162s] [35m[1mScanning dependencies of target turtlesim__rosidl_typesupport_introspection_c[0m
[38.175s] [ 34%] [32mBuilding CXX object CMakeFiles/turtlesim__rosidl_typesupport_fastrtps_cpp.dir/rosidl_typesupport_fastrtps_cpp/turtlesim/msg/detail/dds_fastrtps/color__type_support.cpp.o[0m
[38.194s] [ 35%] [32mBuilding CXX object CMakeFiles/turtlesim__rosidl_typesupport_fastrtps_cpp.dir/rosidl_typesupport_fastrtps_cpp/turtlesim/msg/detail/dds_fastrtps/pose__type_support.cpp.o[0m
[38.230s] [ 36%] [32mBuilding C object CMakeFiles/turtlesim__rosidl_typesupport_introspection_c.dir/rosidl_typesupport_introspection_c/turtlesim/action/detail/rotate_absolute__type_support.c.o[0m
[38.266s] [ 37%] [32m[1mLinking CXX shared library libturtlesim__rosidl_typesupport_cpp.so[0m
[38.272s] [ 38%] [32mBuilding CXX object CMakeFiles/turtlesim__rosidl_typesupport_c.dir/rosidl_typesupport_c/turtlesim/srv/teleport_absolute__type_support.cpp.o[0m
[38.308s] [35m[1mScanning dependencies of target turtlesim__rosidl_typesupport_fastrtps_c[0m
[38.369s] [ 39%] [32mBuilding C object CMakeFiles/turtlesim__rosidl_typesupport_introspection_c.dir/rosidl_typesupport_introspection_c/turtlesim/msg/detail/color__type_support.c.o[0m
[38.405s] [ 40%] [32mBuilding CXX object CMakeFiles/turtlesim__rosidl_typesupport_fastrtps_c.dir/rosidl_typesupport_fastrtps_c/turtlesim/action/detail/rotate_absolute__type_support_c.cpp.o[0m
[38.421s] [ 41%] [32mBuilding CXX object CMakeFiles/turtlesim__rosidl_typesupport_c.dir/rosidl_typesupport_c/turtlesim/srv/teleport_relative__type_support.cpp.o[0m
[38.443s] [ 41%] Built target turtlesim__rosidl_typesupport_cpp
[38.494s] [ 42%] [32mBuilding CXX object CMakeFiles/turtlesim__rosidl_typesupport_fastrtps_c.dir/rosidl_typesupport_fastrtps_c/turtlesim/msg/detail/color__type_support_c.cpp.o[0m
[38.534s] [ 43%] [32m[1mLinking CXX shared library libturtlesim__rosidl_typesupport_c.so[0m
[38.577s] [ 44%] [32mBuilding C object CMakeFiles/turtlesim__rosidl_typesupport_introspection_c.dir/rosidl_typesupport_introspection_c/turtlesim/msg/detail/pose__type_support.c.o[0m
[38.708s] [ 45%] [32mBuilding C object CMakeFiles/turtlesim__rosidl_typesupport_introspection_c.dir/rosidl_typesupport_introspection_c/turtlesim/srv/detail/kill__type_support.c.o[0m
[38.766s] [ 45%] Built target turtlesim__rosidl_typesupport_c
[38.782s] [ 46%] [32mBuilding CXX object CMakeFiles/turtlesim__rosidl_typesupport_fastrtps_cpp.dir/rosidl_typesupport_fastrtps_cpp/turtlesim/srv/detail/dds_fastrtps/kill__type_support.cpp.o[0m
[38.804s] [ 47%] [32mBuilding CXX object CMakeFiles/turtlesim__rosidl_typesupport_fastrtps_cpp.dir/rosidl_typesupport_fastrtps_cpp/turtlesim/srv/detail/dds_fastrtps/set_pen__type_support.cpp.o[0m
[38.822s] [ 48%] [32mBuilding C object CMakeFiles/turtlesim__rosidl_typesupport_introspection_c.dir/rosidl_typesupport_introspection_c/turtlesim/srv/detail/set_pen__type_support.c.o[0m
[38.930s] [ 49%] [32mBuilding C object CMakeFiles/turtlesim__rosidl_typesupport_introspection_c.dir/rosidl_typesupport_introspection_c/turtlesim/srv/detail/spawn__type_support.c.o[0m
[38.953s] [ 50%] [32mBuilding CXX object CMakeFiles/turtlesim__rosidl_typesupport_introspection_cpp.dir/rosidl_typesupport_introspection_cpp/turtlesim/msg/detail/color__type_support.cpp.o[0m
[39.038s] [ 51%] [32mBuilding C object CMakeFiles/turtlesim__rosidl_typesupport_introspection_c.dir/rosidl_typesupport_introspection_c/turtlesim/srv/detail/teleport_absolute__type_support.c.o[0m
[39.048s] [ 52%] [32mBuilding CXX object CMakeFiles/turtlesim__rosidl_typesupport_fastrtps_cpp.dir/rosidl_typesupport_fastrtps_cpp/turtlesim/srv/detail/dds_fastrtps/spawn__type_support.cpp.o[0m
[39.146s] [ 53%] [32mBuilding C object CMakeFiles/turtlesim__rosidl_typesupport_introspection_c.dir/rosidl_typesupport_introspection_c/turtlesim/srv/detail/teleport_relative__type_support.c.o[0m
[39.162s] [35m[1mScanning dependencies of target draw_square[0m
[39.232s] [ 54%] [32mBuilding CXX object CMakeFiles/turtlesim__rosidl_typesupport_fastrtps_c.dir/rosidl_typesupport_fastrtps_c/turtlesim/msg/detail/pose__type_support_c.cpp.o[0m
[39.263s] [ 55%] [32m[1mLinking C shared library libturtlesim__rosidl_typesupport_introspection_c.so[0m
[39.274s] [ 56%] [32mBuilding CXX object CMakeFiles/turtlesim__rosidl_typesupport_fastrtps_c.dir/rosidl_typesupport_fastrtps_c/turtlesim/srv/detail/kill__type_support_c.cpp.o[0m
[39.333s] [ 57%] [32mBuilding CXX object CMakeFiles/draw_square.dir/tutorials/draw_square.cpp.o[0m
[39.376s] [ 57%] Built target turtlesim__rosidl_typesupport_introspection_c
[39.425s] [35m[1mScanning dependencies of target turtle_teleop_key[0m
[39.605s] [ 58%] [32mBuilding CXX object CMakeFiles/turtle_teleop_key.dir/tutorials/teleop_turtle_key.cpp.o[0m
[39.611s] [ 59%] [32mBuilding CXX object CMakeFiles/turtlesim__rosidl_typesupport_fastrtps_cpp.dir/rosidl_typesupport_fastrtps_cpp/turtlesim/srv/detail/dds_fastrtps/teleport_absolute__type_support.cpp.o[0m
[39.633s] [ 60%] [32mBuilding CXX object CMakeFiles/turtlesim__rosidl_typesupport_fastrtps_cpp.dir/rosidl_typesupport_fastrtps_cpp/turtlesim/srv/detail/dds_fastrtps/teleport_relative__type_support.cpp.o[0m
[39.787s] [ 61%] [32mBuilding CXX object CMakeFiles/turtlesim__rosidl_typesupport_introspection_cpp.dir/rosidl_typesupport_introspection_cpp/turtlesim/msg/detail/pose__type_support.cpp.o[0m
[39.870s] [ 62%] [32mBuilding CXX object CMakeFiles/turtlesim__rosidl_typesupport_introspection_cpp.dir/rosidl_typesupport_introspection_cpp/turtlesim/srv/detail/kill__type_support.cpp.o[0m
[39.937s] [ 63%] [32mBuilding CXX object CMakeFiles/turtlesim__rosidl_typesupport_fastrtps_c.dir/rosidl_typesupport_fastrtps_c/turtlesim/srv/detail/set_pen__type_support_c.cpp.o[0m
[40.027s] [ 64%] [32mBuilding CXX object CMakeFiles/turtlesim__rosidl_typesupport_fastrtps_c.dir/rosidl_typesupport_fastrtps_c/turtlesim/srv/detail/spawn__type_support_c.cpp.o[0m
[40.431s] [ 65%] [32mBuilding CXX object CMakeFiles/turtlesim__rosidl_typesupport_fastrtps_c.dir/rosidl_typesupport_fastrtps_c/turtlesim/srv/detail/teleport_absolute__type_support_c.cpp.o[0m
[40.474s] [ 66%] [32m[1mLinking CXX shared library libturtlesim__rosidl_typesupport_fastrtps_cpp.so[0m
[40.578s] [ 67%] [32mBuilding CXX object CMakeFiles/turtlesim__rosidl_typesupport_introspection_cpp.dir/rosidl_typesupport_introspection_cpp/turtlesim/srv/detail/set_pen__type_support.cpp.o[0m
[40.663s] [ 67%] Built target turtlesim__rosidl_typesupport_fastrtps_cpp
[40.673s] [ 68%] [32mBuilding CXX object CMakeFiles/turtlesim__rosidl_typesupport_fastrtps_c.dir/rosidl_typesupport_fastrtps_c/turtlesim/srv/detail/teleport_relative__type_support_c.cpp.o[0m
[40.695s] [ 69%] [32mBuilding CXX object CMakeFiles/turtlesim__rosidl_typesupport_introspection_cpp.dir/rosidl_typesupport_introspection_cpp/turtlesim/srv/detail/spawn__type_support.cpp.o[0m
[40.708s] [ 70%] [34m[1mGenerating include/turtlesim/moc_turtle_frame.cpp[0m
[40.769s] [ 71%] [32mBuilding CXX object CMakeFiles/turtlesim__rosidl_typesupport_introspection_cpp.dir/rosidl_typesupport_introspection_cpp/turtlesim/srv/detail/teleport_absolute__type_support.cpp.o[0m
[40.874s] [35m[1mScanning dependencies of target turtlesim_node[0m
[41.156s] [ 72%] [32mBuilding CXX object CMakeFiles/turtlesim__rosidl_typesupport_introspection_cpp.dir/rosidl_typesupport_introspection_cpp/turtlesim/srv/detail/teleport_relative__type_support.cpp.o[0m
[41.156s] [ 73%] [32mBuilding CXX object CMakeFiles/turtlesim_node.dir/src/turtlesim.cpp.o[0m
[41.366s] [ 74%] [32mBuilding CXX object CMakeFiles/turtlesim_node.dir/src/turtle.cpp.o[0m
[41.383s] [ 75%] [32m[1mLinking CXX shared library libturtlesim__rosidl_typesupport_fastrtps_c.so[0m
[41.507s] [ 76%] [32mBuilding CXX object CMakeFiles/turtlesim_node.dir/src/turtle_frame.cpp.o[0m
[41.574s] [ 76%] Built target turtlesim__rosidl_typesupport_fastrtps_c
[41.617s] [35m[1mScanning dependencies of target mimic[0m
[41.663s] [ 77%] [32mBuilding CXX object CMakeFiles/turtlesim_node.dir/include/turtlesim/moc_turtle_frame.cpp.o[0m
[41.757s] [ 78%] [32mBuilding CXX object CMakeFiles/mimic.dir/tutorials/mimic.cpp.o[0m
[41.983s] [ 79%] [32m[1mLinking CXX shared library libturtlesim__rosidl_typesupport_introspection_cpp.so[0m
[42.187s] [ 79%] Built target turtlesim__rosidl_typesupport_introspection_cpp
[42.232s] [35m[1mScanning dependencies of target turtlesim[0m
[42.277s] [ 79%] Built target turtlesim
[42.320s] [35m[1mScanning dependencies of target turtlesim__py[0m
[42.369s] [ 80%] [34m[1mGenerating Python code for ROS interfaces[0m
[47.198s] [ 80%] Built target turtlesim__py
[47.243s] [35m[1mScanning dependencies of target turtlesim__rosidl_generator_py[0m
[47.382s] [ 81%] [32mBuilding C object CMakeFiles/turtlesim__rosidl_generator_py.dir/rosidl_generator_py/turtlesim/action/_rotate_absolute_s.c.o[0m
[47.688s] [ 82%] [32mBuilding C object CMakeFiles/turtlesim__rosidl_generator_py.dir/rosidl_generator_py/turtlesim/msg/_color_s.c.o[0m
[47.894s] [ 83%] [32mBuilding C object CMakeFiles/turtlesim__rosidl_generator_py.dir/rosidl_generator_py/turtlesim/msg/_pose_s.c.o[0m
[48.096s] [ 84%] [32mBuilding C object CMakeFiles/turtlesim__rosidl_generator_py.dir/rosidl_generator_py/turtlesim/srv/_kill_s.c.o[0m
[48.297s] [ 85%] [32mBuilding C object CMakeFiles/turtlesim__rosidl_generator_py.dir/rosidl_generator_py/turtlesim/srv/_set_pen_s.c.o[0m
[48.517s] [ 86%] [32mBuilding C object CMakeFiles/turtlesim__rosidl_generator_py.dir/rosidl_generator_py/turtlesim/srv/_spawn_s.c.o[0m
[48.660s] [ 87%] [32mBuilding C object CMakeFiles/turtlesim__rosidl_generator_py.dir/rosidl_generator_py/turtlesim/srv/_teleport_absolute_s.c.o[0m
[48.745s] [ 88%] [32mBuilding C object CMakeFiles/turtlesim__rosidl_generator_py.dir/rosidl_generator_py/turtlesim/srv/_teleport_relative_s.c.o[0m
[48.963s] [ 89%] [32m[1mLinking C shared library rosidl_generator_py/turtlesim/libturtlesim__rosidl_generator_py.so[0m
[49.095s] [ 89%] Built target turtlesim__rosidl_generator_py
[49.140s] [35m[1mScanning dependencies of target turtlesim__rosidl_typesupport_fastrtps_c__pyext[0m
[49.141s] [35m[1mScanning dependencies of target turtlesim__rosidl_typesupport_introspection_c__pyext[0m
[49.216s] [ 90%] [32mBuilding C object CMakeFiles/turtlesim__rosidl_typesupport_fastrtps_c__pyext.dir/rosidl_generator_py/turtlesim/_turtlesim_s.ep.rosidl_typesupport_fastrtps_c.c.o[0m
[49.218s] [ 91%] [32mBuilding C object CMakeFiles/turtlesim__rosidl_typesupport_introspection_c__pyext.dir/rosidl_generator_py/turtlesim/_turtlesim_s.ep.rosidl_typesupport_introspection_c.c.o[0m
[49.369s] [35m[1mScanning dependencies of target turtlesim__rosidl_typesupport_c__pyext[0m
[49.443s] [ 92%] [32mBuilding C object CMakeFiles/turtlesim__rosidl_typesupport_c__pyext.dir/rosidl_generator_py/turtlesim/_turtlesim_s.ep.rosidl_typesupport_c.c.o[0m
[49.554s] [ 93%] [32m[1mLinking C shared library rosidl_generator_py/turtlesim/turtlesim_s__rosidl_typesupport_fastrtps_c.cpython-38-x86_64-linux-gnu.so[0m
[49.585s] [ 94%] [32m[1mLinking C shared library rosidl_generator_py/turtlesim/turtlesim_s__rosidl_typesupport_introspection_c.cpython-38-x86_64-linux-gnu.so[0m
[49.691s] [ 94%] Built target turtlesim__rosidl_typesupport_fastrtps_c__pyext
[49.719s] [ 94%] Built target turtlesim__rosidl_typesupport_introspection_c__pyext
[49.782s] [ 95%] [32m[1mLinking C shared library rosidl_generator_py/turtlesim/turtlesim_s__rosidl_typesupport_c.cpython-38-x86_64-linux-gnu.so[0m
[49.876s] [ 95%] Built target turtlesim__rosidl_typesupport_c__pyext
[50.177s] [ 96%] [32m[1mLinking CXX executable turtle_teleop_key[0m
[50.573s] [ 96%] Built target turtle_teleop_key
[53.966s] [ 97%] [32m[1mLinking CXX executable draw_square[0m
[54.381s] [ 98%] [32m[1mLinking CXX executable mimic[0m
[54.649s] [ 98%] Built target draw_square
[55.002s] [ 98%] Built target mimic
[58.294s] [100%] [32m[1mLinking CXX executable turtlesim_node[0m
[60.386s] [100%] Built target turtlesim_node
[60.412s] Invoked command in '/home/sln/beginner_tutorials/build/turtlesim' returned '0': CMAKE_PREFIX_PATH=${CMAKE_PREFIX_PATH}:/home/sln/ros2_humble/install/rqt_bag_plugins:/home/sln/ros2_humble/install/rqt_bag:/home/sln/ros2_humble/install/ros2bag:/home/sln/ros2_humble/install/tracetools_test:/home/sln/ros2_humble/install/tracetools_launch:/home/sln/ros2_humble/install/topic_monitor:/home/sln/ros2_humble/install/tf2_tools:/home/sln/ros2_humble/install/examples_tf2_py:/home/sln/ros2_humble/install/tf2_ros_py:/home/sln/ros2_humble/install/sros2:/home/sln/ros2_humble/install/rqt_topic:/home/sln/ros2_humble/install/rqt_srv:/home/sln/ros2_humble/install/rqt_shell:/home/sln/ros2_humble/install/rqt_service_caller:/home/sln/ros2_humble/install/rqt_reconfigure:/home/sln/ros2_humble/install/rqt_py_console:/home/sln/ros2_humble/install/rqt_publisher:/home/sln/ros2_humble/install/rqt_plot:/home/sln/ros2_humble/install/rqt_action:/home/sln/ros2_humble/install/rqt_msg:/home/sln/ros2_humble/install/rqt_console:/home/sln/ros2_humble/install/rqt:/home/sln/ros2_humble/install/rqt_graph:/home/sln/ros2_humble/install/rqt_gui_py:/home/sln/ros2_humble/install/rqt_gui:/home/sln/ros2_humble/install/ros2trace:/home/sln/ros2_humble/install/ros2topic:/home/sln/ros2_humble/install/ros2test:/home/sln/ros2_humble/install/ros2component:/home/sln/ros2_humble/install/ros2param:/home/sln/ros2_humble/install/ros2lifecycle:/home/sln/ros2_humble/install/ros2service:/home/sln/ros2_humble/install/ros2run:/home/sln/ros2_humble/install/ros2launch:/home/sln/ros2_humble/install/ros2pkg:/home/sln/ros2_humble/install/ros2node:/home/sln/ros2_humble/install/ros2multicast:/home/sln/ros2_humble/install/ros2interface:/home/sln/ros2_humble/install/ros2doctor:/home/sln/ros2_humble/install/ros2action:/home/sln/ros2_humble/install/ros2cli:/home/sln/ros2_humble/install/quality_of_service_demo_py:/home/sln/ros2_humble/install/lifecycle_py:/home/sln/ros2_humble/install/launch_testing_ros:/home/sln/ros2_humble/install/launch_ros:/home/sln/ros2_humble/install/examples_rclpy_pointcloud_publisher:/home/sln/ros2_humble/install/examples_rclpy_minimal_subscriber:/home/sln/ros2_humble/install/examples_rclpy_minimal_service:/home/sln/ros2_humble/install/examples_rclpy_minimal_publisher:/home/sln/ros2_humble/install/examples_rclpy_minimal_client:/home/sln/ros2_humble/install/examples_rclpy_minimal_action_server:/home/sln/ros2_humble/install/examples_rclpy_minimal_action_client:/home/sln/ros2_humble/install/examples_rclpy_guard_conditions:/home/sln/ros2_humble/install/examples_rclpy_executors:/home/sln/ros2_humble/install/demo_nodes_py:/home/sln/ros2_humble/install/action_tutorials_py:/home/sln/ros2_humble/install/ament_uncrustify:/home/sln/ros2_humble/install/tracetools_trace:/home/sln/ros2_humble/install/tracetools_read:/home/sln/ros2_humble/install/test_tracetools_launch:/home/sln/ros2_humble/install/test_launch_ros:/home/sln/ros2_humble/install/sensor_msgs_py:/home/sln/ros2_humble/install/rpyutils:/home/sln/ros2_humble/install/rosidl_runtime_py:/home/sln/ros2_humble/install/rosidl_cli:/home/sln/ros2_humble/install/launch_pytest:/home/sln/ros2_humble/install/launch_testing:/home/sln/ros2_humble/install/launch_yaml:/home/sln/ros2_humble/install/launch_xml:/home/sln/ros2_humble/install/launch:/home/sln/ros2_humble/install/osrf_pycommon:/home/sln/ros2_humble/install/launch_testing_examples:/home/sln/ros2_humble/install/domain_coordinator:/home/sln/ros2_humble/install/ament_xmllint:/home/sln/ros2_humble/install/ament_pyflakes:/home/sln/ros2_humble/install/ament_pycodestyle:/home/sln/ros2_humble/install/ament_pep257:/home/sln/ros2_humble/install/ament_pclint:/home/sln/ros2_humble/install/ament_package:/home/sln/ros2_humble/install/ament_mypy:/home/sln/ros2_humble/install/ament_lint_cmake:/home/sln/ros2_humble/install/ament_flake8:/home/sln/ros2_humble/install/ament_copyright:/home/sln/ros2_humble/install/ament_lint:/home/sln/ros2_humble/install/ament_index_python:/home/sln/ros2_humble/install/ament_cpplint:/home/sln/ros2_humble/install/ament_cppcheck:/home/sln/ros2_humble/install/ament_clang_tidy:/home/sln/ros2_humble/install/ament_clang_format /usr/bin/cmake --build /home/sln/beginner_tutorials/build/turtlesim -- -j8 -l8
[61.249s] Invoking command in '/home/sln/beginner_tutorials/build/turtlesim': CMAKE_PREFIX_PATH=${CMAKE_PREFIX_PATH}:/home/sln/ros2_humble/install/rqt_bag_plugins:/home/sln/ros2_humble/install/rqt_bag:/home/sln/ros2_humble/install/ros2bag:/home/sln/ros2_humble/install/tracetools_test:/home/sln/ros2_humble/install/tracetools_launch:/home/sln/ros2_humble/install/topic_monitor:/home/sln/ros2_humble/install/tf2_tools:/home/sln/ros2_humble/install/examples_tf2_py:/home/sln/ros2_humble/install/tf2_ros_py:/home/sln/ros2_humble/install/sros2:/home/sln/ros2_humble/install/rqt_topic:/home/sln/ros2_humble/install/rqt_srv:/home/sln/ros2_humble/install/rqt_shell:/home/sln/ros2_humble/install/rqt_service_caller:/home/sln/ros2_humble/install/rqt_reconfigure:/home/sln/ros2_humble/install/rqt_py_console:/home/sln/ros2_humble/install/rqt_publisher:/home/sln/ros2_humble/install/rqt_plot:/home/sln/ros2_humble/install/rqt_action:/home/sln/ros2_humble/install/rqt_msg:/home/sln/ros2_humble/install/rqt_console:/home/sln/ros2_humble/install/rqt:/home/sln/ros2_humble/install/rqt_graph:/home/sln/ros2_humble/install/rqt_gui_py:/home/sln/ros2_humble/install/rqt_gui:/home/sln/ros2_humble/install/ros2trace:/home/sln/ros2_humble/install/ros2topic:/home/sln/ros2_humble/install/ros2test:/home/sln/ros2_humble/install/ros2component:/home/sln/ros2_humble/install/ros2param:/home/sln/ros2_humble/install/ros2lifecycle:/home/sln/ros2_humble/install/ros2service:/home/sln/ros2_humble/install/ros2run:/home/sln/ros2_humble/install/ros2launch:/home/sln/ros2_humble/install/ros2pkg:/home/sln/ros2_humble/install/ros2node:/home/sln/ros2_humble/install/ros2multicast:/home/sln/ros2_humble/install/ros2interface:/home/sln/ros2_humble/install/ros2doctor:/home/sln/ros2_humble/install/ros2action:/home/sln/ros2_humble/install/ros2cli:/home/sln/ros2_humble/install/quality_of_service_demo_py:/home/sln/ros2_humble/install/lifecycle_py:/home/sln/ros2_humble/install/launch_testing_ros:/home/sln/ros2_humble/install/launch_ros:/home/sln/ros2_humble/install/examples_rclpy_pointcloud_publisher:/home/sln/ros2_humble/install/examples_rclpy_minimal_subscriber:/home/sln/ros2_humble/install/examples_rclpy_minimal_service:/home/sln/ros2_humble/install/examples_rclpy_minimal_publisher:/home/sln/ros2_humble/install/examples_rclpy_minimal_client:/home/sln/ros2_humble/install/examples_rclpy_minimal_action_server:/home/sln/ros2_humble/install/examples_rclpy_minimal_action_client:/home/sln/ros2_humble/install/examples_rclpy_guard_conditions:/home/sln/ros2_humble/install/examples_rclpy_executors:/home/sln/ros2_humble/install/demo_nodes_py:/home/sln/ros2_humble/install/action_tutorials_py:/home/sln/ros2_humble/install/ament_uncrustify:/home/sln/ros2_humble/install/tracetools_trace:/home/sln/ros2_humble/install/tracetools_read:/home/sln/ros2_humble/install/test_tracetools_launch:/home/sln/ros2_humble/install/test_launch_ros:/home/sln/ros2_humble/install/sensor_msgs_py:/home/sln/ros2_humble/install/rpyutils:/home/sln/ros2_humble/install/rosidl_runtime_py:/home/sln/ros2_humble/install/rosidl_cli:/home/sln/ros2_humble/install/launch_pytest:/home/sln/ros2_humble/install/launch_testing:/home/sln/ros2_humble/install/launch_yaml:/home/sln/ros2_humble/install/launch_xml:/home/sln/ros2_humble/install/launch:/home/sln/ros2_humble/install/osrf_pycommon:/home/sln/ros2_humble/install/launch_testing_examples:/home/sln/ros2_humble/install/domain_coordinator:/home/sln/ros2_humble/install/ament_xmllint:/home/sln/ros2_humble/install/ament_pyflakes:/home/sln/ros2_humble/install/ament_pycodestyle:/home/sln/ros2_humble/install/ament_pep257:/home/sln/ros2_humble/install/ament_pclint:/home/sln/ros2_humble/install/ament_package:/home/sln/ros2_humble/install/ament_mypy:/home/sln/ros2_humble/install/ament_lint_cmake:/home/sln/ros2_humble/install/ament_flake8:/home/sln/ros2_humble/install/ament_copyright:/home/sln/ros2_humble/install/ament_lint:/home/sln/ros2_humble/install/ament_index_python:/home/sln/ros2_humble/install/ament_cpplint:/home/sln/ros2_humble/install/ament_cppcheck:/home/sln/ros2_humble/install/ament_clang_tidy:/home/sln/ros2_humble/install/ament_clang_format /usr/bin/cmake --install /home/sln/beginner_tutorials/build/turtlesim
[61.271s] -- Install configuration: ""
[61.271s] -- Installing: /home/sln/beginner_tutorials/install/turtlesim/share/ament_index/resource_index/rosidl_interfaces/turtlesim
[61.271s] -- Installing: /home/sln/beginner_tutorials/install/turtlesim/include/turtlesim/turtlesim
[61.272s] -- Installing: /home/sln/beginner_tutorials/install/turtlesim/include/turtlesim/turtlesim/action
[61.272s] -- Installing: /home/sln/beginner_tutorials/install/turtlesim/include/turtlesim/turtlesim/action/detail
[61.272s] -- Installing: /home/sln/beginner_tutorials/install/turtlesim/include/turtlesim/turtlesim/action/detail/rotate_absolute__functions.h
[61.272s] -- Installing: /home/sln/beginner_tutorials/install/turtlesim/include/turtlesim/turtlesim/action/detail/rotate_absolute__struct.h
[61.272s] -- Installing: /home/sln/beginner_tutorials/install/turtlesim/include/turtlesim/turtlesim/action/detail/rotate_absolute__type_support.h
[61.272s] -- Installing: /home/sln/beginner_tutorials/install/turtlesim/include/turtlesim/turtlesim/action/detail/rotate_absolute__functions.c
[61.272s] -- Installing: /home/sln/beginner_tutorials/install/turtlesim/include/turtlesim/turtlesim/action/rotate_absolute.h
[61.272s] -- Installing: /home/sln/beginner_tutorials/install/turtlesim/include/turtlesim/turtlesim/msg
[61.273s] -- Installing: /home/sln/beginner_tutorials/install/turtlesim/include/turtlesim/turtlesim/msg/detail
[61.273s] -- Installing: /home/sln/beginner_tutorials/install/turtlesim/include/turtlesim/turtlesim/msg/detail/color__functions.h
[61.273s] -- Installing: /home/sln/beginner_tutorials/install/turtlesim/include/turtlesim/turtlesim/msg/detail/pose__struct.h
[61.273s] -- Installing: /home/sln/beginner_tutorials/install/turtlesim/include/turtlesim/turtlesim/msg/detail/color__functions.c
[61.273s] -- Installing: /home/sln/beginner_tutorials/install/turtlesim/include/turtlesim/turtlesim/msg/detail/pose__functions.h
[61.273s] -- Installing: /home/sln/beginner_tutorials/install/turtlesim/include/turtlesim/turtlesim/msg/detail/color__struct.h
[61.273s] -- Installing: /home/sln/beginner_tutorials/install/turtlesim/include/turtlesim/turtlesim/msg/detail/pose__functions.c
[61.273s] -- Installing: /home/sln/beginner_tutorials/install/turtlesim/include/turtlesim/turtlesim/msg/detail/color__type_support.h
[61.273s] -- Installing: /home/sln/beginner_tutorials/install/turtlesim/include/turtlesim/turtlesim/msg/detail/pose__type_support.h
[61.273s] -- Installing: /home/sln/beginner_tutorials/install/turtlesim/include/turtlesim/turtlesim/msg/rosidl_generator_c__visibility_control.h
[61.273s] -- Installing: /home/sln/beginner_tutorials/install/turtlesim/include/turtlesim/turtlesim/msg/color.h
[61.274s] -- Installing: /home/sln/beginner_tutorials/install/turtlesim/include/turtlesim/turtlesim/msg/pose.h
[61.274s] -- Installing: /home/sln/beginner_tutorials/install/turtlesim/include/turtlesim/turtlesim/srv
[61.274s] -- Installing: /home/sln/beginner_tutorials/install/turtlesim/include/turtlesim/turtlesim/srv/set_pen.h
[61.274s] -- Installing: /home/sln/beginner_tutorials/install/turtlesim/include/turtlesim/turtlesim/srv/kill.h
[61.274s] -- Installing: /home/sln/beginner_tutorials/install/turtlesim/include/turtlesim/turtlesim/srv/teleport_relative.h
[61.274s] -- Installing: /home/sln/beginner_tutorials/install/turtlesim/include/turtlesim/turtlesim/srv/teleport_absolute.h
[61.274s] -- Installing: /home/sln/beginner_tutorials/install/turtlesim/include/turtlesim/turtlesim/srv/detail
[61.274s] -- Installing: /home/sln/beginner_tutorials/install/turtlesim/include/turtlesim/turtlesim/srv/detail/teleport_relative__functions.h
[61.274s] -- Installing: /home/sln/beginner_tutorials/install/turtlesim/include/turtlesim/turtlesim/srv/detail/kill__functions.c
[61.274s] -- Installing: /home/sln/beginner_tutorials/install/turtlesim/include/turtlesim/turtlesim/srv/detail/set_pen__functions.h
[61.274s] -- Installing: /home/sln/beginner_tutorials/install/turtlesim/include/turtlesim/turtlesim/srv/detail/kill__type_support.h
[61.274s] -- Installing: /home/sln/beginner_tutorials/install/turtlesim/include/turtlesim/turtlesim/srv/detail/teleport_absolute__functions.c
[61.275s] -- Installing: /home/sln/beginner_tutorials/install/turtlesim/include/turtlesim/turtlesim/srv/detail/kill__functions.h
[61.275s] -- Installing: /home/sln/beginner_tutorials/install/turtlesim/include/turtlesim/turtlesim/srv/detail/spawn__type_support.h
[61.275s] -- Installing: /home/sln/beginner_tutorials/install/turtlesim/include/turtlesim/turtlesim/srv/detail/spawn__struct.h
[61.275s] -- Installing: /home/sln/beginner_tutorials/install/turtlesim/include/turtlesim/turtlesim/srv/detail/set_pen__struct.h
[61.275s] -- Installing: /home/sln/beginner_tutorials/install/turtlesim/include/turtlesim/turtlesim/srv/detail/kill__struct.h
[61.275s] -- Installing: /home/sln/beginner_tutorials/install/turtlesim/include/turtlesim/turtlesim/srv/detail/teleport_relative__functions.c
[61.275s] -- Installing: /home/sln/beginner_tutorials/install/turtlesim/include/turtlesim/turtlesim/srv/detail/set_pen__functions.c
[61.275s] -- Installing: /home/sln/beginner_tutorials/install/turtlesim/include/turtlesim/turtlesim/srv/detail/spawn__functions.c
[61.275s] -- Installing: /home/sln/beginner_tutorials/install/turtlesim/include/turtlesim/turtlesim/srv/detail/teleport_absolute__type_support.h
[61.275s] -- Installing: /home/sln/beginner_tutorials/install/turtlesim/include/turtlesim/turtlesim/srv/detail/teleport_absolute__struct.h
[61.276s] -- Installing: /home/sln/beginner_tutorials/install/turtlesim/include/turtlesim/turtlesim/srv/detail/teleport_relative__struct.h
[61.276s] -- Installing: /home/sln/beginner_tutorials/install/turtlesim/include/turtlesim/turtlesim/srv/detail/teleport_absolute__functions.h
[61.276s] -- Installing: /home/sln/beginner_tutorials/install/turtlesim/include/turtlesim/turtlesim/srv/detail/set_pen__type_support.h
[61.276s] -- Installing: /home/sln/beginner_tutorials/install/turtlesim/include/turtlesim/turtlesim/srv/detail/teleport_relative__type_support.h
[61.276s] -- Installing: /home/sln/beginner_tutorials/install/turtlesim/include/turtlesim/turtlesim/srv/detail/spawn__functions.h
[61.276s] -- Installing: /home/sln/beginner_tutorials/install/turtlesim/include/turtlesim/turtlesim/srv/spawn.h
[61.277s] -- Installing: /home/sln/beginner_tutorials/install/turtlesim/share/turtlesim/environment/library_path.sh
[61.277s] -- Installing: /home/sln/beginner_tutorials/install/turtlesim/share/turtlesim/environment/library_path.dsv
[61.278s] -- Installing: /home/sln/beginner_tutorials/install/turtlesim/lib/libturtlesim__rosidl_generator_c.so
[61.278s] -- Set runtime path of "/home/sln/beginner_tutorials/install/turtlesim/lib/libturtlesim__rosidl_generator_c.so" to ""
[61.278s] -- Up-to-date: /home/sln/beginner_tutorials/install/turtlesim/include/turtlesim/turtlesim
[61.279s] -- Up-to-date: /home/sln/beginner_tutorials/install/turtlesim/include/turtlesim/turtlesim/action
[61.279s] -- Up-to-date: /home/sln/beginner_tutorials/install/turtlesim/include/turtlesim/turtlesim/action/detail
[61.279s] -- Installing: /home/sln/beginner_tutorials/install/turtlesim/include/turtlesim/turtlesim/action/detail/rotate_absolute__rosidl_typesupport_fastrtps_c.h
[61.279s] -- Up-to-date: /home/sln/beginner_tutorials/install/turtlesim/include/turtlesim/turtlesim/msg
[61.279s] -- Installing: /home/sln/beginner_tutorials/install/turtlesim/include/turtlesim/turtlesim/msg/rosidl_typesupport_fastrtps_c__visibility_control.h
[61.279s] -- Up-to-date: /home/sln/beginner_tutorials/install/turtlesim/include/turtlesim/turtlesim/msg/detail
[61.279s] -- Installing: /home/sln/beginner_tutorials/install/turtlesim/include/turtlesim/turtlesim/msg/detail/color__rosidl_typesupport_fastrtps_c.h
[61.279s] -- Installing: /home/sln/beginner_tutorials/install/turtlesim/include/turtlesim/turtlesim/msg/detail/pose__rosidl_typesupport_fastrtps_c.h
[61.279s] -- Up-to-date: /home/sln/beginner_tutorials/install/turtlesim/include/turtlesim/turtlesim/srv
[61.279s] -- Up-to-date: /home/sln/beginner_tutorials/install/turtlesim/include/turtlesim/turtlesim/srv/detail
[61.280s] -- Installing: /home/sln/beginner_tutorials/install/turtlesim/include/turtlesim/turtlesim/srv/detail/teleport_relative__rosidl_typesupport_fastrtps_c.h
[61.280s] -- Installing: /home/sln/beginner_tutorials/install/turtlesim/include/turtlesim/turtlesim/srv/detail/spawn__rosidl_typesupport_fastrtps_c.h
[61.280s] -- Installing: /home/sln/beginner_tutorials/install/turtlesim/include/turtlesim/turtlesim/srv/detail/teleport_absolute__rosidl_typesupport_fastrtps_c.h
[61.280s] -- Installing: /home/sln/beginner_tutorials/install/turtlesim/include/turtlesim/turtlesim/srv/detail/set_pen__rosidl_typesupport_fastrtps_c.h
[61.280s] -- Installing: /home/sln/beginner_tutorials/install/turtlesim/include/turtlesim/turtlesim/srv/detail/kill__rosidl_typesupport_fastrtps_c.h
[61.280s] -- Installing: /home/sln/beginner_tutorials/install/turtlesim/lib/libturtlesim__rosidl_typesupport_fastrtps_c.so
[61.280s] -- Set runtime path of "/home/sln/beginner_tutorials/install/turtlesim/lib/libturtlesim__rosidl_typesupport_fastrtps_c.so" to ""
[61.280s] -- Up-to-date: /home/sln/beginner_tutorials/install/turtlesim/include/turtlesim/turtlesim
[61.280s] -- Up-to-date: /home/sln/beginner_tutorials/install/turtlesim/include/turtlesim/turtlesim/action
[61.280s] -- Installing: /home/sln/beginner_tutorials/install/turtlesim/include/turtlesim/turtlesim/action/rotate_absolute.hpp
[61.281s] -- Up-to-date: /home/sln/beginner_tutorials/install/turtlesim/include/turtlesim/turtlesim/action/detail
[61.281s] -- Installing: /home/sln/beginner_tutorials/install/turtlesim/include/turtlesim/turtlesim/action/detail/rotate_absolute__builder.hpp
[61.281s] -- Installing: /home/sln/beginner_tutorials/install/turtlesim/include/turtlesim/turtlesim/action/detail/rotate_absolute__traits.hpp
[61.281s] -- Installing: /home/sln/beginner_tutorials/install/turtlesim/include/turtlesim/turtlesim/action/detail/rotate_absolute__struct.hpp
[61.281s] -- Up-to-date: /home/sln/beginner_tutorials/install/turtlesim/include/turtlesim/turtlesim/msg
[61.281s] -- Installing: /home/sln/beginner_tutorials/install/turtlesim/include/turtlesim/turtlesim/msg/pose.hpp
[61.281s] -- Up-to-date: /home/sln/beginner_tutorials/install/turtlesim/include/turtlesim/turtlesim/msg/detail
[61.281s] -- Installing: /home/sln/beginner_tutorials/install/turtlesim/include/turtlesim/turtlesim/msg/detail/pose__builder.hpp
[61.281s] -- Installing: /home/sln/beginner_tutorials/install/turtlesim/include/turtlesim/turtlesim/msg/detail/pose__traits.hpp
[61.281s] -- Installing: /home/sln/beginner_tutorials/install/turtlesim/include/turtlesim/turtlesim/msg/detail/color__traits.hpp
[61.281s] -- Installing: /home/sln/beginner_tutorials/install/turtlesim/include/turtlesim/turtlesim/msg/detail/color__builder.hpp
[61.281s] -- Installing: /home/sln/beginner_tutorials/install/turtlesim/include/turtlesim/turtlesim/msg/detail/color__struct.hpp
[61.281s] -- Installing: /home/sln/beginner_tutorials/install/turtlesim/include/turtlesim/turtlesim/msg/detail/pose__struct.hpp
[61.282s] -- Installing: /home/sln/beginner_tutorials/install/turtlesim/include/turtlesim/turtlesim/msg/color.hpp
[61.282s] -- Up-to-date: /home/sln/beginner_tutorials/install/turtlesim/include/turtlesim/turtlesim/srv
[61.282s] -- Installing: /home/sln/beginner_tutorials/install/turtlesim/include/turtlesim/turtlesim/srv/kill.hpp
[61.282s] -- Installing: /home/sln/beginner_tutorials/install/turtlesim/include/turtlesim/turtlesim/srv/set_pen.hpp
[61.282s] -- Up-to-date: /home/sln/beginner_tutorials/install/turtlesim/include/turtlesim/turtlesim/srv/detail
[61.282s] -- Installing: /home/sln/beginner_tutorials/install/turtlesim/include/turtlesim/turtlesim/srv/detail/set_pen__struct.hpp
[61.283s] -- Installing: /home/sln/beginner_tutorials/install/turtlesim/include/turtlesim/turtlesim/srv/detail/kill__traits.hpp
[61.283s] -- Installing: /home/sln/beginner_tutorials/install/turtlesim/include/turtlesim/turtlesim/srv/detail/spawn__builder.hpp
[61.283s] -- Installing: /home/sln/beginner_tutorials/install/turtlesim/include/turtlesim/turtlesim/srv/detail/kill__struct.hpp
[61.283s] -- Installing: /home/sln/beginner_tutorials/install/turtlesim/include/turtlesim/turtlesim/srv/detail/teleport_relative__traits.hpp
[61.283s] -- Installing: /home/sln/beginner_tutorials/install/turtlesim/include/turtlesim/turtlesim/srv/detail/spawn__traits.hpp
[61.283s] -- Installing: /home/sln/beginner_tutorials/install/turtlesim/include/turtlesim/turtlesim/srv/detail/teleport_relative__struct.hpp
[61.283s] -- Installing: /home/sln/beginner_tutorials/install/turtlesim/include/turtlesim/turtlesim/srv/detail/set_pen__builder.hpp
[61.283s] -- Installing: /home/sln/beginner_tutorials/install/turtlesim/include/turtlesim/turtlesim/srv/detail/spawn__struct.hpp
[61.283s] -- Installing: /home/sln/beginner_tutorials/install/turtlesim/include/turtlesim/turtlesim/srv/detail/kill__builder.hpp
[61.284s] -- Installing: /home/sln/beginner_tutorials/install/turtlesim/include/turtlesim/turtlesim/srv/detail/teleport_relative__builder.hpp
[61.284s] -- Installing: /home/sln/beginner_tutorials/install/turtlesim/include/turtlesim/turtlesim/srv/detail/teleport_absolute__struct.hpp
[61.284s] -- Installing: /home/sln/beginner_tutorials/install/turtlesim/include/turtlesim/turtlesim/srv/detail/set_pen__traits.hpp
[61.284s] -- Installing: /home/sln/beginner_tutorials/install/turtlesim/include/turtlesim/turtlesim/srv/detail/teleport_absolute__builder.hpp
[61.284s] -- Installing: /home/sln/beginner_tutorials/install/turtlesim/include/turtlesim/turtlesim/srv/detail/teleport_absolute__traits.hpp
[61.284s] -- Installing: /home/sln/beginner_tutorials/install/turtlesim/include/turtlesim/turtlesim/srv/teleport_absolute.hpp
[61.284s] -- Installing: /home/sln/beginner_tutorials/install/turtlesim/include/turtlesim/turtlesim/srv/spawn.hpp
[61.285s] -- Installing: /home/sln/beginner_tutorials/install/turtlesim/include/turtlesim/turtlesim/srv/teleport_relative.hpp
[61.285s] -- Up-to-date: /home/sln/beginner_tutorials/install/turtlesim/include/turtlesim/turtlesim
[61.285s] -- Up-to-date: /home/sln/beginner_tutorials/install/turtlesim/include/turtlesim/turtlesim/action
[61.285s] -- Up-to-date: /home/sln/beginner_tutorials/install/turtlesim/include/turtlesim/turtlesim/action/detail
[61.285s] -- Installing: /home/sln/beginner_tutorials/install/turtlesim/include/turtlesim/turtlesim/action/detail/rotate_absolute__rosidl_typesupport_fastrtps_cpp.hpp
[61.285s] -- Installing: /home/sln/beginner_tutorials/install/turtlesim/include/turtlesim/turtlesim/action/detail/dds_fastrtps
[61.285s] -- Up-to-date: /home/sln/beginner_tutorials/install/turtlesim/include/turtlesim/turtlesim/msg
[61.286s] -- Installing: /home/sln/beginner_tutorials/install/turtlesim/include/turtlesim/turtlesim/msg/rosidl_typesupport_fastrtps_cpp__visibility_control.h
[61.286s] -- Up-to-date: /home/sln/beginner_tutorials/install/turtlesim/include/turtlesim/turtlesim/msg/detail
[61.286s] -- Installing: /home/sln/beginner_tutorials/install/turtlesim/include/turtlesim/turtlesim/msg/detail/color__rosidl_typesupport_fastrtps_cpp.hpp
[61.286s] -- Installing: /home/sln/beginner_tutorials/install/turtlesim/include/turtlesim/turtlesim/msg/detail/dds_fastrtps
[61.286s] -- Installing: /home/sln/beginner_tutorials/install/turtlesim/include/turtlesim/turtlesim/msg/detail/pose__rosidl_typesupport_fastrtps_cpp.hpp
[61.286s] -- Up-to-date: /home/sln/beginner_tutorials/install/turtlesim/include/turtlesim/turtlesim/srv
[61.286s] -- Up-to-date: /home/sln/beginner_tutorials/install/turtlesim/include/turtlesim/turtlesim/srv/detail
[61.286s] -- Installing: /home/sln/beginner_tutorials/install/turtlesim/include/turtlesim/turtlesim/srv/detail/teleport_absolute__rosidl_typesupport_fastrtps_cpp.hpp
[61.286s] -- Installing: /home/sln/beginner_tutorials/install/turtlesim/include/turtlesim/turtlesim/srv/detail/set_pen__rosidl_typesupport_fastrtps_cpp.hpp
[61.287s] -- Installing: /home/sln/beginner_tutorials/install/turtlesim/include/turtlesim/turtlesim/srv/detail/spawn__rosidl_typesupport_fastrtps_cpp.hpp
[61.287s] -- Installing: /home/sln/beginner_tutorials/install/turtlesim/include/turtlesim/turtlesim/srv/detail/dds_fastrtps
[61.287s] -- Installing: /home/sln/beginner_tutorials/install/turtlesim/include/turtlesim/turtlesim/srv/detail/teleport_relative__rosidl_typesupport_fastrtps_cpp.hpp
[61.287s] -- Installing: /home/sln/beginner_tutorials/install/turtlesim/include/turtlesim/turtlesim/srv/detail/kill__rosidl_typesupport_fastrtps_cpp.hpp
[61.287s] -- Installing: /home/sln/beginner_tutorials/install/turtlesim/lib/libturtlesim__rosidl_typesupport_fastrtps_cpp.so
[61.288s] -- Set runtime path of "/home/sln/beginner_tutorials/install/turtlesim/lib/libturtlesim__rosidl_typesupport_fastrtps_cpp.so" to ""
[61.288s] -- Up-to-date: /home/sln/beginner_tutorials/install/turtlesim/include/turtlesim/turtlesim
[61.288s] -- Up-to-date: /home/sln/beginner_tutorials/install/turtlesim/include/turtlesim/turtlesim/action
[61.288s] -- Up-to-date: /home/sln/beginner_tutorials/install/turtlesim/include/turtlesim/turtlesim/action/detail
[61.288s] -- Installing: /home/sln/beginner_tutorials/install/turtlesim/include/turtlesim/turtlesim/action/detail/rotate_absolute__rosidl_typesupport_introspection_c.h
[61.288s] -- Installing: /home/sln/beginner_tutorials/install/turtlesim/include/turtlesim/turtlesim/action/detail/rotate_absolute__type_support.c
[61.289s] -- Up-to-date: /home/sln/beginner_tutorials/install/turtlesim/include/turtlesim/turtlesim/msg
[61.289s] -- Up-to-date: /home/sln/beginner_tutorials/install/turtlesim/include/turtlesim/turtlesim/msg/detail
[61.289s] -- Installing: /home/sln/beginner_tutorials/install/turtlesim/include/turtlesim/turtlesim/msg/detail/pose__rosidl_typesupport_introspection_c.h
[61.289s] -- Installing: /home/sln/beginner_tutorials/install/turtlesim/include/turtlesim/turtlesim/msg/detail/pose__type_support.c
[61.289s] -- Installing: /home/sln/beginner_tutorials/install/turtlesim/include/turtlesim/turtlesim/msg/detail/color__type_support.c
[61.289s] -- Installing: /home/sln/beginner_tutorials/install/turtlesim/include/turtlesim/turtlesim/msg/detail/color__rosidl_typesupport_introspection_c.h
[61.289s] -- Installing: /home/sln/beginner_tutorials/install/turtlesim/include/turtlesim/turtlesim/msg/rosidl_typesupport_introspection_c__visibility_control.h
[61.289s] -- Up-to-date: /home/sln/beginner_tutorials/install/turtlesim/include/turtlesim/turtlesim/srv
[61.289s] -- Up-to-date: /home/sln/beginner_tutorials/install/turtlesim/include/turtlesim/turtlesim/srv/detail
[61.290s] -- Installing: /home/sln/beginner_tutorials/install/turtlesim/include/turtlesim/turtlesim/srv/detail/teleport_absolute__type_support.c
[61.290s] -- Installing: /home/sln/beginner_tutorials/install/turtlesim/include/turtlesim/turtlesim/srv/detail/teleport_relative__rosidl_typesupport_introspection_c.h
[61.290s] -- Installing: /home/sln/beginner_tutorials/install/turtlesim/include/turtlesim/turtlesim/srv/detail/spawn__rosidl_typesupport_introspection_c.h
[61.290s] -- Installing: /home/sln/beginner_tutorials/install/turtlesim/include/turtlesim/turtlesim/srv/detail/spawn__type_support.c
[61.290s] -- Installing: /home/sln/beginner_tutorials/install/turtlesim/include/turtlesim/turtlesim/srv/detail/teleport_relative__type_support.c
[61.290s] -- Installing: /home/sln/beginner_tutorials/install/turtlesim/include/turtlesim/turtlesim/srv/detail/set_pen__rosidl_typesupport_introspection_c.h
[61.290s] -- Installing: /home/sln/beginner_tutorials/install/turtlesim/include/turtlesim/turtlesim/srv/detail/teleport_absolute__rosidl_typesupport_introspection_c.h
[61.291s] -- Installing: /home/sln/beginner_tutorials/install/turtlesim/include/turtlesim/turtlesim/srv/detail/set_pen__type_support.c
[61.291s] -- Installing: /home/sln/beginner_tutorials/install/turtlesim/include/turtlesim/turtlesim/srv/detail/kill__type_support.c
[61.291s] -- Installing: /home/sln/beginner_tutorials/install/turtlesim/include/turtlesim/turtlesim/srv/detail/kill__rosidl_typesupport_introspection_c.h
[61.291s] -- Installing: /home/sln/beginner_tutorials/install/turtlesim/lib/libturtlesim__rosidl_typesupport_introspection_c.so
[61.292s] -- Set runtime path of "/home/sln/beginner_tutorials/install/turtlesim/lib/libturtlesim__rosidl_typesupport_introspection_c.so" to ""
[61.292s] -- Installing: /home/sln/beginner_tutorials/install/turtlesim/lib/libturtlesim__rosidl_typesupport_c.so
[61.293s] -- Set runtime path of "/home/sln/beginner_tutorials/install/turtlesim/lib/libturtlesim__rosidl_typesupport_c.so" to ""
[61.293s] -- Up-to-date: /home/sln/beginner_tutorials/install/turtlesim/include/turtlesim/turtlesim
[61.293s] -- Up-to-date: /home/sln/beginner_tutorials/install/turtlesim/include/turtlesim/turtlesim/action
[61.293s] -- Up-to-date: /home/sln/beginner_tutorials/install/turtlesim/include/turtlesim/turtlesim/action/detail
[61.293s] -- Installing: /home/sln/beginner_tutorials/install/turtlesim/include/turtlesim/turtlesim/action/detail/rotate_absolute__type_support.cpp
[61.293s] -- Installing: /home/sln/beginner_tutorials/install/turtlesim/include/turtlesim/turtlesim/action/detail/rotate_absolute__rosidl_typesupport_introspection_cpp.hpp
[61.293s] -- Up-to-date: /home/sln/beginner_tutorials/install/turtlesim/include/turtlesim/turtlesim/msg
[61.293s] -- Up-to-date: /home/sln/beginner_tutorials/install/turtlesim/include/turtlesim/turtlesim/msg/detail
[61.293s] -- Installing: /home/sln/beginner_tutorials/install/turtlesim/include/turtlesim/turtlesim/msg/detail/color__rosidl_typesupport_introspection_cpp.hpp
[61.294s] -- Installing: /home/sln/beginner_tutorials/install/turtlesim/include/turtlesim/turtlesim/msg/detail/pose__rosidl_typesupport_introspection_cpp.hpp
[61.294s] -- Installing: /home/sln/beginner_tutorials/install/turtlesim/include/turtlesim/turtlesim/msg/detail/pose__type_support.cpp
[61.294s] -- Installing: /home/sln/beginner_tutorials/install/turtlesim/include/turtlesim/turtlesim/msg/detail/color__type_support.cpp
[61.294s] -- Up-to-date: /home/sln/beginner_tutorials/install/turtlesim/include/turtlesim/turtlesim/srv
[61.294s] -- Up-to-date: /home/sln/beginner_tutorials/install/turtlesim/include/turtlesim/turtlesim/srv/detail
[61.294s] -- Installing: /home/sln/beginner_tutorials/install/turtlesim/include/turtlesim/turtlesim/srv/detail/set_pen__type_support.cpp
[61.294s] -- Installing: /home/sln/beginner_tutorials/install/turtlesim/include/turtlesim/turtlesim/srv/detail/set_pen__rosidl_typesupport_introspection_cpp.hpp
[61.294s] -- Installing: /home/sln/beginner_tutorials/install/turtlesim/include/turtlesim/turtlesim/srv/detail/spawn__rosidl_typesupport_introspection_cpp.hpp
[61.294s] -- Installing: /home/sln/beginner_tutorials/install/turtlesim/include/turtlesim/turtlesim/srv/detail/kill__rosidl_typesupport_introspection_cpp.hpp
[61.294s] -- Installing: /home/sln/beginner_tutorials/install/turtlesim/include/turtlesim/turtlesim/srv/detail/teleport_absolute__rosidl_typesupport_introspection_cpp.hpp
[61.295s] -- Installing: /home/sln/beginner_tutorials/install/turtlesim/include/turtlesim/turtlesim/srv/detail/teleport_absolute__type_support.cpp
[61.295s] -- Installing: /home/sln/beginner_tutorials/install/turtlesim/include/turtlesim/turtlesim/srv/detail/teleport_relative__rosidl_typesupport_introspection_cpp.hpp
[61.295s] -- Installing: /home/sln/beginner_tutorials/install/turtlesim/include/turtlesim/turtlesim/srv/detail/teleport_relative__type_support.cpp
[61.295s] -- Installing: /home/sln/beginner_tutorials/install/turtlesim/include/turtlesim/turtlesim/srv/detail/kill__type_support.cpp
[61.295s] -- Installing: /home/sln/beginner_tutorials/install/turtlesim/include/turtlesim/turtlesim/srv/detail/spawn__type_support.cpp
[61.295s] -- Installing: /home/sln/beginner_tutorials/install/turtlesim/lib/libturtlesim__rosidl_typesupport_introspection_cpp.so
[61.296s] -- Set runtime path of "/home/sln/beginner_tutorials/install/turtlesim/lib/libturtlesim__rosidl_typesupport_introspection_cpp.so" to ""
[61.296s] -- Installing: /home/sln/beginner_tutorials/install/turtlesim/lib/libturtlesim__rosidl_typesupport_cpp.so
[61.297s] -- Set runtime path of "/home/sln/beginner_tutorials/install/turtlesim/lib/libturtlesim__rosidl_typesupport_cpp.so" to ""
[61.297s] -- Installing: /home/sln/beginner_tutorials/install/turtlesim/share/turtlesim/environment/pythonpath.sh
[61.297s] -- Installing: /home/sln/beginner_tutorials/install/turtlesim/share/turtlesim/environment/pythonpath.dsv
[61.297s] -- Installing: /home/sln/beginner_tutorials/install/turtlesim/lib/python3.8/site-packages/turtlesim-1.4.1-py3.8.egg-info
[61.298s] -- Installing: /home/sln/beginner_tutorials/install/turtlesim/lib/python3.8/site-packages/turtlesim-1.4.1-py3.8.egg-info/top_level.txt
[61.298s] -- Installing: /home/sln/beginner_tutorials/install/turtlesim/lib/python3.8/site-packages/turtlesim-1.4.1-py3.8.egg-info/dependency_links.txt
[61.298s] -- Installing: /home/sln/beginner_tutorials/install/turtlesim/lib/python3.8/site-packages/turtlesim-1.4.1-py3.8.egg-info/SOURCES.txt
[61.298s] -- Installing: /home/sln/beginner_tutorials/install/turtlesim/lib/python3.8/site-packages/turtlesim-1.4.1-py3.8.egg-info/PKG-INFO
[61.298s] -- Installing: /home/sln/beginner_tutorials/install/turtlesim/lib/python3.8/site-packages/turtlesim
[61.298s] -- Installing: /home/sln/beginner_tutorials/install/turtlesim/lib/python3.8/site-packages/turtlesim/turtlesim_s__rosidl_typesupport_introspection_c.cpython-38-x86_64-linux-gnu.so
[61.298s] -- Installing: /home/sln/beginner_tutorials/install/turtlesim/lib/python3.8/site-packages/turtlesim/libturtlesim__rosidl_generator_py.so
[61.298s] -- Installing: /home/sln/beginner_tutorials/install/turtlesim/lib/python3.8/site-packages/turtlesim/action
[61.299s] -- Installing: /home/sln/beginner_tutorials/install/turtlesim/lib/python3.8/site-packages/turtlesim/action/_rotate_absolute.py
[61.299s] -- Installing: /home/sln/beginner_tutorials/install/turtlesim/lib/python3.8/site-packages/turtlesim/action/__init__.py
[61.299s] -- Installing: /home/sln/beginner_tutorials/install/turtlesim/lib/python3.8/site-packages/turtlesim/action/_rotate_absolute_s.c
[61.299s] -- Installing: /home/sln/beginner_tutorials/install/turtlesim/lib/python3.8/site-packages/turtlesim/msg
[61.299s] -- Installing: /home/sln/beginner_tutorials/install/turtlesim/lib/python3.8/site-packages/turtlesim/msg/_color_s.c
[61.299s] -- Installing: /home/sln/beginner_tutorials/install/turtlesim/lib/python3.8/site-packages/turtlesim/msg/_pose.py
[61.299s] -- Installing: /home/sln/beginner_tutorials/install/turtlesim/lib/python3.8/site-packages/turtlesim/msg/_color.py
[61.300s] -- Installing: /home/sln/beginner_tutorials/install/turtlesim/lib/python3.8/site-packages/turtlesim/msg/__init__.py
[61.300s] -- Installing: /home/sln/beginner_tutorials/install/turtlesim/lib/python3.8/site-packages/turtlesim/msg/_pose_s.c
[61.300s] -- Installing: /home/sln/beginner_tutorials/install/turtlesim/lib/python3.8/site-packages/turtlesim/turtlesim_s__rosidl_typesupport_c.cpython-38-x86_64-linux-gnu.so
[61.300s] -- Installing: /home/sln/beginner_tutorials/install/turtlesim/lib/python3.8/site-packages/turtlesim/srv
[61.300s] -- Installing: /home/sln/beginner_tutorials/install/turtlesim/lib/python3.8/site-packages/turtlesim/srv/_teleport_relative.py
[61.300s] -- Installing: /home/sln/beginner_tutorials/install/turtlesim/lib/python3.8/site-packages/turtlesim/srv/_teleport_relative_s.c
[61.301s] -- Installing: /home/sln/beginner_tutorials/install/turtlesim/lib/python3.8/site-packages/turtlesim/srv/_teleport_absolute_s.c
[61.301s] -- Installing: /home/sln/beginner_tutorials/install/turtlesim/lib/python3.8/site-packages/turtlesim/srv/_kill_s.c
[61.301s] -- Installing: /home/sln/beginner_tutorials/install/turtlesim/lib/python3.8/site-packages/turtlesim/srv/_kill.py
[61.302s] -- Installing: /home/sln/beginner_tutorials/install/turtlesim/lib/python3.8/site-packages/turtlesim/srv/_set_pen.py
[61.302s] -- Installing: /home/sln/beginner_tutorials/install/turtlesim/lib/python3.8/site-packages/turtlesim/srv/__init__.py
[61.302s] -- Installing: /home/sln/beginner_tutorials/install/turtlesim/lib/python3.8/site-packages/turtlesim/srv/_teleport_absolute.py
[61.302s] -- Installing: /home/sln/beginner_tutorials/install/turtlesim/lib/python3.8/site-packages/turtlesim/srv/_set_pen_s.c
[61.302s] -- Installing: /home/sln/beginner_tutorials/install/turtlesim/lib/python3.8/site-packages/turtlesim/srv/_spawn_s.c
[61.302s] -- Installing: /home/sln/beginner_tutorials/install/turtlesim/lib/python3.8/site-packages/turtlesim/srv/_spawn.py
[61.302s] -- Installing: /home/sln/beginner_tutorials/install/turtlesim/lib/python3.8/site-packages/turtlesim/_turtlesim_s.ep.rosidl_typesupport_introspection_c.c
[61.303s] -- Installing: /home/sln/beginner_tutorials/install/turtlesim/lib/python3.8/site-packages/turtlesim/turtlesim_s__rosidl_typesupport_fastrtps_c.cpython-38-x86_64-linux-gnu.so
[61.303s] -- Installing: /home/sln/beginner_tutorials/install/turtlesim/lib/python3.8/site-packages/turtlesim/__init__.py
[61.303s] -- Installing: /home/sln/beginner_tutorials/install/turtlesim/lib/python3.8/site-packages/turtlesim/_turtlesim_s.ep.rosidl_typesupport_fastrtps_c.c
[61.303s] -- Installing: /home/sln/beginner_tutorials/install/turtlesim/lib/python3.8/site-packages/turtlesim/_turtlesim_s.ep.rosidl_typesupport_c.c
[61.778s] Listing '/home/sln/beginner_tutorials/install/turtlesim/lib/python3.8/site-packages/turtlesim'...
[61.778s] Compiling '/home/sln/beginner_tutorials/install/turtlesim/lib/python3.8/site-packages/turtlesim/__init__.py'...
[61.778s] Listing '/home/sln/beginner_tutorials/install/turtlesim/lib/python3.8/site-packages/turtlesim/action'...
[61.778s] Compiling '/home/sln/beginner_tutorials/install/turtlesim/lib/python3.8/site-packages/turtlesim/action/__init__.py'...
[61.778s] Compiling '/home/sln/beginner_tutorials/install/turtlesim/lib/python3.8/site-packages/turtlesim/action/_rotate_absolute.py'...
[61.779s] Listing '/home/sln/beginner_tutorials/install/turtlesim/lib/python3.8/site-packages/turtlesim/msg'...
[61.779s] Compiling '/home/sln/beginner_tutorials/install/turtlesim/lib/python3.8/site-packages/turtlesim/msg/__init__.py'...
[61.779s] Compiling '/home/sln/beginner_tutorials/install/turtlesim/lib/python3.8/site-packages/turtlesim/msg/_color.py'...
[61.779s] Compiling '/home/sln/beginner_tutorials/install/turtlesim/lib/python3.8/site-packages/turtlesim/msg/_pose.py'...
[61.779s] Listing '/home/sln/beginner_tutorials/install/turtlesim/lib/python3.8/site-packages/turtlesim/srv'...
[61.779s] Compiling '/home/sln/beginner_tutorials/install/turtlesim/lib/python3.8/site-packages/turtlesim/srv/__init__.py'...
[61.779s] Compiling '/home/sln/beginner_tutorials/install/turtlesim/lib/python3.8/site-packages/turtlesim/srv/_kill.py'...
[61.779s] Compiling '/home/sln/beginner_tutorials/install/turtlesim/lib/python3.8/site-packages/turtlesim/srv/_set_pen.py'...
[61.779s] Compiling '/home/sln/beginner_tutorials/install/turtlesim/lib/python3.8/site-packages/turtlesim/srv/_spawn.py'...
[61.779s] Compiling '/home/sln/beginner_tutorials/install/turtlesim/lib/python3.8/site-packages/turtlesim/srv/_teleport_absolute.py'...
[61.779s] Compiling '/home/sln/beginner_tutorials/install/turtlesim/lib/python3.8/site-packages/turtlesim/srv/_teleport_relative.py'...
[61.782s] -- Installing: /home/sln/beginner_tutorials/install/turtlesim/lib/python3.8/site-packages/turtlesim/turtlesim_s__rosidl_typesupport_introspection_c.cpython-38-x86_64-linux-gnu.so
[61.783s] -- Set runtime path of "/home/sln/beginner_tutorials/install/turtlesim/lib/python3.8/site-packages/turtlesim/turtlesim_s__rosidl_typesupport_introspection_c.cpython-38-x86_64-linux-gnu.so" to ""
[61.784s] -- Installing: /home/sln/beginner_tutorials/install/turtlesim/lib/python3.8/site-packages/turtlesim/turtlesim_s__rosidl_typesupport_fastrtps_c.cpython-38-x86_64-linux-gnu.so
[61.784s] -- Set runtime path of "/home/sln/beginner_tutorials/install/turtlesim/lib/python3.8/site-packages/turtlesim/turtlesim_s__rosidl_typesupport_fastrtps_c.cpython-38-x86_64-linux-gnu.so" to ""
[61.785s] -- Installing: /home/sln/beginner_tutorials/install/turtlesim/lib/python3.8/site-packages/turtlesim/turtlesim_s__rosidl_typesupport_c.cpython-38-x86_64-linux-gnu.so
[61.785s] -- Set runtime path of "/home/sln/beginner_tutorials/install/turtlesim/lib/python3.8/site-packages/turtlesim/turtlesim_s__rosidl_typesupport_c.cpython-38-x86_64-linux-gnu.so" to ""
[61.786s] -- Installing: /home/sln/beginner_tutorials/install/turtlesim/lib/libturtlesim__rosidl_generator_py.so
[61.786s] -- Set runtime path of "/home/sln/beginner_tutorials/install/turtlesim/lib/libturtlesim__rosidl_generator_py.so" to ""
[61.786s] -- Installing: /home/sln/beginner_tutorials/install/turtlesim/share/turtlesim/action/RotateAbsolute.idl
[61.787s] -- Installing: /home/sln/beginner_tutorials/install/turtlesim/share/turtlesim/msg/Color.idl
[61.787s] -- Installing: /home/sln/beginner_tutorials/install/turtlesim/share/turtlesim/msg/Pose.idl
[61.787s] -- Installing: /home/sln/beginner_tutorials/install/turtlesim/share/turtlesim/srv/Kill.idl
[61.787s] -- Installing: /home/sln/beginner_tutorials/install/turtlesim/share/turtlesim/srv/SetPen.idl
[61.787s] -- Installing: /home/sln/beginner_tutorials/install/turtlesim/share/turtlesim/srv/Spawn.idl
[61.788s] -- Installing: /home/sln/beginner_tutorials/install/turtlesim/share/turtlesim/srv/TeleportAbsolute.idl
[61.788s] -- Installing: /home/sln/beginner_tutorials/install/turtlesim/share/turtlesim/srv/TeleportRelative.idl
[61.788s] -- Installing: /home/sln/beginner_tutorials/install/turtlesim/share/turtlesim/action/RotateAbsolute.action
[61.788s] -- Installing: /home/sln/beginner_tutorials/install/turtlesim/share/turtlesim/msg/Color.msg
[61.788s] -- Installing: /home/sln/beginner_tutorials/install/turtlesim/share/turtlesim/msg/Pose.msg
[61.788s] -- Installing: /home/sln/beginner_tutorials/install/turtlesim/share/turtlesim/srv/Kill.srv
[61.789s] -- Installing: /home/sln/beginner_tutorials/install/turtlesim/share/turtlesim/srv/Kill_Request.msg
[61.789s] -- Installing: /home/sln/beginner_tutorials/install/turtlesim/share/turtlesim/srv/Kill_Response.msg
[61.789s] -- Installing: /home/sln/beginner_tutorials/install/turtlesim/share/turtlesim/srv/SetPen.srv
[61.789s] -- Installing: /home/sln/beginner_tutorials/install/turtlesim/share/turtlesim/srv/SetPen_Request.msg
[61.790s] -- Installing: /home/sln/beginner_tutorials/install/turtlesim/share/turtlesim/srv/SetPen_Response.msg
[61.790s] -- Installing: /home/sln/beginner_tutorials/install/turtlesim/share/turtlesim/srv/Spawn.srv
[61.790s] -- Installing: /home/sln/beginner_tutorials/install/turtlesim/share/turtlesim/srv/Spawn_Request.msg
[61.790s] -- Installing: /home/sln/beginner_tutorials/install/turtlesim/share/turtlesim/srv/Spawn_Response.msg
[61.790s] -- Installing: /home/sln/beginner_tutorials/install/turtlesim/share/turtlesim/srv/TeleportAbsolute.srv
[61.790s] -- Installing: /home/sln/beginner_tutorials/install/turtlesim/share/turtlesim/srv/TeleportAbsolute_Request.msg
[61.791s] -- Installing: /home/sln/beginner_tutorials/install/turtlesim/share/turtlesim/srv/TeleportAbsolute_Response.msg
[61.791s] -- Installing: /home/sln/beginner_tutorials/install/turtlesim/share/turtlesim/srv/TeleportRelative.srv
[61.791s] -- Installing: /home/sln/beginner_tutorials/install/turtlesim/share/turtlesim/srv/TeleportRelative_Request.msg
[61.791s] -- Installing: /home/sln/beginner_tutorials/install/turtlesim/share/turtlesim/srv/TeleportRelative_Response.msg
[61.791s] -- Installing: /home/sln/beginner_tutorials/install/turtlesim/lib/turtlesim/turtlesim_node
[61.800s] -- Set runtime path of "/home/sln/beginner_tutorials/install/turtlesim/lib/turtlesim/turtlesim_node" to ""
[61.800s] -- Installing: /home/sln/beginner_tutorials/install/turtlesim/lib/turtlesim/turtle_teleop_key
[61.802s] -- Set runtime path of "/home/sln/beginner_tutorials/install/turtlesim/lib/turtlesim/turtle_teleop_key" to ""
[61.802s] -- Installing: /home/sln/beginner_tutorials/install/turtlesim/lib/turtlesim/draw_square
[61.806s] -- Set runtime path of "/home/sln/beginner_tutorials/install/turtlesim/lib/turtlesim/draw_square" to ""
[61.807s] -- Installing: /home/sln/beginner_tutorials/install/turtlesim/lib/turtlesim/mimic
[61.811s] -- Set runtime path of "/home/sln/beginner_tutorials/install/turtlesim/lib/turtlesim/mimic" to ""
[61.811s] -- Installing: /home/sln/beginner_tutorials/install/turtlesim/share/turtlesim/images
[61.811s] -- Installing: /home/sln/beginner_tutorials/install/turtlesim/share/turtlesim/images/bouncy.png
[61.811s] -- Installing: /home/sln/beginner_tutorials/install/turtlesim/share/turtlesim/images/humble.png
[61.811s] -- Installing: /home/sln/beginner_tutorials/install/turtlesim/share/turtlesim/images/dashing.png
[61.811s] -- Installing: /home/sln/beginner_tutorials/install/turtlesim/share/turtlesim/images/galactic.png
[61.811s] -- Installing: /home/sln/beginner_tutorials/install/turtlesim/share/turtlesim/images/ardent.png
[61.812s] -- Installing: /home/sln/beginner_tutorials/install/turtlesim/share/turtlesim/images/rolling.png
[61.812s] -- Installing: /home/sln/beginner_tutorials/install/turtlesim/share/turtlesim/images/eloquent.png
[61.812s] -- Installing: /home/sln/beginner_tutorials/install/turtlesim/share/turtlesim/images/crystal.png
[61.812s] -- Installing: /home/sln/beginner_tutorials/install/turtlesim/share/turtlesim/images/foxy.png
[61.812s] -- Installing: /home/sln/beginner_tutorials/install/turtlesim/share/turtlesim/launch
[61.812s] -- Installing: /home/sln/beginner_tutorials/install/turtlesim/share/turtlesim/launch/multisim.launch.py
[61.812s] -- Installing: /home/sln/beginner_tutorials/install/turtlesim/share/ament_index/resource_index/package_run_dependencies/turtlesim
[61.812s] -- Installing: /home/sln/beginner_tutorials/install/turtlesim/share/ament_index/resource_index/parent_prefix_path/turtlesim
[61.813s] -- Installing: /home/sln/beginner_tutorials/install/turtlesim/share/turtlesim/environment/ament_prefix_path.sh
[61.813s] -- Installing: /home/sln/beginner_tutorials/install/turtlesim/share/turtlesim/environment/ament_prefix_path.dsv
[61.813s] -- Installing: /home/sln/beginner_tutorials/install/turtlesim/share/turtlesim/environment/path.sh
[61.813s] -- Installing: /home/sln/beginner_tutorials/install/turtlesim/share/turtlesim/environment/path.dsv
[61.813s] -- Installing: /home/sln/beginner_tutorials/install/turtlesim/share/turtlesim/local_setup.bash
[61.814s] -- Installing: /home/sln/beginner_tutorials/install/turtlesim/share/turtlesim/local_setup.sh
[61.814s] -- Installing: /home/sln/beginner_tutorials/install/turtlesim/share/turtlesim/local_setup.zsh
[61.814s] -- Installing: /home/sln/beginner_tutorials/install/turtlesim/share/turtlesim/local_setup.dsv
[61.814s] -- Installing: /home/sln/beginner_tutorials/install/turtlesim/share/turtlesim/package.dsv
[61.814s] -- Installing: /home/sln/beginner_tutorials/install/turtlesim/share/ament_index/resource_index/packages/turtlesim
[61.815s] -- Installing: /home/sln/beginner_tutorials/install/turtlesim/share/turtlesim/cmake/export_turtlesim__rosidl_generator_cExport.cmake
[61.815s] -- Installing: /home/sln/beginner_tutorials/install/turtlesim/share/turtlesim/cmake/export_turtlesim__rosidl_generator_cExport-noconfig.cmake
[61.815s] -- Installing: /home/sln/beginner_tutorials/install/turtlesim/share/turtlesim/cmake/export_turtlesim__rosidl_typesupport_fastrtps_cExport.cmake
[61.815s] -- Installing: /home/sln/beginner_tutorials/install/turtlesim/share/turtlesim/cmake/export_turtlesim__rosidl_typesupport_fastrtps_cExport-noconfig.cmake
[61.816s] -- Installing: /home/sln/beginner_tutorials/install/turtlesim/share/turtlesim/cmake/export_turtlesim__rosidl_generator_cppExport.cmake
[61.816s] -- Installing: /home/sln/beginner_tutorials/install/turtlesim/share/turtlesim/cmake/export_turtlesim__rosidl_typesupport_fastrtps_cppExport.cmake
[61.816s] -- Installing: /home/sln/beginner_tutorials/install/turtlesim/share/turtlesim/cmake/export_turtlesim__rosidl_typesupport_fastrtps_cppExport-noconfig.cmake
[61.816s] -- Installing: /home/sln/beginner_tutorials/install/turtlesim/share/turtlesim/cmake/turtlesim__rosidl_typesupport_introspection_cExport.cmake
[61.816s] -- Installing: /home/sln/beginner_tutorials/install/turtlesim/share/turtlesim/cmake/turtlesim__rosidl_typesupport_introspection_cExport-noconfig.cmake
[61.817s] -- Installing: /home/sln/beginner_tutorials/install/turtlesim/share/turtlesim/cmake/turtlesim__rosidl_typesupport_cExport.cmake
[61.817s] -- Installing: /home/sln/beginner_tutorials/install/turtlesim/share/turtlesim/cmake/turtlesim__rosidl_typesupport_cExport-noconfig.cmake
[61.817s] -- Installing: /home/sln/beginner_tutorials/install/turtlesim/share/turtlesim/cmake/turtlesim__rosidl_typesupport_introspection_cppExport.cmake
[61.817s] -- Installing: /home/sln/beginner_tutorials/install/turtlesim/share/turtlesim/cmake/turtlesim__rosidl_typesupport_introspection_cppExport-noconfig.cmake
[61.817s] -- Installing: /home/sln/beginner_tutorials/install/turtlesim/share/turtlesim/cmake/turtlesim__rosidl_typesupport_cppExport.cmake
[61.818s] -- Installing: /home/sln/beginner_tutorials/install/turtlesim/share/turtlesim/cmake/turtlesim__rosidl_typesupport_cppExport-noconfig.cmake
[61.818s] -- Installing: /home/sln/beginner_tutorials/install/turtlesim/share/turtlesim/cmake/export_turtlesim__rosidl_generator_pyExport.cmake
[61.818s] -- Installing: /home/sln/beginner_tutorials/install/turtlesim/share/turtlesim/cmake/export_turtlesim__rosidl_generator_pyExport-noconfig.cmake
[61.818s] -- Installing: /home/sln/beginner_tutorials/install/turtlesim/share/turtlesim/cmake/rosidl_cmake-extras.cmake
[61.818s] -- Installing: /home/sln/beginner_tutorials/install/turtlesim/share/turtlesim/cmake/ament_cmake_export_dependencies-extras.cmake
[61.819s] -- Installing: /home/sln/beginner_tutorials/install/turtlesim/share/turtlesim/cmake/ament_cmake_export_include_directories-extras.cmake
[61.819s] -- Installing: /home/sln/beginner_tutorials/install/turtlesim/share/turtlesim/cmake/ament_cmake_export_libraries-extras.cmake
[61.819s] -- Installing: /home/sln/beginner_tutorials/install/turtlesim/share/turtlesim/cmake/ament_cmake_export_targets-extras.cmake
[61.819s] -- Installing: /home/sln/beginner_tutorials/install/turtlesim/share/turtlesim/cmake/rosidl_cmake_export_typesupport_targets-extras.cmake
[61.819s] -- Installing: /home/sln/beginner_tutorials/install/turtlesim/share/turtlesim/cmake/rosidl_cmake_export_typesupport_libraries-extras.cmake
[61.820s] -- Installing: /home/sln/beginner_tutorials/install/turtlesim/share/turtlesim/cmake/turtlesimConfig.cmake
[61.820s] -- Installing: /home/sln/beginner_tutorials/install/turtlesim/share/turtlesim/cmake/turtlesimConfig-version.cmake
[61.820s] -- Installing: /home/sln/beginner_tutorials/install/turtlesim/share/turtlesim/package.xml
[61.823s] Invoked command in '/home/sln/beginner_tutorials/build/turtlesim' returned '0': CMAKE_PREFIX_PATH=${CMAKE_PREFIX_PATH}:/home/sln/ros2_humble/install/rqt_bag_plugins:/home/sln/ros2_humble/install/rqt_bag:/home/sln/ros2_humble/install/ros2bag:/home/sln/ros2_humble/install/tracetools_test:/home/sln/ros2_humble/install/tracetools_launch:/home/sln/ros2_humble/install/topic_monitor:/home/sln/ros2_humble/install/tf2_tools:/home/sln/ros2_humble/install/examples_tf2_py:/home/sln/ros2_humble/install/tf2_ros_py:/home/sln/ros2_humble/install/sros2:/home/sln/ros2_humble/install/rqt_topic:/home/sln/ros2_humble/install/rqt_srv:/home/sln/ros2_humble/install/rqt_shell:/home/sln/ros2_humble/install/rqt_service_caller:/home/sln/ros2_humble/install/rqt_reconfigure:/home/sln/ros2_humble/install/rqt_py_console:/home/sln/ros2_humble/install/rqt_publisher:/home/sln/ros2_humble/install/rqt_plot:/home/sln/ros2_humble/install/rqt_action:/home/sln/ros2_humble/install/rqt_msg:/home/sln/ros2_humble/install/rqt_console:/home/sln/ros2_humble/install/rqt:/home/sln/ros2_humble/install/rqt_graph:/home/sln/ros2_humble/install/rqt_gui_py:/home/sln/ros2_humble/install/rqt_gui:/home/sln/ros2_humble/install/ros2trace:/home/sln/ros2_humble/install/ros2topic:/home/sln/ros2_humble/install/ros2test:/home/sln/ros2_humble/install/ros2component:/home/sln/ros2_humble/install/ros2param:/home/sln/ros2_humble/install/ros2lifecycle:/home/sln/ros2_humble/install/ros2service:/home/sln/ros2_humble/install/ros2run:/home/sln/ros2_humble/install/ros2launch:/home/sln/ros2_humble/install/ros2pkg:/home/sln/ros2_humble/install/ros2node:/home/sln/ros2_humble/install/ros2multicast:/home/sln/ros2_humble/install/ros2interface:/home/sln/ros2_humble/install/ros2doctor:/home/sln/ros2_humble/install/ros2action:/home/sln/ros2_humble/install/ros2cli:/home/sln/ros2_humble/install/quality_of_service_demo_py:/home/sln/ros2_humble/install/lifecycle_py:/home/sln/ros2_humble/install/launch_testing_ros:/home/sln/ros2_humble/install/launch_ros:/home/sln/ros2_humble/install/examples_rclpy_pointcloud_publisher:/home/sln/ros2_humble/install/examples_rclpy_minimal_subscriber:/home/sln/ros2_humble/install/examples_rclpy_minimal_service:/home/sln/ros2_humble/install/examples_rclpy_minimal_publisher:/home/sln/ros2_humble/install/examples_rclpy_minimal_client:/home/sln/ros2_humble/install/examples_rclpy_minimal_action_server:/home/sln/ros2_humble/install/examples_rclpy_minimal_action_client:/home/sln/ros2_humble/install/examples_rclpy_guard_conditions:/home/sln/ros2_humble/install/examples_rclpy_executors:/home/sln/ros2_humble/install/demo_nodes_py:/home/sln/ros2_humble/install/action_tutorials_py:/home/sln/ros2_humble/install/ament_uncrustify:/home/sln/ros2_humble/install/tracetools_trace:/home/sln/ros2_humble/install/tracetools_read:/home/sln/ros2_humble/install/test_tracetools_launch:/home/sln/ros2_humble/install/test_launch_ros:/home/sln/ros2_humble/install/sensor_msgs_py:/home/sln/ros2_humble/install/rpyutils:/home/sln/ros2_humble/install/rosidl_runtime_py:/home/sln/ros2_humble/install/rosidl_cli:/home/sln/ros2_humble/install/launch_pytest:/home/sln/ros2_humble/install/launch_testing:/home/sln/ros2_humble/install/launch_yaml:/home/sln/ros2_humble/install/launch_xml:/home/sln/ros2_humble/install/launch:/home/sln/ros2_humble/install/osrf_pycommon:/home/sln/ros2_humble/install/launch_testing_examples:/home/sln/ros2_humble/install/domain_coordinator:/home/sln/ros2_humble/install/ament_xmllint:/home/sln/ros2_humble/install/ament_pyflakes:/home/sln/ros2_humble/install/ament_pycodestyle:/home/sln/ros2_humble/install/ament_pep257:/home/sln/ros2_humble/install/ament_pclint:/home/sln/ros2_humble/install/ament_package:/home/sln/ros2_humble/install/ament_mypy:/home/sln/ros2_humble/install/ament_lint_cmake:/home/sln/ros2_humble/install/ament_flake8:/home/sln/ros2_humble/install/ament_copyright:/home/sln/ros2_humble/install/ament_lint:/home/sln/ros2_humble/install/ament_index_python:/home/sln/ros2_humble/install/ament_cpplint:/home/sln/ros2_humble/install/ament_cppcheck:/home/sln/ros2_humble/install/ament_clang_tidy:/home/sln/ros2_humble/install/ament_clang_format /usr/bin/cmake --install /home/sln/beginner_tutorials/build/turtlesim
