-- Found ament_cmake: 1.3.3 (/home/sln/ros2_humble/install/ament_cmake/share/ament_cmake/cmake)
-- Override CMake install command with custom implementation using symlinks instead of copying resources
-- Found rclcpp: 16.0.2 (/home/sln/ros2_humble/install/rclcpp/share/rclcpp/cmake)
-- Found rosidl_generator_c: 3.1.4 (/home/sln/ros2_humble/install/rosidl_generator_c/share/rosidl_generator_c/cmake)
-- Found rosidl_adapter: 3.1.4 (/home/sln/ros2_humble/install/rosidl_adapter/share/rosidl_adapter/cmake)
-- Found rosidl_generator_cpp: 3.1.4 (/home/sln/ros2_humble/install/rosidl_generator_cpp/share/rosidl_generator_cpp/cmake)
-- Using all available rosidl_typesupport_c: rosidl_typesupport_introspection_c;rosidl_typesupport_fastrtps_c
-- Using all available rosidl_typesupport_cpp: rosidl_typesupport_introspection_cpp;rosidl_typesupport_fastrtps_cpp
-- Found rmw_implementation_cmake: 6.1.1 (/home/sln/ros2_humble/install/rmw_implementation_cmake/share/rmw_implementation_cmake/cmake)
-- Found rmw_fastrtps_cpp: 6.2.2 (/home/sln/ros2_humble/install/rmw_fastrtps_cpp/share/rmw_fastrtps_cpp/cmake)
-- Using RMW implementation 'rmw_fastrtps_cpp' as default
-- Found ament_lint_auto: 0.12.4 (/home/sln/ros2_humble/install/ament_lint_auto/share/ament_lint_auto/cmake)
-- Added test 'copyright' to check source files copyright and LICENSE
-- Added test 'cppcheck' to perform static code analysis on C / C++ code
-- Configured cppcheck include dirs: /home/sln/beginner_tutorials/src/examples/rclcpp/executors/cbg_executor/include
-- Configured cppcheck exclude dirs and/or files: 
-- Added test 'cpplint' to check C / C++ code against the Google style
-- Configured cpplint exclude dirs and/or files: 
-- Added test 'lint_cmake' to check CMake code style
-- Added test 'uncrustify' to check C / C++ code style
-- Configured uncrustify additional arguments: 
-- Added test 'xmllint' to check XML markup files
-- Configuring done
-- Generating done
-- Build files have been written to: /home/sln/beginner_tutorials/build/examples_rclcpp_cbg_executor
[ 40%] Built target ping_pong
[ 70%] Built target pong
[100%] Built target ping
-- Install configuration: ""
-- Execute custom install script
-- Up-to-date symlink: /home/sln/beginner_tutorials/install/examples_rclcpp_cbg_executor/lib/examples_rclcpp_cbg_executor/ping
-- Up-to-date symlink: /home/sln/beginner_tutorials/install/examples_rclcpp_cbg_executor/lib/examples_rclcpp_cbg_executor/pong
-- Up-to-date symlink: /home/sln/beginner_tutorials/install/examples_rclcpp_cbg_executor/lib/examples_rclcpp_cbg_executor/ping_pong
-- Up-to-date symlink: /home/sln/beginner_tutorials/install/examples_rclcpp_cbg_executor/include/examples_rclcpp_cbg_executor/ping_node.hpp
-- Up-to-date symlink: /home/sln/beginner_tutorials/install/examples_rclcpp_cbg_executor/include/examples_rclcpp_cbg_executor/pong_node.hpp
-- Up-to-date symlink: /home/sln/beginner_tutorials/install/examples_rclcpp_cbg_executor/share/ament_index/resource_index/package_run_dependencies/examples_rclcpp_cbg_executor
-- Up-to-date symlink: /home/sln/beginner_tutorials/install/examples_rclcpp_cbg_executor/share/ament_index/resource_index/parent_prefix_path/examples_rclcpp_cbg_executor
-- Up-to-date symlink: /home/sln/beginner_tutorials/install/examples_rclcpp_cbg_executor/share/examples_rclcpp_cbg_executor/environment/ament_prefix_path.sh
-- Up-to-date symlink: /home/sln/beginner_tutorials/install/examples_rclcpp_cbg_executor/share/examples_rclcpp_cbg_executor/environment/ament_prefix_path.dsv
-- Up-to-date symlink: /home/sln/beginner_tutorials/install/examples_rclcpp_cbg_executor/share/examples_rclcpp_cbg_executor/environment/path.sh
-- Up-to-date symlink: /home/sln/beginner_tutorials/install/examples_rclcpp_cbg_executor/share/examples_rclcpp_cbg_executor/environment/path.dsv
-- Up-to-date symlink: /home/sln/beginner_tutorials/install/examples_rclcpp_cbg_executor/share/examples_rclcpp_cbg_executor/local_setup.bash
-- Up-to-date symlink: /home/sln/beginner_tutorials/install/examples_rclcpp_cbg_executor/share/examples_rclcpp_cbg_executor/local_setup.sh
-- Up-to-date symlink: /home/sln/beginner_tutorials/install/examples_rclcpp_cbg_executor/share/examples_rclcpp_cbg_executor/local_setup.zsh
-- Up-to-date symlink: /home/sln/beginner_tutorials/install/examples_rclcpp_cbg_executor/share/examples_rclcpp_cbg_executor/local_setup.dsv
-- Symlinking: /home/sln/beginner_tutorials/install/examples_rclcpp_cbg_executor/share/examples_rclcpp_cbg_executor/package.dsv
-- Up-to-date symlink: /home/sln/beginner_tutorials/install/examples_rclcpp_cbg_executor/share/ament_index/resource_index/packages/examples_rclcpp_cbg_executor
-- Up-to-date symlink: /home/sln/beginner_tutorials/install/examples_rclcpp_cbg_executor/share/examples_rclcpp_cbg_executor/cmake/ament_cmake_export_dependencies-extras.cmake
-- Up-to-date symlink: /home/sln/beginner_tutorials/install/examples_rclcpp_cbg_executor/share/examples_rclcpp_cbg_executor/cmake/examples_rclcpp_cbg_executorConfig.cmake
-- Up-to-date symlink: /home/sln/beginner_tutorials/install/examples_rclcpp_cbg_executor/share/examples_rclcpp_cbg_executor/cmake/examples_rclcpp_cbg_executorConfig-version.cmake
-- Up-to-date symlink: /home/sln/beginner_tutorials/install/examples_rclcpp_cbg_executor/share/examples_rclcpp_cbg_executor/package.xml
