[5.861s] Invoking command in '/home/sln/beginner_tutorials/build/examples_rclpy_minimal_action_client': PYTHONPATH=/home/sln/beginner_tutorials/install/examples_rclpy_minimal_action_client/lib/python3.8/site-packages:${PYTHONPATH} /usr/bin/python3 setup.py develop --prefix /home/sln/beginner_tutorials/install/examples_rclpy_minimal_action_client --uninstall --editable --build-directory /home/sln/beginner_tutorials/build/examples_rclpy_minimal_action_client/build
[7.376s] running develop
[8.762s] Invoked command in '/home/sln/beginner_tutorials/build/examples_rclpy_minimal_action_client' returned '0': PYTHONPATH=/home/sln/beginner_tutorials/install/examples_rclpy_minimal_action_client/lib/python3.8/site-packages:${PYTHONPATH} /usr/bin/python3 setup.py develop --prefix /home/sln/beginner_tutorials/install/examples_rclpy_minimal_action_client --uninstall --editable --build-directory /home/sln/beginner_tutorials/build/examples_rclpy_minimal_action_client/build
[8.766s] Invoking command in '/home/sln/beginner_tutorials/src/examples/rclpy/actions/minimal_action_client': PYTHONPATH=/home/sln/beginner_tutorials/install/examples_rclpy_minimal_action_client/lib/python3.8/site-packages:${PYTHONPATH} /usr/bin/python3 setup.py egg_info --egg-base ../../../../../build/examples_rclpy_minimal_action_client build --build-base /home/sln/beginner_tutorials/build/examples_rclpy_minimal_action_client/build install --prefix /home/sln/beginner_tutorials/install/examples_rclpy_minimal_action_client --record /home/sln/beginner_tutorials/build/examples_rclpy_minimal_action_client/install.log --single-version-externally-managed
[10.292s] running egg_info
[10.293s] writing ../../../../../build/examples_rclpy_minimal_action_client/examples_rclpy_minimal_action_client.egg-info/PKG-INFO
[10.294s] writing dependency_links to ../../../../../build/examples_rclpy_minimal_action_client/examples_rclpy_minimal_action_client.egg-info/dependency_links.txt
[10.295s] writing entry points to ../../../../../build/examples_rclpy_minimal_action_client/examples_rclpy_minimal_action_client.egg-info/entry_points.txt
[10.296s] writing requirements to ../../../../../build/examples_rclpy_minimal_action_client/examples_rclpy_minimal_action_client.egg-info/requires.txt
[10.297s] writing top-level names to ../../../../../build/examples_rclpy_minimal_action_client/examples_rclpy_minimal_action_client.egg-info/top_level.txt
[10.385s] reading manifest file '../../../../../build/examples_rclpy_minimal_action_client/examples_rclpy_minimal_action_client.egg-info/SOURCES.txt'
[10.388s] writing manifest file '../../../../../build/examples_rclpy_minimal_action_client/examples_rclpy_minimal_action_client.egg-info/SOURCES.txt'
[10.388s] running build
[10.388s] running build_py
[10.390s] running install
[10.395s] running install_lib
[10.405s] running install_data
[10.409s] running install_egg_info
[10.423s] removing '/home/sln/beginner_tutorials/install/examples_rclpy_minimal_action_client/lib/python3.8/site-packages/examples_rclpy_minimal_action_client-0.15.1-py3.8.egg-info' (and everything under it)
[10.424s] Copying ../../../../../build/examples_rclpy_minimal_action_client/examples_rclpy_minimal_action_client.egg-info to /home/sln/beginner_tutorials/install/examples_rclpy_minimal_action_client/lib/python3.8/site-packages/examples_rclpy_minimal_action_client-0.15.1-py3.8.egg-info
[10.426s] running install_scripts
[10.519s] Installing client script to /home/sln/beginner_tutorials/install/examples_rclpy_minimal_action_client/lib/examples_rclpy_minimal_action_client
[10.519s] Installing client_asyncio script to /home/sln/beginner_tutorials/install/examples_rclpy_minimal_action_client/lib/examples_rclpy_minimal_action_client
[10.520s] Installing client_cancel script to /home/sln/beginner_tutorials/install/examples_rclpy_minimal_action_client/lib/examples_rclpy_minimal_action_client
[10.521s] Installing client_not_composable script to /home/sln/beginner_tutorials/install/examples_rclpy_minimal_action_client/lib/examples_rclpy_minimal_action_client
[10.522s] writing list of installed files to '/home/sln/beginner_tutorials/build/examples_rclpy_minimal_action_client/install.log'
[10.690s] Invoked command in '/home/sln/beginner_tutorials/src/examples/rclpy/actions/minimal_action_client' returned '0': PYTHONPATH=/home/sln/beginner_tutorials/install/examples_rclpy_minimal_action_client/lib/python3.8/site-packages:${PYTHONPATH} /usr/bin/python3 setup.py egg_info --egg-base ../../../../../build/examples_rclpy_minimal_action_client build --build-base /home/sln/beginner_tutorials/build/examples_rclpy_minimal_action_client/build install --prefix /home/sln/beginner_tutorials/install/examples_rclpy_minimal_action_client --record /home/sln/beginner_tutorials/build/examples_rclpy_minimal_action_client/install.log --single-version-externally-managed
