[5.142s] Invoking command in '/home/sln/beginner_tutorials/build/examples_rclpy_minimal_publisher': PYTHONPATH=/home/sln/beginner_tutorials/install/examples_rclpy_minimal_publisher/lib/python3.8/site-packages:${PYTHONPATH} /usr/bin/python3 setup.py develop --prefix /home/sln/beginner_tutorials/install/examples_rclpy_minimal_publisher --editable --build-directory /home/sln/beginner_tutorials/build/examples_rclpy_minimal_publisher/build --no-deps install_data --install-dir /home/sln/beginner_tutorials/install/examples_rclpy_minimal_publisher
[6.837s] running develop
[7.300s] running egg_info
[7.301s] creating examples_rclpy_minimal_publisher.egg-info
[7.302s] writing examples_rclpy_minimal_publisher.egg-info/PKG-INFO
[7.302s] writing dependency_links to examples_rclpy_minimal_publisher.egg-info/dependency_links.txt
[7.303s] writing entry points to examples_rclpy_minimal_publisher.egg-info/entry_points.txt
[7.303s] writing requirements to examples_rclpy_minimal_publisher.egg-info/requires.txt
[7.303s] writing top-level names to examples_rclpy_minimal_publisher.egg-info/top_level.txt
[7.304s] writing manifest file 'examples_rclpy_minimal_publisher.egg-info/SOURCES.txt'
[7.376s] reading manifest file 'examples_rclpy_minimal_publisher.egg-info/SOURCES.txt'
[7.377s] writing manifest file 'examples_rclpy_minimal_publisher.egg-info/SOURCES.txt'
[7.390s] running build_ext
[7.390s] Creating /home/sln/beginner_tutorials/install/examples_rclpy_minimal_publisher/lib/python3.8/site-packages/site.py
[7.398s] Creating /home/sln/beginner_tutorials/install/examples_rclpy_minimal_publisher/lib/python3.8/site-packages/examples-rclpy-minimal-publisher.egg-link (link to .)
[7.399s] Installing publisher_local_function script to /home/sln/beginner_tutorials/install/examples_rclpy_minimal_publisher/lib/examples_rclpy_minimal_publisher
[7.400s] Installing publisher_member_function script to /home/sln/beginner_tutorials/install/examples_rclpy_minimal_publisher/lib/examples_rclpy_minimal_publisher
[7.401s] Installing publisher_old_school script to /home/sln/beginner_tutorials/install/examples_rclpy_minimal_publisher/lib/examples_rclpy_minimal_publisher
[7.401s] 
[7.401s] Installed /home/sln/beginner_tutorials/build/examples_rclpy_minimal_publisher
[7.402s] running install_data
[7.402s] creating /home/sln/beginner_tutorials/install/examples_rclpy_minimal_publisher/share/ament_index
[7.403s] creating /home/sln/beginner_tutorials/install/examples_rclpy_minimal_publisher/share/ament_index/resource_index
[7.403s] creating /home/sln/beginner_tutorials/install/examples_rclpy_minimal_publisher/share/ament_index/resource_index/packages
[7.403s] copying resource/examples_rclpy_minimal_publisher -> /home/sln/beginner_tutorials/install/examples_rclpy_minimal_publisher/share/ament_index/resource_index/packages
[7.404s] copying package.xml -> /home/sln/beginner_tutorials/install/examples_rclpy_minimal_publisher/share/examples_rclpy_minimal_publisher
[7.457s] Invoked command in '/home/sln/beginner_tutorials/build/examples_rclpy_minimal_publisher' returned '0': PYTHONPATH=/home/sln/beginner_tutorials/install/examples_rclpy_minimal_publisher/lib/python3.8/site-packages:${PYTHONPATH} /usr/bin/python3 setup.py develop --prefix /home/sln/beginner_tutorials/install/examples_rclpy_minimal_publisher --editable --build-directory /home/sln/beginner_tutorials/build/examples_rclpy_minimal_publisher/build --no-deps install_data --install-dir /home/sln/beginner_tutorials/install/examples_rclpy_minimal_publisher
