running develop
Removing /home/sln/beginner_tutorials/install/examples_rclpy_minimal_client/lib/python3.8/site-packages/examples-rclpy-minimal-client.egg-link (link to .)
running egg_info
writing ../../../../../build/examples_rclpy_minimal_client/examples_rclpy_minimal_client.egg-info/PKG-INFO
writing dependency_links to ../../../../../build/examples_rclpy_minimal_client/examples_rclpy_minimal_client.egg-info/dependency_links.txt
writing entry points to ../../../../../build/examples_rclpy_minimal_client/examples_rclpy_minimal_client.egg-info/entry_points.txt
writing requirements to ../../../../../build/examples_rclpy_minimal_client/examples_rclpy_minimal_client.egg-info/requires.txt
writing top-level names to ../../../../../build/examples_rclpy_minimal_client/examples_rclpy_minimal_client.egg-info/top_level.txt
reading manifest file '../../../../../build/examples_rclpy_minimal_client/examples_rclpy_minimal_client.egg-info/SOURCES.txt'
writing manifest file '../../../../../build/examples_rclpy_minimal_client/examples_rclpy_minimal_client.egg-info/SOURCES.txt'
running build
running build_py
creating /home/sln/beginner_tutorials/build/examples_rclpy_minimal_client/build
creating /home/sln/beginner_tutorials/build/examples_rclpy_minimal_client/build/lib
creating /home/sln/beginner_tutorials/build/examples_rclpy_minimal_client/build/lib/examples_rclpy_minimal_client
copying examples_rclpy_minimal_client/client_async_callback.py -> /home/sln/beginner_tutorials/build/examples_rclpy_minimal_client/build/lib/examples_rclpy_minimal_client
copying examples_rclpy_minimal_client/__init__.py -> /home/sln/beginner_tutorials/build/examples_rclpy_minimal_client/build/lib/examples_rclpy_minimal_client
copying examples_rclpy_minimal_client/client_async.py -> /home/sln/beginner_tutorials/build/examples_rclpy_minimal_client/build/lib/examples_rclpy_minimal_client
copying examples_rclpy_minimal_client/client_async_member_function.py -> /home/sln/beginner_tutorials/build/examples_rclpy_minimal_client/build/lib/examples_rclpy_minimal_client
copying examples_rclpy_minimal_client/client.py -> /home/sln/beginner_tutorials/build/examples_rclpy_minimal_client/build/lib/examples_rclpy_minimal_client
running install
running install_lib
creating /home/sln/beginner_tutorials/install/examples_rclpy_minimal_client/lib/python3.8/site-packages/examples_rclpy_minimal_client
copying /home/sln/beginner_tutorials/build/examples_rclpy_minimal_client/build/lib/examples_rclpy_minimal_client/client_async_callback.py -> /home/sln/beginner_tutorials/install/examples_rclpy_minimal_client/lib/python3.8/site-packages/examples_rclpy_minimal_client
copying /home/sln/beginner_tutorials/build/examples_rclpy_minimal_client/build/lib/examples_rclpy_minimal_client/__init__.py -> /home/sln/beginner_tutorials/install/examples_rclpy_minimal_client/lib/python3.8/site-packages/examples_rclpy_minimal_client
copying /home/sln/beginner_tutorials/build/examples_rclpy_minimal_client/build/lib/examples_rclpy_minimal_client/client_async.py -> /home/sln/beginner_tutorials/install/examples_rclpy_minimal_client/lib/python3.8/site-packages/examples_rclpy_minimal_client
copying /home/sln/beginner_tutorials/build/examples_rclpy_minimal_client/build/lib/examples_rclpy_minimal_client/client_async_member_function.py -> /home/sln/beginner_tutorials/install/examples_rclpy_minimal_client/lib/python3.8/site-packages/examples_rclpy_minimal_client
copying /home/sln/beginner_tutorials/build/examples_rclpy_minimal_client/build/lib/examples_rclpy_minimal_client/client.py -> /home/sln/beginner_tutorials/install/examples_rclpy_minimal_client/lib/python3.8/site-packages/examples_rclpy_minimal_client
byte-compiling /home/sln/beginner_tutorials/install/examples_rclpy_minimal_client/lib/python3.8/site-packages/examples_rclpy_minimal_client/client_async_callback.py to client_async_callback.cpython-38.pyc
byte-compiling /home/sln/beginner_tutorials/install/examples_rclpy_minimal_client/lib/python3.8/site-packages/examples_rclpy_minimal_client/__init__.py to __init__.cpython-38.pyc
byte-compiling /home/sln/beginner_tutorials/install/examples_rclpy_minimal_client/lib/python3.8/site-packages/examples_rclpy_minimal_client/client_async.py to client_async.cpython-38.pyc
byte-compiling /home/sln/beginner_tutorials/install/examples_rclpy_minimal_client/lib/python3.8/site-packages/examples_rclpy_minimal_client/client_async_member_function.py to client_async_member_function.cpython-38.pyc
byte-compiling /home/sln/beginner_tutorials/install/examples_rclpy_minimal_client/lib/python3.8/site-packages/examples_rclpy_minimal_client/client.py to client.cpython-38.pyc
running install_data
running install_egg_info
Copying ../../../../../build/examples_rclpy_minimal_client/examples_rclpy_minimal_client.egg-info to /home/sln/beginner_tutorials/install/examples_rclpy_minimal_client/lib/python3.8/site-packages/examples_rclpy_minimal_client-0.15.1-py3.8.egg-info
running install_scripts
Installing client script to /home/sln/beginner_tutorials/install/examples_rclpy_minimal_client/lib/examples_rclpy_minimal_client
Installing client_async script to /home/sln/beginner_tutorials/install/examples_rclpy_minimal_client/lib/examples_rclpy_minimal_client
Installing client_async_callback script to /home/sln/beginner_tutorials/install/examples_rclpy_minimal_client/lib/examples_rclpy_minimal_client
Installing client_async_member_function script to /home/sln/beginner_tutorials/install/examples_rclpy_minimal_client/lib/examples_rclpy_minimal_client
writing list of installed files to '/home/sln/beginner_tutorials/build/examples_rclpy_minimal_client/install.log'
