[1.802s] Invoking command in '/home/sln/beginner_tutorials/src/py_pubsub': PYTHONPATH=/home/sln/beginner_tutorials/install/py_pubsub/lib/python3.8/site-packages:${PYTHONPATH} /usr/bin/python3 setup.py egg_info --egg-base ../../build/py_pubsub build --build-base /home/sln/beginner_tutorials/build/py_pubsub/build install --prefix /home/sln/beginner_tutorials/install/py_pubsub --record /home/sln/beginner_tutorials/build/py_pubsub/install.log --single-version-externally-managed
[2.561s] running egg_info
[2.562s] writing ../../build/py_pubsub/py_pubsub.egg-info/PKG-INFO
[2.562s] writing dependency_links to ../../build/py_pubsub/py_pubsub.egg-info/dependency_links.txt
[2.562s] writing entry points to ../../build/py_pubsub/py_pubsub.egg-info/entry_points.txt
[2.563s] writing requirements to ../../build/py_pubsub/py_pubsub.egg-info/requires.txt
[2.563s] writing top-level names to ../../build/py_pubsub/py_pubsub.egg-info/top_level.txt
[2.601s] reading manifest file '../../build/py_pubsub/py_pubsub.egg-info/SOURCES.txt'
[2.602s] writing manifest file '../../build/py_pubsub/py_pubsub.egg-info/SOURCES.txt'
[2.602s] running build
[2.602s] running build_py
[2.602s] copying py_pubsub/publisher_member_function.py -> /home/sln/beginner_tutorials/build/py_pubsub/build/lib/py_pubsub
[2.602s] copying py_pubsub/subscriber_member_function.py -> /home/sln/beginner_tutorials/build/py_pubsub/build/lib/py_pubsub
[2.602s] running install
[2.605s] running install_lib
[2.606s] copying /home/sln/beginner_tutorials/build/py_pubsub/build/lib/py_pubsub/publisher_member_function.py -> /home/sln/beginner_tutorials/install/py_pubsub/lib/python3.8/site-packages/py_pubsub
[2.606s] copying /home/sln/beginner_tutorials/build/py_pubsub/build/lib/py_pubsub/subscriber_member_function.py -> /home/sln/beginner_tutorials/install/py_pubsub/lib/python3.8/site-packages/py_pubsub
[2.608s] byte-compiling /home/sln/beginner_tutorials/install/py_pubsub/lib/python3.8/site-packages/py_pubsub/publisher_member_function.py to publisher_member_function.cpython-38.pyc
[2.610s] byte-compiling /home/sln/beginner_tutorials/install/py_pubsub/lib/python3.8/site-packages/py_pubsub/subscriber_member_function.py to subscriber_member_function.cpython-38.pyc
[2.610s] running install_data
[2.611s] running install_egg_info
[2.614s] removing '/home/sln/beginner_tutorials/install/py_pubsub/lib/python3.8/site-packages/py_pubsub-0.0.0-py3.8.egg-info' (and everything under it)
[2.614s] Copying ../../build/py_pubsub/py_pubsub.egg-info to /home/sln/beginner_tutorials/install/py_pubsub/lib/python3.8/site-packages/py_pubsub-0.0.0-py3.8.egg-info
[2.615s] running install_scripts
[2.643s] Installing listener script to /home/sln/beginner_tutorials/install/py_pubsub/lib/py_pubsub
[2.644s] Installing talker script to /home/sln/beginner_tutorials/install/py_pubsub/lib/py_pubsub
[2.644s] writing list of installed files to '/home/sln/beginner_tutorials/build/py_pubsub/install.log'
[2.664s] Invoked command in '/home/sln/beginner_tutorials/src/py_pubsub' returned '0': PYTHONPATH=/home/sln/beginner_tutorials/install/py_pubsub/lib/python3.8/site-packages:${PYTHONPATH} /usr/bin/python3 setup.py egg_info --egg-base ../../build/py_pubsub build --build-base /home/sln/beginner_tutorials/build/py_pubsub/build install --prefix /home/sln/beginner_tutorials/install/py_pubsub --record /home/sln/beginner_tutorials/build/py_pubsub/install.log --single-version-externally-managed
