[2.418s] Invoking command in '/home/sln/beginner_tutorials/src/py_pubsub': PYTHONPATH=/home/sln/beginner_tutorials/install/py_pubsub/lib/python3.8/site-packages:${PYTHONPATH} /usr/bin/python3 setup.py egg_info --egg-base ../../build/py_pubsub build --build-base /home/sln/beginner_tutorials/build/py_pubsub/build install --prefix /home/sln/beginner_tutorials/install/py_pubsub --record /home/sln/beginner_tutorials/build/py_pubsub/install.log --single-version-externally-managed
[3.295s] running egg_info
[3.295s] creating ../../build/py_pubsub/py_pubsub.egg-info
[3.296s] writing ../../build/py_pubsub/py_pubsub.egg-info/PKG-INFO
[3.296s] writing dependency_links to ../../build/py_pubsub/py_pubsub.egg-info/dependency_links.txt
[3.296s] writing entry points to ../../build/py_pubsub/py_pubsub.egg-info/entry_points.txt
[3.296s] writing requirements to ../../build/py_pubsub/py_pubsub.egg-info/requires.txt
[3.297s] writing top-level names to ../../build/py_pubsub/py_pubsub.egg-info/top_level.txt
[3.297s] writing manifest file '../../build/py_pubsub/py_pubsub.egg-info/SOURCES.txt'
[3.340s] reading manifest file '../../build/py_pubsub/py_pubsub.egg-info/SOURCES.txt'
[3.341s] writing manifest file '../../build/py_pubsub/py_pubsub.egg-info/SOURCES.txt'
[3.341s] running build
[3.342s] running build_py
[3.342s] creating /home/sln/beginner_tutorials/build/py_pubsub/build
[3.342s] creating /home/sln/beginner_tutorials/build/py_pubsub/build/lib
[3.342s] creating /home/sln/beginner_tutorials/build/py_pubsub/build/lib/py_pubsub
[3.342s] copying py_pubsub/publisher_member_function.py -> /home/sln/beginner_tutorials/build/py_pubsub/build/lib/py_pubsub
[3.343s] copying py_pubsub/subscriber_member_function.py -> /home/sln/beginner_tutorials/build/py_pubsub/build/lib/py_pubsub
[3.343s] copying py_pubsub/__init__.py -> /home/sln/beginner_tutorials/build/py_pubsub/build/lib/py_pubsub
[3.343s] running install
[3.345s] running install_lib
[3.346s] creating /home/sln/beginner_tutorials/install/py_pubsub/lib/python3.8/site-packages/py_pubsub
[3.346s] copying /home/sln/beginner_tutorials/build/py_pubsub/build/lib/py_pubsub/publisher_member_function.py -> /home/sln/beginner_tutorials/install/py_pubsub/lib/python3.8/site-packages/py_pubsub
[3.347s] copying /home/sln/beginner_tutorials/build/py_pubsub/build/lib/py_pubsub/subscriber_member_function.py -> /home/sln/beginner_tutorials/install/py_pubsub/lib/python3.8/site-packages/py_pubsub
[3.347s] copying /home/sln/beginner_tutorials/build/py_pubsub/build/lib/py_pubsub/__init__.py -> /home/sln/beginner_tutorials/install/py_pubsub/lib/python3.8/site-packages/py_pubsub
[3.351s] byte-compiling /home/sln/beginner_tutorials/install/py_pubsub/lib/python3.8/site-packages/py_pubsub/publisher_member_function.py to publisher_member_function.cpython-38.pyc
[3.353s] byte-compiling /home/sln/beginner_tutorials/install/py_pubsub/lib/python3.8/site-packages/py_pubsub/subscriber_member_function.py to subscriber_member_function.cpython-38.pyc
[3.353s] byte-compiling /home/sln/beginner_tutorials/install/py_pubsub/lib/python3.8/site-packages/py_pubsub/__init__.py to __init__.cpython-38.pyc
[3.353s] running install_data
[3.354s] creating /home/sln/beginner_tutorials/install/py_pubsub/share/ament_index
[3.354s] creating /home/sln/beginner_tutorials/install/py_pubsub/share/ament_index/resource_index
[3.354s] creating /home/sln/beginner_tutorials/install/py_pubsub/share/ament_index/resource_index/packages
[3.355s] copying resource/py_pubsub -> /home/sln/beginner_tutorials/install/py_pubsub/share/ament_index/resource_index/packages
[3.355s] copying package.xml -> /home/sln/beginner_tutorials/install/py_pubsub/share/py_pubsub
[3.355s] running install_egg_info
[3.359s] Copying ../../build/py_pubsub/py_pubsub.egg-info to /home/sln/beginner_tutorials/install/py_pubsub/lib/python3.8/site-packages/py_pubsub-0.0.0-py3.8.egg-info
[3.360s] running install_scripts
[3.391s] Installing listener script to /home/sln/beginner_tutorials/install/py_pubsub/lib/py_pubsub
[3.391s] Installing talker script to /home/sln/beginner_tutorials/install/py_pubsub/lib/py_pubsub
[3.392s] writing list of installed files to '/home/sln/beginner_tutorials/build/py_pubsub/install.log'
[3.414s] Invoked command in '/home/sln/beginner_tutorials/src/py_pubsub' returned '0': PYTHONPATH=/home/sln/beginner_tutorials/install/py_pubsub/lib/python3.8/site-packages:${PYTHONPATH} /usr/bin/python3 setup.py egg_info --egg-base ../../build/py_pubsub build --build-base /home/sln/beginner_tutorials/build/py_pubsub/build install --prefix /home/sln/beginner_tutorials/install/py_pubsub --record /home/sln/beginner_tutorials/build/py_pubsub/install.log --single-version-externally-managed
