[6.554s] Invoking command in '/home/sln/beginner_tutorials/build/examples_rclpy_executors': PYTHONPATH=/home/sln/beginner_tutorials/install/examples_rclpy_executors/lib/python3.8/site-packages:${PYTHONPATH} /usr/bin/python3 setup.py develop --prefix /home/sln/beginner_tutorials/install/examples_rclpy_executors --editable --build-directory /home/sln/beginner_tutorials/build/examples_rclpy_executors/build --no-deps install_data --install-dir /home/sln/beginner_tutorials/install/examples_rclpy_executors
[8.469s] running develop
[8.901s] running egg_info
[8.901s] creating examples_rclpy_executors.egg-info
[8.901s] writing examples_rclpy_executors.egg-info/PKG-INFO
[8.902s] writing dependency_links to examples_rclpy_executors.egg-info/dependency_links.txt
[8.902s] writing entry points to examples_rclpy_executors.egg-info/entry_points.txt
[8.902s] writing requirements to examples_rclpy_executors.egg-info/requires.txt
[8.902s] writing top-level names to examples_rclpy_executors.egg-info/top_level.txt
[8.902s] writing manifest file 'examples_rclpy_executors.egg-info/SOURCES.txt'
[8.942s] reading manifest file 'examples_rclpy_executors.egg-info/SOURCES.txt'
[8.946s] writing manifest file 'examples_rclpy_executors.egg-info/SOURCES.txt'
[8.950s] running build_ext
[8.950s] Creating /home/sln/beginner_tutorials/install/examples_rclpy_executors/lib/python3.8/site-packages/site.py
[8.954s] Creating /home/sln/beginner_tutorials/install/examples_rclpy_executors/lib/python3.8/site-packages/examples-rclpy-executors.egg-link (link to .)
[8.955s] Installing callback_group script to /home/sln/beginner_tutorials/install/examples_rclpy_executors/lib/examples_rclpy_executors
[8.955s] Installing composed script to /home/sln/beginner_tutorials/install/examples_rclpy_executors/lib/examples_rclpy_executors
[8.955s] Installing custom_callback_group script to /home/sln/beginner_tutorials/install/examples_rclpy_executors/lib/examples_rclpy_executors
[8.955s] Installing custom_executor script to /home/sln/beginner_tutorials/install/examples_rclpy_executors/lib/examples_rclpy_executors
[8.956s] Installing listener script to /home/sln/beginner_tutorials/install/examples_rclpy_executors/lib/examples_rclpy_executors
[8.956s] Installing talker script to /home/sln/beginner_tutorials/install/examples_rclpy_executors/lib/examples_rclpy_executors
[8.956s] 
[8.956s] Installed /home/sln/beginner_tutorials/build/examples_rclpy_executors
[8.956s] running install_data
[8.956s] creating /home/sln/beginner_tutorials/install/examples_rclpy_executors/share/ament_index
[8.957s] creating /home/sln/beginner_tutorials/install/examples_rclpy_executors/share/ament_index/resource_index
[8.957s] creating /home/sln/beginner_tutorials/install/examples_rclpy_executors/share/ament_index/resource_index/packages
[8.957s] copying resource/examples_rclpy_executors -> /home/sln/beginner_tutorials/install/examples_rclpy_executors/share/ament_index/resource_index/packages
[8.957s] copying package.xml -> /home/sln/beginner_tutorials/install/examples_rclpy_executors/share/examples_rclpy_executors
[8.997s] Invoked command in '/home/sln/beginner_tutorials/build/examples_rclpy_executors' returned '0': PYTHONPATH=/home/sln/beginner_tutorials/install/examples_rclpy_executors/lib/python3.8/site-packages:${PYTHONPATH} /usr/bin/python3 setup.py develop --prefix /home/sln/beginner_tutorials/install/examples_rclpy_executors --editable --build-directory /home/sln/beginner_tutorials/build/examples_rclpy_executors/build --no-deps install_data --install-dir /home/sln/beginner_tutorials/install/examples_rclpy_executors
