[0.250s] DEBUG:colcon:Command line arguments: ['/usr/bin/colcon', 'build', '--packages-select', 'cpp_srvcli']
[0.251s] DEBUG:colcon:Parsed command line arguments: Namespace(allow_overriding=[], ament_cmake_args=None, base_paths=['.'], build_base='build', catkin_cmake_args=None, catkin_skip_building_tests=False, cmake_args=None, cmake_clean_cache=False, cmake_clean_first=False, cmake_force_configure=False, cmake_target=None, cmake_target_skip_unavailable=False, continue_on_error=False, event_handlers=None, executor='parallel', ignore_user_meta=False, install_base='install', log_base=None, log_level=None, main=<bound method BuildVerb.main of <colcon_core.verb.build.BuildVerb object at 0x7f8d59742cd0>>, merge_install=False, metas=['./colcon.meta'], packages_above=None, packages_above_and_dependencies=None, packages_above_depth=None, packages_end=None, packages_ignore=None, packages_ignore_regex=None, packages_select=['cpp_srvcli'], packages_select_build_failed=False, packages_select_by_dep=None, packages_select_regex=None, packages_select_test_failures=False, packages_skip=None, packages_skip_build_finished=False, packages_skip_by_dep=None, packages_skip_regex=None, packages_skip_test_passed=False, packages_skip_up_to=None, packages_start=None, packages_up_to=None, packages_up_to_regex=None, parallel_workers=8, paths=None, symlink_install=False, test_result_base=None, verb_extension=<colcon_core.verb.build.BuildVerb object at 0x7f8d59742cd0>, verb_name='build', verb_parser=<colcon_defaults.argument_parser.defaults.DefaultArgumentsDecorator object at 0x7f8d5974d280>)
[0.298s] Level 1:colcon.colcon_core.package_discovery:discover_packages(colcon_meta) check parameters
[0.298s] Level 1:colcon.colcon_core.package_discovery:discover_packages(recursive) check parameters
[0.298s] Level 1:colcon.colcon_core.package_discovery:discover_packages(ignore) check parameters
[0.298s] Level 1:colcon.colcon_core.package_discovery:discover_packages(path) check parameters
[0.298s] Level 1:colcon.colcon_core.package_discovery:discover_packages(colcon_meta) discover
[0.298s] Level 1:colcon.colcon_core.package_discovery:discover_packages(recursive) discover
[0.298s] INFO:colcon.colcon_core.package_discovery:Crawling recursively for packages in '/home/sln/beginner_tutorials'
[0.298s] Level 1:colcon.colcon_core.package_identification:_identify(.) by extensions ['ignore', 'ignore_ament_install']
[0.298s] Level 1:colcon.colcon_core.package_identification:_identify(.) by extension 'ignore'
[0.298s] Level 1:colcon.colcon_core.package_identification:_identify(.) by extension 'ignore_ament_install'
[0.298s] Level 1:colcon.colcon_core.package_identification:_identify(.) by extensions ['colcon_pkg']
[0.298s] Level 1:colcon.colcon_core.package_identification:_identify(.) by extension 'colcon_pkg'
[0.299s] Level 1:colcon.colcon_core.package_identification:_identify(.) by extensions ['colcon_meta']
[0.299s] Level 1:colcon.colcon_core.package_identification:_identify(.) by extension 'colcon_meta'
[0.299s] Level 1:colcon.colcon_core.package_identification:_identify(.) by extensions ['ros']
[0.299s] Level 1:colcon.colcon_core.package_identification:_identify(.) by extension 'ros'
[0.321s] Level 1:colcon.colcon_core.package_identification:_identify(.) by extensions ['cmake', 'python']
[0.321s] Level 1:colcon.colcon_core.package_identification:_identify(.) by extension 'cmake'
[0.321s] Level 1:colcon.colcon_core.package_identification:_identify(.) by extension 'python'
[0.321s] Level 1:colcon.colcon_core.package_identification:_identify(.) by extensions ['python_setup_py']
[0.321s] Level 1:colcon.colcon_core.package_identification:_identify(.) by extension 'python_setup_py'
[0.321s] Level 1:colcon.colcon_core.package_identification:_identify(build) by extensions ['ignore', 'ignore_ament_install']
[0.321s] Level 1:colcon.colcon_core.package_identification:_identify(build) by extension 'ignore'
[0.321s] Level 1:colcon.colcon_core.package_identification:_identify(build) ignored
[0.321s] Level 1:colcon.colcon_core.package_identification:_identify(install) by extensions ['ignore', 'ignore_ament_install']
[0.321s] Level 1:colcon.colcon_core.package_identification:_identify(install) by extension 'ignore'
[0.321s] Level 1:colcon.colcon_core.package_identification:_identify(install) ignored
[0.321s] Level 1:colcon.colcon_core.package_identification:_identify(log) by extensions ['ignore', 'ignore_ament_install']
[0.322s] Level 1:colcon.colcon_core.package_identification:_identify(log) by extension 'ignore'
[0.322s] Level 1:colcon.colcon_core.package_identification:_identify(log) ignored
[0.322s] Level 1:colcon.colcon_core.package_identification:_identify(src) by extensions ['ignore', 'ignore_ament_install']
[0.322s] Level 1:colcon.colcon_core.package_identification:_identify(src) by extension 'ignore'
[0.322s] Level 1:colcon.colcon_core.package_identification:_identify(src) by extension 'ignore_ament_install'
[0.322s] Level 1:colcon.colcon_core.package_identification:_identify(src) by extensions ['colcon_pkg']
[0.322s] Level 1:colcon.colcon_core.package_identification:_identify(src) by extension 'colcon_pkg'
[0.322s] Level 1:colcon.colcon_core.package_identification:_identify(src) by extensions ['colcon_meta']
[0.322s] Level 1:colcon.colcon_core.package_identification:_identify(src) by extension 'colcon_meta'
[0.322s] Level 1:colcon.colcon_core.package_identification:_identify(src) by extensions ['ros']
[0.322s] Level 1:colcon.colcon_core.package_identification:_identify(src) by extension 'ros'
[0.322s] Level 1:colcon.colcon_core.package_identification:_identify(src) by extensions ['cmake', 'python']
[0.322s] Level 1:colcon.colcon_core.package_identification:_identify(src) by extension 'cmake'
[0.322s] Level 1:colcon.colcon_core.package_identification:_identify(src) by extension 'python'
[0.322s] Level 1:colcon.colcon_core.package_identification:_identify(src) by extensions ['python_setup_py']
[0.322s] Level 1:colcon.colcon_core.package_identification:_identify(src) by extension 'python_setup_py'
[0.322s] Level 1:colcon.colcon_core.package_identification:_identify(src/cpp_pubsub) by extensions ['ignore', 'ignore_ament_install']
[0.323s] Level 1:colcon.colcon_core.package_identification:_identify(src/cpp_pubsub) by extension 'ignore'
[0.323s] Level 1:colcon.colcon_core.package_identification:_identify(src/cpp_pubsub) by extension 'ignore_ament_install'
[0.323s] Level 1:colcon.colcon_core.package_identification:_identify(src/cpp_pubsub) by extensions ['colcon_pkg']
[0.323s] Level 1:colcon.colcon_core.package_identification:_identify(src/cpp_pubsub) by extension 'colcon_pkg'
[0.323s] Level 1:colcon.colcon_core.package_identification:_identify(src/cpp_pubsub) by extensions ['colcon_meta']
[0.323s] Level 1:colcon.colcon_core.package_identification:_identify(src/cpp_pubsub) by extension 'colcon_meta'
[0.323s] Level 1:colcon.colcon_core.package_identification:_identify(src/cpp_pubsub) by extensions ['ros']
[0.323s] Level 1:colcon.colcon_core.package_identification:_identify(src/cpp_pubsub) by extension 'ros'
[0.326s] DEBUG:colcon.colcon_core.package_identification:Package 'src/cpp_pubsub' with type 'ros.ament_cmake' and name 'cpp_pubsub'
[0.326s] Level 1:colcon.colcon_core.package_identification:_identify(src/cpp_srvcli) by extensions ['ignore', 'ignore_ament_install']
[0.326s] Level 1:colcon.colcon_core.package_identification:_identify(src/cpp_srvcli) by extension 'ignore'
[0.326s] Level 1:colcon.colcon_core.package_identification:_identify(src/cpp_srvcli) by extension 'ignore_ament_install'
[0.326s] Level 1:colcon.colcon_core.package_identification:_identify(src/cpp_srvcli) by extensions ['colcon_pkg']
[0.326s] Level 1:colcon.colcon_core.package_identification:_identify(src/cpp_srvcli) by extension 'colcon_pkg'
[0.326s] Level 1:colcon.colcon_core.package_identification:_identify(src/cpp_srvcli) by extensions ['colcon_meta']
[0.326s] Level 1:colcon.colcon_core.package_identification:_identify(src/cpp_srvcli) by extension 'colcon_meta'
[0.327s] Level 1:colcon.colcon_core.package_identification:_identify(src/cpp_srvcli) by extensions ['ros']
[0.327s] Level 1:colcon.colcon_core.package_identification:_identify(src/cpp_srvcli) by extension 'ros'
[0.327s] DEBUG:colcon.colcon_core.package_identification:Package 'src/cpp_srvcli' with type 'ros.ament_cmake' and name 'cpp_srvcli'
[0.327s] Level 1:colcon.colcon_core.package_identification:_identify(src/my_package) by extensions ['ignore', 'ignore_ament_install']
[0.327s] Level 1:colcon.colcon_core.package_identification:_identify(src/my_package) by extension 'ignore'
[0.327s] Level 1:colcon.colcon_core.package_identification:_identify(src/my_package) by extension 'ignore_ament_install'
[0.327s] Level 1:colcon.colcon_core.package_identification:_identify(src/my_package) by extensions ['colcon_pkg']
[0.327s] Level 1:colcon.colcon_core.package_identification:_identify(src/my_package) by extension 'colcon_pkg'
[0.327s] Level 1:colcon.colcon_core.package_identification:_identify(src/my_package) by extensions ['colcon_meta']
[0.328s] Level 1:colcon.colcon_core.package_identification:_identify(src/my_package) by extension 'colcon_meta'
[0.328s] Level 1:colcon.colcon_core.package_identification:_identify(src/my_package) by extensions ['ros']
[0.328s] Level 1:colcon.colcon_core.package_identification:_identify(src/my_package) by extension 'ros'
[0.328s] DEBUG:colcon.colcon_core.package_identification:Package 'src/my_package' with type 'ros.ament_cmake' and name 'my_package'
[0.328s] Level 1:colcon.colcon_core.package_identification:_identify(src/py_pubsub) by extensions ['ignore', 'ignore_ament_install']
[0.328s] Level 1:colcon.colcon_core.package_identification:_identify(src/py_pubsub) by extension 'ignore'
[0.328s] Level 1:colcon.colcon_core.package_identification:_identify(src/py_pubsub) by extension 'ignore_ament_install'
[0.328s] Level 1:colcon.colcon_core.package_identification:_identify(src/py_pubsub) by extensions ['colcon_pkg']
[0.328s] Level 1:colcon.colcon_core.package_identification:_identify(src/py_pubsub) by extension 'colcon_pkg'
[0.328s] Level 1:colcon.colcon_core.package_identification:_identify(src/py_pubsub) by extensions ['colcon_meta']
[0.328s] Level 1:colcon.colcon_core.package_identification:_identify(src/py_pubsub) by extension 'colcon_meta'
[0.329s] Level 1:colcon.colcon_core.package_identification:_identify(src/py_pubsub) by extensions ['ros']
[0.329s] Level 1:colcon.colcon_core.package_identification:_identify(src/py_pubsub) by extension 'ros'
[0.329s] DEBUG:colcon.colcon_core.package_identification:Package 'src/py_pubsub' with type 'ros.ament_python' and name 'py_pubsub'
[0.329s] Level 1:colcon.colcon_core.package_identification:_identify(src/understanding_params) by extensions ['ignore', 'ignore_ament_install']
[0.329s] Level 1:colcon.colcon_core.package_identification:_identify(src/understanding_params) by extension 'ignore'
[0.329s] Level 1:colcon.colcon_core.package_identification:_identify(src/understanding_params) by extension 'ignore_ament_install'
[0.329s] Level 1:colcon.colcon_core.package_identification:_identify(src/understanding_params) by extensions ['colcon_pkg']
[0.329s] Level 1:colcon.colcon_core.package_identification:_identify(src/understanding_params) by extension 'colcon_pkg'
[0.329s] Level 1:colcon.colcon_core.package_identification:_identify(src/understanding_params) by extensions ['colcon_meta']
[0.329s] Level 1:colcon.colcon_core.package_identification:_identify(src/understanding_params) by extension 'colcon_meta'
[0.330s] Level 1:colcon.colcon_core.package_identification:_identify(src/understanding_params) by extensions ['ros']
[0.330s] Level 1:colcon.colcon_core.package_identification:_identify(src/understanding_params) by extension 'ros'
[0.330s] Level 1:colcon.colcon_core.package_identification:_identify(src/understanding_params) by extensions ['cmake', 'python']
[0.330s] Level 1:colcon.colcon_core.package_identification:_identify(src/understanding_params) by extension 'cmake'
[0.330s] Level 1:colcon.colcon_core.package_identification:_identify(src/understanding_params) by extension 'python'
[0.330s] Level 1:colcon.colcon_core.package_identification:_identify(src/understanding_params) by extensions ['python_setup_py']
[0.330s] Level 1:colcon.colcon_core.package_identification:_identify(src/understanding_params) by extension 'python_setup_py'
[0.330s] Level 1:colcon.colcon_core.package_discovery:discover_packages(recursive) using defaults
[0.330s] Level 1:colcon.colcon_core.package_discovery:discover_packages(ignore) discover
[0.330s] Level 1:colcon.colcon_core.package_discovery:discover_packages(ignore) using defaults
[0.330s] Level 1:colcon.colcon_core.package_discovery:discover_packages(path) discover
[0.330s] Level 1:colcon.colcon_core.package_discovery:discover_packages(path) using defaults
[0.410s] INFO:colcon.colcon_core.package_selection:Skipping not selected package 'cpp_pubsub' in 'src/cpp_pubsub'
[0.410s] INFO:colcon.colcon_core.package_selection:Skipping not selected package 'my_package' in 'src/my_package'
[0.410s] INFO:colcon.colcon_core.package_selection:Skipping not selected package 'py_pubsub' in 'src/py_pubsub'
[0.412s] Level 1:colcon.colcon_core.package_discovery:discover_packages(prefix_path) check parameters
[0.412s] Level 1:colcon.colcon_core.package_discovery:discover_packages(prefix_path) discover
[0.449s] DEBUG:colcon.colcon_installed_package_information.package_discovery:Found 340 installed packages in /home/sln/ros2_humble/install
[0.451s] Level 1:colcon.colcon_core.package_discovery:discover_packages(prefix_path) using defaults
[0.496s] Level 5:colcon.colcon_core.verb:set package 'cpp_srvcli' build argument 'cmake_args' from command line to 'None'
[0.496s] Level 5:colcon.colcon_core.verb:set package 'cpp_srvcli' build argument 'cmake_target' from command line to 'None'
[0.496s] Level 5:colcon.colcon_core.verb:set package 'cpp_srvcli' build argument 'cmake_target_skip_unavailable' from command line to 'False'
[0.496s] Level 5:colcon.colcon_core.verb:set package 'cpp_srvcli' build argument 'cmake_clean_cache' from command line to 'False'
[0.496s] Level 5:colcon.colcon_core.verb:set package 'cpp_srvcli' build argument 'cmake_clean_first' from command line to 'False'
[0.496s] Level 5:colcon.colcon_core.verb:set package 'cpp_srvcli' build argument 'cmake_force_configure' from command line to 'False'
[0.496s] Level 5:colcon.colcon_core.verb:set package 'cpp_srvcli' build argument 'ament_cmake_args' from command line to 'None'
[0.496s] Level 5:colcon.colcon_core.verb:set package 'cpp_srvcli' build argument 'catkin_cmake_args' from command line to 'None'
[0.496s] Level 5:colcon.colcon_core.verb:set package 'cpp_srvcli' build argument 'catkin_skip_building_tests' from command line to 'False'
[0.496s] DEBUG:colcon.colcon_core.verb:Building package 'cpp_srvcli' with the following arguments: {'ament_cmake_args': None, 'build_base': '/home/sln/beginner_tutorials/build/cpp_srvcli', 'catkin_cmake_args': None, 'catkin_skip_building_tests': False, 'cmake_args': None, 'cmake_clean_cache': False, 'cmake_clean_first': False, 'cmake_force_configure': False, 'cmake_target': None, 'cmake_target_skip_unavailable': False, 'install_base': '/home/sln/beginner_tutorials/install/cpp_srvcli', 'merge_install': False, 'path': '/home/sln/beginner_tutorials/src/cpp_srvcli', 'symlink_install': False, 'test_result_base': None}
[0.498s] INFO:colcon.colcon_core.executor:Executing jobs using 'parallel' executor
[0.509s] DEBUG:colcon.colcon_parallel_executor.executor.parallel:run_until_complete
[0.509s] INFO:colcon.colcon_ros.task.ament_cmake.build:Building ROS package in '/home/sln/beginner_tutorials/src/cpp_srvcli' with build type 'ament_cmake'
[0.509s] INFO:colcon.colcon_cmake.task.cmake.build:Building CMake package in '/home/sln/beginner_tutorials/src/cpp_srvcli'
[0.520s] INFO:colcon.colcon_core.plugin_system:Skipping extension 'colcon_core.shell.bat': Not used on non-Windows systems
[0.521s] INFO:colcon.colcon_core.shell:Skip shell extension 'powershell' for command environment: Not usable outside of PowerShell
[0.521s] DEBUG:colcon.colcon_core.shell:Skip shell extension 'dsv' for command environment
[0.566s] DEBUG:colcon.colcon_core.event_handler.log_command:Invoking command in '/home/sln/beginner_tutorials/build/cpp_srvcli': CMAKE_PREFIX_PATH=${CMAKE_PREFIX_PATH}:/home/sln/ros2_humble/install/rqt_bag_plugins:/home/sln/ros2_humble/install/rqt_bag:/home/sln/ros2_humble/install/ros2bag:/home/sln/ros2_humble/install/tracetools_test:/home/sln/ros2_humble/install/tracetools_launch:/home/sln/ros2_humble/install/topic_monitor:/home/sln/ros2_humble/install/tf2_tools:/home/sln/ros2_humble/install/examples_tf2_py:/home/sln/ros2_humble/install/tf2_ros_py:/home/sln/ros2_humble/install/sros2:/home/sln/ros2_humble/install/rqt_topic:/home/sln/ros2_humble/install/rqt_srv:/home/sln/ros2_humble/install/rqt_shell:/home/sln/ros2_humble/install/rqt_service_caller:/home/sln/ros2_humble/install/rqt_reconfigure:/home/sln/ros2_humble/install/rqt_py_console:/home/sln/ros2_humble/install/rqt_publisher:/home/sln/ros2_humble/install/rqt_plot:/home/sln/ros2_humble/install/rqt_action:/home/sln/ros2_humble/install/rqt_msg:/home/sln/ros2_humble/install/rqt_console:/home/sln/ros2_humble/install/rqt:/home/sln/ros2_humble/install/rqt_graph:/home/sln/ros2_humble/install/rqt_gui_py:/home/sln/ros2_humble/install/rqt_gui:/home/sln/ros2_humble/install/ros2trace:/home/sln/ros2_humble/install/ros2topic:/home/sln/ros2_humble/install/ros2test:/home/sln/ros2_humble/install/ros2component:/home/sln/ros2_humble/install/ros2param:/home/sln/ros2_humble/install/ros2lifecycle:/home/sln/ros2_humble/install/ros2service:/home/sln/ros2_humble/install/ros2run:/home/sln/ros2_humble/install/ros2launch:/home/sln/ros2_humble/install/ros2pkg:/home/sln/ros2_humble/install/ros2node:/home/sln/ros2_humble/install/ros2multicast:/home/sln/ros2_humble/install/ros2interface:/home/sln/ros2_humble/install/ros2doctor:/home/sln/ros2_humble/install/ros2action:/home/sln/ros2_humble/install/ros2cli:/home/sln/ros2_humble/install/quality_of_service_demo_py:/home/sln/ros2_humble/install/lifecycle_py:/home/sln/ros2_humble/install/launch_testing_ros:/home/sln/ros2_humble/install/launch_ros:/home/sln/ros2_humble/install/examples_rclpy_pointcloud_publisher:/home/sln/ros2_humble/install/examples_rclpy_minimal_subscriber:/home/sln/ros2_humble/install/examples_rclpy_minimal_service:/home/sln/ros2_humble/install/examples_rclpy_minimal_publisher:/home/sln/ros2_humble/install/examples_rclpy_minimal_client:/home/sln/ros2_humble/install/examples_rclpy_minimal_action_server:/home/sln/ros2_humble/install/examples_rclpy_minimal_action_client:/home/sln/ros2_humble/install/examples_rclpy_guard_conditions:/home/sln/ros2_humble/install/examples_rclpy_executors:/home/sln/ros2_humble/install/demo_nodes_py:/home/sln/ros2_humble/install/action_tutorials_py:/home/sln/ros2_humble/install/ament_uncrustify:/home/sln/ros2_humble/install/tracetools_trace:/home/sln/ros2_humble/install/tracetools_read:/home/sln/ros2_humble/install/test_tracetools_launch:/home/sln/ros2_humble/install/test_launch_ros:/home/sln/ros2_humble/install/sensor_msgs_py:/home/sln/ros2_humble/install/rpyutils:/home/sln/ros2_humble/install/rosidl_runtime_py:/home/sln/ros2_humble/install/rosidl_cli:/home/sln/ros2_humble/install/launch_pytest:/home/sln/ros2_humble/install/launch_testing:/home/sln/ros2_humble/install/launch_yaml:/home/sln/ros2_humble/install/launch_xml:/home/sln/ros2_humble/install/launch:/home/sln/ros2_humble/install/osrf_pycommon:/home/sln/ros2_humble/install/launch_testing_examples:/home/sln/ros2_humble/install/domain_coordinator:/home/sln/ros2_humble/install/ament_xmllint:/home/sln/ros2_humble/install/ament_pyflakes:/home/sln/ros2_humble/install/ament_pycodestyle:/home/sln/ros2_humble/install/ament_pep257:/home/sln/ros2_humble/install/ament_pclint:/home/sln/ros2_humble/install/ament_package:/home/sln/ros2_humble/install/ament_mypy:/home/sln/ros2_humble/install/ament_lint_cmake:/home/sln/ros2_humble/install/ament_flake8:/home/sln/ros2_humble/install/ament_copyright:/home/sln/ros2_humble/install/ament_lint:/home/sln/ros2_humble/install/ament_index_python:/home/sln/ros2_humble/install/ament_cpplint:/home/sln/ros2_humble/install/ament_cppcheck:/home/sln/ros2_humble/install/ament_clang_tidy:/home/sln/ros2_humble/install/ament_clang_format /usr/bin/cmake /home/sln/beginner_tutorials/src/cpp_srvcli -DCMAKE_INSTALL_PREFIX=/home/sln/beginner_tutorials/install/cpp_srvcli
[9.197s] DEBUG:colcon.colcon_core.event_handler.log_command:Invoked command in '/home/sln/beginner_tutorials/build/cpp_srvcli' returned '0': CMAKE_PREFIX_PATH=${CMAKE_PREFIX_PATH}:/home/sln/ros2_humble/install/rqt_bag_plugins:/home/sln/ros2_humble/install/rqt_bag:/home/sln/ros2_humble/install/ros2bag:/home/sln/ros2_humble/install/tracetools_test:/home/sln/ros2_humble/install/tracetools_launch:/home/sln/ros2_humble/install/topic_monitor:/home/sln/ros2_humble/install/tf2_tools:/home/sln/ros2_humble/install/examples_tf2_py:/home/sln/ros2_humble/install/tf2_ros_py:/home/sln/ros2_humble/install/sros2:/home/sln/ros2_humble/install/rqt_topic:/home/sln/ros2_humble/install/rqt_srv:/home/sln/ros2_humble/install/rqt_shell:/home/sln/ros2_humble/install/rqt_service_caller:/home/sln/ros2_humble/install/rqt_reconfigure:/home/sln/ros2_humble/install/rqt_py_console:/home/sln/ros2_humble/install/rqt_publisher:/home/sln/ros2_humble/install/rqt_plot:/home/sln/ros2_humble/install/rqt_action:/home/sln/ros2_humble/install/rqt_msg:/home/sln/ros2_humble/install/rqt_console:/home/sln/ros2_humble/install/rqt:/home/sln/ros2_humble/install/rqt_graph:/home/sln/ros2_humble/install/rqt_gui_py:/home/sln/ros2_humble/install/rqt_gui:/home/sln/ros2_humble/install/ros2trace:/home/sln/ros2_humble/install/ros2topic:/home/sln/ros2_humble/install/ros2test:/home/sln/ros2_humble/install/ros2component:/home/sln/ros2_humble/install/ros2param:/home/sln/ros2_humble/install/ros2lifecycle:/home/sln/ros2_humble/install/ros2service:/home/sln/ros2_humble/install/ros2run:/home/sln/ros2_humble/install/ros2launch:/home/sln/ros2_humble/install/ros2pkg:/home/sln/ros2_humble/install/ros2node:/home/sln/ros2_humble/install/ros2multicast:/home/sln/ros2_humble/install/ros2interface:/home/sln/ros2_humble/install/ros2doctor:/home/sln/ros2_humble/install/ros2action:/home/sln/ros2_humble/install/ros2cli:/home/sln/ros2_humble/install/quality_of_service_demo_py:/home/sln/ros2_humble/install/lifecycle_py:/home/sln/ros2_humble/install/launch_testing_ros:/home/sln/ros2_humble/install/launch_ros:/home/sln/ros2_humble/install/examples_rclpy_pointcloud_publisher:/home/sln/ros2_humble/install/examples_rclpy_minimal_subscriber:/home/sln/ros2_humble/install/examples_rclpy_minimal_service:/home/sln/ros2_humble/install/examples_rclpy_minimal_publisher:/home/sln/ros2_humble/install/examples_rclpy_minimal_client:/home/sln/ros2_humble/install/examples_rclpy_minimal_action_server:/home/sln/ros2_humble/install/examples_rclpy_minimal_action_client:/home/sln/ros2_humble/install/examples_rclpy_guard_conditions:/home/sln/ros2_humble/install/examples_rclpy_executors:/home/sln/ros2_humble/install/demo_nodes_py:/home/sln/ros2_humble/install/action_tutorials_py:/home/sln/ros2_humble/install/ament_uncrustify:/home/sln/ros2_humble/install/tracetools_trace:/home/sln/ros2_humble/install/tracetools_read:/home/sln/ros2_humble/install/test_tracetools_launch:/home/sln/ros2_humble/install/test_launch_ros:/home/sln/ros2_humble/install/sensor_msgs_py:/home/sln/ros2_humble/install/rpyutils:/home/sln/ros2_humble/install/rosidl_runtime_py:/home/sln/ros2_humble/install/rosidl_cli:/home/sln/ros2_humble/install/launch_pytest:/home/sln/ros2_humble/install/launch_testing:/home/sln/ros2_humble/install/launch_yaml:/home/sln/ros2_humble/install/launch_xml:/home/sln/ros2_humble/install/launch:/home/sln/ros2_humble/install/osrf_pycommon:/home/sln/ros2_humble/install/launch_testing_examples:/home/sln/ros2_humble/install/domain_coordinator:/home/sln/ros2_humble/install/ament_xmllint:/home/sln/ros2_humble/install/ament_pyflakes:/home/sln/ros2_humble/install/ament_pycodestyle:/home/sln/ros2_humble/install/ament_pep257:/home/sln/ros2_humble/install/ament_pclint:/home/sln/ros2_humble/install/ament_package:/home/sln/ros2_humble/install/ament_mypy:/home/sln/ros2_humble/install/ament_lint_cmake:/home/sln/ros2_humble/install/ament_flake8:/home/sln/ros2_humble/install/ament_copyright:/home/sln/ros2_humble/install/ament_lint:/home/sln/ros2_humble/install/ament_index_python:/home/sln/ros2_humble/install/ament_cpplint:/home/sln/ros2_humble/install/ament_cppcheck:/home/sln/ros2_humble/install/ament_clang_tidy:/home/sln/ros2_humble/install/ament_clang_format /usr/bin/cmake /home/sln/beginner_tutorials/src/cpp_srvcli -DCMAKE_INSTALL_PREFIX=/home/sln/beginner_tutorials/install/cpp_srvcli
[9.201s] DEBUG:colcon.colcon_core.event_handler.log_command:Invoking command in '/home/sln/beginner_tutorials/build/cpp_srvcli': CMAKE_PREFIX_PATH=${CMAKE_PREFIX_PATH}:/home/sln/ros2_humble/install/rqt_bag_plugins:/home/sln/ros2_humble/install/rqt_bag:/home/sln/ros2_humble/install/ros2bag:/home/sln/ros2_humble/install/tracetools_test:/home/sln/ros2_humble/install/tracetools_launch:/home/sln/ros2_humble/install/topic_monitor:/home/sln/ros2_humble/install/tf2_tools:/home/sln/ros2_humble/install/examples_tf2_py:/home/sln/ros2_humble/install/tf2_ros_py:/home/sln/ros2_humble/install/sros2:/home/sln/ros2_humble/install/rqt_topic:/home/sln/ros2_humble/install/rqt_srv:/home/sln/ros2_humble/install/rqt_shell:/home/sln/ros2_humble/install/rqt_service_caller:/home/sln/ros2_humble/install/rqt_reconfigure:/home/sln/ros2_humble/install/rqt_py_console:/home/sln/ros2_humble/install/rqt_publisher:/home/sln/ros2_humble/install/rqt_plot:/home/sln/ros2_humble/install/rqt_action:/home/sln/ros2_humble/install/rqt_msg:/home/sln/ros2_humble/install/rqt_console:/home/sln/ros2_humble/install/rqt:/home/sln/ros2_humble/install/rqt_graph:/home/sln/ros2_humble/install/rqt_gui_py:/home/sln/ros2_humble/install/rqt_gui:/home/sln/ros2_humble/install/ros2trace:/home/sln/ros2_humble/install/ros2topic:/home/sln/ros2_humble/install/ros2test:/home/sln/ros2_humble/install/ros2component:/home/sln/ros2_humble/install/ros2param:/home/sln/ros2_humble/install/ros2lifecycle:/home/sln/ros2_humble/install/ros2service:/home/sln/ros2_humble/install/ros2run:/home/sln/ros2_humble/install/ros2launch:/home/sln/ros2_humble/install/ros2pkg:/home/sln/ros2_humble/install/ros2node:/home/sln/ros2_humble/install/ros2multicast:/home/sln/ros2_humble/install/ros2interface:/home/sln/ros2_humble/install/ros2doctor:/home/sln/ros2_humble/install/ros2action:/home/sln/ros2_humble/install/ros2cli:/home/sln/ros2_humble/install/quality_of_service_demo_py:/home/sln/ros2_humble/install/lifecycle_py:/home/sln/ros2_humble/install/launch_testing_ros:/home/sln/ros2_humble/install/launch_ros:/home/sln/ros2_humble/install/examples_rclpy_pointcloud_publisher:/home/sln/ros2_humble/install/examples_rclpy_minimal_subscriber:/home/sln/ros2_humble/install/examples_rclpy_minimal_service:/home/sln/ros2_humble/install/examples_rclpy_minimal_publisher:/home/sln/ros2_humble/install/examples_rclpy_minimal_client:/home/sln/ros2_humble/install/examples_rclpy_minimal_action_server:/home/sln/ros2_humble/install/examples_rclpy_minimal_action_client:/home/sln/ros2_humble/install/examples_rclpy_guard_conditions:/home/sln/ros2_humble/install/examples_rclpy_executors:/home/sln/ros2_humble/install/demo_nodes_py:/home/sln/ros2_humble/install/action_tutorials_py:/home/sln/ros2_humble/install/ament_uncrustify:/home/sln/ros2_humble/install/tracetools_trace:/home/sln/ros2_humble/install/tracetools_read:/home/sln/ros2_humble/install/test_tracetools_launch:/home/sln/ros2_humble/install/test_launch_ros:/home/sln/ros2_humble/install/sensor_msgs_py:/home/sln/ros2_humble/install/rpyutils:/home/sln/ros2_humble/install/rosidl_runtime_py:/home/sln/ros2_humble/install/rosidl_cli:/home/sln/ros2_humble/install/launch_pytest:/home/sln/ros2_humble/install/launch_testing:/home/sln/ros2_humble/install/launch_yaml:/home/sln/ros2_humble/install/launch_xml:/home/sln/ros2_humble/install/launch:/home/sln/ros2_humble/install/osrf_pycommon:/home/sln/ros2_humble/install/launch_testing_examples:/home/sln/ros2_humble/install/domain_coordinator:/home/sln/ros2_humble/install/ament_xmllint:/home/sln/ros2_humble/install/ament_pyflakes:/home/sln/ros2_humble/install/ament_pycodestyle:/home/sln/ros2_humble/install/ament_pep257:/home/sln/ros2_humble/install/ament_pclint:/home/sln/ros2_humble/install/ament_package:/home/sln/ros2_humble/install/ament_mypy:/home/sln/ros2_humble/install/ament_lint_cmake:/home/sln/ros2_humble/install/ament_flake8:/home/sln/ros2_humble/install/ament_copyright:/home/sln/ros2_humble/install/ament_lint:/home/sln/ros2_humble/install/ament_index_python:/home/sln/ros2_humble/install/ament_cpplint:/home/sln/ros2_humble/install/ament_cppcheck:/home/sln/ros2_humble/install/ament_clang_tidy:/home/sln/ros2_humble/install/ament_clang_format /usr/bin/cmake --build /home/sln/beginner_tutorials/build/cpp_srvcli -- -j8 -l8
[13.570s] DEBUG:colcon.colcon_core.event_handler.log_command:Invoked command in '/home/sln/beginner_tutorials/build/cpp_srvcli' returned '0': CMAKE_PREFIX_PATH=${CMAKE_PREFIX_PATH}:/home/sln/ros2_humble/install/rqt_bag_plugins:/home/sln/ros2_humble/install/rqt_bag:/home/sln/ros2_humble/install/ros2bag:/home/sln/ros2_humble/install/tracetools_test:/home/sln/ros2_humble/install/tracetools_launch:/home/sln/ros2_humble/install/topic_monitor:/home/sln/ros2_humble/install/tf2_tools:/home/sln/ros2_humble/install/examples_tf2_py:/home/sln/ros2_humble/install/tf2_ros_py:/home/sln/ros2_humble/install/sros2:/home/sln/ros2_humble/install/rqt_topic:/home/sln/ros2_humble/install/rqt_srv:/home/sln/ros2_humble/install/rqt_shell:/home/sln/ros2_humble/install/rqt_service_caller:/home/sln/ros2_humble/install/rqt_reconfigure:/home/sln/ros2_humble/install/rqt_py_console:/home/sln/ros2_humble/install/rqt_publisher:/home/sln/ros2_humble/install/rqt_plot:/home/sln/ros2_humble/install/rqt_action:/home/sln/ros2_humble/install/rqt_msg:/home/sln/ros2_humble/install/rqt_console:/home/sln/ros2_humble/install/rqt:/home/sln/ros2_humble/install/rqt_graph:/home/sln/ros2_humble/install/rqt_gui_py:/home/sln/ros2_humble/install/rqt_gui:/home/sln/ros2_humble/install/ros2trace:/home/sln/ros2_humble/install/ros2topic:/home/sln/ros2_humble/install/ros2test:/home/sln/ros2_humble/install/ros2component:/home/sln/ros2_humble/install/ros2param:/home/sln/ros2_humble/install/ros2lifecycle:/home/sln/ros2_humble/install/ros2service:/home/sln/ros2_humble/install/ros2run:/home/sln/ros2_humble/install/ros2launch:/home/sln/ros2_humble/install/ros2pkg:/home/sln/ros2_humble/install/ros2node:/home/sln/ros2_humble/install/ros2multicast:/home/sln/ros2_humble/install/ros2interface:/home/sln/ros2_humble/install/ros2doctor:/home/sln/ros2_humble/install/ros2action:/home/sln/ros2_humble/install/ros2cli:/home/sln/ros2_humble/install/quality_of_service_demo_py:/home/sln/ros2_humble/install/lifecycle_py:/home/sln/ros2_humble/install/launch_testing_ros:/home/sln/ros2_humble/install/launch_ros:/home/sln/ros2_humble/install/examples_rclpy_pointcloud_publisher:/home/sln/ros2_humble/install/examples_rclpy_minimal_subscriber:/home/sln/ros2_humble/install/examples_rclpy_minimal_service:/home/sln/ros2_humble/install/examples_rclpy_minimal_publisher:/home/sln/ros2_humble/install/examples_rclpy_minimal_client:/home/sln/ros2_humble/install/examples_rclpy_minimal_action_server:/home/sln/ros2_humble/install/examples_rclpy_minimal_action_client:/home/sln/ros2_humble/install/examples_rclpy_guard_conditions:/home/sln/ros2_humble/install/examples_rclpy_executors:/home/sln/ros2_humble/install/demo_nodes_py:/home/sln/ros2_humble/install/action_tutorials_py:/home/sln/ros2_humble/install/ament_uncrustify:/home/sln/ros2_humble/install/tracetools_trace:/home/sln/ros2_humble/install/tracetools_read:/home/sln/ros2_humble/install/test_tracetools_launch:/home/sln/ros2_humble/install/test_launch_ros:/home/sln/ros2_humble/install/sensor_msgs_py:/home/sln/ros2_humble/install/rpyutils:/home/sln/ros2_humble/install/rosidl_runtime_py:/home/sln/ros2_humble/install/rosidl_cli:/home/sln/ros2_humble/install/launch_pytest:/home/sln/ros2_humble/install/launch_testing:/home/sln/ros2_humble/install/launch_yaml:/home/sln/ros2_humble/install/launch_xml:/home/sln/ros2_humble/install/launch:/home/sln/ros2_humble/install/osrf_pycommon:/home/sln/ros2_humble/install/launch_testing_examples:/home/sln/ros2_humble/install/domain_coordinator:/home/sln/ros2_humble/install/ament_xmllint:/home/sln/ros2_humble/install/ament_pyflakes:/home/sln/ros2_humble/install/ament_pycodestyle:/home/sln/ros2_humble/install/ament_pep257:/home/sln/ros2_humble/install/ament_pclint:/home/sln/ros2_humble/install/ament_package:/home/sln/ros2_humble/install/ament_mypy:/home/sln/ros2_humble/install/ament_lint_cmake:/home/sln/ros2_humble/install/ament_flake8:/home/sln/ros2_humble/install/ament_copyright:/home/sln/ros2_humble/install/ament_lint:/home/sln/ros2_humble/install/ament_index_python:/home/sln/ros2_humble/install/ament_cpplint:/home/sln/ros2_humble/install/ament_cppcheck:/home/sln/ros2_humble/install/ament_clang_tidy:/home/sln/ros2_humble/install/ament_clang_format /usr/bin/cmake --build /home/sln/beginner_tutorials/build/cpp_srvcli -- -j8 -l8
[13.699s] DEBUG:colcon.colcon_core.event_handler.log_command:Invoking command in '/home/sln/beginner_tutorials/build/cpp_srvcli': CMAKE_PREFIX_PATH=${CMAKE_PREFIX_PATH}:/home/sln/ros2_humble/install/rqt_bag_plugins:/home/sln/ros2_humble/install/rqt_bag:/home/sln/ros2_humble/install/ros2bag:/home/sln/ros2_humble/install/tracetools_test:/home/sln/ros2_humble/install/tracetools_launch:/home/sln/ros2_humble/install/topic_monitor:/home/sln/ros2_humble/install/tf2_tools:/home/sln/ros2_humble/install/examples_tf2_py:/home/sln/ros2_humble/install/tf2_ros_py:/home/sln/ros2_humble/install/sros2:/home/sln/ros2_humble/install/rqt_topic:/home/sln/ros2_humble/install/rqt_srv:/home/sln/ros2_humble/install/rqt_shell:/home/sln/ros2_humble/install/rqt_service_caller:/home/sln/ros2_humble/install/rqt_reconfigure:/home/sln/ros2_humble/install/rqt_py_console:/home/sln/ros2_humble/install/rqt_publisher:/home/sln/ros2_humble/install/rqt_plot:/home/sln/ros2_humble/install/rqt_action:/home/sln/ros2_humble/install/rqt_msg:/home/sln/ros2_humble/install/rqt_console:/home/sln/ros2_humble/install/rqt:/home/sln/ros2_humble/install/rqt_graph:/home/sln/ros2_humble/install/rqt_gui_py:/home/sln/ros2_humble/install/rqt_gui:/home/sln/ros2_humble/install/ros2trace:/home/sln/ros2_humble/install/ros2topic:/home/sln/ros2_humble/install/ros2test:/home/sln/ros2_humble/install/ros2component:/home/sln/ros2_humble/install/ros2param:/home/sln/ros2_humble/install/ros2lifecycle:/home/sln/ros2_humble/install/ros2service:/home/sln/ros2_humble/install/ros2run:/home/sln/ros2_humble/install/ros2launch:/home/sln/ros2_humble/install/ros2pkg:/home/sln/ros2_humble/install/ros2node:/home/sln/ros2_humble/install/ros2multicast:/home/sln/ros2_humble/install/ros2interface:/home/sln/ros2_humble/install/ros2doctor:/home/sln/ros2_humble/install/ros2action:/home/sln/ros2_humble/install/ros2cli:/home/sln/ros2_humble/install/quality_of_service_demo_py:/home/sln/ros2_humble/install/lifecycle_py:/home/sln/ros2_humble/install/launch_testing_ros:/home/sln/ros2_humble/install/launch_ros:/home/sln/ros2_humble/install/examples_rclpy_pointcloud_publisher:/home/sln/ros2_humble/install/examples_rclpy_minimal_subscriber:/home/sln/ros2_humble/install/examples_rclpy_minimal_service:/home/sln/ros2_humble/install/examples_rclpy_minimal_publisher:/home/sln/ros2_humble/install/examples_rclpy_minimal_client:/home/sln/ros2_humble/install/examples_rclpy_minimal_action_server:/home/sln/ros2_humble/install/examples_rclpy_minimal_action_client:/home/sln/ros2_humble/install/examples_rclpy_guard_conditions:/home/sln/ros2_humble/install/examples_rclpy_executors:/home/sln/ros2_humble/install/demo_nodes_py:/home/sln/ros2_humble/install/action_tutorials_py:/home/sln/ros2_humble/install/ament_uncrustify:/home/sln/ros2_humble/install/tracetools_trace:/home/sln/ros2_humble/install/tracetools_read:/home/sln/ros2_humble/install/test_tracetools_launch:/home/sln/ros2_humble/install/test_launch_ros:/home/sln/ros2_humble/install/sensor_msgs_py:/home/sln/ros2_humble/install/rpyutils:/home/sln/ros2_humble/install/rosidl_runtime_py:/home/sln/ros2_humble/install/rosidl_cli:/home/sln/ros2_humble/install/launch_pytest:/home/sln/ros2_humble/install/launch_testing:/home/sln/ros2_humble/install/launch_yaml:/home/sln/ros2_humble/install/launch_xml:/home/sln/ros2_humble/install/launch:/home/sln/ros2_humble/install/osrf_pycommon:/home/sln/ros2_humble/install/launch_testing_examples:/home/sln/ros2_humble/install/domain_coordinator:/home/sln/ros2_humble/install/ament_xmllint:/home/sln/ros2_humble/install/ament_pyflakes:/home/sln/ros2_humble/install/ament_pycodestyle:/home/sln/ros2_humble/install/ament_pep257:/home/sln/ros2_humble/install/ament_pclint:/home/sln/ros2_humble/install/ament_package:/home/sln/ros2_humble/install/ament_mypy:/home/sln/ros2_humble/install/ament_lint_cmake:/home/sln/ros2_humble/install/ament_flake8:/home/sln/ros2_humble/install/ament_copyright:/home/sln/ros2_humble/install/ament_lint:/home/sln/ros2_humble/install/ament_index_python:/home/sln/ros2_humble/install/ament_cpplint:/home/sln/ros2_humble/install/ament_cppcheck:/home/sln/ros2_humble/install/ament_clang_tidy:/home/sln/ros2_humble/install/ament_clang_format /usr/bin/cmake --install /home/sln/beginner_tutorials/build/cpp_srvcli
[13.727s] Level 1:colcon.colcon_core.environment:create_environment_scripts_only(cpp_srvcli)
[13.728s] DEBUG:colcon.colcon_core.event_handler.log_command:Invoked command in '/home/sln/beginner_tutorials/build/cpp_srvcli' returned '0': CMAKE_PREFIX_PATH=${CMAKE_PREFIX_PATH}:/home/sln/ros2_humble/install/rqt_bag_plugins:/home/sln/ros2_humble/install/rqt_bag:/home/sln/ros2_humble/install/ros2bag:/home/sln/ros2_humble/install/tracetools_test:/home/sln/ros2_humble/install/tracetools_launch:/home/sln/ros2_humble/install/topic_monitor:/home/sln/ros2_humble/install/tf2_tools:/home/sln/ros2_humble/install/examples_tf2_py:/home/sln/ros2_humble/install/tf2_ros_py:/home/sln/ros2_humble/install/sros2:/home/sln/ros2_humble/install/rqt_topic:/home/sln/ros2_humble/install/rqt_srv:/home/sln/ros2_humble/install/rqt_shell:/home/sln/ros2_humble/install/rqt_service_caller:/home/sln/ros2_humble/install/rqt_reconfigure:/home/sln/ros2_humble/install/rqt_py_console:/home/sln/ros2_humble/install/rqt_publisher:/home/sln/ros2_humble/install/rqt_plot:/home/sln/ros2_humble/install/rqt_action:/home/sln/ros2_humble/install/rqt_msg:/home/sln/ros2_humble/install/rqt_console:/home/sln/ros2_humble/install/rqt:/home/sln/ros2_humble/install/rqt_graph:/home/sln/ros2_humble/install/rqt_gui_py:/home/sln/ros2_humble/install/rqt_gui:/home/sln/ros2_humble/install/ros2trace:/home/sln/ros2_humble/install/ros2topic:/home/sln/ros2_humble/install/ros2test:/home/sln/ros2_humble/install/ros2component:/home/sln/ros2_humble/install/ros2param:/home/sln/ros2_humble/install/ros2lifecycle:/home/sln/ros2_humble/install/ros2service:/home/sln/ros2_humble/install/ros2run:/home/sln/ros2_humble/install/ros2launch:/home/sln/ros2_humble/install/ros2pkg:/home/sln/ros2_humble/install/ros2node:/home/sln/ros2_humble/install/ros2multicast:/home/sln/ros2_humble/install/ros2interface:/home/sln/ros2_humble/install/ros2doctor:/home/sln/ros2_humble/install/ros2action:/home/sln/ros2_humble/install/ros2cli:/home/sln/ros2_humble/install/quality_of_service_demo_py:/home/sln/ros2_humble/install/lifecycle_py:/home/sln/ros2_humble/install/launch_testing_ros:/home/sln/ros2_humble/install/launch_ros:/home/sln/ros2_humble/install/examples_rclpy_pointcloud_publisher:/home/sln/ros2_humble/install/examples_rclpy_minimal_subscriber:/home/sln/ros2_humble/install/examples_rclpy_minimal_service:/home/sln/ros2_humble/install/examples_rclpy_minimal_publisher:/home/sln/ros2_humble/install/examples_rclpy_minimal_client:/home/sln/ros2_humble/install/examples_rclpy_minimal_action_server:/home/sln/ros2_humble/install/examples_rclpy_minimal_action_client:/home/sln/ros2_humble/install/examples_rclpy_guard_conditions:/home/sln/ros2_humble/install/examples_rclpy_executors:/home/sln/ros2_humble/install/demo_nodes_py:/home/sln/ros2_humble/install/action_tutorials_py:/home/sln/ros2_humble/install/ament_uncrustify:/home/sln/ros2_humble/install/tracetools_trace:/home/sln/ros2_humble/install/tracetools_read:/home/sln/ros2_humble/install/test_tracetools_launch:/home/sln/ros2_humble/install/test_launch_ros:/home/sln/ros2_humble/install/sensor_msgs_py:/home/sln/ros2_humble/install/rpyutils:/home/sln/ros2_humble/install/rosidl_runtime_py:/home/sln/ros2_humble/install/rosidl_cli:/home/sln/ros2_humble/install/launch_pytest:/home/sln/ros2_humble/install/launch_testing:/home/sln/ros2_humble/install/launch_yaml:/home/sln/ros2_humble/install/launch_xml:/home/sln/ros2_humble/install/launch:/home/sln/ros2_humble/install/osrf_pycommon:/home/sln/ros2_humble/install/launch_testing_examples:/home/sln/ros2_humble/install/domain_coordinator:/home/sln/ros2_humble/install/ament_xmllint:/home/sln/ros2_humble/install/ament_pyflakes:/home/sln/ros2_humble/install/ament_pycodestyle:/home/sln/ros2_humble/install/ament_pep257:/home/sln/ros2_humble/install/ament_pclint:/home/sln/ros2_humble/install/ament_package:/home/sln/ros2_humble/install/ament_mypy:/home/sln/ros2_humble/install/ament_lint_cmake:/home/sln/ros2_humble/install/ament_flake8:/home/sln/ros2_humble/install/ament_copyright:/home/sln/ros2_humble/install/ament_lint:/home/sln/ros2_humble/install/ament_index_python:/home/sln/ros2_humble/install/ament_cpplint:/home/sln/ros2_humble/install/ament_cppcheck:/home/sln/ros2_humble/install/ament_clang_tidy:/home/sln/ros2_humble/install/ament_clang_format /usr/bin/cmake --install /home/sln/beginner_tutorials/build/cpp_srvcli
[13.740s] Level 1:colcon.colcon_core.environment:checking '/home/sln/beginner_tutorials/install/cpp_srvcli' for CMake module files
[13.740s] Level 1:colcon.colcon_core.environment:checking '/home/sln/beginner_tutorials/install/cpp_srvcli' for CMake config files
[13.740s] Level 1:colcon.colcon_core.shell:create_environment_hook('cpp_srvcli', 'cmake_prefix_path')
[13.743s] INFO:colcon.colcon_core.shell:Creating environment hook '/home/sln/beginner_tutorials/install/cpp_srvcli/share/cpp_srvcli/hook/cmake_prefix_path.ps1'
[13.743s] INFO:colcon.colcon_core.shell:Creating environment descriptor '/home/sln/beginner_tutorials/install/cpp_srvcli/share/cpp_srvcli/hook/cmake_prefix_path.dsv'
[13.744s] INFO:colcon.colcon_core.shell:Creating environment hook '/home/sln/beginner_tutorials/install/cpp_srvcli/share/cpp_srvcli/hook/cmake_prefix_path.sh'
[13.745s] Level 1:colcon.colcon_core.environment:checking '/home/sln/beginner_tutorials/install/cpp_srvcli/lib'
[13.745s] Level 1:colcon.colcon_core.environment:checking '/home/sln/beginner_tutorials/install/cpp_srvcli/bin'
[13.745s] Level 1:colcon.colcon_core.environment:checking '/home/sln/beginner_tutorials/install/cpp_srvcli/lib/pkgconfig/cpp_srvcli.pc'
[13.747s] Level 1:colcon.colcon_core.environment:checking '/home/sln/beginner_tutorials/install/cpp_srvcli/lib/python3.8/site-packages'
[13.748s] Level 1:colcon.colcon_core.environment:checking '/home/sln/beginner_tutorials/install/cpp_srvcli/bin'
[13.750s] INFO:colcon.colcon_core.shell:Creating package script '/home/sln/beginner_tutorials/install/cpp_srvcli/share/cpp_srvcli/package.ps1'
[13.751s] INFO:colcon.colcon_core.shell:Creating package descriptor '/home/sln/beginner_tutorials/install/cpp_srvcli/share/cpp_srvcli/package.dsv'
[13.751s] INFO:colcon.colcon_core.shell:Creating package script '/home/sln/beginner_tutorials/install/cpp_srvcli/share/cpp_srvcli/package.sh'
[13.752s] INFO:colcon.colcon_core.shell:Creating package script '/home/sln/beginner_tutorials/install/cpp_srvcli/share/cpp_srvcli/package.bash'
[13.752s] INFO:colcon.colcon_core.shell:Creating package script '/home/sln/beginner_tutorials/install/cpp_srvcli/share/cpp_srvcli/package.zsh'
[13.753s] Level 1:colcon.colcon_core.environment:create_file_with_runtime_dependencies(/home/sln/beginner_tutorials/install/cpp_srvcli/share/colcon-core/packages/cpp_srvcli)
[13.853s] Level 1:colcon.colcon_core.environment:create_environment_scripts_only(cpp_srvcli)
[13.857s] Level 1:colcon.colcon_core.environment:checking '/home/sln/beginner_tutorials/install/cpp_srvcli' for CMake module files
[13.857s] Level 1:colcon.colcon_core.environment:checking '/home/sln/beginner_tutorials/install/cpp_srvcli' for CMake config files
[13.858s] Level 1:colcon.colcon_core.shell:create_environment_hook('cpp_srvcli', 'cmake_prefix_path')
[13.860s] INFO:colcon.colcon_core.shell:Creating environment hook '/home/sln/beginner_tutorials/install/cpp_srvcli/share/cpp_srvcli/hook/cmake_prefix_path.ps1'
[13.860s] INFO:colcon.colcon_core.shell:Creating environment descriptor '/home/sln/beginner_tutorials/install/cpp_srvcli/share/cpp_srvcli/hook/cmake_prefix_path.dsv'
[13.860s] INFO:colcon.colcon_core.shell:Creating environment hook '/home/sln/beginner_tutorials/install/cpp_srvcli/share/cpp_srvcli/hook/cmake_prefix_path.sh'
[13.861s] Level 1:colcon.colcon_core.environment:checking '/home/sln/beginner_tutorials/install/cpp_srvcli/lib'
[13.861s] Level 1:colcon.colcon_core.environment:checking '/home/sln/beginner_tutorials/install/cpp_srvcli/bin'
[13.861s] Level 1:colcon.colcon_core.environment:checking '/home/sln/beginner_tutorials/install/cpp_srvcli/lib/pkgconfig/cpp_srvcli.pc'
[13.862s] Level 1:colcon.colcon_core.environment:checking '/home/sln/beginner_tutorials/install/cpp_srvcli/lib/python3.8/site-packages'
[13.862s] Level 1:colcon.colcon_core.environment:checking '/home/sln/beginner_tutorials/install/cpp_srvcli/bin'
[13.865s] INFO:colcon.colcon_core.shell:Creating package script '/home/sln/beginner_tutorials/install/cpp_srvcli/share/cpp_srvcli/package.ps1'
[13.866s] INFO:colcon.colcon_core.shell:Creating package descriptor '/home/sln/beginner_tutorials/install/cpp_srvcli/share/cpp_srvcli/package.dsv'
[13.866s] INFO:colcon.colcon_core.shell:Creating package script '/home/sln/beginner_tutorials/install/cpp_srvcli/share/cpp_srvcli/package.sh'
[13.866s] INFO:colcon.colcon_core.shell:Creating package script '/home/sln/beginner_tutorials/install/cpp_srvcli/share/cpp_srvcli/package.bash'
[13.867s] INFO:colcon.colcon_core.shell:Creating package script '/home/sln/beginner_tutorials/install/cpp_srvcli/share/cpp_srvcli/package.zsh'
[13.867s] Level 1:colcon.colcon_core.environment:create_file_with_runtime_dependencies(/home/sln/beginner_tutorials/install/cpp_srvcli/share/colcon-core/packages/cpp_srvcli)
[13.867s] DEBUG:colcon.colcon_parallel_executor.executor.parallel:closing loop
[13.868s] DEBUG:colcon.colcon_parallel_executor.executor.parallel:loop closed
[13.868s] DEBUG:colcon.colcon_parallel_executor.executor.parallel:run_until_complete finished with '0'
[13.868s] DEBUG:colcon.colcon_core.event_reactor:joining thread
[13.887s] INFO:colcon.colcon_core.plugin_system:Skipping extension 'colcon_notification.desktop_notification.terminal_notifier': Not used on non-Darwin systems
[13.887s] INFO:colcon.colcon_core.plugin_system:Skipping extension 'colcon_notification.desktop_notification.win32': Not used on non-Windows systems
[13.887s] INFO:colcon.colcon_notification.desktop_notification:Sending desktop notification using 'notify2'
[13.901s] DEBUG:colcon.colcon_core.event_reactor:joined thread
[13.903s] INFO:colcon.colcon_core.shell:Creating prefix script '/home/sln/beginner_tutorials/install/local_setup.ps1'
[13.904s] INFO:colcon.colcon_core.shell:Creating prefix util module '/home/sln/beginner_tutorials/install/_local_setup_util_ps1.py'
[13.906s] INFO:colcon.colcon_core.shell:Creating prefix chain script '/home/sln/beginner_tutorials/install/setup.ps1'
[13.920s] INFO:colcon.colcon_core.shell:Creating prefix script '/home/sln/beginner_tutorials/install/local_setup.sh'
[13.921s] INFO:colcon.colcon_core.shell:Creating prefix util module '/home/sln/beginner_tutorials/install/_local_setup_util_sh.py'
[13.922s] INFO:colcon.colcon_core.shell:Creating prefix chain script '/home/sln/beginner_tutorials/install/setup.sh'
[13.936s] INFO:colcon.colcon_core.shell:Creating prefix script '/home/sln/beginner_tutorials/install/local_setup.bash'
[13.937s] INFO:colcon.colcon_core.shell:Creating prefix chain script '/home/sln/beginner_tutorials/install/setup.bash'
[13.952s] INFO:colcon.colcon_core.shell:Creating prefix script '/home/sln/beginner_tutorials/install/local_setup.zsh'
[13.952s] INFO:colcon.colcon_core.shell:Creating prefix chain script '/home/sln/beginner_tutorials/install/setup.zsh'
