running develop
Removing /home/sln/beginner_tutorials/install/examples_rclpy_minimal_service/lib/python3.8/site-packages/examples-rclpy-minimal-service.egg-link (link to .)
running egg_info
writing ../../../../../build/examples_rclpy_minimal_service/examples_rclpy_minimal_service.egg-info/PKG-INFO
writing dependency_links to ../../../../../build/examples_rclpy_minimal_service/examples_rclpy_minimal_service.egg-info/dependency_links.txt
writing entry points to ../../../../../build/examples_rclpy_minimal_service/examples_rclpy_minimal_service.egg-info/entry_points.txt
writing requirements to ../../../../../build/examples_rclpy_minimal_service/examples_rclpy_minimal_service.egg-info/requires.txt
writing top-level names to ../../../../../build/examples_rclpy_minimal_service/examples_rclpy_minimal_service.egg-info/top_level.txt
reading manifest file '../../../../../build/examples_rclpy_minimal_service/examples_rclpy_minimal_service.egg-info/SOURCES.txt'
writing manifest file '../../../../../build/examples_rclpy_minimal_service/examples_rclpy_minimal_service.egg-info/SOURCES.txt'
running build
running build_py
creating /home/sln/beginner_tutorials/build/examples_rclpy_minimal_service/build
creating /home/sln/beginner_tutorials/build/examples_rclpy_minimal_service/build/lib
creating /home/sln/beginner_tutorials/build/examples_rclpy_minimal_service/build/lib/examples_rclpy_minimal_service
copying examples_rclpy_minimal_service/service_member_function.py -> /home/sln/beginner_tutorials/build/examples_rclpy_minimal_service/build/lib/examples_rclpy_minimal_service
copying examples_rclpy_minimal_service/__init__.py -> /home/sln/beginner_tutorials/build/examples_rclpy_minimal_service/build/lib/examples_rclpy_minimal_service
copying examples_rclpy_minimal_service/service.py -> /home/sln/beginner_tutorials/build/examples_rclpy_minimal_service/build/lib/examples_rclpy_minimal_service
running install
running install_lib
creating /home/sln/beginner_tutorials/install/examples_rclpy_minimal_service/lib/python3.8/site-packages/examples_rclpy_minimal_service
copying /home/sln/beginner_tutorials/build/examples_rclpy_minimal_service/build/lib/examples_rclpy_minimal_service/service_member_function.py -> /home/sln/beginner_tutorials/install/examples_rclpy_minimal_service/lib/python3.8/site-packages/examples_rclpy_minimal_service
copying /home/sln/beginner_tutorials/build/examples_rclpy_minimal_service/build/lib/examples_rclpy_minimal_service/__init__.py -> /home/sln/beginner_tutorials/install/examples_rclpy_minimal_service/lib/python3.8/site-packages/examples_rclpy_minimal_service
copying /home/sln/beginner_tutorials/build/examples_rclpy_minimal_service/build/lib/examples_rclpy_minimal_service/service.py -> /home/sln/beginner_tutorials/install/examples_rclpy_minimal_service/lib/python3.8/site-packages/examples_rclpy_minimal_service
byte-compiling /home/sln/beginner_tutorials/install/examples_rclpy_minimal_service/lib/python3.8/site-packages/examples_rclpy_minimal_service/service_member_function.py to service_member_function.cpython-38.pyc
byte-compiling /home/sln/beginner_tutorials/install/examples_rclpy_minimal_service/lib/python3.8/site-packages/examples_rclpy_minimal_service/__init__.py to __init__.cpython-38.pyc
byte-compiling /home/sln/beginner_tutorials/install/examples_rclpy_minimal_service/lib/python3.8/site-packages/examples_rclpy_minimal_service/service.py to service.cpython-38.pyc
running install_data
running install_egg_info
Copying ../../../../../build/examples_rclpy_minimal_service/examples_rclpy_minimal_service.egg-info to /home/sln/beginner_tutorials/install/examples_rclpy_minimal_service/lib/python3.8/site-packages/examples_rclpy_minimal_service-0.15.1-py3.8.egg-info
running install_scripts
Installing service script to /home/sln/beginner_tutorials/install/examples_rclpy_minimal_service/lib/examples_rclpy_minimal_service
Installing service_member_function script to /home/sln/beginner_tutorials/install/examples_rclpy_minimal_service/lib/examples_rclpy_minimal_service
writing list of installed files to '/home/sln/beginner_tutorials/build/examples_rclpy_minimal_service/install.log'
