[5.508s] Invoking command in '/home/sln/beginner_tutorials/build/examples_rclpy_minimal_service': PYTHONPATH=/home/sln/beginner_tutorials/install/examples_rclpy_minimal_service/lib/python3.8/site-packages:${PYTHONPATH} /usr/bin/python3 setup.py develop --prefix /home/sln/beginner_tutorials/install/examples_rclpy_minimal_service --uninstall --editable --build-directory /home/sln/beginner_tutorials/build/examples_rclpy_minimal_service/build
[6.877s] running develop
[7.188s] Removing /home/sln/beginner_tutorials/install/examples_rclpy_minimal_service/lib/python3.8/site-packages/examples-rclpy-minimal-service.egg-link (link to .)
[7.213s] Invoked command in '/home/sln/beginner_tutorials/build/examples_rclpy_minimal_service' returned '0': PYTHONPATH=/home/sln/beginner_tutorials/install/examples_rclpy_minimal_service/lib/python3.8/site-packages:${PYTHONPATH} /usr/bin/python3 setup.py develop --prefix /home/sln/beginner_tutorials/install/examples_rclpy_minimal_service --uninstall --editable --build-directory /home/sln/beginner_tutorials/build/examples_rclpy_minimal_service/build
[7.217s] Invoking command in '/home/sln/beginner_tutorials/src/examples/rclpy/services/minimal_service': PYTHONPATH=/home/sln/beginner_tutorials/install/examples_rclpy_minimal_service/lib/python3.8/site-packages:${PYTHONPATH} /usr/bin/python3 setup.py egg_info --egg-base ../../../../../build/examples_rclpy_minimal_service build --build-base /home/sln/beginner_tutorials/build/examples_rclpy_minimal_service/build install --prefix /home/sln/beginner_tutorials/install/examples_rclpy_minimal_service --record /home/sln/beginner_tutorials/build/examples_rclpy_minimal_service/install.log --single-version-externally-managed
[8.059s] running egg_info
[8.059s] writing ../../../../../build/examples_rclpy_minimal_service/examples_rclpy_minimal_service.egg-info/PKG-INFO
[8.059s] writing dependency_links to ../../../../../build/examples_rclpy_minimal_service/examples_rclpy_minimal_service.egg-info/dependency_links.txt
[8.059s] writing entry points to ../../../../../build/examples_rclpy_minimal_service/examples_rclpy_minimal_service.egg-info/entry_points.txt
[8.060s] writing requirements to ../../../../../build/examples_rclpy_minimal_service/examples_rclpy_minimal_service.egg-info/requires.txt
[8.060s] writing top-level names to ../../../../../build/examples_rclpy_minimal_service/examples_rclpy_minimal_service.egg-info/top_level.txt
[8.100s] reading manifest file '../../../../../build/examples_rclpy_minimal_service/examples_rclpy_minimal_service.egg-info/SOURCES.txt'
[8.101s] writing manifest file '../../../../../build/examples_rclpy_minimal_service/examples_rclpy_minimal_service.egg-info/SOURCES.txt'
[8.101s] running build
[8.102s] running build_py
[8.102s] creating /home/sln/beginner_tutorials/build/examples_rclpy_minimal_service/build
[8.102s] creating /home/sln/beginner_tutorials/build/examples_rclpy_minimal_service/build/lib
[8.102s] creating /home/sln/beginner_tutorials/build/examples_rclpy_minimal_service/build/lib/examples_rclpy_minimal_service
[8.102s] copying examples_rclpy_minimal_service/service_member_function.py -> /home/sln/beginner_tutorials/build/examples_rclpy_minimal_service/build/lib/examples_rclpy_minimal_service
[8.102s] copying examples_rclpy_minimal_service/__init__.py -> /home/sln/beginner_tutorials/build/examples_rclpy_minimal_service/build/lib/examples_rclpy_minimal_service
[8.102s] copying examples_rclpy_minimal_service/service.py -> /home/sln/beginner_tutorials/build/examples_rclpy_minimal_service/build/lib/examples_rclpy_minimal_service
[8.103s] running install
[8.106s] running install_lib
[8.107s] creating /home/sln/beginner_tutorials/install/examples_rclpy_minimal_service/lib/python3.8/site-packages/examples_rclpy_minimal_service
[8.108s] copying /home/sln/beginner_tutorials/build/examples_rclpy_minimal_service/build/lib/examples_rclpy_minimal_service/service_member_function.py -> /home/sln/beginner_tutorials/install/examples_rclpy_minimal_service/lib/python3.8/site-packages/examples_rclpy_minimal_service
[8.108s] copying /home/sln/beginner_tutorials/build/examples_rclpy_minimal_service/build/lib/examples_rclpy_minimal_service/__init__.py -> /home/sln/beginner_tutorials/install/examples_rclpy_minimal_service/lib/python3.8/site-packages/examples_rclpy_minimal_service
[8.108s] copying /home/sln/beginner_tutorials/build/examples_rclpy_minimal_service/build/lib/examples_rclpy_minimal_service/service.py -> /home/sln/beginner_tutorials/install/examples_rclpy_minimal_service/lib/python3.8/site-packages/examples_rclpy_minimal_service
[8.111s] byte-compiling /home/sln/beginner_tutorials/install/examples_rclpy_minimal_service/lib/python3.8/site-packages/examples_rclpy_minimal_service/service_member_function.py to service_member_function.cpython-38.pyc
[8.112s] byte-compiling /home/sln/beginner_tutorials/install/examples_rclpy_minimal_service/lib/python3.8/site-packages/examples_rclpy_minimal_service/__init__.py to __init__.cpython-38.pyc
[8.112s] byte-compiling /home/sln/beginner_tutorials/install/examples_rclpy_minimal_service/lib/python3.8/site-packages/examples_rclpy_minimal_service/service.py to service.cpython-38.pyc
[8.112s] running install_data
[8.113s] running install_egg_info
[8.117s] Copying ../../../../../build/examples_rclpy_minimal_service/examples_rclpy_minimal_service.egg-info to /home/sln/beginner_tutorials/install/examples_rclpy_minimal_service/lib/python3.8/site-packages/examples_rclpy_minimal_service-0.15.1-py3.8.egg-info
[8.118s] running install_scripts
[8.152s] Installing service script to /home/sln/beginner_tutorials/install/examples_rclpy_minimal_service/lib/examples_rclpy_minimal_service
[8.152s] Installing service_member_function script to /home/sln/beginner_tutorials/install/examples_rclpy_minimal_service/lib/examples_rclpy_minimal_service
[8.152s] writing list of installed files to '/home/sln/beginner_tutorials/build/examples_rclpy_minimal_service/install.log'
[8.184s] Invoked command in '/home/sln/beginner_tutorials/src/examples/rclpy/services/minimal_service' returned '0': PYTHONPATH=/home/sln/beginner_tutorials/install/examples_rclpy_minimal_service/lib/python3.8/site-packages:${PYTHONPATH} /usr/bin/python3 setup.py egg_info --egg-base ../../../../../build/examples_rclpy_minimal_service build --build-base /home/sln/beginner_tutorials/build/examples_rclpy_minimal_service/build install --prefix /home/sln/beginner_tutorials/install/examples_rclpy_minimal_service --record /home/sln/beginner_tutorials/build/examples_rclpy_minimal_service/install.log --single-version-externally-managed
