[1.859s] Invoking command in '/home/sln/beginner_tutorials/src/py_srvcli': PYTHONPATH=/home/sln/beginner_tutorials/install/py_srvcli/lib/python3.8/site-packages:${PYTHONPATH} /usr/bin/python3 setup.py egg_info --egg-base ../../build/py_srvcli build --build-base /home/sln/beginner_tutorials/build/py_srvcli/build install --prefix /home/sln/beginner_tutorials/install/py_srvcli --record /home/sln/beginner_tutorials/build/py_srvcli/install.log --single-version-externally-managed
[2.646s] running egg_info
[2.647s] writing ../../build/py_srvcli/py_srvcli.egg-info/PKG-INFO
[2.647s] writing dependency_links to ../../build/py_srvcli/py_srvcli.egg-info/dependency_links.txt
[2.647s] writing entry points to ../../build/py_srvcli/py_srvcli.egg-info/entry_points.txt
[2.647s] writing requirements to ../../build/py_srvcli/py_srvcli.egg-info/requires.txt
[2.647s] writing top-level names to ../../build/py_srvcli/py_srvcli.egg-info/top_level.txt
[2.685s] reading manifest file '../../build/py_srvcli/py_srvcli.egg-info/SOURCES.txt'
[2.686s] writing manifest file '../../build/py_srvcli/py_srvcli.egg-info/SOURCES.txt'
[2.686s] running build
[2.686s] running build_py
[2.687s] running install
[2.689s] running install_lib
[2.692s] running install_data
[2.693s] running install_egg_info
[2.696s] removing '/home/sln/beginner_tutorials/install/py_srvcli/lib/python3.8/site-packages/py_srvcli-0.0.0-py3.8.egg-info' (and everything under it)
[2.696s] Copying ../../build/py_srvcli/py_srvcli.egg-info to /home/sln/beginner_tutorials/install/py_srvcli/lib/python3.8/site-packages/py_srvcli-0.0.0-py3.8.egg-info
[2.697s] running install_scripts
[2.725s] Installing client script to /home/sln/beginner_tutorials/install/py_srvcli/lib/py_srvcli
[2.725s] Installing service script to /home/sln/beginner_tutorials/install/py_srvcli/lib/py_srvcli
[2.726s] writing list of installed files to '/home/sln/beginner_tutorials/build/py_srvcli/install.log'
[2.748s] Invoked command in '/home/sln/beginner_tutorials/src/py_srvcli' returned '0': PYTHONPATH=/home/sln/beginner_tutorials/install/py_srvcli/lib/python3.8/site-packages:${PYTHONPATH} /usr/bin/python3 setup.py egg_info --egg-base ../../build/py_srvcli build --build-base /home/sln/beginner_tutorials/build/py_srvcli/build install --prefix /home/sln/beginner_tutorials/install/py_srvcli --record /home/sln/beginner_tutorials/build/py_srvcli/install.log --single-version-externally-managed
