running develop
Removing /home/sln/beginner_tutorials/install/examples_rclpy_executors/lib/python3.8/site-packages/examples-rclpy-executors.egg-link (link to .)
running egg_info
writing ../../../../build/examples_rclpy_executors/examples_rclpy_executors.egg-info/PKG-INFO
writing dependency_links to ../../../../build/examples_rclpy_executors/examples_rclpy_executors.egg-info/dependency_links.txt
writing entry points to ../../../../build/examples_rclpy_executors/examples_rclpy_executors.egg-info/entry_points.txt
writing requirements to ../../../../build/examples_rclpy_executors/examples_rclpy_executors.egg-info/requires.txt
writing top-level names to ../../../../build/examples_rclpy_executors/examples_rclpy_executors.egg-info/top_level.txt
reading manifest file '../../../../build/examples_rclpy_executors/examples_rclpy_executors.egg-info/SOURCES.txt'
writing manifest file '../../../../build/examples_rclpy_executors/examples_rclpy_executors.egg-info/SOURCES.txt'
running build
running build_py
creating /home/sln/beginner_tutorials/build/examples_rclpy_executors/build
creating /home/sln/beginner_tutorials/build/examples_rclpy_executors/build/lib
creating /home/sln/beginner_tutorials/build/examples_rclpy_executors/build/lib/examples_rclpy_executors
copying examples_rclpy_executors/talker.py -> /home/sln/beginner_tutorials/build/examples_rclpy_executors/build/lib/examples_rclpy_executors
copying examples_rclpy_executors/callback_group.py -> /home/sln/beginner_tutorials/build/examples_rclpy_executors/build/lib/examples_rclpy_executors
copying examples_rclpy_executors/custom_executor.py -> /home/sln/beginner_tutorials/build/examples_rclpy_executors/build/lib/examples_rclpy_executors
copying examples_rclpy_executors/composed.py -> /home/sln/beginner_tutorials/build/examples_rclpy_executors/build/lib/examples_rclpy_executors
copying examples_rclpy_executors/__init__.py -> /home/sln/beginner_tutorials/build/examples_rclpy_executors/build/lib/examples_rclpy_executors
copying examples_rclpy_executors/custom_callback_group.py -> /home/sln/beginner_tutorials/build/examples_rclpy_executors/build/lib/examples_rclpy_executors
copying examples_rclpy_executors/listener.py -> /home/sln/beginner_tutorials/build/examples_rclpy_executors/build/lib/examples_rclpy_executors
running install
running install_lib
creating /home/sln/beginner_tutorials/install/examples_rclpy_executors/lib/python3.8/site-packages/examples_rclpy_executors
copying /home/sln/beginner_tutorials/build/examples_rclpy_executors/build/lib/examples_rclpy_executors/talker.py -> /home/sln/beginner_tutorials/install/examples_rclpy_executors/lib/python3.8/site-packages/examples_rclpy_executors
copying /home/sln/beginner_tutorials/build/examples_rclpy_executors/build/lib/examples_rclpy_executors/callback_group.py -> /home/sln/beginner_tutorials/install/examples_rclpy_executors/lib/python3.8/site-packages/examples_rclpy_executors
copying /home/sln/beginner_tutorials/build/examples_rclpy_executors/build/lib/examples_rclpy_executors/custom_executor.py -> /home/sln/beginner_tutorials/install/examples_rclpy_executors/lib/python3.8/site-packages/examples_rclpy_executors
copying /home/sln/beginner_tutorials/build/examples_rclpy_executors/build/lib/examples_rclpy_executors/composed.py -> /home/sln/beginner_tutorials/install/examples_rclpy_executors/lib/python3.8/site-packages/examples_rclpy_executors
copying /home/sln/beginner_tutorials/build/examples_rclpy_executors/build/lib/examples_rclpy_executors/__init__.py -> /home/sln/beginner_tutorials/install/examples_rclpy_executors/lib/python3.8/site-packages/examples_rclpy_executors
copying /home/sln/beginner_tutorials/build/examples_rclpy_executors/build/lib/examples_rclpy_executors/custom_callback_group.py -> /home/sln/beginner_tutorials/install/examples_rclpy_executors/lib/python3.8/site-packages/examples_rclpy_executors
copying /home/sln/beginner_tutorials/build/examples_rclpy_executors/build/lib/examples_rclpy_executors/listener.py -> /home/sln/beginner_tutorials/install/examples_rclpy_executors/lib/python3.8/site-packages/examples_rclpy_executors
byte-compiling /home/sln/beginner_tutorials/install/examples_rclpy_executors/lib/python3.8/site-packages/examples_rclpy_executors/talker.py to talker.cpython-38.pyc
byte-compiling /home/sln/beginner_tutorials/install/examples_rclpy_executors/lib/python3.8/site-packages/examples_rclpy_executors/callback_group.py to callback_group.cpython-38.pyc
byte-compiling /home/sln/beginner_tutorials/install/examples_rclpy_executors/lib/python3.8/site-packages/examples_rclpy_executors/custom_executor.py to custom_executor.cpython-38.pyc
byte-compiling /home/sln/beginner_tutorials/install/examples_rclpy_executors/lib/python3.8/site-packages/examples_rclpy_executors/composed.py to composed.cpython-38.pyc
byte-compiling /home/sln/beginner_tutorials/install/examples_rclpy_executors/lib/python3.8/site-packages/examples_rclpy_executors/__init__.py to __init__.cpython-38.pyc
byte-compiling /home/sln/beginner_tutorials/install/examples_rclpy_executors/lib/python3.8/site-packages/examples_rclpy_executors/custom_callback_group.py to custom_callback_group.cpython-38.pyc
byte-compiling /home/sln/beginner_tutorials/install/examples_rclpy_executors/lib/python3.8/site-packages/examples_rclpy_executors/listener.py to listener.cpython-38.pyc
running install_data
running install_egg_info
Copying ../../../../build/examples_rclpy_executors/examples_rclpy_executors.egg-info to /home/sln/beginner_tutorials/install/examples_rclpy_executors/lib/python3.8/site-packages/examples_rclpy_executors-0.15.1-py3.8.egg-info
running install_scripts
Installing callback_group script to /home/sln/beginner_tutorials/install/examples_rclpy_executors/lib/examples_rclpy_executors
Installing composed script to /home/sln/beginner_tutorials/install/examples_rclpy_executors/lib/examples_rclpy_executors
Installing custom_callback_group script to /home/sln/beginner_tutorials/install/examples_rclpy_executors/lib/examples_rclpy_executors
Installing custom_executor script to /home/sln/beginner_tutorials/install/examples_rclpy_executors/lib/examples_rclpy_executors
Installing listener script to /home/sln/beginner_tutorials/install/examples_rclpy_executors/lib/examples_rclpy_executors
Installing talker script to /home/sln/beginner_tutorials/install/examples_rclpy_executors/lib/examples_rclpy_executors
writing list of installed files to '/home/sln/beginner_tutorials/build/examples_rclpy_executors/install.log'
