[8.588s] Invoking command in '/home/sln/beginner_tutorials/build/examples_rclpy_executors': PYTHONPATH=/home/sln/beginner_tutorials/install/examples_rclpy_executors/lib/python3.8/site-packages:${PYTHONPATH} /usr/bin/python3 setup.py develop --prefix /home/sln/beginner_tutorials/install/examples_rclpy_executors --uninstall --editable --build-directory /home/sln/beginner_tutorials/build/examples_rclpy_executors/build
[10.406s] running develop
[10.828s] Removing /home/sln/beginner_tutorials/install/examples_rclpy_executors/lib/python3.8/site-packages/examples-rclpy-executors.egg-link (link to .)
[11.264s] Invoked command in '/home/sln/beginner_tutorials/build/examples_rclpy_executors' returned '0': PYTHONPATH=/home/sln/beginner_tutorials/install/examples_rclpy_executors/lib/python3.8/site-packages:${PYTHONPATH} /usr/bin/python3 setup.py develop --prefix /home/sln/beginner_tutorials/install/examples_rclpy_executors --uninstall --editable --build-directory /home/sln/beginner_tutorials/build/examples_rclpy_executors/build
[11.268s] Invoking command in '/home/sln/beginner_tutorials/src/examples/rclpy/executors': PYTHONPATH=/home/sln/beginner_tutorials/install/examples_rclpy_executors/lib/python3.8/site-packages:${PYTHONPATH} /usr/bin/python3 setup.py egg_info --egg-base ../../../../build/examples_rclpy_executors build --build-base /home/sln/beginner_tutorials/build/examples_rclpy_executors/build install --prefix /home/sln/beginner_tutorials/install/examples_rclpy_executors --record /home/sln/beginner_tutorials/build/examples_rclpy_executors/install.log --single-version-externally-managed
[12.665s] running egg_info
[12.665s] writing ../../../../build/examples_rclpy_executors/examples_rclpy_executors.egg-info/PKG-INFO
[12.665s] writing dependency_links to ../../../../build/examples_rclpy_executors/examples_rclpy_executors.egg-info/dependency_links.txt
[12.665s] writing entry points to ../../../../build/examples_rclpy_executors/examples_rclpy_executors.egg-info/entry_points.txt
[12.666s] writing requirements to ../../../../build/examples_rclpy_executors/examples_rclpy_executors.egg-info/requires.txt
[12.666s] writing top-level names to ../../../../build/examples_rclpy_executors/examples_rclpy_executors.egg-info/top_level.txt
[12.666s] reading manifest file '../../../../build/examples_rclpy_executors/examples_rclpy_executors.egg-info/SOURCES.txt'
[12.666s] writing manifest file '../../../../build/examples_rclpy_executors/examples_rclpy_executors.egg-info/SOURCES.txt'
[12.666s] running build
[12.666s] running build_py
[12.667s] creating /home/sln/beginner_tutorials/build/examples_rclpy_executors/build
[12.667s] creating /home/sln/beginner_tutorials/build/examples_rclpy_executors/build/lib
[12.667s] creating /home/sln/beginner_tutorials/build/examples_rclpy_executors/build/lib/examples_rclpy_executors
[12.674s] copying examples_rclpy_executors/talker.py -> /home/sln/beginner_tutorials/build/examples_rclpy_executors/build/lib/examples_rclpy_executors
[12.674s] copying examples_rclpy_executors/callback_group.py -> /home/sln/beginner_tutorials/build/examples_rclpy_executors/build/lib/examples_rclpy_executors
[12.675s] copying examples_rclpy_executors/custom_executor.py -> /home/sln/beginner_tutorials/build/examples_rclpy_executors/build/lib/examples_rclpy_executors
[12.675s] copying examples_rclpy_executors/composed.py -> /home/sln/beginner_tutorials/build/examples_rclpy_executors/build/lib/examples_rclpy_executors
[12.675s] copying examples_rclpy_executors/__init__.py -> /home/sln/beginner_tutorials/build/examples_rclpy_executors/build/lib/examples_rclpy_executors
[12.676s] copying examples_rclpy_executors/custom_callback_group.py -> /home/sln/beginner_tutorials/build/examples_rclpy_executors/build/lib/examples_rclpy_executors
[12.676s] copying examples_rclpy_executors/listener.py -> /home/sln/beginner_tutorials/build/examples_rclpy_executors/build/lib/examples_rclpy_executors
[12.676s] running install
[12.676s] running install_lib
[12.677s] creating /home/sln/beginner_tutorials/install/examples_rclpy_executors/lib/python3.8/site-packages/examples_rclpy_executors
[12.677s] copying /home/sln/beginner_tutorials/build/examples_rclpy_executors/build/lib/examples_rclpy_executors/talker.py -> /home/sln/beginner_tutorials/install/examples_rclpy_executors/lib/python3.8/site-packages/examples_rclpy_executors
[12.677s] copying /home/sln/beginner_tutorials/build/examples_rclpy_executors/build/lib/examples_rclpy_executors/callback_group.py -> /home/sln/beginner_tutorials/install/examples_rclpy_executors/lib/python3.8/site-packages/examples_rclpy_executors
[12.677s] copying /home/sln/beginner_tutorials/build/examples_rclpy_executors/build/lib/examples_rclpy_executors/custom_executor.py -> /home/sln/beginner_tutorials/install/examples_rclpy_executors/lib/python3.8/site-packages/examples_rclpy_executors
[12.683s] copying /home/sln/beginner_tutorials/build/examples_rclpy_executors/build/lib/examples_rclpy_executors/composed.py -> /home/sln/beginner_tutorials/install/examples_rclpy_executors/lib/python3.8/site-packages/examples_rclpy_executors
[12.684s] copying /home/sln/beginner_tutorials/build/examples_rclpy_executors/build/lib/examples_rclpy_executors/__init__.py -> /home/sln/beginner_tutorials/install/examples_rclpy_executors/lib/python3.8/site-packages/examples_rclpy_executors
[12.684s] copying /home/sln/beginner_tutorials/build/examples_rclpy_executors/build/lib/examples_rclpy_executors/custom_callback_group.py -> /home/sln/beginner_tutorials/install/examples_rclpy_executors/lib/python3.8/site-packages/examples_rclpy_executors
[12.684s] copying /home/sln/beginner_tutorials/build/examples_rclpy_executors/build/lib/examples_rclpy_executors/listener.py -> /home/sln/beginner_tutorials/install/examples_rclpy_executors/lib/python3.8/site-packages/examples_rclpy_executors
[12.688s] byte-compiling /home/sln/beginner_tutorials/install/examples_rclpy_executors/lib/python3.8/site-packages/examples_rclpy_executors/talker.py to talker.cpython-38.pyc
[12.688s] byte-compiling /home/sln/beginner_tutorials/install/examples_rclpy_executors/lib/python3.8/site-packages/examples_rclpy_executors/callback_group.py to callback_group.cpython-38.pyc
[12.688s] byte-compiling /home/sln/beginner_tutorials/install/examples_rclpy_executors/lib/python3.8/site-packages/examples_rclpy_executors/custom_executor.py to custom_executor.cpython-38.pyc
[12.696s] byte-compiling /home/sln/beginner_tutorials/install/examples_rclpy_executors/lib/python3.8/site-packages/examples_rclpy_executors/composed.py to composed.cpython-38.pyc
[12.697s] byte-compiling /home/sln/beginner_tutorials/install/examples_rclpy_executors/lib/python3.8/site-packages/examples_rclpy_executors/__init__.py to __init__.cpython-38.pyc
[12.697s] byte-compiling /home/sln/beginner_tutorials/install/examples_rclpy_executors/lib/python3.8/site-packages/examples_rclpy_executors/custom_callback_group.py to custom_callback_group.cpython-38.pyc
[12.697s] byte-compiling /home/sln/beginner_tutorials/install/examples_rclpy_executors/lib/python3.8/site-packages/examples_rclpy_executors/listener.py to listener.cpython-38.pyc
[12.697s] running install_data
[12.698s] running install_egg_info
[12.698s] Copying ../../../../build/examples_rclpy_executors/examples_rclpy_executors.egg-info to /home/sln/beginner_tutorials/install/examples_rclpy_executors/lib/python3.8/site-packages/examples_rclpy_executors-0.15.1-py3.8.egg-info
[12.698s] running install_scripts
[12.698s] Installing callback_group script to /home/sln/beginner_tutorials/install/examples_rclpy_executors/lib/examples_rclpy_executors
[12.698s] Installing composed script to /home/sln/beginner_tutorials/install/examples_rclpy_executors/lib/examples_rclpy_executors
[12.698s] Installing custom_callback_group script to /home/sln/beginner_tutorials/install/examples_rclpy_executors/lib/examples_rclpy_executors
[12.698s] Installing custom_executor script to /home/sln/beginner_tutorials/install/examples_rclpy_executors/lib/examples_rclpy_executors
[12.699s] Installing listener script to /home/sln/beginner_tutorials/install/examples_rclpy_executors/lib/examples_rclpy_executors
[12.699s] Installing talker script to /home/sln/beginner_tutorials/install/examples_rclpy_executors/lib/examples_rclpy_executors
[12.699s] writing list of installed files to '/home/sln/beginner_tutorials/build/examples_rclpy_executors/install.log'
[12.730s] Invoked command in '/home/sln/beginner_tutorials/src/examples/rclpy/executors' returned '0': PYTHONPATH=/home/sln/beginner_tutorials/install/examples_rclpy_executors/lib/python3.8/site-packages:${PYTHONPATH} /usr/bin/python3 setup.py egg_info --egg-base ../../../../build/examples_rclpy_executors build --build-base /home/sln/beginner_tutorials/build/examples_rclpy_executors/build install --prefix /home/sln/beginner_tutorials/install/examples_rclpy_executors --record /home/sln/beginner_tutorials/build/examples_rclpy_executors/install.log --single-version-externally-managed
