[5.818s] Invoking command in '/home/sln/beginner_tutorials/build/examples_rclpy_minimal_action_server': PYTHONPATH=/home/sln/beginner_tutorials/install/examples_rclpy_minimal_action_server/lib/python3.8/site-packages:${PYTHONPATH} /usr/bin/python3 setup.py develop --prefix /home/sln/beginner_tutorials/install/examples_rclpy_minimal_action_server --uninstall --editable --build-directory /home/sln/beginner_tutorials/build/examples_rclpy_minimal_action_server/build
[7.456s] running develop
[8.642s] Invoked command in '/home/sln/beginner_tutorials/build/examples_rclpy_minimal_action_server' returned '0': PYTHONPATH=/home/sln/beginner_tutorials/install/examples_rclpy_minimal_action_server/lib/python3.8/site-packages:${PYTHONPATH} /usr/bin/python3 setup.py develop --prefix /home/sln/beginner_tutorials/install/examples_rclpy_minimal_action_server --uninstall --editable --build-directory /home/sln/beginner_tutorials/build/examples_rclpy_minimal_action_server/build
[8.645s] Invoking command in '/home/sln/beginner_tutorials/src/examples/rclpy/actions/minimal_action_server': PYTHONPATH=/home/sln/beginner_tutorials/install/examples_rclpy_minimal_action_server/lib/python3.8/site-packages:${PYTHONPATH} /usr/bin/python3 setup.py egg_info --egg-base ../../../../../build/examples_rclpy_minimal_action_server build --build-base /home/sln/beginner_tutorials/build/examples_rclpy_minimal_action_server/build install --prefix /home/sln/beginner_tutorials/install/examples_rclpy_minimal_action_server --record /home/sln/beginner_tutorials/build/examples_rclpy_minimal_action_server/install.log --single-version-externally-managed
[10.203s] running egg_info
[10.204s] writing ../../../../../build/examples_rclpy_minimal_action_server/examples_rclpy_minimal_action_server.egg-info/PKG-INFO
[10.205s] writing dependency_links to ../../../../../build/examples_rclpy_minimal_action_server/examples_rclpy_minimal_action_server.egg-info/dependency_links.txt
[10.205s] writing entry points to ../../../../../build/examples_rclpy_minimal_action_server/examples_rclpy_minimal_action_server.egg-info/entry_points.txt
[10.205s] writing requirements to ../../../../../build/examples_rclpy_minimal_action_server/examples_rclpy_minimal_action_server.egg-info/requires.txt
[10.205s] writing top-level names to ../../../../../build/examples_rclpy_minimal_action_server/examples_rclpy_minimal_action_server.egg-info/top_level.txt
[10.285s] reading manifest file '../../../../../build/examples_rclpy_minimal_action_server/examples_rclpy_minimal_action_server.egg-info/SOURCES.txt'
[10.286s] writing manifest file '../../../../../build/examples_rclpy_minimal_action_server/examples_rclpy_minimal_action_server.egg-info/SOURCES.txt'
[10.287s] running build
[10.287s] running build_py
[10.287s] running install
[10.292s] running install_lib
[10.299s] running install_data
[10.300s] running install_egg_info
[10.306s] removing '/home/sln/beginner_tutorials/install/examples_rclpy_minimal_action_server/lib/python3.8/site-packages/examples_rclpy_minimal_action_server-0.15.1-py3.8.egg-info' (and everything under it)
[10.307s] Copying ../../../../../build/examples_rclpy_minimal_action_server/examples_rclpy_minimal_action_server.egg-info to /home/sln/beginner_tutorials/install/examples_rclpy_minimal_action_server/lib/python3.8/site-packages/examples_rclpy_minimal_action_server-0.15.1-py3.8.egg-info
[10.308s] running install_scripts
[10.397s] Installing server script to /home/sln/beginner_tutorials/install/examples_rclpy_minimal_action_server/lib/examples_rclpy_minimal_action_server
[10.397s] Installing server_defer script to /home/sln/beginner_tutorials/install/examples_rclpy_minimal_action_server/lib/examples_rclpy_minimal_action_server
[10.426s] Installing server_not_composable script to /home/sln/beginner_tutorials/install/examples_rclpy_minimal_action_server/lib/examples_rclpy_minimal_action_server
[10.426s] Installing server_queue_goals script to /home/sln/beginner_tutorials/install/examples_rclpy_minimal_action_server/lib/examples_rclpy_minimal_action_server
[10.426s] Installing server_single_goal script to /home/sln/beginner_tutorials/install/examples_rclpy_minimal_action_server/lib/examples_rclpy_minimal_action_server
[10.426s] writing list of installed files to '/home/sln/beginner_tutorials/build/examples_rclpy_minimal_action_server/install.log'
[10.592s] Invoked command in '/home/sln/beginner_tutorials/src/examples/rclpy/actions/minimal_action_server' returned '0': PYTHONPATH=/home/sln/beginner_tutorials/install/examples_rclpy_minimal_action_server/lib/python3.8/site-packages:${PYTHONPATH} /usr/bin/python3 setup.py egg_info --egg-base ../../../../../build/examples_rclpy_minimal_action_server build --build-base /home/sln/beginner_tutorials/build/examples_rclpy_minimal_action_server/build install --prefix /home/sln/beginner_tutorials/install/examples_rclpy_minimal_action_server --record /home/sln/beginner_tutorials/build/examples_rclpy_minimal_action_server/install.log --single-version-externally-managed
