[3.462s] Invoking command in '/home/sln/beginner_tutorials/build/examples_rclpy_pointcloud_publisher': PYTHONPATH=/home/sln/beginner_tutorials/install/examples_rclpy_pointcloud_publisher/lib/python3.8/site-packages:${PYTHONPATH} /usr/bin/python3 setup.py develop --prefix /home/sln/beginner_tutorials/install/examples_rclpy_pointcloud_publisher --editable --build-directory /home/sln/beginner_tutorials/build/examples_rclpy_pointcloud_publisher/build --no-deps install_data --install-dir /home/sln/beginner_tutorials/install/examples_rclpy_pointcloud_publisher
[5.010s] running develop
[5.331s] running egg_info
[5.331s] creating examples_rclpy_pointcloud_publisher.egg-info
[5.331s] writing examples_rclpy_pointcloud_publisher.egg-info/PKG-INFO
[5.331s] writing dependency_links to examples_rclpy_pointcloud_publisher.egg-info/dependency_links.txt
[5.332s] writing entry points to examples_rclpy_pointcloud_publisher.egg-info/entry_points.txt
[5.332s] writing requirements to examples_rclpy_pointcloud_publisher.egg-info/requires.txt
[5.332s] writing top-level names to examples_rclpy_pointcloud_publisher.egg-info/top_level.txt
[5.332s] writing manifest file 'examples_rclpy_pointcloud_publisher.egg-info/SOURCES.txt'
[5.387s] reading manifest file 'examples_rclpy_pointcloud_publisher.egg-info/SOURCES.txt'
[5.388s] writing manifest file 'examples_rclpy_pointcloud_publisher.egg-info/SOURCES.txt'
[5.396s] running build_ext
[5.396s] Creating /home/sln/beginner_tutorials/install/examples_rclpy_pointcloud_publisher/lib/python3.8/site-packages/site.py
[5.402s] Creating /home/sln/beginner_tutorials/install/examples_rclpy_pointcloud_publisher/lib/python3.8/site-packages/examples-rclpy-pointcloud-publisher.egg-link (link to .)
[5.403s] Installing pointcloud_publisher script to /home/sln/beginner_tutorials/install/examples_rclpy_pointcloud_publisher/lib/examples_rclpy_pointcloud_publisher
[5.403s] 
[5.403s] Installed /home/sln/beginner_tutorials/build/examples_rclpy_pointcloud_publisher
[5.404s] running install_data
[5.404s] creating /home/sln/beginner_tutorials/install/examples_rclpy_pointcloud_publisher/share/ament_index
[5.404s] creating /home/sln/beginner_tutorials/install/examples_rclpy_pointcloud_publisher/share/ament_index/resource_index
[5.404s] creating /home/sln/beginner_tutorials/install/examples_rclpy_pointcloud_publisher/share/ament_index/resource_index/packages
[5.404s] copying resource/examples_rclpy_pointcloud_publisher -> /home/sln/beginner_tutorials/install/examples_rclpy_pointcloud_publisher/share/ament_index/resource_index/packages
[5.404s] copying package.xml -> /home/sln/beginner_tutorials/install/examples_rclpy_pointcloud_publisher/share/examples_rclpy_pointcloud_publisher
[5.442s] Invoked command in '/home/sln/beginner_tutorials/build/examples_rclpy_pointcloud_publisher' returned '0': PYTHONPATH=/home/sln/beginner_tutorials/install/examples_rclpy_pointcloud_publisher/lib/python3.8/site-packages:${PYTHONPATH} /usr/bin/python3 setup.py develop --prefix /home/sln/beginner_tutorials/install/examples_rclpy_pointcloud_publisher --editable --build-directory /home/sln/beginner_tutorials/build/examples_rclpy_pointcloud_publisher/build --no-deps install_data --install-dir /home/sln/beginner_tutorials/install/examples_rclpy_pointcloud_publisher
