[4.672s] Invoking command in '/home/sln/beginner_tutorials/build/examples_rclpy_minimal_action_client': PYTHONPATH=/home/sln/beginner_tutorials/install/examples_rclpy_minimal_action_client/lib/python3.8/site-packages:${PYTHONPATH} /usr/bin/python3 setup.py develop --prefix /home/sln/beginner_tutorials/install/examples_rclpy_minimal_action_client --editable --build-directory /home/sln/beginner_tutorials/build/examples_rclpy_minimal_action_client/build --no-deps install_data --install-dir /home/sln/beginner_tutorials/install/examples_rclpy_minimal_action_client
[6.305s] running develop
[6.753s] running egg_info
[6.753s] creating examples_rclpy_minimal_action_client.egg-info
[6.753s] writing examples_rclpy_minimal_action_client.egg-info/PKG-INFO
[6.753s] writing dependency_links to examples_rclpy_minimal_action_client.egg-info/dependency_links.txt
[6.754s] writing entry points to examples_rclpy_minimal_action_client.egg-info/entry_points.txt
[6.754s] writing requirements to examples_rclpy_minimal_action_client.egg-info/requires.txt
[6.754s] writing top-level names to examples_rclpy_minimal_action_client.egg-info/top_level.txt
[6.754s] writing manifest file 'examples_rclpy_minimal_action_client.egg-info/SOURCES.txt'
[6.828s] reading manifest file 'examples_rclpy_minimal_action_client.egg-info/SOURCES.txt'
[6.829s] writing manifest file 'examples_rclpy_minimal_action_client.egg-info/SOURCES.txt'
[6.848s] running build_ext
[6.848s] Creating /home/sln/beginner_tutorials/install/examples_rclpy_minimal_action_client/lib/python3.8/site-packages/site.py
[6.852s] Creating /home/sln/beginner_tutorials/install/examples_rclpy_minimal_action_client/lib/python3.8/site-packages/examples-rclpy-minimal-action-client.egg-link (link to .)
[6.853s] Installing client script to /home/sln/beginner_tutorials/install/examples_rclpy_minimal_action_client/lib/examples_rclpy_minimal_action_client
[6.854s] Installing client_asyncio script to /home/sln/beginner_tutorials/install/examples_rclpy_minimal_action_client/lib/examples_rclpy_minimal_action_client
[6.854s] Installing client_cancel script to /home/sln/beginner_tutorials/install/examples_rclpy_minimal_action_client/lib/examples_rclpy_minimal_action_client
[6.855s] Installing client_not_composable script to /home/sln/beginner_tutorials/install/examples_rclpy_minimal_action_client/lib/examples_rclpy_minimal_action_client
[6.855s] 
[6.856s] Installed /home/sln/beginner_tutorials/build/examples_rclpy_minimal_action_client
[6.856s] running install_data
[6.856s] creating /home/sln/beginner_tutorials/install/examples_rclpy_minimal_action_client/share/ament_index
[6.857s] creating /home/sln/beginner_tutorials/install/examples_rclpy_minimal_action_client/share/ament_index/resource_index
[6.857s] creating /home/sln/beginner_tutorials/install/examples_rclpy_minimal_action_client/share/ament_index/resource_index/packages
[6.857s] copying resource/examples_rclpy_minimal_action_client -> /home/sln/beginner_tutorials/install/examples_rclpy_minimal_action_client/share/ament_index/resource_index/packages
[6.858s] copying package.xml -> /home/sln/beginner_tutorials/install/examples_rclpy_minimal_action_client/share/examples_rclpy_minimal_action_client
[6.919s] Invoked command in '/home/sln/beginner_tutorials/build/examples_rclpy_minimal_action_client' returned '0': PYTHONPATH=/home/sln/beginner_tutorials/install/examples_rclpy_minimal_action_client/lib/python3.8/site-packages:${PYTHONPATH} /usr/bin/python3 setup.py develop --prefix /home/sln/beginner_tutorials/install/examples_rclpy_minimal_action_client --editable --build-directory /home/sln/beginner_tutorials/build/examples_rclpy_minimal_action_client/build --no-deps install_data --install-dir /home/sln/beginner_tutorials/install/examples_rclpy_minimal_action_client
