[0.244s] DEBUG:colcon:Command line arguments: ['/usr/bin/colcon', 'build', '--packages-select', 'cpp_pubsub']
[0.244s] DEBUG:colcon:Parsed command line arguments: Namespace(allow_overriding=[], ament_cmake_args=None, base_paths=['.'], build_base='build', catkin_cmake_args=None, catkin_skip_building_tests=False, cmake_args=None, cmake_clean_cache=False, cmake_clean_first=False, cmake_force_configure=False, cmake_target=None, cmake_target_skip_unavailable=False, continue_on_error=False, event_handlers=None, executor='parallel', ignore_user_meta=False, install_base='install', log_base=None, log_level=None, main=<bound method BuildVerb.main of <colcon_core.verb.build.BuildVerb object at 0x7fa2ab6061c0>>, merge_install=False, metas=['./colcon.meta'], packages_above=None, packages_above_and_dependencies=None, packages_above_depth=None, packages_end=None, packages_ignore=None, packages_ignore_regex=None, packages_select=['cpp_pubsub'], packages_select_build_failed=False, packages_select_by_dep=None, packages_select_regex=None, packages_select_test_failures=False, packages_skip=None, packages_skip_build_finished=False, packages_skip_by_dep=None, packages_skip_regex=None, packages_skip_test_passed=False, packages_skip_up_to=None, packages_start=None, packages_up_to=None, packages_up_to_regex=None, parallel_workers=8, paths=None, symlink_install=False, test_result_base=None, verb_extension=<colcon_core.verb.build.BuildVerb object at 0x7fa2ab6061c0>, verb_name='build', verb_parser=<colcon_defaults.argument_parser.defaults.DefaultArgumentsDecorator object at 0x7fa2ab606700>)
[0.289s] Level 1:colcon.colcon_core.package_discovery:discover_packages(colcon_meta) check parameters
[0.289s] Level 1:colcon.colcon_core.package_discovery:discover_packages(recursive) check parameters
[0.289s] Level 1:colcon.colcon_core.package_discovery:discover_packages(ignore) check parameters
[0.289s] Level 1:colcon.colcon_core.package_discovery:discover_packages(path) check parameters
[0.289s] Level 1:colcon.colcon_core.package_discovery:discover_packages(colcon_meta) discover
[0.289s] Level 1:colcon.colcon_core.package_discovery:discover_packages(recursive) discover
[0.289s] INFO:colcon.colcon_core.package_discovery:Crawling recursively for packages in '/home/sln/beginner_tutorials'
[0.290s] Level 1:colcon.colcon_core.package_identification:_identify(.) by extensions ['ignore', 'ignore_ament_install']
[0.290s] Level 1:colcon.colcon_core.package_identification:_identify(.) by extension 'ignore'
[0.290s] Level 1:colcon.colcon_core.package_identification:_identify(.) by extension 'ignore_ament_install'
[0.290s] Level 1:colcon.colcon_core.package_identification:_identify(.) by extensions ['colcon_pkg']
[0.290s] Level 1:colcon.colcon_core.package_identification:_identify(.) by extension 'colcon_pkg'
[0.290s] Level 1:colcon.colcon_core.package_identification:_identify(.) by extensions ['colcon_meta']
[0.290s] Level 1:colcon.colcon_core.package_identification:_identify(.) by extension 'colcon_meta'
[0.290s] Level 1:colcon.colcon_core.package_identification:_identify(.) by extensions ['ros']
[0.290s] Level 1:colcon.colcon_core.package_identification:_identify(.) by extension 'ros'
[0.309s] Level 1:colcon.colcon_core.package_identification:_identify(.) by extensions ['cmake', 'python']
[0.309s] Level 1:colcon.colcon_core.package_identification:_identify(.) by extension 'cmake'
[0.309s] Level 1:colcon.colcon_core.package_identification:_identify(.) by extension 'python'
[0.309s] Level 1:colcon.colcon_core.package_identification:_identify(.) by extensions ['python_setup_py']
[0.309s] Level 1:colcon.colcon_core.package_identification:_identify(.) by extension 'python_setup_py'
[0.309s] Level 1:colcon.colcon_core.package_identification:_identify(build) by extensions ['ignore', 'ignore_ament_install']
[0.310s] Level 1:colcon.colcon_core.package_identification:_identify(build) by extension 'ignore'
[0.310s] Level 1:colcon.colcon_core.package_identification:_identify(build) ignored
[0.310s] Level 1:colcon.colcon_core.package_identification:_identify(install) by extensions ['ignore', 'ignore_ament_install']
[0.310s] Level 1:colcon.colcon_core.package_identification:_identify(install) by extension 'ignore'
[0.310s] Level 1:colcon.colcon_core.package_identification:_identify(install) ignored
[0.310s] Level 1:colcon.colcon_core.package_identification:_identify(log) by extensions ['ignore', 'ignore_ament_install']
[0.310s] Level 1:colcon.colcon_core.package_identification:_identify(log) by extension 'ignore'
[0.310s] Level 1:colcon.colcon_core.package_identification:_identify(log) ignored
[0.310s] Level 1:colcon.colcon_core.package_identification:_identify(src) by extensions ['ignore', 'ignore_ament_install']
[0.310s] Level 1:colcon.colcon_core.package_identification:_identify(src) by extension 'ignore'
[0.310s] Level 1:colcon.colcon_core.package_identification:_identify(src) by extension 'ignore_ament_install'
[0.310s] Level 1:colcon.colcon_core.package_identification:_identify(src) by extensions ['colcon_pkg']
[0.310s] Level 1:colcon.colcon_core.package_identification:_identify(src) by extension 'colcon_pkg'
[0.310s] Level 1:colcon.colcon_core.package_identification:_identify(src) by extensions ['colcon_meta']
[0.310s] Level 1:colcon.colcon_core.package_identification:_identify(src) by extension 'colcon_meta'
[0.310s] Level 1:colcon.colcon_core.package_identification:_identify(src) by extensions ['ros']
[0.311s] Level 1:colcon.colcon_core.package_identification:_identify(src) by extension 'ros'
[0.311s] Level 1:colcon.colcon_core.package_identification:_identify(src) by extensions ['cmake', 'python']
[0.311s] Level 1:colcon.colcon_core.package_identification:_identify(src) by extension 'cmake'
[0.311s] Level 1:colcon.colcon_core.package_identification:_identify(src) by extension 'python'
[0.311s] Level 1:colcon.colcon_core.package_identification:_identify(src) by extensions ['python_setup_py']
[0.311s] Level 1:colcon.colcon_core.package_identification:_identify(src) by extension 'python_setup_py'
[0.311s] Level 1:colcon.colcon_core.package_identification:_identify(src/bag_files) by extensions ['ignore', 'ignore_ament_install']
[0.311s] Level 1:colcon.colcon_core.package_identification:_identify(src/bag_files) by extension 'ignore'
[0.311s] Level 1:colcon.colcon_core.package_identification:_identify(src/bag_files) by extension 'ignore_ament_install'
[0.311s] Level 1:colcon.colcon_core.package_identification:_identify(src/bag_files) by extensions ['colcon_pkg']
[0.311s] Level 1:colcon.colcon_core.package_identification:_identify(src/bag_files) by extension 'colcon_pkg'
[0.311s] Level 1:colcon.colcon_core.package_identification:_identify(src/bag_files) by extensions ['colcon_meta']
[0.311s] Level 1:colcon.colcon_core.package_identification:_identify(src/bag_files) by extension 'colcon_meta'
[0.311s] Level 1:colcon.colcon_core.package_identification:_identify(src/bag_files) by extensions ['ros']
[0.311s] Level 1:colcon.colcon_core.package_identification:_identify(src/bag_files) by extension 'ros'
[0.311s] Level 1:colcon.colcon_core.package_identification:_identify(src/bag_files) by extensions ['cmake', 'python']
[0.311s] Level 1:colcon.colcon_core.package_identification:_identify(src/bag_files) by extension 'cmake'
[0.311s] Level 1:colcon.colcon_core.package_identification:_identify(src/bag_files) by extension 'python'
[0.311s] Level 1:colcon.colcon_core.package_identification:_identify(src/bag_files) by extensions ['python_setup_py']
[0.311s] Level 1:colcon.colcon_core.package_identification:_identify(src/bag_files) by extension 'python_setup_py'
[0.311s] Level 1:colcon.colcon_core.package_identification:_identify(src/bag_files/rosbag2_2022_11_14-05_19_07) by extensions ['ignore', 'ignore_ament_install']
[0.312s] Level 1:colcon.colcon_core.package_identification:_identify(src/bag_files/rosbag2_2022_11_14-05_19_07) by extension 'ignore'
[0.312s] Level 1:colcon.colcon_core.package_identification:_identify(src/bag_files/rosbag2_2022_11_14-05_19_07) by extension 'ignore_ament_install'
[0.312s] Level 1:colcon.colcon_core.package_identification:_identify(src/bag_files/rosbag2_2022_11_14-05_19_07) by extensions ['colcon_pkg']
[0.312s] Level 1:colcon.colcon_core.package_identification:_identify(src/bag_files/rosbag2_2022_11_14-05_19_07) by extension 'colcon_pkg'
[0.312s] Level 1:colcon.colcon_core.package_identification:_identify(src/bag_files/rosbag2_2022_11_14-05_19_07) by extensions ['colcon_meta']
[0.312s] Level 1:colcon.colcon_core.package_identification:_identify(src/bag_files/rosbag2_2022_11_14-05_19_07) by extension 'colcon_meta'
[0.312s] Level 1:colcon.colcon_core.package_identification:_identify(src/bag_files/rosbag2_2022_11_14-05_19_07) by extensions ['ros']
[0.312s] Level 1:colcon.colcon_core.package_identification:_identify(src/bag_files/rosbag2_2022_11_14-05_19_07) by extension 'ros'
[0.312s] Level 1:colcon.colcon_core.package_identification:_identify(src/bag_files/rosbag2_2022_11_14-05_19_07) by extensions ['cmake', 'python']
[0.312s] Level 1:colcon.colcon_core.package_identification:_identify(src/bag_files/rosbag2_2022_11_14-05_19_07) by extension 'cmake'
[0.312s] Level 1:colcon.colcon_core.package_identification:_identify(src/bag_files/rosbag2_2022_11_14-05_19_07) by extension 'python'
[0.312s] Level 1:colcon.colcon_core.package_identification:_identify(src/bag_files/rosbag2_2022_11_14-05_19_07) by extensions ['python_setup_py']
[0.312s] Level 1:colcon.colcon_core.package_identification:_identify(src/bag_files/rosbag2_2022_11_14-05_19_07) by extension 'python_setup_py'
[0.312s] Level 1:colcon.colcon_core.package_identification:_identify(src/bag_files/subset) by extensions ['ignore', 'ignore_ament_install']
[0.312s] Level 1:colcon.colcon_core.package_identification:_identify(src/bag_files/subset) by extension 'ignore'
[0.312s] Level 1:colcon.colcon_core.package_identification:_identify(src/bag_files/subset) by extension 'ignore_ament_install'
[0.312s] Level 1:colcon.colcon_core.package_identification:_identify(src/bag_files/subset) by extensions ['colcon_pkg']
[0.312s] Level 1:colcon.colcon_core.package_identification:_identify(src/bag_files/subset) by extension 'colcon_pkg'
[0.312s] Level 1:colcon.colcon_core.package_identification:_identify(src/bag_files/subset) by extensions ['colcon_meta']
[0.312s] Level 1:colcon.colcon_core.package_identification:_identify(src/bag_files/subset) by extension 'colcon_meta'
[0.312s] Level 1:colcon.colcon_core.package_identification:_identify(src/bag_files/subset) by extensions ['ros']
[0.312s] Level 1:colcon.colcon_core.package_identification:_identify(src/bag_files/subset) by extension 'ros'
[0.313s] Level 1:colcon.colcon_core.package_identification:_identify(src/bag_files/subset) by extensions ['cmake', 'python']
[0.313s] Level 1:colcon.colcon_core.package_identification:_identify(src/bag_files/subset) by extension 'cmake'
[0.313s] Level 1:colcon.colcon_core.package_identification:_identify(src/bag_files/subset) by extension 'python'
[0.313s] Level 1:colcon.colcon_core.package_identification:_identify(src/bag_files/subset) by extensions ['python_setup_py']
[0.313s] Level 1:colcon.colcon_core.package_identification:_identify(src/bag_files/subset) by extension 'python_setup_py'
[0.313s] Level 1:colcon.colcon_core.package_identification:_identify(src/cpp_pubsub) by extensions ['ignore', 'ignore_ament_install']
[0.313s] Level 1:colcon.colcon_core.package_identification:_identify(src/cpp_pubsub) by extension 'ignore'
[0.313s] Level 1:colcon.colcon_core.package_identification:_identify(src/cpp_pubsub) by extension 'ignore_ament_install'
[0.313s] Level 1:colcon.colcon_core.package_identification:_identify(src/cpp_pubsub) by extensions ['colcon_pkg']
[0.313s] Level 1:colcon.colcon_core.package_identification:_identify(src/cpp_pubsub) by extension 'colcon_pkg'
[0.313s] Level 1:colcon.colcon_core.package_identification:_identify(src/cpp_pubsub) by extensions ['colcon_meta']
[0.313s] Level 1:colcon.colcon_core.package_identification:_identify(src/cpp_pubsub) by extension 'colcon_meta'
[0.313s] Level 1:colcon.colcon_core.package_identification:_identify(src/cpp_pubsub) by extensions ['ros']
[0.313s] Level 1:colcon.colcon_core.package_identification:_identify(src/cpp_pubsub) by extension 'ros'
[0.315s] DEBUG:colcon.colcon_core.package_identification:Package 'src/cpp_pubsub' with type 'ros.ament_cmake' and name 'cpp_pubsub'
[0.315s] Level 1:colcon.colcon_core.package_identification:_identify(src/my_package) by extensions ['ignore', 'ignore_ament_install']
[0.316s] Level 1:colcon.colcon_core.package_identification:_identify(src/my_package) by extension 'ignore'
[0.316s] Level 1:colcon.colcon_core.package_identification:_identify(src/my_package) by extension 'ignore_ament_install'
[0.316s] Level 1:colcon.colcon_core.package_identification:_identify(src/my_package) by extensions ['colcon_pkg']
[0.316s] Level 1:colcon.colcon_core.package_identification:_identify(src/my_package) by extension 'colcon_pkg'
[0.316s] Level 1:colcon.colcon_core.package_identification:_identify(src/my_package) by extensions ['colcon_meta']
[0.316s] Level 1:colcon.colcon_core.package_identification:_identify(src/my_package) by extension 'colcon_meta'
[0.316s] Level 1:colcon.colcon_core.package_identification:_identify(src/my_package) by extensions ['ros']
[0.316s] Level 1:colcon.colcon_core.package_identification:_identify(src/my_package) by extension 'ros'
[0.316s] DEBUG:colcon.colcon_core.package_identification:Package 'src/my_package' with type 'ros.ament_cmake' and name 'my_package'
[0.316s] Level 1:colcon.colcon_core.package_identification:_identify(src/ros_tutorials) by extensions ['ignore', 'ignore_ament_install']
[0.316s] Level 1:colcon.colcon_core.package_identification:_identify(src/ros_tutorials) by extension 'ignore'
[0.316s] Level 1:colcon.colcon_core.package_identification:_identify(src/ros_tutorials) by extension 'ignore_ament_install'
[0.316s] Level 1:colcon.colcon_core.package_identification:_identify(src/ros_tutorials) by extensions ['colcon_pkg']
[0.316s] Level 1:colcon.colcon_core.package_identification:_identify(src/ros_tutorials) by extension 'colcon_pkg'
[0.317s] Level 1:colcon.colcon_core.package_identification:_identify(src/ros_tutorials) by extensions ['colcon_meta']
[0.317s] Level 1:colcon.colcon_core.package_identification:_identify(src/ros_tutorials) by extension 'colcon_meta'
[0.317s] Level 1:colcon.colcon_core.package_identification:_identify(src/ros_tutorials) by extensions ['ros']
[0.317s] Level 1:colcon.colcon_core.package_identification:_identify(src/ros_tutorials) by extension 'ros'
[0.317s] Level 1:colcon.colcon_core.package_identification:_identify(src/ros_tutorials) by extensions ['cmake', 'python']
[0.317s] Level 1:colcon.colcon_core.package_identification:_identify(src/ros_tutorials) by extension 'cmake'
[0.317s] Level 1:colcon.colcon_core.package_identification:_identify(src/ros_tutorials) by extension 'python'
[0.317s] Level 1:colcon.colcon_core.package_identification:_identify(src/ros_tutorials) by extensions ['python_setup_py']
[0.317s] Level 1:colcon.colcon_core.package_identification:_identify(src/ros_tutorials) by extension 'python_setup_py'
[0.317s] Level 1:colcon.colcon_core.package_identification:_identify(src/ros_tutorials/ros_tutorials) by extensions ['ignore', 'ignore_ament_install']
[0.317s] Level 1:colcon.colcon_core.package_identification:_identify(src/ros_tutorials/ros_tutorials) by extension 'ignore'
[0.317s] Level 1:colcon.colcon_core.package_identification:_identify(src/ros_tutorials/ros_tutorials) ignored
[0.317s] Level 1:colcon.colcon_core.package_identification:_identify(src/ros_tutorials/roscpp_tutorials) by extensions ['ignore', 'ignore_ament_install']
[0.317s] Level 1:colcon.colcon_core.package_identification:_identify(src/ros_tutorials/roscpp_tutorials) by extension 'ignore'
[0.317s] Level 1:colcon.colcon_core.package_identification:_identify(src/ros_tutorials/roscpp_tutorials) ignored
[0.317s] Level 1:colcon.colcon_core.package_identification:_identify(src/ros_tutorials/rospy_tutorials) by extensions ['ignore', 'ignore_ament_install']
[0.317s] Level 1:colcon.colcon_core.package_identification:_identify(src/ros_tutorials/rospy_tutorials) by extension 'ignore'
[0.318s] Level 1:colcon.colcon_core.package_identification:_identify(src/ros_tutorials/rospy_tutorials) ignored
[0.318s] Level 1:colcon.colcon_core.package_identification:_identify(src/ros_tutorials/turtlesim) by extensions ['ignore', 'ignore_ament_install']
[0.318s] Level 1:colcon.colcon_core.package_identification:_identify(src/ros_tutorials/turtlesim) by extension 'ignore'
[0.318s] Level 1:colcon.colcon_core.package_identification:_identify(src/ros_tutorials/turtlesim) by extension 'ignore_ament_install'
[0.318s] Level 1:colcon.colcon_core.package_identification:_identify(src/ros_tutorials/turtlesim) by extensions ['colcon_pkg']
[0.318s] Level 1:colcon.colcon_core.package_identification:_identify(src/ros_tutorials/turtlesim) by extension 'colcon_pkg'
[0.318s] Level 1:colcon.colcon_core.package_identification:_identify(src/ros_tutorials/turtlesim) by extensions ['colcon_meta']
[0.318s] Level 1:colcon.colcon_core.package_identification:_identify(src/ros_tutorials/turtlesim) by extension 'colcon_meta'
[0.318s] Level 1:colcon.colcon_core.package_identification:_identify(src/ros_tutorials/turtlesim) by extensions ['ros']
[0.318s] Level 1:colcon.colcon_core.package_identification:_identify(src/ros_tutorials/turtlesim) by extension 'ros'
[0.319s] DEBUG:colcon.colcon_core.package_identification:Package 'src/ros_tutorials/turtlesim' with type 'ros.ament_cmake' and name 'turtlesim'
[0.319s] Level 1:colcon.colcon_core.package_identification:_identify(src/understanding_params) by extensions ['ignore', 'ignore_ament_install']
[0.319s] Level 1:colcon.colcon_core.package_identification:_identify(src/understanding_params) by extension 'ignore'
[0.319s] Level 1:colcon.colcon_core.package_identification:_identify(src/understanding_params) by extension 'ignore_ament_install'
[0.319s] Level 1:colcon.colcon_core.package_identification:_identify(src/understanding_params) by extensions ['colcon_pkg']
[0.319s] Level 1:colcon.colcon_core.package_identification:_identify(src/understanding_params) by extension 'colcon_pkg'
[0.319s] Level 1:colcon.colcon_core.package_identification:_identify(src/understanding_params) by extensions ['colcon_meta']
[0.319s] Level 1:colcon.colcon_core.package_identification:_identify(src/understanding_params) by extension 'colcon_meta'
[0.319s] Level 1:colcon.colcon_core.package_identification:_identify(src/understanding_params) by extensions ['ros']
[0.319s] Level 1:colcon.colcon_core.package_identification:_identify(src/understanding_params) by extension 'ros'
[0.319s] Level 1:colcon.colcon_core.package_identification:_identify(src/understanding_params) by extensions ['cmake', 'python']
[0.319s] Level 1:colcon.colcon_core.package_identification:_identify(src/understanding_params) by extension 'cmake'
[0.319s] Level 1:colcon.colcon_core.package_identification:_identify(src/understanding_params) by extension 'python'
[0.320s] Level 1:colcon.colcon_core.package_identification:_identify(src/understanding_params) by extensions ['python_setup_py']
[0.320s] Level 1:colcon.colcon_core.package_identification:_identify(src/understanding_params) by extension 'python_setup_py'
[0.320s] Level 1:colcon.colcon_core.package_discovery:discover_packages(recursive) using defaults
[0.320s] Level 1:colcon.colcon_core.package_discovery:discover_packages(ignore) discover
[0.320s] Level 1:colcon.colcon_core.package_discovery:discover_packages(ignore) using defaults
[0.320s] Level 1:colcon.colcon_core.package_discovery:discover_packages(path) discover
[0.320s] Level 1:colcon.colcon_core.package_discovery:discover_packages(path) using defaults
[0.360s] INFO:colcon.colcon_core.package_selection:Skipping not selected package 'my_package' in 'src/my_package'
[0.360s] INFO:colcon.colcon_core.package_selection:Skipping not selected package 'turtlesim' in 'src/ros_tutorials/turtlesim'
[0.361s] Level 1:colcon.colcon_core.package_discovery:discover_packages(prefix_path) check parameters
[0.361s] Level 1:colcon.colcon_core.package_discovery:discover_packages(prefix_path) discover
[0.362s] WARNING:colcon.colcon_core.prefix_path.colcon:The path '/home/sln/beginner_tutorials/src/cpp_pubsub/install' in the environment variable COLCON_PREFIX_PATH doesn't exist
[0.363s] WARNING:colcon.colcon_ros.prefix_path.ament:The path '/home/sln/beginner_tutorials/src/cpp_pubsub/install/cpp_pubsub' in the environment variable AMENT_PREFIX_PATH doesn't exist
[0.375s] WARNING:colcon.colcon_ros.prefix_path.catkin:The path '/home/sln/beginner_tutorials/src/cpp_pubsub/install/cpp_pubsub' in the environment variable CMAKE_PREFIX_PATH doesn't exist
[0.379s] DEBUG:colcon.colcon_installed_package_information.package_discovery:Found 25 installed packages in /home/sln/beginner_tutorials/install
[0.380s] DEBUG:colcon.colcon_installed_package_information.package_discovery:Found 1 installed packages in /home/sln/beginner_tutorials/src/my_package/install
[0.390s] DEBUG:colcon.colcon_installed_package_information.package_discovery:Found 340 installed packages in /home/sln/ros2_humble/install
[0.393s] Level 1:colcon.colcon_core.package_discovery:discover_packages(prefix_path) using defaults
[0.419s] Level 5:colcon.colcon_core.verb:set package 'cpp_pubsub' build argument 'cmake_args' from command line to 'None'
[0.419s] Level 5:colcon.colcon_core.verb:set package 'cpp_pubsub' build argument 'cmake_target' from command line to 'None'
[0.419s] Level 5:colcon.colcon_core.verb:set package 'cpp_pubsub' build argument 'cmake_target_skip_unavailable' from command line to 'False'
[0.419s] Level 5:colcon.colcon_core.verb:set package 'cpp_pubsub' build argument 'cmake_clean_cache' from command line to 'False'
[0.419s] Level 5:colcon.colcon_core.verb:set package 'cpp_pubsub' build argument 'cmake_clean_first' from command line to 'False'
[0.419s] Level 5:colcon.colcon_core.verb:set package 'cpp_pubsub' build argument 'cmake_force_configure' from command line to 'False'
[0.419s] Level 5:colcon.colcon_core.verb:set package 'cpp_pubsub' build argument 'ament_cmake_args' from command line to 'None'
[0.419s] Level 5:colcon.colcon_core.verb:set package 'cpp_pubsub' build argument 'catkin_cmake_args' from command line to 'None'
[0.419s] Level 5:colcon.colcon_core.verb:set package 'cpp_pubsub' build argument 'catkin_skip_building_tests' from command line to 'False'
[0.419s] DEBUG:colcon.colcon_core.verb:Building package 'cpp_pubsub' with the following arguments: {'ament_cmake_args': None, 'build_base': '/home/sln/beginner_tutorials/build/cpp_pubsub', 'catkin_cmake_args': None, 'catkin_skip_building_tests': False, 'cmake_args': None, 'cmake_clean_cache': False, 'cmake_clean_first': False, 'cmake_force_configure': False, 'cmake_target': None, 'cmake_target_skip_unavailable': False, 'install_base': '/home/sln/beginner_tutorials/install/cpp_pubsub', 'merge_install': False, 'path': '/home/sln/beginner_tutorials/src/cpp_pubsub', 'symlink_install': False, 'test_result_base': None}
[0.420s] INFO:colcon.colcon_core.executor:Executing jobs using 'parallel' executor
[0.428s] DEBUG:colcon.colcon_parallel_executor.executor.parallel:run_until_complete
[0.428s] INFO:colcon.colcon_ros.task.ament_cmake.build:Building ROS package in '/home/sln/beginner_tutorials/src/cpp_pubsub' with build type 'ament_cmake'
[0.428s] INFO:colcon.colcon_cmake.task.cmake.build:Building CMake package in '/home/sln/beginner_tutorials/src/cpp_pubsub'
[0.437s] INFO:colcon.colcon_core.plugin_system:Skipping extension 'colcon_core.shell.bat': Not used on non-Windows systems
[0.437s] INFO:colcon.colcon_core.shell:Skip shell extension 'powershell' for command environment: Not usable outside of PowerShell
[0.437s] DEBUG:colcon.colcon_core.shell:Skip shell extension 'dsv' for command environment
[0.479s] DEBUG:colcon.colcon_core.event_handler.log_command:Invoking command in '/home/sln/beginner_tutorials/build/cpp_pubsub': CMAKE_PREFIX_PATH=${CMAKE_PREFIX_PATH}:/home/sln/beginner_tutorials/install/launch_testing_examples:/home/sln/beginner_tutorials/install/examples_rclpy_pointcloud_publisher:/home/sln/beginner_tutorials/install/examples_rclpy_minimal_subscriber:/home/sln/beginner_tutorials/install/examples_rclpy_minimal_service:/home/sln/beginner_tutorials/install/examples_rclpy_minimal_publisher:/home/sln/beginner_tutorials/install/examples_rclpy_minimal_client:/home/sln/beginner_tutorials/install/examples_rclpy_minimal_action_server:/home/sln/beginner_tutorials/install/examples_rclpy_minimal_action_client:/home/sln/beginner_tutorials/install/examples_rclpy_guard_conditions:/home/sln/beginner_tutorials/install/examples_rclpy_executors:/home/sln/ros2_humble/install/rqt_bag_plugins:/home/sln/ros2_humble/install/rqt_bag:/home/sln/ros2_humble/install/ros2bag:/home/sln/ros2_humble/install/tracetools_test:/home/sln/ros2_humble/install/tracetools_launch:/home/sln/ros2_humble/install/topic_monitor:/home/sln/ros2_humble/install/tf2_tools:/home/sln/ros2_humble/install/examples_tf2_py:/home/sln/ros2_humble/install/tf2_ros_py:/home/sln/ros2_humble/install/sros2:/home/sln/ros2_humble/install/rqt_topic:/home/sln/ros2_humble/install/rqt_srv:/home/sln/ros2_humble/install/rqt_shell:/home/sln/ros2_humble/install/rqt_service_caller:/home/sln/ros2_humble/install/rqt_reconfigure:/home/sln/ros2_humble/install/rqt_py_console:/home/sln/ros2_humble/install/rqt_publisher:/home/sln/ros2_humble/install/rqt_plot:/home/sln/ros2_humble/install/rqt_action:/home/sln/ros2_humble/install/rqt_msg:/home/sln/ros2_humble/install/rqt_console:/home/sln/ros2_humble/install/rqt:/home/sln/ros2_humble/install/rqt_graph:/home/sln/ros2_humble/install/rqt_gui_py:/home/sln/ros2_humble/install/rqt_gui:/home/sln/ros2_humble/install/ros2trace:/home/sln/ros2_humble/install/ros2topic:/home/sln/ros2_humble/install/ros2test:/home/sln/ros2_humble/install/ros2component:/home/sln/ros2_humble/install/ros2param:/home/sln/ros2_humble/install/ros2lifecycle:/home/sln/ros2_humble/install/ros2service:/home/sln/ros2_humble/install/ros2run:/home/sln/ros2_humble/install/ros2launch:/home/sln/ros2_humble/install/ros2pkg:/home/sln/ros2_humble/install/ros2node:/home/sln/ros2_humble/install/ros2multicast:/home/sln/ros2_humble/install/ros2interface:/home/sln/ros2_humble/install/ros2doctor:/home/sln/ros2_humble/install/ros2action:/home/sln/ros2_humble/install/ros2cli:/home/sln/ros2_humble/install/quality_of_service_demo_py:/home/sln/ros2_humble/install/lifecycle_py:/home/sln/ros2_humble/install/launch_testing_ros:/home/sln/ros2_humble/install/launch_ros:/home/sln/ros2_humble/install/examples_rclpy_pointcloud_publisher:/home/sln/ros2_humble/install/examples_rclpy_minimal_subscriber:/home/sln/ros2_humble/install/examples_rclpy_minimal_service:/home/sln/ros2_humble/install/examples_rclpy_minimal_publisher:/home/sln/ros2_humble/install/examples_rclpy_minimal_client:/home/sln/ros2_humble/install/examples_rclpy_minimal_action_server:/home/sln/ros2_humble/install/examples_rclpy_minimal_action_client:/home/sln/ros2_humble/install/examples_rclpy_guard_conditions:/home/sln/ros2_humble/install/examples_rclpy_executors:/home/sln/ros2_humble/install/demo_nodes_py:/home/sln/ros2_humble/install/action_tutorials_py:/home/sln/ros2_humble/install/ament_uncrustify:/home/sln/ros2_humble/install/tracetools_trace:/home/sln/ros2_humble/install/tracetools_read:/home/sln/ros2_humble/install/test_tracetools_launch:/home/sln/ros2_humble/install/test_launch_ros:/home/sln/ros2_humble/install/sensor_msgs_py:/home/sln/ros2_humble/install/rpyutils:/home/sln/ros2_humble/install/rosidl_runtime_py:/home/sln/ros2_humble/install/rosidl_cli:/home/sln/ros2_humble/install/launch_pytest:/home/sln/ros2_humble/install/launch_testing:/home/sln/ros2_humble/install/launch_yaml:/home/sln/ros2_humble/install/launch_xml:/home/sln/ros2_humble/install/launch:/home/sln/ros2_humble/install/osrf_pycommon:/home/sln/ros2_humble/install/launch_testing_examples:/home/sln/ros2_humble/install/domain_coordinator:/home/sln/ros2_humble/install/ament_xmllint:/home/sln/ros2_humble/install/ament_pyflakes:/home/sln/ros2_humble/install/ament_pycodestyle:/home/sln/ros2_humble/install/ament_pep257:/home/sln/ros2_humble/install/ament_pclint:/home/sln/ros2_humble/install/ament_package:/home/sln/ros2_humble/install/ament_mypy:/home/sln/ros2_humble/install/ament_lint_cmake:/home/sln/ros2_humble/install/ament_flake8:/home/sln/ros2_humble/install/ament_copyright:/home/sln/ros2_humble/install/ament_lint:/home/sln/ros2_humble/install/ament_index_python:/home/sln/ros2_humble/install/ament_cpplint:/home/sln/ros2_humble/install/ament_cppcheck:/home/sln/ros2_humble/install/ament_clang_tidy:/home/sln/ros2_humble/install/ament_clang_format /usr/bin/cmake --build /home/sln/beginner_tutorials/build/cpp_pubsub -- -j8 -l8
[0.658s] DEBUG:colcon.colcon_core.event_handler.log_command:Invoked command in '/home/sln/beginner_tutorials/build/cpp_pubsub' returned '0': CMAKE_PREFIX_PATH=${CMAKE_PREFIX_PATH}:/home/sln/beginner_tutorials/install/launch_testing_examples:/home/sln/beginner_tutorials/install/examples_rclpy_pointcloud_publisher:/home/sln/beginner_tutorials/install/examples_rclpy_minimal_subscriber:/home/sln/beginner_tutorials/install/examples_rclpy_minimal_service:/home/sln/beginner_tutorials/install/examples_rclpy_minimal_publisher:/home/sln/beginner_tutorials/install/examples_rclpy_minimal_client:/home/sln/beginner_tutorials/install/examples_rclpy_minimal_action_server:/home/sln/beginner_tutorials/install/examples_rclpy_minimal_action_client:/home/sln/beginner_tutorials/install/examples_rclpy_guard_conditions:/home/sln/beginner_tutorials/install/examples_rclpy_executors:/home/sln/ros2_humble/install/rqt_bag_plugins:/home/sln/ros2_humble/install/rqt_bag:/home/sln/ros2_humble/install/ros2bag:/home/sln/ros2_humble/install/tracetools_test:/home/sln/ros2_humble/install/tracetools_launch:/home/sln/ros2_humble/install/topic_monitor:/home/sln/ros2_humble/install/tf2_tools:/home/sln/ros2_humble/install/examples_tf2_py:/home/sln/ros2_humble/install/tf2_ros_py:/home/sln/ros2_humble/install/sros2:/home/sln/ros2_humble/install/rqt_topic:/home/sln/ros2_humble/install/rqt_srv:/home/sln/ros2_humble/install/rqt_shell:/home/sln/ros2_humble/install/rqt_service_caller:/home/sln/ros2_humble/install/rqt_reconfigure:/home/sln/ros2_humble/install/rqt_py_console:/home/sln/ros2_humble/install/rqt_publisher:/home/sln/ros2_humble/install/rqt_plot:/home/sln/ros2_humble/install/rqt_action:/home/sln/ros2_humble/install/rqt_msg:/home/sln/ros2_humble/install/rqt_console:/home/sln/ros2_humble/install/rqt:/home/sln/ros2_humble/install/rqt_graph:/home/sln/ros2_humble/install/rqt_gui_py:/home/sln/ros2_humble/install/rqt_gui:/home/sln/ros2_humble/install/ros2trace:/home/sln/ros2_humble/install/ros2topic:/home/sln/ros2_humble/install/ros2test:/home/sln/ros2_humble/install/ros2component:/home/sln/ros2_humble/install/ros2param:/home/sln/ros2_humble/install/ros2lifecycle:/home/sln/ros2_humble/install/ros2service:/home/sln/ros2_humble/install/ros2run:/home/sln/ros2_humble/install/ros2launch:/home/sln/ros2_humble/install/ros2pkg:/home/sln/ros2_humble/install/ros2node:/home/sln/ros2_humble/install/ros2multicast:/home/sln/ros2_humble/install/ros2interface:/home/sln/ros2_humble/install/ros2doctor:/home/sln/ros2_humble/install/ros2action:/home/sln/ros2_humble/install/ros2cli:/home/sln/ros2_humble/install/quality_of_service_demo_py:/home/sln/ros2_humble/install/lifecycle_py:/home/sln/ros2_humble/install/launch_testing_ros:/home/sln/ros2_humble/install/launch_ros:/home/sln/ros2_humble/install/examples_rclpy_pointcloud_publisher:/home/sln/ros2_humble/install/examples_rclpy_minimal_subscriber:/home/sln/ros2_humble/install/examples_rclpy_minimal_service:/home/sln/ros2_humble/install/examples_rclpy_minimal_publisher:/home/sln/ros2_humble/install/examples_rclpy_minimal_client:/home/sln/ros2_humble/install/examples_rclpy_minimal_action_server:/home/sln/ros2_humble/install/examples_rclpy_minimal_action_client:/home/sln/ros2_humble/install/examples_rclpy_guard_conditions:/home/sln/ros2_humble/install/examples_rclpy_executors:/home/sln/ros2_humble/install/demo_nodes_py:/home/sln/ros2_humble/install/action_tutorials_py:/home/sln/ros2_humble/install/ament_uncrustify:/home/sln/ros2_humble/install/tracetools_trace:/home/sln/ros2_humble/install/tracetools_read:/home/sln/ros2_humble/install/test_tracetools_launch:/home/sln/ros2_humble/install/test_launch_ros:/home/sln/ros2_humble/install/sensor_msgs_py:/home/sln/ros2_humble/install/rpyutils:/home/sln/ros2_humble/install/rosidl_runtime_py:/home/sln/ros2_humble/install/rosidl_cli:/home/sln/ros2_humble/install/launch_pytest:/home/sln/ros2_humble/install/launch_testing:/home/sln/ros2_humble/install/launch_yaml:/home/sln/ros2_humble/install/launch_xml:/home/sln/ros2_humble/install/launch:/home/sln/ros2_humble/install/osrf_pycommon:/home/sln/ros2_humble/install/launch_testing_examples:/home/sln/ros2_humble/install/domain_coordinator:/home/sln/ros2_humble/install/ament_xmllint:/home/sln/ros2_humble/install/ament_pyflakes:/home/sln/ros2_humble/install/ament_pycodestyle:/home/sln/ros2_humble/install/ament_pep257:/home/sln/ros2_humble/install/ament_pclint:/home/sln/ros2_humble/install/ament_package:/home/sln/ros2_humble/install/ament_mypy:/home/sln/ros2_humble/install/ament_lint_cmake:/home/sln/ros2_humble/install/ament_flake8:/home/sln/ros2_humble/install/ament_copyright:/home/sln/ros2_humble/install/ament_lint:/home/sln/ros2_humble/install/ament_index_python:/home/sln/ros2_humble/install/ament_cpplint:/home/sln/ros2_humble/install/ament_cppcheck:/home/sln/ros2_humble/install/ament_clang_tidy:/home/sln/ros2_humble/install/ament_clang_format /usr/bin/cmake --build /home/sln/beginner_tutorials/build/cpp_pubsub -- -j8 -l8
[0.766s] DEBUG:colcon.colcon_core.event_handler.log_command:Invoking command in '/home/sln/beginner_tutorials/build/cpp_pubsub': CMAKE_PREFIX_PATH=${CMAKE_PREFIX_PATH}:/home/sln/beginner_tutorials/install/launch_testing_examples:/home/sln/beginner_tutorials/install/examples_rclpy_pointcloud_publisher:/home/sln/beginner_tutorials/install/examples_rclpy_minimal_subscriber:/home/sln/beginner_tutorials/install/examples_rclpy_minimal_service:/home/sln/beginner_tutorials/install/examples_rclpy_minimal_publisher:/home/sln/beginner_tutorials/install/examples_rclpy_minimal_client:/home/sln/beginner_tutorials/install/examples_rclpy_minimal_action_server:/home/sln/beginner_tutorials/install/examples_rclpy_minimal_action_client:/home/sln/beginner_tutorials/install/examples_rclpy_guard_conditions:/home/sln/beginner_tutorials/install/examples_rclpy_executors:/home/sln/ros2_humble/install/rqt_bag_plugins:/home/sln/ros2_humble/install/rqt_bag:/home/sln/ros2_humble/install/ros2bag:/home/sln/ros2_humble/install/tracetools_test:/home/sln/ros2_humble/install/tracetools_launch:/home/sln/ros2_humble/install/topic_monitor:/home/sln/ros2_humble/install/tf2_tools:/home/sln/ros2_humble/install/examples_tf2_py:/home/sln/ros2_humble/install/tf2_ros_py:/home/sln/ros2_humble/install/sros2:/home/sln/ros2_humble/install/rqt_topic:/home/sln/ros2_humble/install/rqt_srv:/home/sln/ros2_humble/install/rqt_shell:/home/sln/ros2_humble/install/rqt_service_caller:/home/sln/ros2_humble/install/rqt_reconfigure:/home/sln/ros2_humble/install/rqt_py_console:/home/sln/ros2_humble/install/rqt_publisher:/home/sln/ros2_humble/install/rqt_plot:/home/sln/ros2_humble/install/rqt_action:/home/sln/ros2_humble/install/rqt_msg:/home/sln/ros2_humble/install/rqt_console:/home/sln/ros2_humble/install/rqt:/home/sln/ros2_humble/install/rqt_graph:/home/sln/ros2_humble/install/rqt_gui_py:/home/sln/ros2_humble/install/rqt_gui:/home/sln/ros2_humble/install/ros2trace:/home/sln/ros2_humble/install/ros2topic:/home/sln/ros2_humble/install/ros2test:/home/sln/ros2_humble/install/ros2component:/home/sln/ros2_humble/install/ros2param:/home/sln/ros2_humble/install/ros2lifecycle:/home/sln/ros2_humble/install/ros2service:/home/sln/ros2_humble/install/ros2run:/home/sln/ros2_humble/install/ros2launch:/home/sln/ros2_humble/install/ros2pkg:/home/sln/ros2_humble/install/ros2node:/home/sln/ros2_humble/install/ros2multicast:/home/sln/ros2_humble/install/ros2interface:/home/sln/ros2_humble/install/ros2doctor:/home/sln/ros2_humble/install/ros2action:/home/sln/ros2_humble/install/ros2cli:/home/sln/ros2_humble/install/quality_of_service_demo_py:/home/sln/ros2_humble/install/lifecycle_py:/home/sln/ros2_humble/install/launch_testing_ros:/home/sln/ros2_humble/install/launch_ros:/home/sln/ros2_humble/install/examples_rclpy_pointcloud_publisher:/home/sln/ros2_humble/install/examples_rclpy_minimal_subscriber:/home/sln/ros2_humble/install/examples_rclpy_minimal_service:/home/sln/ros2_humble/install/examples_rclpy_minimal_publisher:/home/sln/ros2_humble/install/examples_rclpy_minimal_client:/home/sln/ros2_humble/install/examples_rclpy_minimal_action_server:/home/sln/ros2_humble/install/examples_rclpy_minimal_action_client:/home/sln/ros2_humble/install/examples_rclpy_guard_conditions:/home/sln/ros2_humble/install/examples_rclpy_executors:/home/sln/ros2_humble/install/demo_nodes_py:/home/sln/ros2_humble/install/action_tutorials_py:/home/sln/ros2_humble/install/ament_uncrustify:/home/sln/ros2_humble/install/tracetools_trace:/home/sln/ros2_humble/install/tracetools_read:/home/sln/ros2_humble/install/test_tracetools_launch:/home/sln/ros2_humble/install/test_launch_ros:/home/sln/ros2_humble/install/sensor_msgs_py:/home/sln/ros2_humble/install/rpyutils:/home/sln/ros2_humble/install/rosidl_runtime_py:/home/sln/ros2_humble/install/rosidl_cli:/home/sln/ros2_humble/install/launch_pytest:/home/sln/ros2_humble/install/launch_testing:/home/sln/ros2_humble/install/launch_yaml:/home/sln/ros2_humble/install/launch_xml:/home/sln/ros2_humble/install/launch:/home/sln/ros2_humble/install/osrf_pycommon:/home/sln/ros2_humble/install/launch_testing_examples:/home/sln/ros2_humble/install/domain_coordinator:/home/sln/ros2_humble/install/ament_xmllint:/home/sln/ros2_humble/install/ament_pyflakes:/home/sln/ros2_humble/install/ament_pycodestyle:/home/sln/ros2_humble/install/ament_pep257:/home/sln/ros2_humble/install/ament_pclint:/home/sln/ros2_humble/install/ament_package:/home/sln/ros2_humble/install/ament_mypy:/home/sln/ros2_humble/install/ament_lint_cmake:/home/sln/ros2_humble/install/ament_flake8:/home/sln/ros2_humble/install/ament_copyright:/home/sln/ros2_humble/install/ament_lint:/home/sln/ros2_humble/install/ament_index_python:/home/sln/ros2_humble/install/ament_cpplint:/home/sln/ros2_humble/install/ament_cppcheck:/home/sln/ros2_humble/install/ament_clang_tidy:/home/sln/ros2_humble/install/ament_clang_format /usr/bin/cmake --install /home/sln/beginner_tutorials/build/cpp_pubsub
[0.792s] Level 1:colcon.colcon_core.environment:create_environment_scripts_only(cpp_pubsub)
[0.793s] DEBUG:colcon.colcon_core.event_handler.log_command:Invoked command in '/home/sln/beginner_tutorials/build/cpp_pubsub' returned '0': CMAKE_PREFIX_PATH=${CMAKE_PREFIX_PATH}:/home/sln/beginner_tutorials/install/launch_testing_examples:/home/sln/beginner_tutorials/install/examples_rclpy_pointcloud_publisher:/home/sln/beginner_tutorials/install/examples_rclpy_minimal_subscriber:/home/sln/beginner_tutorials/install/examples_rclpy_minimal_service:/home/sln/beginner_tutorials/install/examples_rclpy_minimal_publisher:/home/sln/beginner_tutorials/install/examples_rclpy_minimal_client:/home/sln/beginner_tutorials/install/examples_rclpy_minimal_action_server:/home/sln/beginner_tutorials/install/examples_rclpy_minimal_action_client:/home/sln/beginner_tutorials/install/examples_rclpy_guard_conditions:/home/sln/beginner_tutorials/install/examples_rclpy_executors:/home/sln/ros2_humble/install/rqt_bag_plugins:/home/sln/ros2_humble/install/rqt_bag:/home/sln/ros2_humble/install/ros2bag:/home/sln/ros2_humble/install/tracetools_test:/home/sln/ros2_humble/install/tracetools_launch:/home/sln/ros2_humble/install/topic_monitor:/home/sln/ros2_humble/install/tf2_tools:/home/sln/ros2_humble/install/examples_tf2_py:/home/sln/ros2_humble/install/tf2_ros_py:/home/sln/ros2_humble/install/sros2:/home/sln/ros2_humble/install/rqt_topic:/home/sln/ros2_humble/install/rqt_srv:/home/sln/ros2_humble/install/rqt_shell:/home/sln/ros2_humble/install/rqt_service_caller:/home/sln/ros2_humble/install/rqt_reconfigure:/home/sln/ros2_humble/install/rqt_py_console:/home/sln/ros2_humble/install/rqt_publisher:/home/sln/ros2_humble/install/rqt_plot:/home/sln/ros2_humble/install/rqt_action:/home/sln/ros2_humble/install/rqt_msg:/home/sln/ros2_humble/install/rqt_console:/home/sln/ros2_humble/install/rqt:/home/sln/ros2_humble/install/rqt_graph:/home/sln/ros2_humble/install/rqt_gui_py:/home/sln/ros2_humble/install/rqt_gui:/home/sln/ros2_humble/install/ros2trace:/home/sln/ros2_humble/install/ros2topic:/home/sln/ros2_humble/install/ros2test:/home/sln/ros2_humble/install/ros2component:/home/sln/ros2_humble/install/ros2param:/home/sln/ros2_humble/install/ros2lifecycle:/home/sln/ros2_humble/install/ros2service:/home/sln/ros2_humble/install/ros2run:/home/sln/ros2_humble/install/ros2launch:/home/sln/ros2_humble/install/ros2pkg:/home/sln/ros2_humble/install/ros2node:/home/sln/ros2_humble/install/ros2multicast:/home/sln/ros2_humble/install/ros2interface:/home/sln/ros2_humble/install/ros2doctor:/home/sln/ros2_humble/install/ros2action:/home/sln/ros2_humble/install/ros2cli:/home/sln/ros2_humble/install/quality_of_service_demo_py:/home/sln/ros2_humble/install/lifecycle_py:/home/sln/ros2_humble/install/launch_testing_ros:/home/sln/ros2_humble/install/launch_ros:/home/sln/ros2_humble/install/examples_rclpy_pointcloud_publisher:/home/sln/ros2_humble/install/examples_rclpy_minimal_subscriber:/home/sln/ros2_humble/install/examples_rclpy_minimal_service:/home/sln/ros2_humble/install/examples_rclpy_minimal_publisher:/home/sln/ros2_humble/install/examples_rclpy_minimal_client:/home/sln/ros2_humble/install/examples_rclpy_minimal_action_server:/home/sln/ros2_humble/install/examples_rclpy_minimal_action_client:/home/sln/ros2_humble/install/examples_rclpy_guard_conditions:/home/sln/ros2_humble/install/examples_rclpy_executors:/home/sln/ros2_humble/install/demo_nodes_py:/home/sln/ros2_humble/install/action_tutorials_py:/home/sln/ros2_humble/install/ament_uncrustify:/home/sln/ros2_humble/install/tracetools_trace:/home/sln/ros2_humble/install/tracetools_read:/home/sln/ros2_humble/install/test_tracetools_launch:/home/sln/ros2_humble/install/test_launch_ros:/home/sln/ros2_humble/install/sensor_msgs_py:/home/sln/ros2_humble/install/rpyutils:/home/sln/ros2_humble/install/rosidl_runtime_py:/home/sln/ros2_humble/install/rosidl_cli:/home/sln/ros2_humble/install/launch_pytest:/home/sln/ros2_humble/install/launch_testing:/home/sln/ros2_humble/install/launch_yaml:/home/sln/ros2_humble/install/launch_xml:/home/sln/ros2_humble/install/launch:/home/sln/ros2_humble/install/osrf_pycommon:/home/sln/ros2_humble/install/launch_testing_examples:/home/sln/ros2_humble/install/domain_coordinator:/home/sln/ros2_humble/install/ament_xmllint:/home/sln/ros2_humble/install/ament_pyflakes:/home/sln/ros2_humble/install/ament_pycodestyle:/home/sln/ros2_humble/install/ament_pep257:/home/sln/ros2_humble/install/ament_pclint:/home/sln/ros2_humble/install/ament_package:/home/sln/ros2_humble/install/ament_mypy:/home/sln/ros2_humble/install/ament_lint_cmake:/home/sln/ros2_humble/install/ament_flake8:/home/sln/ros2_humble/install/ament_copyright:/home/sln/ros2_humble/install/ament_lint:/home/sln/ros2_humble/install/ament_index_python:/home/sln/ros2_humble/install/ament_cpplint:/home/sln/ros2_humble/install/ament_cppcheck:/home/sln/ros2_humble/install/ament_clang_tidy:/home/sln/ros2_humble/install/ament_clang_format /usr/bin/cmake --install /home/sln/beginner_tutorials/build/cpp_pubsub
[0.804s] Level 1:colcon.colcon_core.environment:checking '/home/sln/beginner_tutorials/install/cpp_pubsub' for CMake module files
[0.804s] Level 1:colcon.colcon_core.environment:checking '/home/sln/beginner_tutorials/install/cpp_pubsub' for CMake config files
[0.804s] Level 1:colcon.colcon_core.shell:create_environment_hook('cpp_pubsub', 'cmake_prefix_path')
[0.807s] INFO:colcon.colcon_core.shell:Creating environment hook '/home/sln/beginner_tutorials/install/cpp_pubsub/share/cpp_pubsub/hook/cmake_prefix_path.ps1'
[0.808s] INFO:colcon.colcon_core.shell:Creating environment descriptor '/home/sln/beginner_tutorials/install/cpp_pubsub/share/cpp_pubsub/hook/cmake_prefix_path.dsv'
[0.808s] INFO:colcon.colcon_core.shell:Creating environment hook '/home/sln/beginner_tutorials/install/cpp_pubsub/share/cpp_pubsub/hook/cmake_prefix_path.sh'
[0.809s] Level 1:colcon.colcon_core.environment:checking '/home/sln/beginner_tutorials/install/cpp_pubsub/lib'
[0.809s] Level 1:colcon.colcon_core.environment:checking '/home/sln/beginner_tutorials/install/cpp_pubsub/bin'
[0.809s] Level 1:colcon.colcon_core.environment:checking '/home/sln/beginner_tutorials/install/cpp_pubsub/lib/pkgconfig/cpp_pubsub.pc'
[0.812s] Level 1:colcon.colcon_core.environment:checking '/home/sln/beginner_tutorials/install/cpp_pubsub/lib/python3.8/site-packages'
[0.812s] Level 1:colcon.colcon_core.environment:checking '/home/sln/beginner_tutorials/install/cpp_pubsub/bin'
[0.814s] INFO:colcon.colcon_core.shell:Creating package script '/home/sln/beginner_tutorials/install/cpp_pubsub/share/cpp_pubsub/package.ps1'
[0.815s] INFO:colcon.colcon_core.shell:Creating package descriptor '/home/sln/beginner_tutorials/install/cpp_pubsub/share/cpp_pubsub/package.dsv'
[0.815s] INFO:colcon.colcon_core.shell:Creating package script '/home/sln/beginner_tutorials/install/cpp_pubsub/share/cpp_pubsub/package.sh'
[0.816s] INFO:colcon.colcon_core.shell:Creating package script '/home/sln/beginner_tutorials/install/cpp_pubsub/share/cpp_pubsub/package.bash'
[0.817s] INFO:colcon.colcon_core.shell:Creating package script '/home/sln/beginner_tutorials/install/cpp_pubsub/share/cpp_pubsub/package.zsh'
[0.817s] Level 1:colcon.colcon_core.environment:create_file_with_runtime_dependencies(/home/sln/beginner_tutorials/install/cpp_pubsub/share/colcon-core/packages/cpp_pubsub)
[0.916s] Level 1:colcon.colcon_core.environment:create_environment_scripts_only(cpp_pubsub)
[0.920s] Level 1:colcon.colcon_core.environment:checking '/home/sln/beginner_tutorials/install/cpp_pubsub' for CMake module files
[0.920s] Level 1:colcon.colcon_core.environment:checking '/home/sln/beginner_tutorials/install/cpp_pubsub' for CMake config files
[0.921s] Level 1:colcon.colcon_core.shell:create_environment_hook('cpp_pubsub', 'cmake_prefix_path')
[0.923s] INFO:colcon.colcon_core.shell:Creating environment hook '/home/sln/beginner_tutorials/install/cpp_pubsub/share/cpp_pubsub/hook/cmake_prefix_path.ps1'
[0.923s] INFO:colcon.colcon_core.shell:Creating environment descriptor '/home/sln/beginner_tutorials/install/cpp_pubsub/share/cpp_pubsub/hook/cmake_prefix_path.dsv'
[0.924s] INFO:colcon.colcon_core.shell:Creating environment hook '/home/sln/beginner_tutorials/install/cpp_pubsub/share/cpp_pubsub/hook/cmake_prefix_path.sh'
[0.924s] Level 1:colcon.colcon_core.environment:checking '/home/sln/beginner_tutorials/install/cpp_pubsub/lib'
[0.924s] Level 1:colcon.colcon_core.environment:checking '/home/sln/beginner_tutorials/install/cpp_pubsub/bin'
[0.924s] Level 1:colcon.colcon_core.environment:checking '/home/sln/beginner_tutorials/install/cpp_pubsub/lib/pkgconfig/cpp_pubsub.pc'
[0.925s] Level 1:colcon.colcon_core.environment:checking '/home/sln/beginner_tutorials/install/cpp_pubsub/lib/python3.8/site-packages'
[0.925s] Level 1:colcon.colcon_core.environment:checking '/home/sln/beginner_tutorials/install/cpp_pubsub/bin'
[0.927s] INFO:colcon.colcon_core.shell:Creating package script '/home/sln/beginner_tutorials/install/cpp_pubsub/share/cpp_pubsub/package.ps1'
[0.927s] INFO:colcon.colcon_core.shell:Creating package descriptor '/home/sln/beginner_tutorials/install/cpp_pubsub/share/cpp_pubsub/package.dsv'
[0.928s] INFO:colcon.colcon_core.shell:Creating package script '/home/sln/beginner_tutorials/install/cpp_pubsub/share/cpp_pubsub/package.sh'
[0.928s] INFO:colcon.colcon_core.shell:Creating package script '/home/sln/beginner_tutorials/install/cpp_pubsub/share/cpp_pubsub/package.bash'
[0.929s] INFO:colcon.colcon_core.shell:Creating package script '/home/sln/beginner_tutorials/install/cpp_pubsub/share/cpp_pubsub/package.zsh'
[0.929s] Level 1:colcon.colcon_core.environment:create_file_with_runtime_dependencies(/home/sln/beginner_tutorials/install/cpp_pubsub/share/colcon-core/packages/cpp_pubsub)
[0.929s] DEBUG:colcon.colcon_parallel_executor.executor.parallel:closing loop
[0.930s] DEBUG:colcon.colcon_parallel_executor.executor.parallel:loop closed
[0.930s] DEBUG:colcon.colcon_parallel_executor.executor.parallel:run_until_complete finished with '0'
[0.930s] DEBUG:colcon.colcon_core.event_reactor:joining thread
[0.951s] INFO:colcon.colcon_core.plugin_system:Skipping extension 'colcon_notification.desktop_notification.terminal_notifier': Not used on non-Darwin systems
[0.951s] INFO:colcon.colcon_core.plugin_system:Skipping extension 'colcon_notification.desktop_notification.win32': Not used on non-Windows systems
[0.951s] INFO:colcon.colcon_notification.desktop_notification:Sending desktop notification using 'notify2'
[0.965s] DEBUG:colcon.colcon_core.event_reactor:joined thread
[0.967s] INFO:colcon.colcon_core.shell:Creating prefix script '/home/sln/beginner_tutorials/install/local_setup.ps1'
[0.968s] INFO:colcon.colcon_core.shell:Creating prefix util module '/home/sln/beginner_tutorials/install/_local_setup_util_ps1.py'
[0.969s] INFO:colcon.colcon_core.shell:Creating prefix chain script '/home/sln/beginner_tutorials/install/setup.ps1'
[0.984s] INFO:colcon.colcon_core.shell:Creating prefix script '/home/sln/beginner_tutorials/install/local_setup.sh'
[0.985s] INFO:colcon.colcon_core.shell:Creating prefix util module '/home/sln/beginner_tutorials/install/_local_setup_util_sh.py'
[0.985s] INFO:colcon.colcon_core.shell:Creating prefix chain script '/home/sln/beginner_tutorials/install/setup.sh'
[1.001s] INFO:colcon.colcon_core.shell:Creating prefix script '/home/sln/beginner_tutorials/install/local_setup.bash'
[1.001s] INFO:colcon.colcon_core.shell:Creating prefix chain script '/home/sln/beginner_tutorials/install/setup.bash'
[1.016s] INFO:colcon.colcon_core.shell:Creating prefix script '/home/sln/beginner_tutorials/install/local_setup.zsh'
[1.017s] INFO:colcon.colcon_core.shell:Creating prefix chain script '/home/sln/beginner_tutorials/install/setup.zsh'
