[4.909s] Invoking command in '/home/sln/beginner_tutorials/build/examples_rclpy_minimal_publisher': PYTHONPATH=/home/sln/beginner_tutorials/install/examples_rclpy_minimal_publisher/lib/python3.8/site-packages:${PYTHONPATH} /usr/bin/python3 setup.py develop --prefix /home/sln/beginner_tutorials/install/examples_rclpy_minimal_publisher --uninstall --editable --build-directory /home/sln/beginner_tutorials/build/examples_rclpy_minimal_publisher/build
[6.649s] running develop
[8.345s] Invoked command in '/home/sln/beginner_tutorials/build/examples_rclpy_minimal_publisher' returned '0': PYTHONPATH=/home/sln/beginner_tutorials/install/examples_rclpy_minimal_publisher/lib/python3.8/site-packages:${PYTHONPATH} /usr/bin/python3 setup.py develop --prefix /home/sln/beginner_tutorials/install/examples_rclpy_minimal_publisher --uninstall --editable --build-directory /home/sln/beginner_tutorials/build/examples_rclpy_minimal_publisher/build
[8.347s] Invoking command in '/home/sln/beginner_tutorials/src/examples/rclpy/topics/minimal_publisher': PYTHONPATH=/home/sln/beginner_tutorials/install/examples_rclpy_minimal_publisher/lib/python3.8/site-packages:${PYTHONPATH} /usr/bin/python3 setup.py egg_info --egg-base ../../../../../build/examples_rclpy_minimal_publisher build --build-base /home/sln/beginner_tutorials/build/examples_rclpy_minimal_publisher/build install --prefix /home/sln/beginner_tutorials/install/examples_rclpy_minimal_publisher --record /home/sln/beginner_tutorials/build/examples_rclpy_minimal_publisher/install.log --single-version-externally-managed
[10.427s] running egg_info
[10.429s] writing ../../../../../build/examples_rclpy_minimal_publisher/examples_rclpy_minimal_publisher.egg-info/PKG-INFO
[10.429s] writing dependency_links to ../../../../../build/examples_rclpy_minimal_publisher/examples_rclpy_minimal_publisher.egg-info/dependency_links.txt
[10.430s] writing entry points to ../../../../../build/examples_rclpy_minimal_publisher/examples_rclpy_minimal_publisher.egg-info/entry_points.txt
[10.430s] writing requirements to ../../../../../build/examples_rclpy_minimal_publisher/examples_rclpy_minimal_publisher.egg-info/requires.txt
[10.430s] writing top-level names to ../../../../../build/examples_rclpy_minimal_publisher/examples_rclpy_minimal_publisher.egg-info/top_level.txt
[10.513s] reading manifest file '../../../../../build/examples_rclpy_minimal_publisher/examples_rclpy_minimal_publisher.egg-info/SOURCES.txt'
[10.515s] writing manifest file '../../../../../build/examples_rclpy_minimal_publisher/examples_rclpy_minimal_publisher.egg-info/SOURCES.txt'
[10.515s] running build
[10.516s] running build_py
[10.516s] running install
[10.521s] running install_lib
[10.528s] running install_data
[10.529s] running install_egg_info
[10.536s] removing '/home/sln/beginner_tutorials/install/examples_rclpy_minimal_publisher/lib/python3.8/site-packages/examples_rclpy_minimal_publisher-0.15.1-py3.8.egg-info' (and everything under it)
[10.536s] Copying ../../../../../build/examples_rclpy_minimal_publisher/examples_rclpy_minimal_publisher.egg-info to /home/sln/beginner_tutorials/install/examples_rclpy_minimal_publisher/lib/python3.8/site-packages/examples_rclpy_minimal_publisher-0.15.1-py3.8.egg-info
[10.538s] running install_scripts
[10.600s] Installing publisher_local_function script to /home/sln/beginner_tutorials/install/examples_rclpy_minimal_publisher/lib/examples_rclpy_minimal_publisher
[10.600s] Installing publisher_member_function script to /home/sln/beginner_tutorials/install/examples_rclpy_minimal_publisher/lib/examples_rclpy_minimal_publisher
[10.600s] Installing publisher_old_school script to /home/sln/beginner_tutorials/install/examples_rclpy_minimal_publisher/lib/examples_rclpy_minimal_publisher
[10.600s] writing list of installed files to '/home/sln/beginner_tutorials/build/examples_rclpy_minimal_publisher/install.log'
[10.650s] Invoked command in '/home/sln/beginner_tutorials/src/examples/rclpy/topics/minimal_publisher' returned '0': PYTHONPATH=/home/sln/beginner_tutorials/install/examples_rclpy_minimal_publisher/lib/python3.8/site-packages:${PYTHONPATH} /usr/bin/python3 setup.py egg_info --egg-base ../../../../../build/examples_rclpy_minimal_publisher build --build-base /home/sln/beginner_tutorials/build/examples_rclpy_minimal_publisher/build install --prefix /home/sln/beginner_tutorials/install/examples_rclpy_minimal_publisher --record /home/sln/beginner_tutorials/build/examples_rclpy_minimal_publisher/install.log --single-version-externally-managed
