[6.013s] Invoking command in '/home/sln/beginner_tutorials/build/examples_rclpy_minimal_service': PYTHONPATH=/home/sln/beginner_tutorials/install/examples_rclpy_minimal_service/lib/python3.8/site-packages:${PYTHONPATH} /usr/bin/python3 setup.py develop --prefix /home/sln/beginner_tutorials/install/examples_rclpy_minimal_service --uninstall --editable --build-directory /home/sln/beginner_tutorials/build/examples_rclpy_minimal_service/build
[8.029s] running develop
[8.361s] Invoked command in '/home/sln/beginner_tutorials/build/examples_rclpy_minimal_service' returned '0': PYTHONPATH=/home/sln/beginner_tutorials/install/examples_rclpy_minimal_service/lib/python3.8/site-packages:${PYTHONPATH} /usr/bin/python3 setup.py develop --prefix /home/sln/beginner_tutorials/install/examples_rclpy_minimal_service --uninstall --editable --build-directory /home/sln/beginner_tutorials/build/examples_rclpy_minimal_service/build
[8.362s] Invoking command in '/home/sln/beginner_tutorials/src/examples/rclpy/services/minimal_service': PYTHONPATH=/home/sln/beginner_tutorials/install/examples_rclpy_minimal_service/lib/python3.8/site-packages:${PYTHONPATH} /usr/bin/python3 setup.py egg_info --egg-base ../../../../../build/examples_rclpy_minimal_service build --build-base /home/sln/beginner_tutorials/build/examples_rclpy_minimal_service/build install --prefix /home/sln/beginner_tutorials/install/examples_rclpy_minimal_service --record /home/sln/beginner_tutorials/build/examples_rclpy_minimal_service/install.log --single-version-externally-managed
[9.655s] running egg_info
[9.656s] writing ../../../../../build/examples_rclpy_minimal_service/examples_rclpy_minimal_service.egg-info/PKG-INFO
[9.656s] writing dependency_links to ../../../../../build/examples_rclpy_minimal_service/examples_rclpy_minimal_service.egg-info/dependency_links.txt
[9.657s] writing entry points to ../../../../../build/examples_rclpy_minimal_service/examples_rclpy_minimal_service.egg-info/entry_points.txt
[9.657s] writing requirements to ../../../../../build/examples_rclpy_minimal_service/examples_rclpy_minimal_service.egg-info/requires.txt
[9.657s] writing top-level names to ../../../../../build/examples_rclpy_minimal_service/examples_rclpy_minimal_service.egg-info/top_level.txt
[9.704s] reading manifest file '../../../../../build/examples_rclpy_minimal_service/examples_rclpy_minimal_service.egg-info/SOURCES.txt'
[9.705s] writing manifest file '../../../../../build/examples_rclpy_minimal_service/examples_rclpy_minimal_service.egg-info/SOURCES.txt'
[9.706s] running build
[9.706s] running build_py
[9.706s] running install
[9.709s] running install_lib
[9.714s] running install_data
[9.715s] running install_egg_info
[9.718s] removing '/home/sln/beginner_tutorials/install/examples_rclpy_minimal_service/lib/python3.8/site-packages/examples_rclpy_minimal_service-0.15.1-py3.8.egg-info' (and everything under it)
[9.719s] Copying ../../../../../build/examples_rclpy_minimal_service/examples_rclpy_minimal_service.egg-info to /home/sln/beginner_tutorials/install/examples_rclpy_minimal_service/lib/python3.8/site-packages/examples_rclpy_minimal_service-0.15.1-py3.8.egg-info
[9.720s] running install_scripts
[9.752s] Installing service script to /home/sln/beginner_tutorials/install/examples_rclpy_minimal_service/lib/examples_rclpy_minimal_service
[9.753s] Installing service_member_function script to /home/sln/beginner_tutorials/install/examples_rclpy_minimal_service/lib/examples_rclpy_minimal_service
[9.753s] writing list of installed files to '/home/sln/beginner_tutorials/build/examples_rclpy_minimal_service/install.log'
[9.787s] Invoked command in '/home/sln/beginner_tutorials/src/examples/rclpy/services/minimal_service' returned '0': PYTHONPATH=/home/sln/beginner_tutorials/install/examples_rclpy_minimal_service/lib/python3.8/site-packages:${PYTHONPATH} /usr/bin/python3 setup.py egg_info --egg-base ../../../../../build/examples_rclpy_minimal_service build --build-base /home/sln/beginner_tutorials/build/examples_rclpy_minimal_service/build install --prefix /home/sln/beginner_tutorials/install/examples_rclpy_minimal_service --record /home/sln/beginner_tutorials/build/examples_rclpy_minimal_service/install.log --single-version-externally-managed
