[6.271s] Invoking command in '/home/sln/beginner_tutorials/build/examples_rclpy_minimal_service': PYTHONPATH=/home/sln/beginner_tutorials/install/examples_rclpy_minimal_service/lib/python3.8/site-packages:${PYTHONPATH} /usr/bin/python3 setup.py develop --prefix /home/sln/beginner_tutorials/install/examples_rclpy_minimal_service --uninstall --editable --build-directory /home/sln/beginner_tutorials/build/examples_rclpy_minimal_service/build
[8.191s] running develop
[8.763s] Invoked command in '/home/sln/beginner_tutorials/build/examples_rclpy_minimal_service' returned '0': PYTHONPATH=/home/sln/beginner_tutorials/install/examples_rclpy_minimal_service/lib/python3.8/site-packages:${PYTHONPATH} /usr/bin/python3 setup.py develop --prefix /home/sln/beginner_tutorials/install/examples_rclpy_minimal_service --uninstall --editable --build-directory /home/sln/beginner_tutorials/build/examples_rclpy_minimal_service/build
[8.765s] Invoking command in '/home/sln/beginner_tutorials/src/examples/rclpy/services/minimal_service': PYTHONPATH=/home/sln/beginner_tutorials/install/examples_rclpy_minimal_service/lib/python3.8/site-packages:${PYTHONPATH} /usr/bin/python3 setup.py egg_info --egg-base ../../../../../build/examples_rclpy_minimal_service build --build-base /home/sln/beginner_tutorials/build/examples_rclpy_minimal_service/build install --prefix /home/sln/beginner_tutorials/install/examples_rclpy_minimal_service --record /home/sln/beginner_tutorials/build/examples_rclpy_minimal_service/install.log --single-version-externally-managed
[9.980s] running egg_info
[9.981s] writing ../../../../../build/examples_rclpy_minimal_service/examples_rclpy_minimal_service.egg-info/PKG-INFO
[9.981s] writing dependency_links to ../../../../../build/examples_rclpy_minimal_service/examples_rclpy_minimal_service.egg-info/dependency_links.txt
[9.981s] writing entry points to ../../../../../build/examples_rclpy_minimal_service/examples_rclpy_minimal_service.egg-info/entry_points.txt
[9.982s] writing requirements to ../../../../../build/examples_rclpy_minimal_service/examples_rclpy_minimal_service.egg-info/requires.txt
[9.982s] writing top-level names to ../../../../../build/examples_rclpy_minimal_service/examples_rclpy_minimal_service.egg-info/top_level.txt
[10.045s] reading manifest file '../../../../../build/examples_rclpy_minimal_service/examples_rclpy_minimal_service.egg-info/SOURCES.txt'
[10.046s] writing manifest file '../../../../../build/examples_rclpy_minimal_service/examples_rclpy_minimal_service.egg-info/SOURCES.txt'
[10.046s] running build
[10.046s] running build_py
[10.047s] running install
[10.051s] running install_lib
[10.055s] running install_data
[10.055s] running install_egg_info
[10.061s] removing '/home/sln/beginner_tutorials/install/examples_rclpy_minimal_service/lib/python3.8/site-packages/examples_rclpy_minimal_service-0.15.1-py3.8.egg-info' (and everything under it)
[10.062s] Copying ../../../../../build/examples_rclpy_minimal_service/examples_rclpy_minimal_service.egg-info to /home/sln/beginner_tutorials/install/examples_rclpy_minimal_service/lib/python3.8/site-packages/examples_rclpy_minimal_service-0.15.1-py3.8.egg-info
[10.063s] running install_scripts
[10.108s] Installing service script to /home/sln/beginner_tutorials/install/examples_rclpy_minimal_service/lib/examples_rclpy_minimal_service
[10.109s] Installing service_member_function script to /home/sln/beginner_tutorials/install/examples_rclpy_minimal_service/lib/examples_rclpy_minimal_service
[10.109s] writing list of installed files to '/home/sln/beginner_tutorials/build/examples_rclpy_minimal_service/install.log'
[10.141s] Invoked command in '/home/sln/beginner_tutorials/src/examples/rclpy/services/minimal_service' returned '0': PYTHONPATH=/home/sln/beginner_tutorials/install/examples_rclpy_minimal_service/lib/python3.8/site-packages:${PYTHONPATH} /usr/bin/python3 setup.py egg_info --egg-base ../../../../../build/examples_rclpy_minimal_service build --build-base /home/sln/beginner_tutorials/build/examples_rclpy_minimal_service/build install --prefix /home/sln/beginner_tutorials/install/examples_rclpy_minimal_service --record /home/sln/beginner_tutorials/build/examples_rclpy_minimal_service/install.log --single-version-externally-managed
