[5.022s] Invoking command in '/home/sln/beginner_tutorials/build/examples_rclpy_minimal_client': PYTHONPATH=/home/sln/beginner_tutorials/install/examples_rclpy_minimal_client/lib/python3.8/site-packages:${PYTHONPATH} /usr/bin/python3 setup.py develop --prefix /home/sln/beginner_tutorials/install/examples_rclpy_minimal_client --uninstall --editable --build-directory /home/sln/beginner_tutorials/build/examples_rclpy_minimal_client/build
[6.738s] running develop
[8.446s] Invoked command in '/home/sln/beginner_tutorials/build/examples_rclpy_minimal_client' returned '0': PYTHONPATH=/home/sln/beginner_tutorials/install/examples_rclpy_minimal_client/lib/python3.8/site-packages:${PYTHONPATH} /usr/bin/python3 setup.py develop --prefix /home/sln/beginner_tutorials/install/examples_rclpy_minimal_client --uninstall --editable --build-directory /home/sln/beginner_tutorials/build/examples_rclpy_minimal_client/build
[8.450s] Invoking command in '/home/sln/beginner_tutorials/src/examples/rclpy/services/minimal_client': PYTHONPATH=/home/sln/beginner_tutorials/install/examples_rclpy_minimal_client/lib/python3.8/site-packages:${PYTHONPATH} /usr/bin/python3 setup.py egg_info --egg-base ../../../../../build/examples_rclpy_minimal_client build --build-base /home/sln/beginner_tutorials/build/examples_rclpy_minimal_client/build install --prefix /home/sln/beginner_tutorials/install/examples_rclpy_minimal_client --record /home/sln/beginner_tutorials/build/examples_rclpy_minimal_client/install.log --single-version-externally-managed
[10.646s] running egg_info
[10.647s] writing ../../../../../build/examples_rclpy_minimal_client/examples_rclpy_minimal_client.egg-info/PKG-INFO
[10.648s] writing dependency_links to ../../../../../build/examples_rclpy_minimal_client/examples_rclpy_minimal_client.egg-info/dependency_links.txt
[10.648s] writing entry points to ../../../../../build/examples_rclpy_minimal_client/examples_rclpy_minimal_client.egg-info/entry_points.txt
[10.648s] writing requirements to ../../../../../build/examples_rclpy_minimal_client/examples_rclpy_minimal_client.egg-info/requires.txt
[10.649s] writing top-level names to ../../../../../build/examples_rclpy_minimal_client/examples_rclpy_minimal_client.egg-info/top_level.txt
[10.735s] reading manifest file '../../../../../build/examples_rclpy_minimal_client/examples_rclpy_minimal_client.egg-info/SOURCES.txt'
[10.736s] writing manifest file '../../../../../build/examples_rclpy_minimal_client/examples_rclpy_minimal_client.egg-info/SOURCES.txt'
[10.737s] running build
[10.737s] running build_py
[10.737s] running install
[10.745s] running install_lib
[10.759s] running install_data
[10.759s] running install_egg_info
[10.770s] removing '/home/sln/beginner_tutorials/install/examples_rclpy_minimal_client/lib/python3.8/site-packages/examples_rclpy_minimal_client-0.15.1-py3.8.egg-info' (and everything under it)
[10.770s] Copying ../../../../../build/examples_rclpy_minimal_client/examples_rclpy_minimal_client.egg-info to /home/sln/beginner_tutorials/install/examples_rclpy_minimal_client/lib/python3.8/site-packages/examples_rclpy_minimal_client-0.15.1-py3.8.egg-info
[10.770s] running install_scripts
[10.831s] Installing client script to /home/sln/beginner_tutorials/install/examples_rclpy_minimal_client/lib/examples_rclpy_minimal_client
[10.831s] Installing client_async script to /home/sln/beginner_tutorials/install/examples_rclpy_minimal_client/lib/examples_rclpy_minimal_client
[10.832s] Installing client_async_callback script to /home/sln/beginner_tutorials/install/examples_rclpy_minimal_client/lib/examples_rclpy_minimal_client
[10.832s] Installing client_async_member_function script to /home/sln/beginner_tutorials/install/examples_rclpy_minimal_client/lib/examples_rclpy_minimal_client
[10.832s] writing list of installed files to '/home/sln/beginner_tutorials/build/examples_rclpy_minimal_client/install.log'
[10.888s] Invoked command in '/home/sln/beginner_tutorials/src/examples/rclpy/services/minimal_client' returned '0': PYTHONPATH=/home/sln/beginner_tutorials/install/examples_rclpy_minimal_client/lib/python3.8/site-packages:${PYTHONPATH} /usr/bin/python3 setup.py egg_info --egg-base ../../../../../build/examples_rclpy_minimal_client build --build-base /home/sln/beginner_tutorials/build/examples_rclpy_minimal_client/build install --prefix /home/sln/beginner_tutorials/install/examples_rclpy_minimal_client --record /home/sln/beginner_tutorials/build/examples_rclpy_minimal_client/install.log --single-version-externally-managed
