[4.595s] Invoking command in '/home/sln/beginner_tutorials/build/examples_rclpy_executors': PYTHONPATH=/home/sln/beginner_tutorials/install/examples_rclpy_executors/lib/python3.8/site-packages:${PYTHONPATH} /usr/bin/python3 setup.py develop --prefix /home/sln/beginner_tutorials/install/examples_rclpy_executors --uninstall --editable --build-directory /home/sln/beginner_tutorials/build/examples_rclpy_executors/build
[5.633s] running develop
[6.666s] Invoked command in '/home/sln/beginner_tutorials/build/examples_rclpy_executors' returned '0': PYTHONPATH=/home/sln/beginner_tutorials/install/examples_rclpy_executors/lib/python3.8/site-packages:${PYTHONPATH} /usr/bin/python3 setup.py develop --prefix /home/sln/beginner_tutorials/install/examples_rclpy_executors --uninstall --editable --build-directory /home/sln/beginner_tutorials/build/examples_rclpy_executors/build
[6.668s] Invoking command in '/home/sln/beginner_tutorials/src/examples/rclpy/executors': PYTHONPATH=/home/sln/beginner_tutorials/install/examples_rclpy_executors/lib/python3.8/site-packages:${PYTHONPATH} /usr/bin/python3 setup.py egg_info --egg-base ../../../../build/examples_rclpy_executors build --build-base /home/sln/beginner_tutorials/build/examples_rclpy_executors/build install --prefix /home/sln/beginner_tutorials/install/examples_rclpy_executors --record /home/sln/beginner_tutorials/build/examples_rclpy_executors/install.log --single-version-externally-managed
[8.227s] running egg_info
[8.228s] writing ../../../../build/examples_rclpy_executors/examples_rclpy_executors.egg-info/PKG-INFO
[8.228s] writing dependency_links to ../../../../build/examples_rclpy_executors/examples_rclpy_executors.egg-info/dependency_links.txt
[8.229s] writing entry points to ../../../../build/examples_rclpy_executors/examples_rclpy_executors.egg-info/entry_points.txt
[8.229s] writing requirements to ../../../../build/examples_rclpy_executors/examples_rclpy_executors.egg-info/requires.txt
[8.229s] writing top-level names to ../../../../build/examples_rclpy_executors/examples_rclpy_executors.egg-info/top_level.txt
[8.312s] reading manifest file '../../../../build/examples_rclpy_executors/examples_rclpy_executors.egg-info/SOURCES.txt'
[8.312s] writing manifest file '../../../../build/examples_rclpy_executors/examples_rclpy_executors.egg-info/SOURCES.txt'
[8.313s] running build
[8.313s] running build_py
[8.313s] running install
[8.315s] running install_lib
[8.321s] running install_data
[8.322s] running install_egg_info
[8.328s] removing '/home/sln/beginner_tutorials/install/examples_rclpy_executors/lib/python3.8/site-packages/examples_rclpy_executors-0.15.1-py3.8.egg-info' (and everything under it)
[8.329s] Copying ../../../../build/examples_rclpy_executors/examples_rclpy_executors.egg-info to /home/sln/beginner_tutorials/install/examples_rclpy_executors/lib/python3.8/site-packages/examples_rclpy_executors-0.15.1-py3.8.egg-info
[8.330s] running install_scripts
[8.383s] Installing callback_group script to /home/sln/beginner_tutorials/install/examples_rclpy_executors/lib/examples_rclpy_executors
[8.383s] Installing composed script to /home/sln/beginner_tutorials/install/examples_rclpy_executors/lib/examples_rclpy_executors
[8.384s] Installing custom_callback_group script to /home/sln/beginner_tutorials/install/examples_rclpy_executors/lib/examples_rclpy_executors
[8.384s] Installing custom_executor script to /home/sln/beginner_tutorials/install/examples_rclpy_executors/lib/examples_rclpy_executors
[8.384s] Installing listener script to /home/sln/beginner_tutorials/install/examples_rclpy_executors/lib/examples_rclpy_executors
[8.384s] Installing talker script to /home/sln/beginner_tutorials/install/examples_rclpy_executors/lib/examples_rclpy_executors
[8.384s] writing list of installed files to '/home/sln/beginner_tutorials/build/examples_rclpy_executors/install.log'
[9.432s] Invoked command in '/home/sln/beginner_tutorials/src/examples/rclpy/executors' returned '0': PYTHONPATH=/home/sln/beginner_tutorials/install/examples_rclpy_executors/lib/python3.8/site-packages:${PYTHONPATH} /usr/bin/python3 setup.py egg_info --egg-base ../../../../build/examples_rclpy_executors build --build-base /home/sln/beginner_tutorials/build/examples_rclpy_executors/build install --prefix /home/sln/beginner_tutorials/install/examples_rclpy_executors --record /home/sln/beginner_tutorials/build/examples_rclpy_executors/install.log --single-version-externally-managed
