[5.311s] Invoking command in '/home/sln/beginner_tutorials/build/examples_rclpy_minimal_action_server': PYTHONPATH=/home/sln/beginner_tutorials/install/examples_rclpy_minimal_action_server/lib/python3.8/site-packages:${PYTHONPATH} /usr/bin/python3 setup.py develop --prefix /home/sln/beginner_tutorials/install/examples_rclpy_minimal_action_server --uninstall --editable --build-directory /home/sln/beginner_tutorials/build/examples_rclpy_minimal_action_server/build
[6.941s] running develop
[8.075s] Invoked command in '/home/sln/beginner_tutorials/build/examples_rclpy_minimal_action_server' returned '0': PYTHONPATH=/home/sln/beginner_tutorials/install/examples_rclpy_minimal_action_server/lib/python3.8/site-packages:${PYTHONPATH} /usr/bin/python3 setup.py develop --prefix /home/sln/beginner_tutorials/install/examples_rclpy_minimal_action_server --uninstall --editable --build-directory /home/sln/beginner_tutorials/build/examples_rclpy_minimal_action_server/build
[8.077s] Invoking command in '/home/sln/beginner_tutorials/src/examples/rclpy/actions/minimal_action_server': PYTHONPATH=/home/sln/beginner_tutorials/install/examples_rclpy_minimal_action_server/lib/python3.8/site-packages:${PYTHONPATH} /usr/bin/python3 setup.py egg_info --egg-base ../../../../../build/examples_rclpy_minimal_action_server build --build-base /home/sln/beginner_tutorials/build/examples_rclpy_minimal_action_server/build install --prefix /home/sln/beginner_tutorials/install/examples_rclpy_minimal_action_server --record /home/sln/beginner_tutorials/build/examples_rclpy_minimal_action_server/install.log --single-version-externally-managed
[9.728s] running egg_info
[9.730s] writing ../../../../../build/examples_rclpy_minimal_action_server/examples_rclpy_minimal_action_server.egg-info/PKG-INFO
[9.730s] writing dependency_links to ../../../../../build/examples_rclpy_minimal_action_server/examples_rclpy_minimal_action_server.egg-info/dependency_links.txt
[9.731s] writing entry points to ../../../../../build/examples_rclpy_minimal_action_server/examples_rclpy_minimal_action_server.egg-info/entry_points.txt
[9.732s] writing requirements to ../../../../../build/examples_rclpy_minimal_action_server/examples_rclpy_minimal_action_server.egg-info/requires.txt
[9.733s] writing top-level names to ../../../../../build/examples_rclpy_minimal_action_server/examples_rclpy_minimal_action_server.egg-info/top_level.txt
[9.819s] reading manifest file '../../../../../build/examples_rclpy_minimal_action_server/examples_rclpy_minimal_action_server.egg-info/SOURCES.txt'
[9.821s] writing manifest file '../../../../../build/examples_rclpy_minimal_action_server/examples_rclpy_minimal_action_server.egg-info/SOURCES.txt'
[9.821s] running build
[9.821s] running build_py
[9.822s] running install
[9.827s] running install_lib
[9.833s] running install_data
[9.834s] running install_egg_info
[9.840s] removing '/home/sln/beginner_tutorials/install/examples_rclpy_minimal_action_server/lib/python3.8/site-packages/examples_rclpy_minimal_action_server-0.15.1-py3.8.egg-info' (and everything under it)
[9.841s] Copying ../../../../../build/examples_rclpy_minimal_action_server/examples_rclpy_minimal_action_server.egg-info to /home/sln/beginner_tutorials/install/examples_rclpy_minimal_action_server/lib/python3.8/site-packages/examples_rclpy_minimal_action_server-0.15.1-py3.8.egg-info
[9.842s] running install_scripts
[9.900s] Installing server script to /home/sln/beginner_tutorials/install/examples_rclpy_minimal_action_server/lib/examples_rclpy_minimal_action_server
[9.900s] Installing server_defer script to /home/sln/beginner_tutorials/install/examples_rclpy_minimal_action_server/lib/examples_rclpy_minimal_action_server
[9.900s] Installing server_not_composable script to /home/sln/beginner_tutorials/install/examples_rclpy_minimal_action_server/lib/examples_rclpy_minimal_action_server
[9.900s] Installing server_queue_goals script to /home/sln/beginner_tutorials/install/examples_rclpy_minimal_action_server/lib/examples_rclpy_minimal_action_server
[9.901s] Installing server_single_goal script to /home/sln/beginner_tutorials/install/examples_rclpy_minimal_action_server/lib/examples_rclpy_minimal_action_server
[9.901s] writing list of installed files to '/home/sln/beginner_tutorials/build/examples_rclpy_minimal_action_server/install.log'
[10.053s] Invoked command in '/home/sln/beginner_tutorials/src/examples/rclpy/actions/minimal_action_server' returned '0': PYTHONPATH=/home/sln/beginner_tutorials/install/examples_rclpy_minimal_action_server/lib/python3.8/site-packages:${PYTHONPATH} /usr/bin/python3 setup.py egg_info --egg-base ../../../../../build/examples_rclpy_minimal_action_server build --build-base /home/sln/beginner_tutorials/build/examples_rclpy_minimal_action_server/build install --prefix /home/sln/beginner_tutorials/install/examples_rclpy_minimal_action_server --record /home/sln/beginner_tutorials/build/examples_rclpy_minimal_action_server/install.log --single-version-externally-managed
