[1.063s] Invoking command in '/home/sln/beginner_tutorials/build/turtlesim': CMAKE_PREFIX_PATH=${CMAKE_PREFIX_PATH}:/home/sln/ros2_humble/install/rqt_bag_plugins:/home/sln/ros2_humble/install/rqt_bag:/home/sln/ros2_humble/install/ros2bag:/home/sln/ros2_humble/install/tracetools_test:/home/sln/ros2_humble/install/tracetools_launch:/home/sln/ros2_humble/install/topic_monitor:/home/sln/ros2_humble/install/tf2_tools:/home/sln/ros2_humble/install/examples_tf2_py:/home/sln/ros2_humble/install/tf2_ros_py:/home/sln/ros2_humble/install/sros2:/home/sln/ros2_humble/install/rqt_topic:/home/sln/ros2_humble/install/rqt_srv:/home/sln/ros2_humble/install/rqt_shell:/home/sln/ros2_humble/install/rqt_service_caller:/home/sln/ros2_humble/install/rqt_reconfigure:/home/sln/ros2_humble/install/rqt_py_console:/home/sln/ros2_humble/install/rqt_publisher:/home/sln/ros2_humble/install/rqt_plot:/home/sln/ros2_humble/install/rqt_action:/home/sln/ros2_humble/install/rqt_msg:/home/sln/ros2_humble/install/rqt_console:/home/sln/ros2_humble/install/rqt:/home/sln/ros2_humble/install/rqt_graph:/home/sln/ros2_humble/install/rqt_gui_py:/home/sln/ros2_humble/install/rqt_gui:/home/sln/ros2_humble/install/ros2trace:/home/sln/ros2_humble/install/ros2topic:/home/sln/ros2_humble/install/ros2test:/home/sln/ros2_humble/install/ros2component:/home/sln/ros2_humble/install/ros2param:/home/sln/ros2_humble/install/ros2lifecycle:/home/sln/ros2_humble/install/ros2service:/home/sln/ros2_humble/install/ros2run:/home/sln/ros2_humble/install/ros2launch:/home/sln/ros2_humble/install/ros2pkg:/home/sln/ros2_humble/install/ros2node:/home/sln/ros2_humble/install/ros2multicast:/home/sln/ros2_humble/install/ros2interface:/home/sln/ros2_humble/install/ros2doctor:/home/sln/ros2_humble/install/ros2action:/home/sln/ros2_humble/install/ros2cli:/home/sln/ros2_humble/install/quality_of_service_demo_py:/home/sln/ros2_humble/install/lifecycle_py:/home/sln/ros2_humble/install/launch_testing_ros:/home/sln/ros2_humble/install/launch_ros:/home/sln/ros2_humble/install/examples_rclpy_pointcloud_publisher:/home/sln/ros2_humble/install/examples_rclpy_minimal_subscriber:/home/sln/ros2_humble/install/examples_rclpy_minimal_service:/home/sln/ros2_humble/install/examples_rclpy_minimal_publisher:/home/sln/ros2_humble/install/examples_rclpy_minimal_client:/home/sln/ros2_humble/install/examples_rclpy_minimal_action_server:/home/sln/ros2_humble/install/examples_rclpy_minimal_action_client:/home/sln/ros2_humble/install/examples_rclpy_guard_conditions:/home/sln/ros2_humble/install/examples_rclpy_executors:/home/sln/ros2_humble/install/demo_nodes_py:/home/sln/ros2_humble/install/action_tutorials_py:/home/sln/ros2_humble/install/ament_uncrustify:/home/sln/ros2_humble/install/tracetools_trace:/home/sln/ros2_humble/install/tracetools_read:/home/sln/ros2_humble/install/test_tracetools_launch:/home/sln/ros2_humble/install/test_launch_ros:/home/sln/ros2_humble/install/sensor_msgs_py:/home/sln/ros2_humble/install/rpyutils:/home/sln/ros2_humble/install/rosidl_runtime_py:/home/sln/ros2_humble/install/rosidl_cli:/home/sln/ros2_humble/install/launch_pytest:/home/sln/ros2_humble/install/launch_testing:/home/sln/ros2_humble/install/launch_yaml:/home/sln/ros2_humble/install/launch_xml:/home/sln/ros2_humble/install/launch:/home/sln/ros2_humble/install/osrf_pycommon:/home/sln/ros2_humble/install/launch_testing_examples:/home/sln/ros2_humble/install/domain_coordinator:/home/sln/ros2_humble/install/ament_xmllint:/home/sln/ros2_humble/install/ament_pyflakes:/home/sln/ros2_humble/install/ament_pycodestyle:/home/sln/ros2_humble/install/ament_pep257:/home/sln/ros2_humble/install/ament_pclint:/home/sln/ros2_humble/install/ament_package:/home/sln/ros2_humble/install/ament_mypy:/home/sln/ros2_humble/install/ament_lint_cmake:/home/sln/ros2_humble/install/ament_flake8:/home/sln/ros2_humble/install/ament_copyright:/home/sln/ros2_humble/install/ament_lint:/home/sln/ros2_humble/install/ament_index_python:/home/sln/ros2_humble/install/ament_cpplint:/home/sln/ros2_humble/install/ament_cppcheck:/home/sln/ros2_humble/install/ament_clang_tidy:/home/sln/ros2_humble/install/ament_clang_format /usr/bin/cmake --build /home/sln/beginner_tutorials/build/turtlesim -- -j8 -l8
[1.355s] [ 10%] Built target turtlesim__rosidl_generator_c
[1.376s] [ 10%] Built target ament_cmake_python_copy_turtlesim
[1.395s] [ 11%] Built target turtlesim__cpp
[1.570s] [ 21%] Built target turtlesim__rosidl_typesupport_c
[1.575s] [ 31%] Built target turtlesim__rosidl_typesupport_fastrtps_c
[1.602s] [ 41%] Built target turtlesim__rosidl_typesupport_introspection_c
[1.648s] [ 51%] Built target turtlesim__rosidl_typesupport_cpp
[1.690s] [ 61%] Built target turtlesim__rosidl_typesupport_fastrtps_cpp
[1.720s] [ 71%] Built target turtlesim__rosidl_typesupport_introspection_cpp
[1.815s] [35m[1mScanning dependencies of target turtlesim_node[0m
[1.833s] [ 71%] Built target turtlesim
[1.839s] [ 73%] Built target turtle_teleop_key
[1.868s] [ 75%] Built target mimic
[1.881s] [ 77%] Built target draw_square
[1.959s] [ 78%] Built target turtlesim__py
[2.038s] [ 79%] [32mBuilding CXX object CMakeFiles/turtlesim_node.dir/src/turtle_frame.cpp.o[0m
[2.077s] [ 88%] Built target turtlesim__rosidl_generator_py
[2.242s] [ 90%] Built target turtlesim__rosidl_typesupport_fastrtps_c__pyext
[2.250s] [ 92%] Built target turtlesim__rosidl_typesupport_c__pyext
[2.267s] [ 94%] Built target turtlesim__rosidl_typesupport_introspection_c__pyext
[3.406s] running egg_info
[3.407s] writing turtlesim.egg-info/PKG-INFO
[3.407s] writing dependency_links to turtlesim.egg-info/dependency_links.txt
[3.408s] writing top-level names to turtlesim.egg-info/top_level.txt
[3.487s] reading manifest file 'turtlesim.egg-info/SOURCES.txt'
[3.488s] writing manifest file 'turtlesim.egg-info/SOURCES.txt'
[3.556s] [ 94%] Built target ament_cmake_python_build_turtlesim_egg
[15.531s] [ 95%] [32m[1mLinking CXX executable turtlesim_node[0m
[17.723s] [100%] Built target turtlesim_node
[17.751s] Invoked command in '/home/sln/beginner_tutorials/build/turtlesim' returned '0': CMAKE_PREFIX_PATH=${CMAKE_PREFIX_PATH}:/home/sln/ros2_humble/install/rqt_bag_plugins:/home/sln/ros2_humble/install/rqt_bag:/home/sln/ros2_humble/install/ros2bag:/home/sln/ros2_humble/install/tracetools_test:/home/sln/ros2_humble/install/tracetools_launch:/home/sln/ros2_humble/install/topic_monitor:/home/sln/ros2_humble/install/tf2_tools:/home/sln/ros2_humble/install/examples_tf2_py:/home/sln/ros2_humble/install/tf2_ros_py:/home/sln/ros2_humble/install/sros2:/home/sln/ros2_humble/install/rqt_topic:/home/sln/ros2_humble/install/rqt_srv:/home/sln/ros2_humble/install/rqt_shell:/home/sln/ros2_humble/install/rqt_service_caller:/home/sln/ros2_humble/install/rqt_reconfigure:/home/sln/ros2_humble/install/rqt_py_console:/home/sln/ros2_humble/install/rqt_publisher:/home/sln/ros2_humble/install/rqt_plot:/home/sln/ros2_humble/install/rqt_action:/home/sln/ros2_humble/install/rqt_msg:/home/sln/ros2_humble/install/rqt_console:/home/sln/ros2_humble/install/rqt:/home/sln/ros2_humble/install/rqt_graph:/home/sln/ros2_humble/install/rqt_gui_py:/home/sln/ros2_humble/install/rqt_gui:/home/sln/ros2_humble/install/ros2trace:/home/sln/ros2_humble/install/ros2topic:/home/sln/ros2_humble/install/ros2test:/home/sln/ros2_humble/install/ros2component:/home/sln/ros2_humble/install/ros2param:/home/sln/ros2_humble/install/ros2lifecycle:/home/sln/ros2_humble/install/ros2service:/home/sln/ros2_humble/install/ros2run:/home/sln/ros2_humble/install/ros2launch:/home/sln/ros2_humble/install/ros2pkg:/home/sln/ros2_humble/install/ros2node:/home/sln/ros2_humble/install/ros2multicast:/home/sln/ros2_humble/install/ros2interface:/home/sln/ros2_humble/install/ros2doctor:/home/sln/ros2_humble/install/ros2action:/home/sln/ros2_humble/install/ros2cli:/home/sln/ros2_humble/install/quality_of_service_demo_py:/home/sln/ros2_humble/install/lifecycle_py:/home/sln/ros2_humble/install/launch_testing_ros:/home/sln/ros2_humble/install/launch_ros:/home/sln/ros2_humble/install/examples_rclpy_pointcloud_publisher:/home/sln/ros2_humble/install/examples_rclpy_minimal_subscriber:/home/sln/ros2_humble/install/examples_rclpy_minimal_service:/home/sln/ros2_humble/install/examples_rclpy_minimal_publisher:/home/sln/ros2_humble/install/examples_rclpy_minimal_client:/home/sln/ros2_humble/install/examples_rclpy_minimal_action_server:/home/sln/ros2_humble/install/examples_rclpy_minimal_action_client:/home/sln/ros2_humble/install/examples_rclpy_guard_conditions:/home/sln/ros2_humble/install/examples_rclpy_executors:/home/sln/ros2_humble/install/demo_nodes_py:/home/sln/ros2_humble/install/action_tutorials_py:/home/sln/ros2_humble/install/ament_uncrustify:/home/sln/ros2_humble/install/tracetools_trace:/home/sln/ros2_humble/install/tracetools_read:/home/sln/ros2_humble/install/test_tracetools_launch:/home/sln/ros2_humble/install/test_launch_ros:/home/sln/ros2_humble/install/sensor_msgs_py:/home/sln/ros2_humble/install/rpyutils:/home/sln/ros2_humble/install/rosidl_runtime_py:/home/sln/ros2_humble/install/rosidl_cli:/home/sln/ros2_humble/install/launch_pytest:/home/sln/ros2_humble/install/launch_testing:/home/sln/ros2_humble/install/launch_yaml:/home/sln/ros2_humble/install/launch_xml:/home/sln/ros2_humble/install/launch:/home/sln/ros2_humble/install/osrf_pycommon:/home/sln/ros2_humble/install/launch_testing_examples:/home/sln/ros2_humble/install/domain_coordinator:/home/sln/ros2_humble/install/ament_xmllint:/home/sln/ros2_humble/install/ament_pyflakes:/home/sln/ros2_humble/install/ament_pycodestyle:/home/sln/ros2_humble/install/ament_pep257:/home/sln/ros2_humble/install/ament_pclint:/home/sln/ros2_humble/install/ament_package:/home/sln/ros2_humble/install/ament_mypy:/home/sln/ros2_humble/install/ament_lint_cmake:/home/sln/ros2_humble/install/ament_flake8:/home/sln/ros2_humble/install/ament_copyright:/home/sln/ros2_humble/install/ament_lint:/home/sln/ros2_humble/install/ament_index_python:/home/sln/ros2_humble/install/ament_cpplint:/home/sln/ros2_humble/install/ament_cppcheck:/home/sln/ros2_humble/install/ament_clang_tidy:/home/sln/ros2_humble/install/ament_clang_format /usr/bin/cmake --build /home/sln/beginner_tutorials/build/turtlesim -- -j8 -l8
[18.607s] Invoking command in '/home/sln/beginner_tutorials/build/turtlesim': CMAKE_PREFIX_PATH=${CMAKE_PREFIX_PATH}:/home/sln/ros2_humble/install/rqt_bag_plugins:/home/sln/ros2_humble/install/rqt_bag:/home/sln/ros2_humble/install/ros2bag:/home/sln/ros2_humble/install/tracetools_test:/home/sln/ros2_humble/install/tracetools_launch:/home/sln/ros2_humble/install/topic_monitor:/home/sln/ros2_humble/install/tf2_tools:/home/sln/ros2_humble/install/examples_tf2_py:/home/sln/ros2_humble/install/tf2_ros_py:/home/sln/ros2_humble/install/sros2:/home/sln/ros2_humble/install/rqt_topic:/home/sln/ros2_humble/install/rqt_srv:/home/sln/ros2_humble/install/rqt_shell:/home/sln/ros2_humble/install/rqt_service_caller:/home/sln/ros2_humble/install/rqt_reconfigure:/home/sln/ros2_humble/install/rqt_py_console:/home/sln/ros2_humble/install/rqt_publisher:/home/sln/ros2_humble/install/rqt_plot:/home/sln/ros2_humble/install/rqt_action:/home/sln/ros2_humble/install/rqt_msg:/home/sln/ros2_humble/install/rqt_console:/home/sln/ros2_humble/install/rqt:/home/sln/ros2_humble/install/rqt_graph:/home/sln/ros2_humble/install/rqt_gui_py:/home/sln/ros2_humble/install/rqt_gui:/home/sln/ros2_humble/install/ros2trace:/home/sln/ros2_humble/install/ros2topic:/home/sln/ros2_humble/install/ros2test:/home/sln/ros2_humble/install/ros2component:/home/sln/ros2_humble/install/ros2param:/home/sln/ros2_humble/install/ros2lifecycle:/home/sln/ros2_humble/install/ros2service:/home/sln/ros2_humble/install/ros2run:/home/sln/ros2_humble/install/ros2launch:/home/sln/ros2_humble/install/ros2pkg:/home/sln/ros2_humble/install/ros2node:/home/sln/ros2_humble/install/ros2multicast:/home/sln/ros2_humble/install/ros2interface:/home/sln/ros2_humble/install/ros2doctor:/home/sln/ros2_humble/install/ros2action:/home/sln/ros2_humble/install/ros2cli:/home/sln/ros2_humble/install/quality_of_service_demo_py:/home/sln/ros2_humble/install/lifecycle_py:/home/sln/ros2_humble/install/launch_testing_ros:/home/sln/ros2_humble/install/launch_ros:/home/sln/ros2_humble/install/examples_rclpy_pointcloud_publisher:/home/sln/ros2_humble/install/examples_rclpy_minimal_subscriber:/home/sln/ros2_humble/install/examples_rclpy_minimal_service:/home/sln/ros2_humble/install/examples_rclpy_minimal_publisher:/home/sln/ros2_humble/install/examples_rclpy_minimal_client:/home/sln/ros2_humble/install/examples_rclpy_minimal_action_server:/home/sln/ros2_humble/install/examples_rclpy_minimal_action_client:/home/sln/ros2_humble/install/examples_rclpy_guard_conditions:/home/sln/ros2_humble/install/examples_rclpy_executors:/home/sln/ros2_humble/install/demo_nodes_py:/home/sln/ros2_humble/install/action_tutorials_py:/home/sln/ros2_humble/install/ament_uncrustify:/home/sln/ros2_humble/install/tracetools_trace:/home/sln/ros2_humble/install/tracetools_read:/home/sln/ros2_humble/install/test_tracetools_launch:/home/sln/ros2_humble/install/test_launch_ros:/home/sln/ros2_humble/install/sensor_msgs_py:/home/sln/ros2_humble/install/rpyutils:/home/sln/ros2_humble/install/rosidl_runtime_py:/home/sln/ros2_humble/install/rosidl_cli:/home/sln/ros2_humble/install/launch_pytest:/home/sln/ros2_humble/install/launch_testing:/home/sln/ros2_humble/install/launch_yaml:/home/sln/ros2_humble/install/launch_xml:/home/sln/ros2_humble/install/launch:/home/sln/ros2_humble/install/osrf_pycommon:/home/sln/ros2_humble/install/launch_testing_examples:/home/sln/ros2_humble/install/domain_coordinator:/home/sln/ros2_humble/install/ament_xmllint:/home/sln/ros2_humble/install/ament_pyflakes:/home/sln/ros2_humble/install/ament_pycodestyle:/home/sln/ros2_humble/install/ament_pep257:/home/sln/ros2_humble/install/ament_pclint:/home/sln/ros2_humble/install/ament_package:/home/sln/ros2_humble/install/ament_mypy:/home/sln/ros2_humble/install/ament_lint_cmake:/home/sln/ros2_humble/install/ament_flake8:/home/sln/ros2_humble/install/ament_copyright:/home/sln/ros2_humble/install/ament_lint:/home/sln/ros2_humble/install/ament_index_python:/home/sln/ros2_humble/install/ament_cpplint:/home/sln/ros2_humble/install/ament_cppcheck:/home/sln/ros2_humble/install/ament_clang_tidy:/home/sln/ros2_humble/install/ament_clang_format /usr/bin/cmake --install /home/sln/beginner_tutorials/build/turtlesim
[18.630s] -- Install configuration: ""
[18.631s] -- Up-to-date: /home/sln/beginner_tutorials/install/turtlesim/share/ament_index/resource_index/rosidl_interfaces/turtlesim
[18.631s] -- Up-to-date: /home/sln/beginner_tutorials/install/turtlesim/include/turtlesim/turtlesim
[18.631s] -- Up-to-date: /home/sln/beginner_tutorials/install/turtlesim/include/turtlesim/turtlesim/action
[18.631s] -- Up-to-date: /home/sln/beginner_tutorials/install/turtlesim/include/turtlesim/turtlesim/action/detail
[18.632s] -- Up-to-date: /home/sln/beginner_tutorials/install/turtlesim/include/turtlesim/turtlesim/action/detail/rotate_absolute__functions.h
[18.632s] -- Up-to-date: /home/sln/beginner_tutorials/install/turtlesim/include/turtlesim/turtlesim/action/detail/rotate_absolute__struct.h
[18.632s] -- Up-to-date: /home/sln/beginner_tutorials/install/turtlesim/include/turtlesim/turtlesim/action/detail/rotate_absolute__type_support.h
[18.632s] -- Up-to-date: /home/sln/beginner_tutorials/install/turtlesim/include/turtlesim/turtlesim/action/detail/rotate_absolute__functions.c
[18.632s] -- Up-to-date: /home/sln/beginner_tutorials/install/turtlesim/include/turtlesim/turtlesim/action/rotate_absolute.h
[18.632s] -- Up-to-date: /home/sln/beginner_tutorials/install/turtlesim/include/turtlesim/turtlesim/msg
[18.632s] -- Up-to-date: /home/sln/beginner_tutorials/install/turtlesim/include/turtlesim/turtlesim/msg/detail
[18.633s] -- Up-to-date: /home/sln/beginner_tutorials/install/turtlesim/include/turtlesim/turtlesim/msg/detail/color__functions.h
[18.633s] -- Up-to-date: /home/sln/beginner_tutorials/install/turtlesim/include/turtlesim/turtlesim/msg/detail/pose__struct.h
[18.633s] -- Up-to-date: /home/sln/beginner_tutorials/install/turtlesim/include/turtlesim/turtlesim/msg/detail/color__functions.c
[18.633s] -- Up-to-date: /home/sln/beginner_tutorials/install/turtlesim/include/turtlesim/turtlesim/msg/detail/pose__functions.h
[18.633s] -- Up-to-date: /home/sln/beginner_tutorials/install/turtlesim/include/turtlesim/turtlesim/msg/detail/color__struct.h
[18.633s] -- Up-to-date: /home/sln/beginner_tutorials/install/turtlesim/include/turtlesim/turtlesim/msg/detail/pose__functions.c
[18.634s] -- Up-to-date: /home/sln/beginner_tutorials/install/turtlesim/include/turtlesim/turtlesim/msg/detail/color__type_support.h
[18.634s] -- Up-to-date: /home/sln/beginner_tutorials/install/turtlesim/include/turtlesim/turtlesim/msg/detail/pose__type_support.h
[18.634s] -- Up-to-date: /home/sln/beginner_tutorials/install/turtlesim/include/turtlesim/turtlesim/msg/rosidl_generator_c__visibility_control.h
[18.634s] -- Up-to-date: /home/sln/beginner_tutorials/install/turtlesim/include/turtlesim/turtlesim/msg/color.h
[18.634s] -- Up-to-date: /home/sln/beginner_tutorials/install/turtlesim/include/turtlesim/turtlesim/msg/pose.h
[18.634s] -- Up-to-date: /home/sln/beginner_tutorials/install/turtlesim/include/turtlesim/turtlesim/srv
[18.634s] -- Up-to-date: /home/sln/beginner_tutorials/install/turtlesim/include/turtlesim/turtlesim/srv/set_pen.h
[18.634s] -- Up-to-date: /home/sln/beginner_tutorials/install/turtlesim/include/turtlesim/turtlesim/srv/kill.h
[18.635s] -- Up-to-date: /home/sln/beginner_tutorials/install/turtlesim/include/turtlesim/turtlesim/srv/teleport_relative.h
[18.635s] -- Up-to-date: /home/sln/beginner_tutorials/install/turtlesim/include/turtlesim/turtlesim/srv/teleport_absolute.h
[18.635s] -- Up-to-date: /home/sln/beginner_tutorials/install/turtlesim/include/turtlesim/turtlesim/srv/detail
[18.635s] -- Up-to-date: /home/sln/beginner_tutorials/install/turtlesim/include/turtlesim/turtlesim/srv/detail/teleport_relative__functions.h
[18.635s] -- Up-to-date: /home/sln/beginner_tutorials/install/turtlesim/include/turtlesim/turtlesim/srv/detail/kill__functions.c
[18.635s] -- Up-to-date: /home/sln/beginner_tutorials/install/turtlesim/include/turtlesim/turtlesim/srv/detail/set_pen__functions.h
[18.635s] -- Up-to-date: /home/sln/beginner_tutorials/install/turtlesim/include/turtlesim/turtlesim/srv/detail/kill__type_support.h
[18.636s] -- Up-to-date: /home/sln/beginner_tutorials/install/turtlesim/include/turtlesim/turtlesim/srv/detail/teleport_absolute__functions.c
[18.636s] -- Up-to-date: /home/sln/beginner_tutorials/install/turtlesim/include/turtlesim/turtlesim/srv/detail/kill__functions.h
[18.636s] -- Up-to-date: /home/sln/beginner_tutorials/install/turtlesim/include/turtlesim/turtlesim/srv/detail/spawn__type_support.h
[18.636s] -- Up-to-date: /home/sln/beginner_tutorials/install/turtlesim/include/turtlesim/turtlesim/srv/detail/spawn__struct.h
[18.636s] -- Up-to-date: /home/sln/beginner_tutorials/install/turtlesim/include/turtlesim/turtlesim/srv/detail/set_pen__struct.h
[18.636s] -- Up-to-date: /home/sln/beginner_tutorials/install/turtlesim/include/turtlesim/turtlesim/srv/detail/kill__struct.h
[18.636s] -- Up-to-date: /home/sln/beginner_tutorials/install/turtlesim/include/turtlesim/turtlesim/srv/detail/teleport_relative__functions.c
[18.636s] -- Up-to-date: /home/sln/beginner_tutorials/install/turtlesim/include/turtlesim/turtlesim/srv/detail/set_pen__functions.c
[18.637s] -- Up-to-date: /home/sln/beginner_tutorials/install/turtlesim/include/turtlesim/turtlesim/srv/detail/spawn__functions.c
[18.637s] -- Up-to-date: /home/sln/beginner_tutorials/install/turtlesim/include/turtlesim/turtlesim/srv/detail/teleport_absolute__type_support.h
[18.637s] -- Up-to-date: /home/sln/beginner_tutorials/install/turtlesim/include/turtlesim/turtlesim/srv/detail/teleport_absolute__struct.h
[18.637s] -- Up-to-date: /home/sln/beginner_tutorials/install/turtlesim/include/turtlesim/turtlesim/srv/detail/teleport_relative__struct.h
[18.637s] -- Up-to-date: /home/sln/beginner_tutorials/install/turtlesim/include/turtlesim/turtlesim/srv/detail/teleport_absolute__functions.h
[18.637s] -- Up-to-date: /home/sln/beginner_tutorials/install/turtlesim/include/turtlesim/turtlesim/srv/detail/set_pen__type_support.h
[18.638s] -- Up-to-date: /home/sln/beginner_tutorials/install/turtlesim/include/turtlesim/turtlesim/srv/detail/teleport_relative__type_support.h
[18.638s] -- Up-to-date: /home/sln/beginner_tutorials/install/turtlesim/include/turtlesim/turtlesim/srv/detail/spawn__functions.h
[18.638s] -- Up-to-date: /home/sln/beginner_tutorials/install/turtlesim/include/turtlesim/turtlesim/srv/spawn.h
[18.638s] -- Up-to-date: /home/sln/beginner_tutorials/install/turtlesim/share/turtlesim/environment/library_path.sh
[18.638s] -- Up-to-date: /home/sln/beginner_tutorials/install/turtlesim/share/turtlesim/environment/library_path.dsv
[18.638s] -- Up-to-date: /home/sln/beginner_tutorials/install/turtlesim/lib/libturtlesim__rosidl_generator_c.so
[18.638s] -- Up-to-date: /home/sln/beginner_tutorials/install/turtlesim/include/turtlesim/turtlesim
[18.638s] -- Up-to-date: /home/sln/beginner_tutorials/install/turtlesim/include/turtlesim/turtlesim/action
[18.638s] -- Up-to-date: /home/sln/beginner_tutorials/install/turtlesim/include/turtlesim/turtlesim/action/detail
[18.639s] -- Up-to-date: /home/sln/beginner_tutorials/install/turtlesim/include/turtlesim/turtlesim/action/detail/rotate_absolute__rosidl_typesupport_fastrtps_c.h
[18.639s] -- Up-to-date: /home/sln/beginner_tutorials/install/turtlesim/include/turtlesim/turtlesim/msg
[18.639s] -- Up-to-date: /home/sln/beginner_tutorials/install/turtlesim/include/turtlesim/turtlesim/msg/rosidl_typesupport_fastrtps_c__visibility_control.h
[18.639s] -- Up-to-date: /home/sln/beginner_tutorials/install/turtlesim/include/turtlesim/turtlesim/msg/detail
[18.639s] -- Up-to-date: /home/sln/beginner_tutorials/install/turtlesim/include/turtlesim/turtlesim/msg/detail/color__rosidl_typesupport_fastrtps_c.h
[18.639s] -- Up-to-date: /home/sln/beginner_tutorials/install/turtlesim/include/turtlesim/turtlesim/msg/detail/pose__rosidl_typesupport_fastrtps_c.h
[18.639s] -- Up-to-date: /home/sln/beginner_tutorials/install/turtlesim/include/turtlesim/turtlesim/srv
[18.640s] -- Up-to-date: /home/sln/beginner_tutorials/install/turtlesim/include/turtlesim/turtlesim/srv/detail
[18.640s] -- Up-to-date: /home/sln/beginner_tutorials/install/turtlesim/include/turtlesim/turtlesim/srv/detail/teleport_relative__rosidl_typesupport_fastrtps_c.h
[18.640s] -- Up-to-date: /home/sln/beginner_tutorials/install/turtlesim/include/turtlesim/turtlesim/srv/detail/spawn__rosidl_typesupport_fastrtps_c.h
[18.640s] -- Up-to-date: /home/sln/beginner_tutorials/install/turtlesim/include/turtlesim/turtlesim/srv/detail/teleport_absolute__rosidl_typesupport_fastrtps_c.h
[18.640s] -- Up-to-date: /home/sln/beginner_tutorials/install/turtlesim/include/turtlesim/turtlesim/srv/detail/set_pen__rosidl_typesupport_fastrtps_c.h
[18.640s] -- Up-to-date: /home/sln/beginner_tutorials/install/turtlesim/include/turtlesim/turtlesim/srv/detail/kill__rosidl_typesupport_fastrtps_c.h
[18.640s] -- Up-to-date: /home/sln/beginner_tutorials/install/turtlesim/lib/libturtlesim__rosidl_typesupport_fastrtps_c.so
[18.640s] -- Up-to-date: /home/sln/beginner_tutorials/install/turtlesim/include/turtlesim/turtlesim
[18.640s] -- Up-to-date: /home/sln/beginner_tutorials/install/turtlesim/include/turtlesim/turtlesim/action
[18.640s] -- Up-to-date: /home/sln/beginner_tutorials/install/turtlesim/include/turtlesim/turtlesim/action/rotate_absolute.hpp
[18.640s] -- Up-to-date: /home/sln/beginner_tutorials/install/turtlesim/include/turtlesim/turtlesim/action/detail
[18.641s] -- Up-to-date: /home/sln/beginner_tutorials/install/turtlesim/include/turtlesim/turtlesim/action/detail/rotate_absolute__builder.hpp
[18.641s] -- Up-to-date: /home/sln/beginner_tutorials/install/turtlesim/include/turtlesim/turtlesim/action/detail/rotate_absolute__traits.hpp
[18.641s] -- Up-to-date: /home/sln/beginner_tutorials/install/turtlesim/include/turtlesim/turtlesim/action/detail/rotate_absolute__struct.hpp
[18.641s] -- Up-to-date: /home/sln/beginner_tutorials/install/turtlesim/include/turtlesim/turtlesim/msg
[18.641s] -- Up-to-date: /home/sln/beginner_tutorials/install/turtlesim/include/turtlesim/turtlesim/msg/pose.hpp
[18.641s] -- Up-to-date: /home/sln/beginner_tutorials/install/turtlesim/include/turtlesim/turtlesim/msg/detail
[18.642s] -- Up-to-date: /home/sln/beginner_tutorials/install/turtlesim/include/turtlesim/turtlesim/msg/detail/pose__builder.hpp
[18.642s] -- Up-to-date: /home/sln/beginner_tutorials/install/turtlesim/include/turtlesim/turtlesim/msg/detail/pose__traits.hpp
[18.642s] -- Up-to-date: /home/sln/beginner_tutorials/install/turtlesim/include/turtlesim/turtlesim/msg/detail/color__traits.hpp
[18.642s] -- Up-to-date: /home/sln/beginner_tutorials/install/turtlesim/include/turtlesim/turtlesim/msg/detail/color__builder.hpp
[18.642s] -- Up-to-date: /home/sln/beginner_tutorials/install/turtlesim/include/turtlesim/turtlesim/msg/detail/color__struct.hpp
[18.642s] -- Up-to-date: /home/sln/beginner_tutorials/install/turtlesim/include/turtlesim/turtlesim/msg/detail/pose__struct.hpp
[18.642s] -- Up-to-date: /home/sln/beginner_tutorials/install/turtlesim/include/turtlesim/turtlesim/msg/color.hpp
[18.642s] -- Up-to-date: /home/sln/beginner_tutorials/install/turtlesim/include/turtlesim/turtlesim/srv
[18.642s] -- Up-to-date: /home/sln/beginner_tutorials/install/turtlesim/include/turtlesim/turtlesim/srv/kill.hpp
[18.642s] -- Up-to-date: /home/sln/beginner_tutorials/install/turtlesim/include/turtlesim/turtlesim/srv/set_pen.hpp
[18.643s] -- Up-to-date: /home/sln/beginner_tutorials/install/turtlesim/include/turtlesim/turtlesim/srv/detail
[18.643s] -- Up-to-date: /home/sln/beginner_tutorials/install/turtlesim/include/turtlesim/turtlesim/srv/detail/set_pen__struct.hpp
[18.643s] -- Up-to-date: /home/sln/beginner_tutorials/install/turtlesim/include/turtlesim/turtlesim/srv/detail/kill__traits.hpp
[18.643s] -- Up-to-date: /home/sln/beginner_tutorials/install/turtlesim/include/turtlesim/turtlesim/srv/detail/spawn__builder.hpp
[18.643s] -- Up-to-date: /home/sln/beginner_tutorials/install/turtlesim/include/turtlesim/turtlesim/srv/detail/kill__struct.hpp
[18.643s] -- Up-to-date: /home/sln/beginner_tutorials/install/turtlesim/include/turtlesim/turtlesim/srv/detail/teleport_relative__traits.hpp
[18.643s] -- Up-to-date: /home/sln/beginner_tutorials/install/turtlesim/include/turtlesim/turtlesim/srv/detail/spawn__traits.hpp
[18.643s] -- Up-to-date: /home/sln/beginner_tutorials/install/turtlesim/include/turtlesim/turtlesim/srv/detail/teleport_relative__struct.hpp
[18.643s] -- Up-to-date: /home/sln/beginner_tutorials/install/turtlesim/include/turtlesim/turtlesim/srv/detail/set_pen__builder.hpp
[18.644s] -- Up-to-date: /home/sln/beginner_tutorials/install/turtlesim/include/turtlesim/turtlesim/srv/detail/spawn__struct.hpp
[18.644s] -- Up-to-date: /home/sln/beginner_tutorials/install/turtlesim/include/turtlesim/turtlesim/srv/detail/kill__builder.hpp
[18.644s] -- Up-to-date: /home/sln/beginner_tutorials/install/turtlesim/include/turtlesim/turtlesim/srv/detail/teleport_relative__builder.hpp
[18.644s] -- Up-to-date: /home/sln/beginner_tutorials/install/turtlesim/include/turtlesim/turtlesim/srv/detail/teleport_absolute__struct.hpp
[18.644s] -- Up-to-date: /home/sln/beginner_tutorials/install/turtlesim/include/turtlesim/turtlesim/srv/detail/set_pen__traits.hpp
[18.644s] -- Up-to-date: /home/sln/beginner_tutorials/install/turtlesim/include/turtlesim/turtlesim/srv/detail/teleport_absolute__builder.hpp
[18.644s] -- Up-to-date: /home/sln/beginner_tutorials/install/turtlesim/include/turtlesim/turtlesim/srv/detail/teleport_absolute__traits.hpp
[18.644s] -- Up-to-date: /home/sln/beginner_tutorials/install/turtlesim/include/turtlesim/turtlesim/srv/teleport_absolute.hpp
[18.644s] -- Up-to-date: /home/sln/beginner_tutorials/install/turtlesim/include/turtlesim/turtlesim/srv/spawn.hpp
[18.644s] -- Up-to-date: /home/sln/beginner_tutorials/install/turtlesim/include/turtlesim/turtlesim/srv/teleport_relative.hpp
[18.645s] -- Up-to-date: /home/sln/beginner_tutorials/install/turtlesim/include/turtlesim/turtlesim
[18.645s] -- Up-to-date: /home/sln/beginner_tutorials/install/turtlesim/include/turtlesim/turtlesim/action
[18.645s] -- Up-to-date: /home/sln/beginner_tutorials/install/turtlesim/include/turtlesim/turtlesim/action/detail
[18.645s] -- Up-to-date: /home/sln/beginner_tutorials/install/turtlesim/include/turtlesim/turtlesim/action/detail/rotate_absolute__rosidl_typesupport_fastrtps_cpp.hpp
[18.645s] -- Up-to-date: /home/sln/beginner_tutorials/install/turtlesim/include/turtlesim/turtlesim/action/detail/dds_fastrtps
[18.645s] -- Up-to-date: /home/sln/beginner_tutorials/install/turtlesim/include/turtlesim/turtlesim/msg
[18.645s] -- Up-to-date: /home/sln/beginner_tutorials/install/turtlesim/include/turtlesim/turtlesim/msg/rosidl_typesupport_fastrtps_cpp__visibility_control.h
[18.645s] -- Up-to-date: /home/sln/beginner_tutorials/install/turtlesim/include/turtlesim/turtlesim/msg/detail
[18.645s] -- Up-to-date: /home/sln/beginner_tutorials/install/turtlesim/include/turtlesim/turtlesim/msg/detail/color__rosidl_typesupport_fastrtps_cpp.hpp
[18.646s] -- Up-to-date: /home/sln/beginner_tutorials/install/turtlesim/include/turtlesim/turtlesim/msg/detail/dds_fastrtps
[18.646s] -- Up-to-date: /home/sln/beginner_tutorials/install/turtlesim/include/turtlesim/turtlesim/msg/detail/pose__rosidl_typesupport_fastrtps_cpp.hpp
[18.646s] -- Up-to-date: /home/sln/beginner_tutorials/install/turtlesim/include/turtlesim/turtlesim/srv
[18.646s] -- Up-to-date: /home/sln/beginner_tutorials/install/turtlesim/include/turtlesim/turtlesim/srv/detail
[18.646s] -- Up-to-date: /home/sln/beginner_tutorials/install/turtlesim/include/turtlesim/turtlesim/srv/detail/teleport_absolute__rosidl_typesupport_fastrtps_cpp.hpp
[18.646s] -- Up-to-date: /home/sln/beginner_tutorials/install/turtlesim/include/turtlesim/turtlesim/srv/detail/set_pen__rosidl_typesupport_fastrtps_cpp.hpp
[18.646s] -- Up-to-date: /home/sln/beginner_tutorials/install/turtlesim/include/turtlesim/turtlesim/srv/detail/spawn__rosidl_typesupport_fastrtps_cpp.hpp
[18.646s] -- Up-to-date: /home/sln/beginner_tutorials/install/turtlesim/include/turtlesim/turtlesim/srv/detail/dds_fastrtps
[18.646s] -- Up-to-date: /home/sln/beginner_tutorials/install/turtlesim/include/turtlesim/turtlesim/srv/detail/teleport_relative__rosidl_typesupport_fastrtps_cpp.hpp
[18.646s] -- Up-to-date: /home/sln/beginner_tutorials/install/turtlesim/include/turtlesim/turtlesim/srv/detail/kill__rosidl_typesupport_fastrtps_cpp.hpp
[18.647s] -- Up-to-date: /home/sln/beginner_tutorials/install/turtlesim/lib/libturtlesim__rosidl_typesupport_fastrtps_cpp.so
[18.647s] -- Up-to-date: /home/sln/beginner_tutorials/install/turtlesim/include/turtlesim/turtlesim
[18.647s] -- Up-to-date: /home/sln/beginner_tutorials/install/turtlesim/include/turtlesim/turtlesim/action
[18.647s] -- Up-to-date: /home/sln/beginner_tutorials/install/turtlesim/include/turtlesim/turtlesim/action/detail
[18.647s] -- Up-to-date: /home/sln/beginner_tutorials/install/turtlesim/include/turtlesim/turtlesim/action/detail/rotate_absolute__rosidl_typesupport_introspection_c.h
[18.647s] -- Up-to-date: /home/sln/beginner_tutorials/install/turtlesim/include/turtlesim/turtlesim/action/detail/rotate_absolute__type_support.c
[18.647s] -- Up-to-date: /home/sln/beginner_tutorials/install/turtlesim/include/turtlesim/turtlesim/msg
[18.647s] -- Up-to-date: /home/sln/beginner_tutorials/install/turtlesim/include/turtlesim/turtlesim/msg/detail
[18.647s] -- Up-to-date: /home/sln/beginner_tutorials/install/turtlesim/include/turtlesim/turtlesim/msg/detail/pose__rosidl_typesupport_introspection_c.h
[18.647s] -- Up-to-date: /home/sln/beginner_tutorials/install/turtlesim/include/turtlesim/turtlesim/msg/detail/pose__type_support.c
[18.647s] -- Up-to-date: /home/sln/beginner_tutorials/install/turtlesim/include/turtlesim/turtlesim/msg/detail/color__type_support.c
[18.647s] -- Up-to-date: /home/sln/beginner_tutorials/install/turtlesim/include/turtlesim/turtlesim/msg/detail/color__rosidl_typesupport_introspection_c.h
[18.647s] -- Up-to-date: /home/sln/beginner_tutorials/install/turtlesim/include/turtlesim/turtlesim/msg/rosidl_typesupport_introspection_c__visibility_control.h
[18.647s] -- Up-to-date: /home/sln/beginner_tutorials/install/turtlesim/include/turtlesim/turtlesim/srv
[18.647s] -- Up-to-date: /home/sln/beginner_tutorials/install/turtlesim/include/turtlesim/turtlesim/srv/detail
[18.647s] -- Up-to-date: /home/sln/beginner_tutorials/install/turtlesim/include/turtlesim/turtlesim/srv/detail/teleport_absolute__type_support.c
[18.648s] -- Up-to-date: /home/sln/beginner_tutorials/install/turtlesim/include/turtlesim/turtlesim/srv/detail/teleport_relative__rosidl_typesupport_introspection_c.h
[18.648s] -- Up-to-date: /home/sln/beginner_tutorials/install/turtlesim/include/turtlesim/turtlesim/srv/detail/spawn__rosidl_typesupport_introspection_c.h
[18.648s] -- Up-to-date: /home/sln/beginner_tutorials/install/turtlesim/include/turtlesim/turtlesim/srv/detail/spawn__type_support.c
[18.648s] -- Up-to-date: /home/sln/beginner_tutorials/install/turtlesim/include/turtlesim/turtlesim/srv/detail/teleport_relative__type_support.c
[18.648s] -- Up-to-date: /home/sln/beginner_tutorials/install/turtlesim/include/turtlesim/turtlesim/srv/detail/set_pen__rosidl_typesupport_introspection_c.h
[18.648s] -- Up-to-date: /home/sln/beginner_tutorials/install/turtlesim/include/turtlesim/turtlesim/srv/detail/teleport_absolute__rosidl_typesupport_introspection_c.h
[18.648s] -- Up-to-date: /home/sln/beginner_tutorials/install/turtlesim/include/turtlesim/turtlesim/srv/detail/set_pen__type_support.c
[18.648s] -- Up-to-date: /home/sln/beginner_tutorials/install/turtlesim/include/turtlesim/turtlesim/srv/detail/kill__type_support.c
[18.648s] -- Up-to-date: /home/sln/beginner_tutorials/install/turtlesim/include/turtlesim/turtlesim/srv/detail/kill__rosidl_typesupport_introspection_c.h
[18.648s] -- Up-to-date: /home/sln/beginner_tutorials/install/turtlesim/lib/libturtlesim__rosidl_typesupport_introspection_c.so
[18.648s] -- Up-to-date: /home/sln/beginner_tutorials/install/turtlesim/lib/libturtlesim__rosidl_typesupport_c.so
[18.648s] -- Up-to-date: /home/sln/beginner_tutorials/install/turtlesim/include/turtlesim/turtlesim
[18.648s] -- Up-to-date: /home/sln/beginner_tutorials/install/turtlesim/include/turtlesim/turtlesim/action
[18.648s] -- Up-to-date: /home/sln/beginner_tutorials/install/turtlesim/include/turtlesim/turtlesim/action/detail
[18.648s] -- Up-to-date: /home/sln/beginner_tutorials/install/turtlesim/include/turtlesim/turtlesim/action/detail/rotate_absolute__type_support.cpp
[18.648s] -- Up-to-date: /home/sln/beginner_tutorials/install/turtlesim/include/turtlesim/turtlesim/action/detail/rotate_absolute__rosidl_typesupport_introspection_cpp.hpp
[18.648s] -- Up-to-date: /home/sln/beginner_tutorials/install/turtlesim/include/turtlesim/turtlesim/msg
[18.649s] -- Up-to-date: /home/sln/beginner_tutorials/install/turtlesim/include/turtlesim/turtlesim/msg/detail
[18.649s] -- Up-to-date: /home/sln/beginner_tutorials/install/turtlesim/include/turtlesim/turtlesim/msg/detail/color__rosidl_typesupport_introspection_cpp.hpp
[18.649s] -- Up-to-date: /home/sln/beginner_tutorials/install/turtlesim/include/turtlesim/turtlesim/msg/detail/pose__rosidl_typesupport_introspection_cpp.hpp
[18.649s] -- Up-to-date: /home/sln/beginner_tutorials/install/turtlesim/include/turtlesim/turtlesim/msg/detail/pose__type_support.cpp
[18.649s] -- Up-to-date: /home/sln/beginner_tutorials/install/turtlesim/include/turtlesim/turtlesim/msg/detail/color__type_support.cpp
[18.649s] -- Up-to-date: /home/sln/beginner_tutorials/install/turtlesim/include/turtlesim/turtlesim/srv
[18.649s] -- Up-to-date: /home/sln/beginner_tutorials/install/turtlesim/include/turtlesim/turtlesim/srv/detail
[18.649s] -- Up-to-date: /home/sln/beginner_tutorials/install/turtlesim/include/turtlesim/turtlesim/srv/detail/set_pen__type_support.cpp
[18.649s] -- Up-to-date: /home/sln/beginner_tutorials/install/turtlesim/include/turtlesim/turtlesim/srv/detail/set_pen__rosidl_typesupport_introspection_cpp.hpp
[18.649s] -- Up-to-date: /home/sln/beginner_tutorials/install/turtlesim/include/turtlesim/turtlesim/srv/detail/spawn__rosidl_typesupport_introspection_cpp.hpp
[18.649s] -- Up-to-date: /home/sln/beginner_tutorials/install/turtlesim/include/turtlesim/turtlesim/srv/detail/kill__rosidl_typesupport_introspection_cpp.hpp
[18.649s] -- Up-to-date: /home/sln/beginner_tutorials/install/turtlesim/include/turtlesim/turtlesim/srv/detail/teleport_absolute__rosidl_typesupport_introspection_cpp.hpp
[18.649s] -- Up-to-date: /home/sln/beginner_tutorials/install/turtlesim/include/turtlesim/turtlesim/srv/detail/teleport_absolute__type_support.cpp
[18.649s] -- Up-to-date: /home/sln/beginner_tutorials/install/turtlesim/include/turtlesim/turtlesim/srv/detail/teleport_relative__rosidl_typesupport_introspection_cpp.hpp
[18.649s] -- Up-to-date: /home/sln/beginner_tutorials/install/turtlesim/include/turtlesim/turtlesim/srv/detail/teleport_relative__type_support.cpp
[18.649s] -- Up-to-date: /home/sln/beginner_tutorials/install/turtlesim/include/turtlesim/turtlesim/srv/detail/kill__type_support.cpp
[18.649s] -- Up-to-date: /home/sln/beginner_tutorials/install/turtlesim/include/turtlesim/turtlesim/srv/detail/spawn__type_support.cpp
[18.650s] -- Up-to-date: /home/sln/beginner_tutorials/install/turtlesim/lib/libturtlesim__rosidl_typesupport_introspection_cpp.so
[18.650s] -- Up-to-date: /home/sln/beginner_tutorials/install/turtlesim/lib/libturtlesim__rosidl_typesupport_cpp.so
[18.650s] -- Up-to-date: /home/sln/beginner_tutorials/install/turtlesim/share/turtlesim/environment/pythonpath.sh
[18.650s] -- Up-to-date: /home/sln/beginner_tutorials/install/turtlesim/share/turtlesim/environment/pythonpath.dsv
[18.650s] -- Up-to-date: /home/sln/beginner_tutorials/install/turtlesim/lib/python3.8/site-packages/turtlesim-1.4.1-py3.8.egg-info
[18.650s] -- Installing: /home/sln/beginner_tutorials/install/turtlesim/lib/python3.8/site-packages/turtlesim-1.4.1-py3.8.egg-info/top_level.txt
[18.650s] -- Installing: /home/sln/beginner_tutorials/install/turtlesim/lib/python3.8/site-packages/turtlesim-1.4.1-py3.8.egg-info/dependency_links.txt
[18.650s] -- Installing: /home/sln/beginner_tutorials/install/turtlesim/lib/python3.8/site-packages/turtlesim-1.4.1-py3.8.egg-info/SOURCES.txt
[18.650s] -- Installing: /home/sln/beginner_tutorials/install/turtlesim/lib/python3.8/site-packages/turtlesim-1.4.1-py3.8.egg-info/PKG-INFO
[18.650s] -- Up-to-date: /home/sln/beginner_tutorials/install/turtlesim/lib/python3.8/site-packages/turtlesim
[18.650s] -- Up-to-date: /home/sln/beginner_tutorials/install/turtlesim/lib/python3.8/site-packages/turtlesim/turtlesim_s__rosidl_typesupport_introspection_c.cpython-38-x86_64-linux-gnu.so
[18.650s] -- Up-to-date: /home/sln/beginner_tutorials/install/turtlesim/lib/python3.8/site-packages/turtlesim/libturtlesim__rosidl_generator_py.so
[18.650s] -- Up-to-date: /home/sln/beginner_tutorials/install/turtlesim/lib/python3.8/site-packages/turtlesim/action
[18.650s] -- Up-to-date: /home/sln/beginner_tutorials/install/turtlesim/lib/python3.8/site-packages/turtlesim/action/_rotate_absolute.py
[18.650s] -- Up-to-date: /home/sln/beginner_tutorials/install/turtlesim/lib/python3.8/site-packages/turtlesim/action/__init__.py
[18.650s] -- Up-to-date: /home/sln/beginner_tutorials/install/turtlesim/lib/python3.8/site-packages/turtlesim/action/_rotate_absolute_s.c
[18.650s] -- Up-to-date: /home/sln/beginner_tutorials/install/turtlesim/lib/python3.8/site-packages/turtlesim/msg
[18.651s] -- Up-to-date: /home/sln/beginner_tutorials/install/turtlesim/lib/python3.8/site-packages/turtlesim/msg/_color_s.c
[18.651s] -- Up-to-date: /home/sln/beginner_tutorials/install/turtlesim/lib/python3.8/site-packages/turtlesim/msg/_pose.py
[18.651s] -- Up-to-date: /home/sln/beginner_tutorials/install/turtlesim/lib/python3.8/site-packages/turtlesim/msg/_color.py
[18.651s] -- Up-to-date: /home/sln/beginner_tutorials/install/turtlesim/lib/python3.8/site-packages/turtlesim/msg/__init__.py
[18.651s] -- Up-to-date: /home/sln/beginner_tutorials/install/turtlesim/lib/python3.8/site-packages/turtlesim/msg/_pose_s.c
[18.651s] -- Up-to-date: /home/sln/beginner_tutorials/install/turtlesim/lib/python3.8/site-packages/turtlesim/turtlesim_s__rosidl_typesupport_c.cpython-38-x86_64-linux-gnu.so
[18.651s] -- Up-to-date: /home/sln/beginner_tutorials/install/turtlesim/lib/python3.8/site-packages/turtlesim/srv
[18.651s] -- Up-to-date: /home/sln/beginner_tutorials/install/turtlesim/lib/python3.8/site-packages/turtlesim/srv/_teleport_relative.py
[18.651s] -- Up-to-date: /home/sln/beginner_tutorials/install/turtlesim/lib/python3.8/site-packages/turtlesim/srv/_teleport_relative_s.c
[18.651s] -- Up-to-date: /home/sln/beginner_tutorials/install/turtlesim/lib/python3.8/site-packages/turtlesim/srv/_teleport_absolute_s.c
[18.651s] -- Up-to-date: /home/sln/beginner_tutorials/install/turtlesim/lib/python3.8/site-packages/turtlesim/srv/_kill_s.c
[18.651s] -- Up-to-date: /home/sln/beginner_tutorials/install/turtlesim/lib/python3.8/site-packages/turtlesim/srv/_kill.py
[18.651s] -- Up-to-date: /home/sln/beginner_tutorials/install/turtlesim/lib/python3.8/site-packages/turtlesim/srv/_set_pen.py
[18.651s] -- Up-to-date: /home/sln/beginner_tutorials/install/turtlesim/lib/python3.8/site-packages/turtlesim/srv/__init__.py
[18.651s] -- Up-to-date: /home/sln/beginner_tutorials/install/turtlesim/lib/python3.8/site-packages/turtlesim/srv/_teleport_absolute.py
[18.651s] -- Up-to-date: /home/sln/beginner_tutorials/install/turtlesim/lib/python3.8/site-packages/turtlesim/srv/_set_pen_s.c
[18.651s] -- Up-to-date: /home/sln/beginner_tutorials/install/turtlesim/lib/python3.8/site-packages/turtlesim/srv/_spawn_s.c
[18.652s] -- Up-to-date: /home/sln/beginner_tutorials/install/turtlesim/lib/python3.8/site-packages/turtlesim/srv/_spawn.py
[18.652s] -- Up-to-date: /home/sln/beginner_tutorials/install/turtlesim/lib/python3.8/site-packages/turtlesim/_turtlesim_s.ep.rosidl_typesupport_introspection_c.c
[18.652s] -- Up-to-date: /home/sln/beginner_tutorials/install/turtlesim/lib/python3.8/site-packages/turtlesim/turtlesim_s__rosidl_typesupport_fastrtps_c.cpython-38-x86_64-linux-gnu.so
[18.652s] -- Up-to-date: /home/sln/beginner_tutorials/install/turtlesim/lib/python3.8/site-packages/turtlesim/__init__.py
[18.652s] -- Up-to-date: /home/sln/beginner_tutorials/install/turtlesim/lib/python3.8/site-packages/turtlesim/_turtlesim_s.ep.rosidl_typesupport_fastrtps_c.c
[18.652s] -- Up-to-date: /home/sln/beginner_tutorials/install/turtlesim/lib/python3.8/site-packages/turtlesim/_turtlesim_s.ep.rosidl_typesupport_c.c
[19.125s] Listing '/home/sln/beginner_tutorials/install/turtlesim/lib/python3.8/site-packages/turtlesim'...
[19.125s] Listing '/home/sln/beginner_tutorials/install/turtlesim/lib/python3.8/site-packages/turtlesim/action'...
[19.125s] Listing '/home/sln/beginner_tutorials/install/turtlesim/lib/python3.8/site-packages/turtlesim/msg'...
[19.125s] Listing '/home/sln/beginner_tutorials/install/turtlesim/lib/python3.8/site-packages/turtlesim/srv'...
[19.130s] -- Up-to-date: /home/sln/beginner_tutorials/install/turtlesim/lib/python3.8/site-packages/turtlesim/turtlesim_s__rosidl_typesupport_introspection_c.cpython-38-x86_64-linux-gnu.so
[19.130s] -- Up-to-date: /home/sln/beginner_tutorials/install/turtlesim/lib/python3.8/site-packages/turtlesim/turtlesim_s__rosidl_typesupport_fastrtps_c.cpython-38-x86_64-linux-gnu.so
[19.131s] -- Up-to-date: /home/sln/beginner_tutorials/install/turtlesim/lib/python3.8/site-packages/turtlesim/turtlesim_s__rosidl_typesupport_c.cpython-38-x86_64-linux-gnu.so
[19.132s] -- Up-to-date: /home/sln/beginner_tutorials/install/turtlesim/lib/libturtlesim__rosidl_generator_py.so
[19.133s] -- Up-to-date: /home/sln/beginner_tutorials/install/turtlesim/share/turtlesim/action/RotateAbsolute.idl
[19.133s] -- Up-to-date: /home/sln/beginner_tutorials/install/turtlesim/share/turtlesim/msg/Color.idl
[19.133s] -- Up-to-date: /home/sln/beginner_tutorials/install/turtlesim/share/turtlesim/msg/Pose.idl
[19.133s] -- Up-to-date: /home/sln/beginner_tutorials/install/turtlesim/share/turtlesim/srv/Kill.idl
[19.133s] -- Up-to-date: /home/sln/beginner_tutorials/install/turtlesim/share/turtlesim/srv/SetPen.idl
[19.133s] -- Up-to-date: /home/sln/beginner_tutorials/install/turtlesim/share/turtlesim/srv/Spawn.idl
[19.133s] -- Up-to-date: /home/sln/beginner_tutorials/install/turtlesim/share/turtlesim/srv/TeleportAbsolute.idl
[19.134s] -- Up-to-date: /home/sln/beginner_tutorials/install/turtlesim/share/turtlesim/srv/TeleportRelative.idl
[19.134s] -- Up-to-date: /home/sln/beginner_tutorials/install/turtlesim/share/turtlesim/action/RotateAbsolute.action
[19.134s] -- Up-to-date: /home/sln/beginner_tutorials/install/turtlesim/share/turtlesim/msg/Color.msg
[19.134s] -- Up-to-date: /home/sln/beginner_tutorials/install/turtlesim/share/turtlesim/msg/Pose.msg
[19.134s] -- Up-to-date: /home/sln/beginner_tutorials/install/turtlesim/share/turtlesim/srv/Kill.srv
[19.134s] -- Up-to-date: /home/sln/beginner_tutorials/install/turtlesim/share/turtlesim/srv/Kill_Request.msg
[19.134s] -- Up-to-date: /home/sln/beginner_tutorials/install/turtlesim/share/turtlesim/srv/Kill_Response.msg
[19.134s] -- Up-to-date: /home/sln/beginner_tutorials/install/turtlesim/share/turtlesim/srv/SetPen.srv
[19.134s] -- Up-to-date: /home/sln/beginner_tutorials/install/turtlesim/share/turtlesim/srv/SetPen_Request.msg
[19.134s] -- Up-to-date: /home/sln/beginner_tutorials/install/turtlesim/share/turtlesim/srv/SetPen_Response.msg
[19.134s] -- Up-to-date: /home/sln/beginner_tutorials/install/turtlesim/share/turtlesim/srv/Spawn.srv
[19.134s] -- Up-to-date: /home/sln/beginner_tutorials/install/turtlesim/share/turtlesim/srv/Spawn_Request.msg
[19.134s] -- Up-to-date: /home/sln/beginner_tutorials/install/turtlesim/share/turtlesim/srv/Spawn_Response.msg
[19.134s] -- Up-to-date: /home/sln/beginner_tutorials/install/turtlesim/share/turtlesim/srv/TeleportAbsolute.srv
[19.134s] -- Up-to-date: /home/sln/beginner_tutorials/install/turtlesim/share/turtlesim/srv/TeleportAbsolute_Request.msg
[19.135s] -- Up-to-date: /home/sln/beginner_tutorials/install/turtlesim/share/turtlesim/srv/TeleportAbsolute_Response.msg
[19.135s] -- Up-to-date: /home/sln/beginner_tutorials/install/turtlesim/share/turtlesim/srv/TeleportRelative.srv
[19.135s] -- Up-to-date: /home/sln/beginner_tutorials/install/turtlesim/share/turtlesim/srv/TeleportRelative_Request.msg
[19.135s] -- Up-to-date: /home/sln/beginner_tutorials/install/turtlesim/share/turtlesim/srv/TeleportRelative_Response.msg
[19.135s] -- Installing: /home/sln/beginner_tutorials/install/turtlesim/lib/turtlesim/turtlesim_node
[19.144s] -- Set runtime path of "/home/sln/beginner_tutorials/install/turtlesim/lib/turtlesim/turtlesim_node" to ""
[19.144s] -- Up-to-date: /home/sln/beginner_tutorials/install/turtlesim/lib/turtlesim/turtle_teleop_key
[19.145s] -- Up-to-date: /home/sln/beginner_tutorials/install/turtlesim/lib/turtlesim/draw_square
[19.145s] -- Up-to-date: /home/sln/beginner_tutorials/install/turtlesim/lib/turtlesim/mimic
[19.146s] -- Up-to-date: /home/sln/beginner_tutorials/install/turtlesim/share/turtlesim/images
[19.146s] -- Up-to-date: /home/sln/beginner_tutorials/install/turtlesim/share/turtlesim/images/bouncy.png
[19.146s] -- Up-to-date: /home/sln/beginner_tutorials/install/turtlesim/share/turtlesim/images/humble.png
[19.146s] -- Up-to-date: /home/sln/beginner_tutorials/install/turtlesim/share/turtlesim/images/dashing.png
[19.146s] -- Up-to-date: /home/sln/beginner_tutorials/install/turtlesim/share/turtlesim/images/galactic.png
[19.146s] -- Up-to-date: /home/sln/beginner_tutorials/install/turtlesim/share/turtlesim/images/ardent.png
[19.147s] -- Up-to-date: /home/sln/beginner_tutorials/install/turtlesim/share/turtlesim/images/rolling.png
[19.147s] -- Up-to-date: /home/sln/beginner_tutorials/install/turtlesim/share/turtlesim/images/eloquent.png
[19.147s] -- Up-to-date: /home/sln/beginner_tutorials/install/turtlesim/share/turtlesim/images/crystal.png
[19.147s] -- Up-to-date: /home/sln/beginner_tutorials/install/turtlesim/share/turtlesim/images/foxy.png
[19.147s] -- Up-to-date: /home/sln/beginner_tutorials/install/turtlesim/share/turtlesim/launch
[19.147s] -- Up-to-date: /home/sln/beginner_tutorials/install/turtlesim/share/turtlesim/launch/multisim.launch.py
[19.147s] -- Up-to-date: /home/sln/beginner_tutorials/install/turtlesim/share/ament_index/resource_index/package_run_dependencies/turtlesim
[19.147s] -- Up-to-date: /home/sln/beginner_tutorials/install/turtlesim/share/ament_index/resource_index/parent_prefix_path/turtlesim
[19.148s] -- Up-to-date: /home/sln/beginner_tutorials/install/turtlesim/share/turtlesim/environment/ament_prefix_path.dsv
[19.148s] -- Up-to-date: /home/sln/beginner_tutorials/install/turtlesim/share/turtlesim/environment/path.dsv
[19.148s] -- Up-to-date: /home/sln/beginner_tutorials/install/turtlesim/share/turtlesim/local_setup.bash
[19.148s] -- Up-to-date: /home/sln/beginner_tutorials/install/turtlesim/share/turtlesim/local_setup.sh
[19.148s] -- Up-to-date: /home/sln/beginner_tutorials/install/turtlesim/share/turtlesim/local_setup.zsh
[19.148s] -- Up-to-date: /home/sln/beginner_tutorials/install/turtlesim/share/turtlesim/local_setup.dsv
[19.148s] -- Installing: /home/sln/beginner_tutorials/install/turtlesim/share/turtlesim/package.dsv
[19.148s] -- Up-to-date: /home/sln/beginner_tutorials/install/turtlesim/share/ament_index/resource_index/packages/turtlesim
[19.149s] -- Up-to-date: /home/sln/beginner_tutorials/install/turtlesim/share/turtlesim/cmake/export_turtlesim__rosidl_generator_cExport.cmake
[19.149s] -- Up-to-date: /home/sln/beginner_tutorials/install/turtlesim/share/turtlesim/cmake/export_turtlesim__rosidl_generator_cExport-noconfig.cmake
[19.149s] -- Up-to-date: /home/sln/beginner_tutorials/install/turtlesim/share/turtlesim/cmake/export_turtlesim__rosidl_typesupport_fastrtps_cExport.cmake
[19.149s] -- Up-to-date: /home/sln/beginner_tutorials/install/turtlesim/share/turtlesim/cmake/export_turtlesim__rosidl_typesupport_fastrtps_cExport-noconfig.cmake
[19.149s] -- Up-to-date: /home/sln/beginner_tutorials/install/turtlesim/share/turtlesim/cmake/export_turtlesim__rosidl_generator_cppExport.cmake
[19.149s] -- Up-to-date: /home/sln/beginner_tutorials/install/turtlesim/share/turtlesim/cmake/export_turtlesim__rosidl_typesupport_fastrtps_cppExport.cmake
[19.149s] -- Up-to-date: /home/sln/beginner_tutorials/install/turtlesim/share/turtlesim/cmake/export_turtlesim__rosidl_typesupport_fastrtps_cppExport-noconfig.cmake
[19.149s] -- Up-to-date: /home/sln/beginner_tutorials/install/turtlesim/share/turtlesim/cmake/turtlesim__rosidl_typesupport_introspection_cExport.cmake
[19.149s] -- Up-to-date: /home/sln/beginner_tutorials/install/turtlesim/share/turtlesim/cmake/turtlesim__rosidl_typesupport_introspection_cExport-noconfig.cmake
[19.149s] -- Up-to-date: /home/sln/beginner_tutorials/install/turtlesim/share/turtlesim/cmake/turtlesim__rosidl_typesupport_cExport.cmake
[19.149s] -- Up-to-date: /home/sln/beginner_tutorials/install/turtlesim/share/turtlesim/cmake/turtlesim__rosidl_typesupport_cExport-noconfig.cmake
[19.149s] -- Up-to-date: /home/sln/beginner_tutorials/install/turtlesim/share/turtlesim/cmake/turtlesim__rosidl_typesupport_introspection_cppExport.cmake
[19.150s] -- Up-to-date: /home/sln/beginner_tutorials/install/turtlesim/share/turtlesim/cmake/turtlesim__rosidl_typesupport_introspection_cppExport-noconfig.cmake
[19.150s] -- Up-to-date: /home/sln/beginner_tutorials/install/turtlesim/share/turtlesim/cmake/turtlesim__rosidl_typesupport_cppExport.cmake
[19.150s] -- Up-to-date: /home/sln/beginner_tutorials/install/turtlesim/share/turtlesim/cmake/turtlesim__rosidl_typesupport_cppExport-noconfig.cmake
[19.150s] -- Up-to-date: /home/sln/beginner_tutorials/install/turtlesim/share/turtlesim/cmake/export_turtlesim__rosidl_generator_pyExport.cmake
[19.150s] -- Up-to-date: /home/sln/beginner_tutorials/install/turtlesim/share/turtlesim/cmake/export_turtlesim__rosidl_generator_pyExport-noconfig.cmake
[19.150s] -- Up-to-date: /home/sln/beginner_tutorials/install/turtlesim/share/turtlesim/cmake/rosidl_cmake-extras.cmake
[19.150s] -- Up-to-date: /home/sln/beginner_tutorials/install/turtlesim/share/turtlesim/cmake/ament_cmake_export_dependencies-extras.cmake
[19.150s] -- Up-to-date: /home/sln/beginner_tutorials/install/turtlesim/share/turtlesim/cmake/ament_cmake_export_include_directories-extras.cmake
[19.150s] -- Up-to-date: /home/sln/beginner_tutorials/install/turtlesim/share/turtlesim/cmake/ament_cmake_export_libraries-extras.cmake
[19.150s] -- Up-to-date: /home/sln/beginner_tutorials/install/turtlesim/share/turtlesim/cmake/ament_cmake_export_targets-extras.cmake
[19.150s] -- Up-to-date: /home/sln/beginner_tutorials/install/turtlesim/share/turtlesim/cmake/rosidl_cmake_export_typesupport_targets-extras.cmake
[19.150s] -- Up-to-date: /home/sln/beginner_tutorials/install/turtlesim/share/turtlesim/cmake/rosidl_cmake_export_typesupport_libraries-extras.cmake
[19.150s] -- Up-to-date: /home/sln/beginner_tutorials/install/turtlesim/share/turtlesim/cmake/turtlesimConfig.cmake
[19.150s] -- Up-to-date: /home/sln/beginner_tutorials/install/turtlesim/share/turtlesim/cmake/turtlesimConfig-version.cmake
[19.150s] -- Up-to-date: /home/sln/beginner_tutorials/install/turtlesim/share/turtlesim/package.xml
[19.156s] Invoked command in '/home/sln/beginner_tutorials/build/turtlesim' returned '0': CMAKE_PREFIX_PATH=${CMAKE_PREFIX_PATH}:/home/sln/ros2_humble/install/rqt_bag_plugins:/home/sln/ros2_humble/install/rqt_bag:/home/sln/ros2_humble/install/ros2bag:/home/sln/ros2_humble/install/tracetools_test:/home/sln/ros2_humble/install/tracetools_launch:/home/sln/ros2_humble/install/topic_monitor:/home/sln/ros2_humble/install/tf2_tools:/home/sln/ros2_humble/install/examples_tf2_py:/home/sln/ros2_humble/install/tf2_ros_py:/home/sln/ros2_humble/install/sros2:/home/sln/ros2_humble/install/rqt_topic:/home/sln/ros2_humble/install/rqt_srv:/home/sln/ros2_humble/install/rqt_shell:/home/sln/ros2_humble/install/rqt_service_caller:/home/sln/ros2_humble/install/rqt_reconfigure:/home/sln/ros2_humble/install/rqt_py_console:/home/sln/ros2_humble/install/rqt_publisher:/home/sln/ros2_humble/install/rqt_plot:/home/sln/ros2_humble/install/rqt_action:/home/sln/ros2_humble/install/rqt_msg:/home/sln/ros2_humble/install/rqt_console:/home/sln/ros2_humble/install/rqt:/home/sln/ros2_humble/install/rqt_graph:/home/sln/ros2_humble/install/rqt_gui_py:/home/sln/ros2_humble/install/rqt_gui:/home/sln/ros2_humble/install/ros2trace:/home/sln/ros2_humble/install/ros2topic:/home/sln/ros2_humble/install/ros2test:/home/sln/ros2_humble/install/ros2component:/home/sln/ros2_humble/install/ros2param:/home/sln/ros2_humble/install/ros2lifecycle:/home/sln/ros2_humble/install/ros2service:/home/sln/ros2_humble/install/ros2run:/home/sln/ros2_humble/install/ros2launch:/home/sln/ros2_humble/install/ros2pkg:/home/sln/ros2_humble/install/ros2node:/home/sln/ros2_humble/install/ros2multicast:/home/sln/ros2_humble/install/ros2interface:/home/sln/ros2_humble/install/ros2doctor:/home/sln/ros2_humble/install/ros2action:/home/sln/ros2_humble/install/ros2cli:/home/sln/ros2_humble/install/quality_of_service_demo_py:/home/sln/ros2_humble/install/lifecycle_py:/home/sln/ros2_humble/install/launch_testing_ros:/home/sln/ros2_humble/install/launch_ros:/home/sln/ros2_humble/install/examples_rclpy_pointcloud_publisher:/home/sln/ros2_humble/install/examples_rclpy_minimal_subscriber:/home/sln/ros2_humble/install/examples_rclpy_minimal_service:/home/sln/ros2_humble/install/examples_rclpy_minimal_publisher:/home/sln/ros2_humble/install/examples_rclpy_minimal_client:/home/sln/ros2_humble/install/examples_rclpy_minimal_action_server:/home/sln/ros2_humble/install/examples_rclpy_minimal_action_client:/home/sln/ros2_humble/install/examples_rclpy_guard_conditions:/home/sln/ros2_humble/install/examples_rclpy_executors:/home/sln/ros2_humble/install/demo_nodes_py:/home/sln/ros2_humble/install/action_tutorials_py:/home/sln/ros2_humble/install/ament_uncrustify:/home/sln/ros2_humble/install/tracetools_trace:/home/sln/ros2_humble/install/tracetools_read:/home/sln/ros2_humble/install/test_tracetools_launch:/home/sln/ros2_humble/install/test_launch_ros:/home/sln/ros2_humble/install/sensor_msgs_py:/home/sln/ros2_humble/install/rpyutils:/home/sln/ros2_humble/install/rosidl_runtime_py:/home/sln/ros2_humble/install/rosidl_cli:/home/sln/ros2_humble/install/launch_pytest:/home/sln/ros2_humble/install/launch_testing:/home/sln/ros2_humble/install/launch_yaml:/home/sln/ros2_humble/install/launch_xml:/home/sln/ros2_humble/install/launch:/home/sln/ros2_humble/install/osrf_pycommon:/home/sln/ros2_humble/install/launch_testing_examples:/home/sln/ros2_humble/install/domain_coordinator:/home/sln/ros2_humble/install/ament_xmllint:/home/sln/ros2_humble/install/ament_pyflakes:/home/sln/ros2_humble/install/ament_pycodestyle:/home/sln/ros2_humble/install/ament_pep257:/home/sln/ros2_humble/install/ament_pclint:/home/sln/ros2_humble/install/ament_package:/home/sln/ros2_humble/install/ament_mypy:/home/sln/ros2_humble/install/ament_lint_cmake:/home/sln/ros2_humble/install/ament_flake8:/home/sln/ros2_humble/install/ament_copyright:/home/sln/ros2_humble/install/ament_lint:/home/sln/ros2_humble/install/ament_index_python:/home/sln/ros2_humble/install/ament_cpplint:/home/sln/ros2_humble/install/ament_cppcheck:/home/sln/ros2_humble/install/ament_clang_tidy:/home/sln/ros2_humble/install/ament_clang_format /usr/bin/cmake --install /home/sln/beginner_tutorials/build/turtlesim
