[3.833s] Invoking command in '/home/sln/beginner_tutorials/build/examples_rclpy_minimal_service': PYTHONPATH=/home/sln/beginner_tutorials/install/examples_rclpy_minimal_service/lib/python3.8/site-packages:${PYTHONPATH} /usr/bin/python3 setup.py develop --prefix /home/sln/beginner_tutorials/install/examples_rclpy_minimal_service --editable --build-directory /home/sln/beginner_tutorials/build/examples_rclpy_minimal_service/build --no-deps install_data --install-dir /home/sln/beginner_tutorials/install/examples_rclpy_minimal_service
[5.654s] running develop
[5.946s] running egg_info
[5.946s] creating examples_rclpy_minimal_service.egg-info
[5.947s] writing examples_rclpy_minimal_service.egg-info/PKG-INFO
[5.947s] writing dependency_links to examples_rclpy_minimal_service.egg-info/dependency_links.txt
[5.948s] writing entry points to examples_rclpy_minimal_service.egg-info/entry_points.txt
[5.948s] writing requirements to examples_rclpy_minimal_service.egg-info/requires.txt
[5.949s] writing top-level names to examples_rclpy_minimal_service.egg-info/top_level.txt
[5.949s] writing manifest file 'examples_rclpy_minimal_service.egg-info/SOURCES.txt'
[6.020s] reading manifest file 'examples_rclpy_minimal_service.egg-info/SOURCES.txt'
[6.021s] writing manifest file 'examples_rclpy_minimal_service.egg-info/SOURCES.txt'
[6.031s] running build_ext
[6.032s] Creating /home/sln/beginner_tutorials/install/examples_rclpy_minimal_service/lib/python3.8/site-packages/site.py
[6.039s] Creating /home/sln/beginner_tutorials/install/examples_rclpy_minimal_service/lib/python3.8/site-packages/examples-rclpy-minimal-service.egg-link (link to .)
[6.040s] Installing service script to /home/sln/beginner_tutorials/install/examples_rclpy_minimal_service/lib/examples_rclpy_minimal_service
[6.041s] Installing service_member_function script to /home/sln/beginner_tutorials/install/examples_rclpy_minimal_service/lib/examples_rclpy_minimal_service
[6.041s] 
[6.042s] Installed /home/sln/beginner_tutorials/build/examples_rclpy_minimal_service
[6.042s] running install_data
[6.042s] creating /home/sln/beginner_tutorials/install/examples_rclpy_minimal_service/share/ament_index
[6.043s] creating /home/sln/beginner_tutorials/install/examples_rclpy_minimal_service/share/ament_index/resource_index
[6.043s] creating /home/sln/beginner_tutorials/install/examples_rclpy_minimal_service/share/ament_index/resource_index/packages
[6.043s] copying resource/examples_rclpy_minimal_service -> /home/sln/beginner_tutorials/install/examples_rclpy_minimal_service/share/ament_index/resource_index/packages
[6.044s] copying package.xml -> /home/sln/beginner_tutorials/install/examples_rclpy_minimal_service/share/examples_rclpy_minimal_service
[7.384s] Invoked command in '/home/sln/beginner_tutorials/build/examples_rclpy_minimal_service' returned '0': PYTHONPATH=/home/sln/beginner_tutorials/install/examples_rclpy_minimal_service/lib/python3.8/site-packages:${PYTHONPATH} /usr/bin/python3 setup.py develop --prefix /home/sln/beginner_tutorials/install/examples_rclpy_minimal_service --editable --build-directory /home/sln/beginner_tutorials/build/examples_rclpy_minimal_service/build --no-deps install_data --install-dir /home/sln/beginner_tutorials/install/examples_rclpy_minimal_service
