running develop
running egg_info
creating examples_rclpy_minimal_action_server.egg-info
writing examples_rclpy_minimal_action_server.egg-info/PKG-INFO
writing dependency_links to examples_rclpy_minimal_action_server.egg-info/dependency_links.txt
writing entry points to examples_rclpy_minimal_action_server.egg-info/entry_points.txt
writing requirements to examples_rclpy_minimal_action_server.egg-info/requires.txt
writing top-level names to examples_rclpy_minimal_action_server.egg-info/top_level.txt
writing manifest file 'examples_rclpy_minimal_action_server.egg-info/SOURCES.txt'
reading manifest file 'examples_rclpy_minimal_action_server.egg-info/SOURCES.txt'
writing manifest file 'examples_rclpy_minimal_action_server.egg-info/SOURCES.txt'
running build_ext
Creating /home/sln/beginner_tutorials/install/examples_rclpy_minimal_action_server/lib/python3.8/site-packages/site.py
Creating /home/sln/beginner_tutorials/install/examples_rclpy_minimal_action_server/lib/python3.8/site-packages/examples-rclpy-minimal-action-server.egg-link (link to .)
Installing server script to /home/sln/beginner_tutorials/install/examples_rclpy_minimal_action_server/lib/examples_rclpy_minimal_action_server
Installing server_defer script to /home/sln/beginner_tutorials/install/examples_rclpy_minimal_action_server/lib/examples_rclpy_minimal_action_server
Installing server_not_composable script to /home/sln/beginner_tutorials/install/examples_rclpy_minimal_action_server/lib/examples_rclpy_minimal_action_server
Installing server_queue_goals script to /home/sln/beginner_tutorials/install/examples_rclpy_minimal_action_server/lib/examples_rclpy_minimal_action_server
Installing server_single_goal script to /home/sln/beginner_tutorials/install/examples_rclpy_minimal_action_server/lib/examples_rclpy_minimal_action_server

Installed /home/sln/beginner_tutorials/build/examples_rclpy_minimal_action_server
running install_data
creating /home/sln/beginner_tutorials/install/examples_rclpy_minimal_action_server/share/ament_index
creating /home/sln/beginner_tutorials/install/examples_rclpy_minimal_action_server/share/ament_index/resource_index
creating /home/sln/beginner_tutorials/install/examples_rclpy_minimal_action_server/share/ament_index/resource_index/packages
copying resource/examples_rclpy_minimal_action_server -> /home/sln/beginner_tutorials/install/examples_rclpy_minimal_action_server/share/ament_index/resource_index/packages
copying package.xml -> /home/sln/beginner_tutorials/install/examples_rclpy_minimal_action_server/share/examples_rclpy_minimal_action_server
