[5.313s] Invoking command in '/home/sln/beginner_tutorials/build/examples_rclpy_minimal_action_server': PYTHONPATH=/home/sln/beginner_tutorials/install/examples_rclpy_minimal_action_server/lib/python3.8/site-packages:${PYTHONPATH} /usr/bin/python3 setup.py develop --prefix /home/sln/beginner_tutorials/install/examples_rclpy_minimal_action_server --editable --build-directory /home/sln/beginner_tutorials/build/examples_rclpy_minimal_action_server/build --no-deps install_data --install-dir /home/sln/beginner_tutorials/install/examples_rclpy_minimal_action_server
[7.095s] running develop
[7.096s] running egg_info
[7.096s] creating examples_rclpy_minimal_action_server.egg-info
[7.096s] writing examples_rclpy_minimal_action_server.egg-info/PKG-INFO
[7.097s] writing dependency_links to examples_rclpy_minimal_action_server.egg-info/dependency_links.txt
[7.100s] writing entry points to examples_rclpy_minimal_action_server.egg-info/entry_points.txt
[7.100s] writing requirements to examples_rclpy_minimal_action_server.egg-info/requires.txt
[7.100s] writing top-level names to examples_rclpy_minimal_action_server.egg-info/top_level.txt
[7.101s] writing manifest file 'examples_rclpy_minimal_action_server.egg-info/SOURCES.txt'
[7.101s] reading manifest file 'examples_rclpy_minimal_action_server.egg-info/SOURCES.txt'
[7.102s] writing manifest file 'examples_rclpy_minimal_action_server.egg-info/SOURCES.txt'
[7.102s] running build_ext
[7.103s] Creating /home/sln/beginner_tutorials/install/examples_rclpy_minimal_action_server/lib/python3.8/site-packages/site.py
[7.104s] Creating /home/sln/beginner_tutorials/install/examples_rclpy_minimal_action_server/lib/python3.8/site-packages/examples-rclpy-minimal-action-server.egg-link (link to .)
[7.107s] Installing server script to /home/sln/beginner_tutorials/install/examples_rclpy_minimal_action_server/lib/examples_rclpy_minimal_action_server
[7.107s] Installing server_defer script to /home/sln/beginner_tutorials/install/examples_rclpy_minimal_action_server/lib/examples_rclpy_minimal_action_server
[7.108s] Installing server_not_composable script to /home/sln/beginner_tutorials/install/examples_rclpy_minimal_action_server/lib/examples_rclpy_minimal_action_server
[7.109s] Installing server_queue_goals script to /home/sln/beginner_tutorials/install/examples_rclpy_minimal_action_server/lib/examples_rclpy_minimal_action_server
[7.109s] Installing server_single_goal script to /home/sln/beginner_tutorials/install/examples_rclpy_minimal_action_server/lib/examples_rclpy_minimal_action_server
[7.110s] 
[7.110s] Installed /home/sln/beginner_tutorials/build/examples_rclpy_minimal_action_server
[7.110s] running install_data
[7.110s] creating /home/sln/beginner_tutorials/install/examples_rclpy_minimal_action_server/share/ament_index
[7.110s] creating /home/sln/beginner_tutorials/install/examples_rclpy_minimal_action_server/share/ament_index/resource_index
[7.111s] creating /home/sln/beginner_tutorials/install/examples_rclpy_minimal_action_server/share/ament_index/resource_index/packages
[7.111s] copying resource/examples_rclpy_minimal_action_server -> /home/sln/beginner_tutorials/install/examples_rclpy_minimal_action_server/share/ament_index/resource_index/packages
[7.111s] copying package.xml -> /home/sln/beginner_tutorials/install/examples_rclpy_minimal_action_server/share/examples_rclpy_minimal_action_server
[7.133s] Invoked command in '/home/sln/beginner_tutorials/build/examples_rclpy_minimal_action_server' returned '0': PYTHONPATH=/home/sln/beginner_tutorials/install/examples_rclpy_minimal_action_server/lib/python3.8/site-packages:${PYTHONPATH} /usr/bin/python3 setup.py develop --prefix /home/sln/beginner_tutorials/install/examples_rclpy_minimal_action_server --editable --build-directory /home/sln/beginner_tutorials/build/examples_rclpy_minimal_action_server/build --no-deps install_data --install-dir /home/sln/beginner_tutorials/install/examples_rclpy_minimal_action_server
