[5.226s] Invoking command in '/home/sln/beginner_tutorials/build/examples_rclpy_minimal_client': PYTHONPATH=/home/sln/beginner_tutorials/install/examples_rclpy_minimal_client/lib/python3.8/site-packages:${PYTHONPATH} /usr/bin/python3 setup.py develop --prefix /home/sln/beginner_tutorials/install/examples_rclpy_minimal_client --editable --build-directory /home/sln/beginner_tutorials/build/examples_rclpy_minimal_client/build --no-deps install_data --install-dir /home/sln/beginner_tutorials/install/examples_rclpy_minimal_client
[6.828s] running develop
[7.282s] running egg_info
[7.282s] creating examples_rclpy_minimal_client.egg-info
[7.282s] writing examples_rclpy_minimal_client.egg-info/PKG-INFO
[7.283s] writing dependency_links to examples_rclpy_minimal_client.egg-info/dependency_links.txt
[7.283s] writing entry points to examples_rclpy_minimal_client.egg-info/entry_points.txt
[7.283s] writing requirements to examples_rclpy_minimal_client.egg-info/requires.txt
[7.284s] writing top-level names to examples_rclpy_minimal_client.egg-info/top_level.txt
[7.284s] writing manifest file 'examples_rclpy_minimal_client.egg-info/SOURCES.txt'
[7.351s] reading manifest file 'examples_rclpy_minimal_client.egg-info/SOURCES.txt'
[7.353s] writing manifest file 'examples_rclpy_minimal_client.egg-info/SOURCES.txt'
[7.362s] running build_ext
[7.363s] Creating /home/sln/beginner_tutorials/install/examples_rclpy_minimal_client/lib/python3.8/site-packages/site.py
[7.370s] Creating /home/sln/beginner_tutorials/install/examples_rclpy_minimal_client/lib/python3.8/site-packages/examples-rclpy-minimal-client.egg-link (link to .)
[7.372s] Installing client script to /home/sln/beginner_tutorials/install/examples_rclpy_minimal_client/lib/examples_rclpy_minimal_client
[7.372s] Installing client_async script to /home/sln/beginner_tutorials/install/examples_rclpy_minimal_client/lib/examples_rclpy_minimal_client
[7.373s] Installing client_async_callback script to /home/sln/beginner_tutorials/install/examples_rclpy_minimal_client/lib/examples_rclpy_minimal_client
[7.373s] Installing client_async_member_function script to /home/sln/beginner_tutorials/install/examples_rclpy_minimal_client/lib/examples_rclpy_minimal_client
[7.374s] 
[7.374s] Installed /home/sln/beginner_tutorials/build/examples_rclpy_minimal_client
[7.374s] running install_data
[7.375s] creating /home/sln/beginner_tutorials/install/examples_rclpy_minimal_client/share/ament_index
[7.375s] creating /home/sln/beginner_tutorials/install/examples_rclpy_minimal_client/share/ament_index/resource_index
[7.375s] creating /home/sln/beginner_tutorials/install/examples_rclpy_minimal_client/share/ament_index/resource_index/packages
[7.376s] copying resource/examples_rclpy_minimal_client -> /home/sln/beginner_tutorials/install/examples_rclpy_minimal_client/share/ament_index/resource_index/packages
[7.376s] copying package.xml -> /home/sln/beginner_tutorials/install/examples_rclpy_minimal_client/share/examples_rclpy_minimal_client
[8.807s] Invoked command in '/home/sln/beginner_tutorials/build/examples_rclpy_minimal_client' returned '0': PYTHONPATH=/home/sln/beginner_tutorials/install/examples_rclpy_minimal_client/lib/python3.8/site-packages:${PYTHONPATH} /usr/bin/python3 setup.py develop --prefix /home/sln/beginner_tutorials/install/examples_rclpy_minimal_client --editable --build-directory /home/sln/beginner_tutorials/build/examples_rclpy_minimal_client/build --no-deps install_data --install-dir /home/sln/beginner_tutorials/install/examples_rclpy_minimal_client
