[3.663s] Invoking command in '/home/sln/beginner_tutorials/build/examples_rclpy_pointcloud_publisher': PYTHONPATH=/home/sln/beginner_tutorials/install/examples_rclpy_pointcloud_publisher/lib/python3.8/site-packages:${PYTHONPATH} /usr/bin/python3 setup.py develop --prefix /home/sln/beginner_tutorials/install/examples_rclpy_pointcloud_publisher --uninstall --editable --build-directory /home/sln/beginner_tutorials/build/examples_rclpy_pointcloud_publisher/build
[5.461s] running develop
[5.938s] Invoked command in '/home/sln/beginner_tutorials/build/examples_rclpy_pointcloud_publisher' returned '0': PYTHONPATH=/home/sln/beginner_tutorials/install/examples_rclpy_pointcloud_publisher/lib/python3.8/site-packages:${PYTHONPATH} /usr/bin/python3 setup.py develop --prefix /home/sln/beginner_tutorials/install/examples_rclpy_pointcloud_publisher --uninstall --editable --build-directory /home/sln/beginner_tutorials/build/examples_rclpy_pointcloud_publisher/build
[5.942s] Invoking command in '/home/sln/beginner_tutorials/src/examples/rclpy/topics/pointcloud_publisher': PYTHONPATH=/home/sln/beginner_tutorials/install/examples_rclpy_pointcloud_publisher/lib/python3.8/site-packages:${PYTHONPATH} /usr/bin/python3 setup.py egg_info --egg-base ../../../../../build/examples_rclpy_pointcloud_publisher build --build-base /home/sln/beginner_tutorials/build/examples_rclpy_pointcloud_publisher/build install --prefix /home/sln/beginner_tutorials/install/examples_rclpy_pointcloud_publisher --record /home/sln/beginner_tutorials/build/examples_rclpy_pointcloud_publisher/install.log --single-version-externally-managed
[7.268s] running egg_info
[7.268s] writing ../../../../../build/examples_rclpy_pointcloud_publisher/examples_rclpy_pointcloud_publisher.egg-info/PKG-INFO
[7.269s] writing dependency_links to ../../../../../build/examples_rclpy_pointcloud_publisher/examples_rclpy_pointcloud_publisher.egg-info/dependency_links.txt
[7.269s] writing entry points to ../../../../../build/examples_rclpy_pointcloud_publisher/examples_rclpy_pointcloud_publisher.egg-info/entry_points.txt
[7.269s] writing requirements to ../../../../../build/examples_rclpy_pointcloud_publisher/examples_rclpy_pointcloud_publisher.egg-info/requires.txt
[7.269s] writing top-level names to ../../../../../build/examples_rclpy_pointcloud_publisher/examples_rclpy_pointcloud_publisher.egg-info/top_level.txt
[7.311s] reading manifest file '../../../../../build/examples_rclpy_pointcloud_publisher/examples_rclpy_pointcloud_publisher.egg-info/SOURCES.txt'
[7.312s] writing manifest file '../../../../../build/examples_rclpy_pointcloud_publisher/examples_rclpy_pointcloud_publisher.egg-info/SOURCES.txt'
[7.312s] running build
[7.312s] running build_py
[7.312s] running install
[7.315s] running install_lib
[7.319s] running install_data
[7.319s] running install_egg_info
[7.323s] removing '/home/sln/beginner_tutorials/install/examples_rclpy_pointcloud_publisher/lib/python3.8/site-packages/examples_rclpy_pointcloud_publisher-0.15.1-py3.8.egg-info' (and everything under it)
[7.323s] Copying ../../../../../build/examples_rclpy_pointcloud_publisher/examples_rclpy_pointcloud_publisher.egg-info to /home/sln/beginner_tutorials/install/examples_rclpy_pointcloud_publisher/lib/python3.8/site-packages/examples_rclpy_pointcloud_publisher-0.15.1-py3.8.egg-info
[7.324s] running install_scripts
[7.354s] Installing pointcloud_publisher script to /home/sln/beginner_tutorials/install/examples_rclpy_pointcloud_publisher/lib/examples_rclpy_pointcloud_publisher
[7.354s] writing list of installed files to '/home/sln/beginner_tutorials/build/examples_rclpy_pointcloud_publisher/install.log'
[7.384s] Invoked command in '/home/sln/beginner_tutorials/src/examples/rclpy/topics/pointcloud_publisher' returned '0': PYTHONPATH=/home/sln/beginner_tutorials/install/examples_rclpy_pointcloud_publisher/lib/python3.8/site-packages:${PYTHONPATH} /usr/bin/python3 setup.py egg_info --egg-base ../../../../../build/examples_rclpy_pointcloud_publisher build --build-base /home/sln/beginner_tutorials/build/examples_rclpy_pointcloud_publisher/build install --prefix /home/sln/beginner_tutorials/install/examples_rclpy_pointcloud_publisher --record /home/sln/beginner_tutorials/build/examples_rclpy_pointcloud_publisher/install.log --single-version-externally-managed
