[0.050s] Invoking command in '/home/sln/beginner_tutorials/build/tutorial_interfaces': CMAKE_PREFIX_PATH=${CMAKE_PREFIX_PATH}:/home/sln/ros2_humble/install/rqt_bag_plugins:/home/sln/ros2_humble/install/rqt_bag:/home/sln/ros2_humble/install/ros2bag:/home/sln/ros2_humble/install/tracetools_test:/home/sln/ros2_humble/install/tracetools_launch:/home/sln/ros2_humble/install/topic_monitor:/home/sln/ros2_humble/install/tf2_tools:/home/sln/ros2_humble/install/examples_tf2_py:/home/sln/ros2_humble/install/tf2_ros_py:/home/sln/ros2_humble/install/sros2:/home/sln/ros2_humble/install/rqt_topic:/home/sln/ros2_humble/install/rqt_srv:/home/sln/ros2_humble/install/rqt_shell:/home/sln/ros2_humble/install/rqt_service_caller:/home/sln/ros2_humble/install/rqt_reconfigure:/home/sln/ros2_humble/install/rqt_py_console:/home/sln/ros2_humble/install/rqt_publisher:/home/sln/ros2_humble/install/rqt_plot:/home/sln/ros2_humble/install/rqt_action:/home/sln/ros2_humble/install/rqt_msg:/home/sln/ros2_humble/install/rqt_console:/home/sln/ros2_humble/install/rqt:/home/sln/ros2_humble/install/rqt_graph:/home/sln/ros2_humble/install/rqt_gui_py:/home/sln/ros2_humble/install/rqt_gui:/home/sln/ros2_humble/install/ros2trace:/home/sln/ros2_humble/install/ros2topic:/home/sln/ros2_humble/install/ros2test:/home/sln/ros2_humble/install/ros2component:/home/sln/ros2_humble/install/ros2param:/home/sln/ros2_humble/install/ros2lifecycle:/home/sln/ros2_humble/install/ros2service:/home/sln/ros2_humble/install/ros2run:/home/sln/ros2_humble/install/ros2launch:/home/sln/ros2_humble/install/ros2pkg:/home/sln/ros2_humble/install/ros2node:/home/sln/ros2_humble/install/ros2multicast:/home/sln/ros2_humble/install/ros2interface:/home/sln/ros2_humble/install/ros2doctor:/home/sln/ros2_humble/install/ros2action:/home/sln/ros2_humble/install/ros2cli:/home/sln/ros2_humble/install/quality_of_service_demo_py:/home/sln/ros2_humble/install/lifecycle_py:/home/sln/ros2_humble/install/launch_testing_ros:/home/sln/ros2_humble/install/launch_ros:/home/sln/ros2_humble/install/examples_rclpy_pointcloud_publisher:/home/sln/ros2_humble/install/examples_rclpy_minimal_subscriber:/home/sln/ros2_humble/install/examples_rclpy_minimal_service:/home/sln/ros2_humble/install/examples_rclpy_minimal_publisher:/home/sln/ros2_humble/install/examples_rclpy_minimal_client:/home/sln/ros2_humble/install/examples_rclpy_minimal_action_server:/home/sln/ros2_humble/install/examples_rclpy_minimal_action_client:/home/sln/ros2_humble/install/examples_rclpy_guard_conditions:/home/sln/ros2_humble/install/examples_rclpy_executors:/home/sln/ros2_humble/install/demo_nodes_py:/home/sln/ros2_humble/install/action_tutorials_py:/home/sln/ros2_humble/install/ament_uncrustify:/home/sln/ros2_humble/install/tracetools_trace:/home/sln/ros2_humble/install/tracetools_read:/home/sln/ros2_humble/install/test_tracetools_launch:/home/sln/ros2_humble/install/test_launch_ros:/home/sln/ros2_humble/install/sensor_msgs_py:/home/sln/ros2_humble/install/rpyutils:/home/sln/ros2_humble/install/rosidl_runtime_py:/home/sln/ros2_humble/install/rosidl_cli:/home/sln/ros2_humble/install/launch_pytest:/home/sln/ros2_humble/install/launch_testing:/home/sln/ros2_humble/install/launch_yaml:/home/sln/ros2_humble/install/launch_xml:/home/sln/ros2_humble/install/launch:/home/sln/ros2_humble/install/osrf_pycommon:/home/sln/ros2_humble/install/launch_testing_examples:/home/sln/ros2_humble/install/domain_coordinator:/home/sln/ros2_humble/install/ament_xmllint:/home/sln/ros2_humble/install/ament_pyflakes:/home/sln/ros2_humble/install/ament_pycodestyle:/home/sln/ros2_humble/install/ament_pep257:/home/sln/ros2_humble/install/ament_pclint:/home/sln/ros2_humble/install/ament_package:/home/sln/ros2_humble/install/ament_mypy:/home/sln/ros2_humble/install/ament_lint_cmake:/home/sln/ros2_humble/install/ament_flake8:/home/sln/ros2_humble/install/ament_copyright:/home/sln/ros2_humble/install/ament_lint:/home/sln/ros2_humble/install/ament_index_python:/home/sln/ros2_humble/install/ament_cpplint:/home/sln/ros2_humble/install/ament_cppcheck:/home/sln/ros2_humble/install/ament_clang_tidy:/home/sln/ros2_humble/install/ament_clang_format /usr/bin/cmake /home/sln/beginner_tutorials/src/tutorial_interfaces -DCMAKE_INSTALL_PREFIX=/home/sln/beginner_tutorials/install/tutorial_interfaces
[0.209s] -- The C compiler identification is GNU 9.4.0
[0.355s] -- The CXX compiler identification is GNU 9.4.0
[0.381s] -- Check for working C compiler: /usr/bin/cc
[0.536s] -- Check for working C compiler: /usr/bin/cc -- works
[0.537s] -- Detecting C compiler ABI info
[0.692s] -- Detecting C compiler ABI info - done
[0.706s] -- Detecting C compile features
[0.706s] -- Detecting C compile features - done
[0.709s] -- Check for working CXX compiler: /usr/bin/c++
[0.872s] -- Check for working CXX compiler: /usr/bin/c++ -- works
[0.873s] -- Detecting CXX compiler ABI info
[1.034s] -- Detecting CXX compiler ABI info - done
[1.046s] -- Detecting CXX compile features
[1.046s] -- Detecting CXX compile features - done
[1.106s] -- Found ament_cmake: 1.3.3 (/home/sln/ros2_humble/install/ament_cmake/share/ament_cmake/cmake)
[3.986s] -- Found Python3: /usr/bin/python3.8 (found version "3.8.10") found components: Interpreter 
[4.839s] -- Found geometry_msgs: 4.2.2 (/home/sln/ros2_humble/install/geometry_msgs/share/geometry_msgs/cmake)
[5.048s] -- Found rosidl_generator_c: 3.1.4 (/home/sln/ros2_humble/install/rosidl_generator_c/share/rosidl_generator_c/cmake)
[5.081s] -- Found rosidl_adapter: 3.1.4 (/home/sln/ros2_humble/install/rosidl_adapter/share/rosidl_adapter/cmake)
[5.117s] -- Found rosidl_generator_cpp: 3.1.4 (/home/sln/ros2_humble/install/rosidl_generator_cpp/share/rosidl_generator_cpp/cmake)
[5.194s] -- Using all available rosidl_typesupport_c: rosidl_typesupport_introspection_c;rosidl_typesupport_fastrtps_c
[5.289s] -- Using all available rosidl_typesupport_cpp: rosidl_typesupport_introspection_cpp;rosidl_typesupport_fastrtps_cpp
[5.520s] -- Found rosidl_default_generators: 1.2.0 (/home/sln/ros2_humble/install/rosidl_default_generators/share/rosidl_default_generators/cmake)
[5.649s] -- Found ament_lint_auto: 0.12.4 (/home/sln/ros2_humble/install/ament_lint_auto/share/ament_lint_auto/cmake)
[10.329s] -- Found ament_cmake_ros: 0.10.0 (/home/sln/ros2_humble/install/ament_cmake_ros/share/ament_cmake_ros/cmake)
[19.301s] -- Using all available rosidl_typesupport_c: rosidl_typesupport_introspection_c;rosidl_typesupport_fastrtps_c
[23.008s] -- Using all available rosidl_typesupport_cpp: rosidl_typesupport_introspection_cpp;rosidl_typesupport_fastrtps_cpp
[23.467s] -- Found PythonInterp: /usr/bin/python3 (found suitable version "3.8.10", minimum required is "3.6") 
[23.490s] -- Found python_cmake_module: 0.10.0 (/home/sln/ros2_humble/install/python_cmake_module/share/python_cmake_module/cmake)
[23.953s] -- Found PythonLibs: /usr/lib/x86_64-linux-gnu/libpython3.8.so (found suitable version "3.8.10", minimum required is "3.5") 
[23.953s] -- Using PYTHON_EXECUTABLE: /usr/bin/python3
[23.953s] -- Using PYTHON_INCLUDE_DIRS: /usr/include/python3.8
[23.953s] -- Using PYTHON_LIBRARIES: /usr/lib/x86_64-linux-gnu/libpython3.8.so
[24.380s] -- Found PythonExtra: .so  
[25.262s] -- Added test 'lint_cmake' to check CMake code style
[25.268s] -- Added test 'xmllint' to check XML markup files
[25.286s] -- Configuring done
[25.349s] -- Generating done
[25.352s] -- Build files have been written to: /home/sln/beginner_tutorials/build/tutorial_interfaces
[25.360s] Invoked command in '/home/sln/beginner_tutorials/build/tutorial_interfaces' returned '0': CMAKE_PREFIX_PATH=${CMAKE_PREFIX_PATH}:/home/sln/ros2_humble/install/rqt_bag_plugins:/home/sln/ros2_humble/install/rqt_bag:/home/sln/ros2_humble/install/ros2bag:/home/sln/ros2_humble/install/tracetools_test:/home/sln/ros2_humble/install/tracetools_launch:/home/sln/ros2_humble/install/topic_monitor:/home/sln/ros2_humble/install/tf2_tools:/home/sln/ros2_humble/install/examples_tf2_py:/home/sln/ros2_humble/install/tf2_ros_py:/home/sln/ros2_humble/install/sros2:/home/sln/ros2_humble/install/rqt_topic:/home/sln/ros2_humble/install/rqt_srv:/home/sln/ros2_humble/install/rqt_shell:/home/sln/ros2_humble/install/rqt_service_caller:/home/sln/ros2_humble/install/rqt_reconfigure:/home/sln/ros2_humble/install/rqt_py_console:/home/sln/ros2_humble/install/rqt_publisher:/home/sln/ros2_humble/install/rqt_plot:/home/sln/ros2_humble/install/rqt_action:/home/sln/ros2_humble/install/rqt_msg:/home/sln/ros2_humble/install/rqt_console:/home/sln/ros2_humble/install/rqt:/home/sln/ros2_humble/install/rqt_graph:/home/sln/ros2_humble/install/rqt_gui_py:/home/sln/ros2_humble/install/rqt_gui:/home/sln/ros2_humble/install/ros2trace:/home/sln/ros2_humble/install/ros2topic:/home/sln/ros2_humble/install/ros2test:/home/sln/ros2_humble/install/ros2component:/home/sln/ros2_humble/install/ros2param:/home/sln/ros2_humble/install/ros2lifecycle:/home/sln/ros2_humble/install/ros2service:/home/sln/ros2_humble/install/ros2run:/home/sln/ros2_humble/install/ros2launch:/home/sln/ros2_humble/install/ros2pkg:/home/sln/ros2_humble/install/ros2node:/home/sln/ros2_humble/install/ros2multicast:/home/sln/ros2_humble/install/ros2interface:/home/sln/ros2_humble/install/ros2doctor:/home/sln/ros2_humble/install/ros2action:/home/sln/ros2_humble/install/ros2cli:/home/sln/ros2_humble/install/quality_of_service_demo_py:/home/sln/ros2_humble/install/lifecycle_py:/home/sln/ros2_humble/install/launch_testing_ros:/home/sln/ros2_humble/install/launch_ros:/home/sln/ros2_humble/install/examples_rclpy_pointcloud_publisher:/home/sln/ros2_humble/install/examples_rclpy_minimal_subscriber:/home/sln/ros2_humble/install/examples_rclpy_minimal_service:/home/sln/ros2_humble/install/examples_rclpy_minimal_publisher:/home/sln/ros2_humble/install/examples_rclpy_minimal_client:/home/sln/ros2_humble/install/examples_rclpy_minimal_action_server:/home/sln/ros2_humble/install/examples_rclpy_minimal_action_client:/home/sln/ros2_humble/install/examples_rclpy_guard_conditions:/home/sln/ros2_humble/install/examples_rclpy_executors:/home/sln/ros2_humble/install/demo_nodes_py:/home/sln/ros2_humble/install/action_tutorials_py:/home/sln/ros2_humble/install/ament_uncrustify:/home/sln/ros2_humble/install/tracetools_trace:/home/sln/ros2_humble/install/tracetools_read:/home/sln/ros2_humble/install/test_tracetools_launch:/home/sln/ros2_humble/install/test_launch_ros:/home/sln/ros2_humble/install/sensor_msgs_py:/home/sln/ros2_humble/install/rpyutils:/home/sln/ros2_humble/install/rosidl_runtime_py:/home/sln/ros2_humble/install/rosidl_cli:/home/sln/ros2_humble/install/launch_pytest:/home/sln/ros2_humble/install/launch_testing:/home/sln/ros2_humble/install/launch_yaml:/home/sln/ros2_humble/install/launch_xml:/home/sln/ros2_humble/install/launch:/home/sln/ros2_humble/install/osrf_pycommon:/home/sln/ros2_humble/install/launch_testing_examples:/home/sln/ros2_humble/install/domain_coordinator:/home/sln/ros2_humble/install/ament_xmllint:/home/sln/ros2_humble/install/ament_pyflakes:/home/sln/ros2_humble/install/ament_pycodestyle:/home/sln/ros2_humble/install/ament_pep257:/home/sln/ros2_humble/install/ament_pclint:/home/sln/ros2_humble/install/ament_package:/home/sln/ros2_humble/install/ament_mypy:/home/sln/ros2_humble/install/ament_lint_cmake:/home/sln/ros2_humble/install/ament_flake8:/home/sln/ros2_humble/install/ament_copyright:/home/sln/ros2_humble/install/ament_lint:/home/sln/ros2_humble/install/ament_index_python:/home/sln/ros2_humble/install/ament_cpplint:/home/sln/ros2_humble/install/ament_cppcheck:/home/sln/ros2_humble/install/ament_clang_tidy:/home/sln/ros2_humble/install/ament_clang_format /usr/bin/cmake /home/sln/beginner_tutorials/src/tutorial_interfaces -DCMAKE_INSTALL_PREFIX=/home/sln/beginner_tutorials/install/tutorial_interfaces
[25.364s] Invoking command in '/home/sln/beginner_tutorials/build/tutorial_interfaces': CMAKE_PREFIX_PATH=${CMAKE_PREFIX_PATH}:/home/sln/ros2_humble/install/rqt_bag_plugins:/home/sln/ros2_humble/install/rqt_bag:/home/sln/ros2_humble/install/ros2bag:/home/sln/ros2_humble/install/tracetools_test:/home/sln/ros2_humble/install/tracetools_launch:/home/sln/ros2_humble/install/topic_monitor:/home/sln/ros2_humble/install/tf2_tools:/home/sln/ros2_humble/install/examples_tf2_py:/home/sln/ros2_humble/install/tf2_ros_py:/home/sln/ros2_humble/install/sros2:/home/sln/ros2_humble/install/rqt_topic:/home/sln/ros2_humble/install/rqt_srv:/home/sln/ros2_humble/install/rqt_shell:/home/sln/ros2_humble/install/rqt_service_caller:/home/sln/ros2_humble/install/rqt_reconfigure:/home/sln/ros2_humble/install/rqt_py_console:/home/sln/ros2_humble/install/rqt_publisher:/home/sln/ros2_humble/install/rqt_plot:/home/sln/ros2_humble/install/rqt_action:/home/sln/ros2_humble/install/rqt_msg:/home/sln/ros2_humble/install/rqt_console:/home/sln/ros2_humble/install/rqt:/home/sln/ros2_humble/install/rqt_graph:/home/sln/ros2_humble/install/rqt_gui_py:/home/sln/ros2_humble/install/rqt_gui:/home/sln/ros2_humble/install/ros2trace:/home/sln/ros2_humble/install/ros2topic:/home/sln/ros2_humble/install/ros2test:/home/sln/ros2_humble/install/ros2component:/home/sln/ros2_humble/install/ros2param:/home/sln/ros2_humble/install/ros2lifecycle:/home/sln/ros2_humble/install/ros2service:/home/sln/ros2_humble/install/ros2run:/home/sln/ros2_humble/install/ros2launch:/home/sln/ros2_humble/install/ros2pkg:/home/sln/ros2_humble/install/ros2node:/home/sln/ros2_humble/install/ros2multicast:/home/sln/ros2_humble/install/ros2interface:/home/sln/ros2_humble/install/ros2doctor:/home/sln/ros2_humble/install/ros2action:/home/sln/ros2_humble/install/ros2cli:/home/sln/ros2_humble/install/quality_of_service_demo_py:/home/sln/ros2_humble/install/lifecycle_py:/home/sln/ros2_humble/install/launch_testing_ros:/home/sln/ros2_humble/install/launch_ros:/home/sln/ros2_humble/install/examples_rclpy_pointcloud_publisher:/home/sln/ros2_humble/install/examples_rclpy_minimal_subscriber:/home/sln/ros2_humble/install/examples_rclpy_minimal_service:/home/sln/ros2_humble/install/examples_rclpy_minimal_publisher:/home/sln/ros2_humble/install/examples_rclpy_minimal_client:/home/sln/ros2_humble/install/examples_rclpy_minimal_action_server:/home/sln/ros2_humble/install/examples_rclpy_minimal_action_client:/home/sln/ros2_humble/install/examples_rclpy_guard_conditions:/home/sln/ros2_humble/install/examples_rclpy_executors:/home/sln/ros2_humble/install/demo_nodes_py:/home/sln/ros2_humble/install/action_tutorials_py:/home/sln/ros2_humble/install/ament_uncrustify:/home/sln/ros2_humble/install/tracetools_trace:/home/sln/ros2_humble/install/tracetools_read:/home/sln/ros2_humble/install/test_tracetools_launch:/home/sln/ros2_humble/install/test_launch_ros:/home/sln/ros2_humble/install/sensor_msgs_py:/home/sln/ros2_humble/install/rpyutils:/home/sln/ros2_humble/install/rosidl_runtime_py:/home/sln/ros2_humble/install/rosidl_cli:/home/sln/ros2_humble/install/launch_pytest:/home/sln/ros2_humble/install/launch_testing:/home/sln/ros2_humble/install/launch_yaml:/home/sln/ros2_humble/install/launch_xml:/home/sln/ros2_humble/install/launch:/home/sln/ros2_humble/install/osrf_pycommon:/home/sln/ros2_humble/install/launch_testing_examples:/home/sln/ros2_humble/install/domain_coordinator:/home/sln/ros2_humble/install/ament_xmllint:/home/sln/ros2_humble/install/ament_pyflakes:/home/sln/ros2_humble/install/ament_pycodestyle:/home/sln/ros2_humble/install/ament_pep257:/home/sln/ros2_humble/install/ament_pclint:/home/sln/ros2_humble/install/ament_package:/home/sln/ros2_humble/install/ament_mypy:/home/sln/ros2_humble/install/ament_lint_cmake:/home/sln/ros2_humble/install/ament_flake8:/home/sln/ros2_humble/install/ament_copyright:/home/sln/ros2_humble/install/ament_lint:/home/sln/ros2_humble/install/ament_index_python:/home/sln/ros2_humble/install/ament_cpplint:/home/sln/ros2_humble/install/ament_cppcheck:/home/sln/ros2_humble/install/ament_clang_tidy:/home/sln/ros2_humble/install/ament_clang_format /usr/bin/cmake --build /home/sln/beginner_tutorials/build/tutorial_interfaces -- -j8 -l8
[25.468s] [  2%] [34m[1mGenerating C code for ROS interfaces[0m
[25.469s] [35m[1mScanning dependencies of target ament_cmake_python_copy_tutorial_interfaces[0m
[25.469s] [35m[1mScanning dependencies of target tutorial_interfaces__cpp[0m
[25.499s] [  4%] [34m[1mGenerating C++ code for ROS interfaces[0m
[25.529s] [  4%] Built target ament_cmake_python_copy_tutorial_interfaces
[25.559s] [35m[1mScanning dependencies of target ament_cmake_python_build_tutorial_interfaces_egg[0m
[26.446s] [35m[1mScanning dependencies of target tutorial_interfaces__rosidl_generator_c[0m
[26.459s] running egg_info
[26.460s] creating tutorial_interfaces.egg-info
[26.461s] writing tutorial_interfaces.egg-info/PKG-INFO
[26.461s] writing dependency_links to tutorial_interfaces.egg-info/dependency_links.txt
[26.461s] writing top-level names to tutorial_interfaces.egg-info/top_level.txt
[26.462s] writing manifest file 'tutorial_interfaces.egg-info/SOURCES.txt'
[26.478s] [  4%] Built target tutorial_interfaces__cpp
[26.502s] [  6%] [32mBuilding C object CMakeFiles/tutorial_interfaces__rosidl_generator_c.dir/rosidl_generator_c/tutorial_interfaces/srv/detail/add_three_ints__functions.c.o[0m
[26.506s] [  8%] [32mBuilding C object CMakeFiles/tutorial_interfaces__rosidl_generator_c.dir/rosidl_generator_c/tutorial_interfaces/msg/detail/sphere__functions.c.o[0m
[26.506s] [ 10%] [32mBuilding C object CMakeFiles/tutorial_interfaces__rosidl_generator_c.dir/rosidl_generator_c/tutorial_interfaces/msg/detail/num__functions.c.o[0m
[26.529s] [ 12%] [34m[1mGenerating C++ type support dispatch for ROS interfaces[0m
[26.531s] [ 14%] [34m[1mGenerating C++ introspection for ROS interfaces[0m
[26.542s] [ 17%] [34m[1mGenerating C++ type support for eProsima Fast-RTPS[0m
[26.557s] reading manifest file 'tutorial_interfaces.egg-info/SOURCES.txt'
[26.558s] writing manifest file 'tutorial_interfaces.egg-info/SOURCES.txt'
[26.633s] [ 17%] Built target ament_cmake_python_build_tutorial_interfaces_egg
[26.641s] [ 19%] [32m[1mLinking C shared library libtutorial_interfaces__rosidl_generator_c.so[0m
[26.726s] [ 19%] Built target tutorial_interfaces__rosidl_generator_c
[26.760s] [ 21%] [34m[1mGenerating C type support for eProsima Fast-RTPS[0m
[26.769s] [ 25%] [34m[1mGenerating C type support dispatch for ROS interfaces[0m
[26.769s] [ 25%] [34m[1mGenerating C introspection for ROS interfaces[0m
[27.544s] [35m[1mScanning dependencies of target tutorial_interfaces__rosidl_typesupport_introspection_cpp[0m
[27.597s] [ 27%] [32mBuilding CXX object CMakeFiles/tutorial_interfaces__rosidl_typesupport_introspection_cpp.dir/rosidl_typesupport_introspection_cpp/tutorial_interfaces/msg/detail/num__type_support.cpp.o[0m
[27.598s] [ 29%] [32mBuilding CXX object CMakeFiles/tutorial_interfaces__rosidl_typesupport_introspection_cpp.dir/rosidl_typesupport_introspection_cpp/tutorial_interfaces/msg/detail/sphere__type_support.cpp.o[0m
[27.602s] [ 31%] [32mBuilding CXX object CMakeFiles/tutorial_interfaces__rosidl_typesupport_introspection_cpp.dir/rosidl_typesupport_introspection_cpp/tutorial_interfaces/srv/detail/add_three_ints__type_support.cpp.o[0m
[27.620s] [35m[1mScanning dependencies of target tutorial_interfaces__rosidl_typesupport_fastrtps_cpp[0m
[27.690s] [ 34%] [32mBuilding CXX object CMakeFiles/tutorial_interfaces__rosidl_typesupport_fastrtps_cpp.dir/rosidl_typesupport_fastrtps_cpp/tutorial_interfaces/msg/detail/dds_fastrtps/num__type_support.cpp.o[0m
[28.001s] [35m[1mScanning dependencies of target tutorial_interfaces__rosidl_typesupport_cpp[0m
[28.055s] [ 36%] [32mBuilding CXX object CMakeFiles/tutorial_interfaces__rosidl_typesupport_cpp.dir/rosidl_typesupport_cpp/tutorial_interfaces/msg/num__type_support.cpp.o[0m
[28.319s] [35m[1mScanning dependencies of target tutorial_interfaces__rosidl_typesupport_c[0m
[28.372s] [ 38%] [32mBuilding CXX object CMakeFiles/tutorial_interfaces__rosidl_typesupport_c.dir/rosidl_typesupport_c/tutorial_interfaces/msg/num__type_support.cpp.o[0m
[28.396s] [ 40%] [32mBuilding CXX object CMakeFiles/tutorial_interfaces__rosidl_typesupport_c.dir/rosidl_typesupport_c/tutorial_interfaces/msg/sphere__type_support.cpp.o[0m
[28.433s] [ 42%] [32mBuilding CXX object CMakeFiles/tutorial_interfaces__rosidl_typesupport_c.dir/rosidl_typesupport_c/tutorial_interfaces/srv/add_three_ints__type_support.cpp.o[0m
[28.447s] [ 44%] [32mBuilding CXX object CMakeFiles/tutorial_interfaces__rosidl_typesupport_fastrtps_cpp.dir/rosidl_typesupport_fastrtps_cpp/tutorial_interfaces/msg/detail/dds_fastrtps/sphere__type_support.cpp.o[0m
[28.497s] [ 46%] [32mBuilding CXX object CMakeFiles/tutorial_interfaces__rosidl_typesupport_fastrtps_cpp.dir/rosidl_typesupport_fastrtps_cpp/tutorial_interfaces/srv/detail/dds_fastrtps/add_three_ints__type_support.cpp.o[0m
[28.522s] [35m[1mScanning dependencies of target tutorial_interfaces__rosidl_typesupport_fastrtps_c[0m
[28.527s] [ 48%] [32m[1mLinking CXX shared library libtutorial_interfaces__rosidl_typesupport_introspection_cpp.so[0m
[28.533s] [ 51%] [32m[1mLinking CXX shared library libtutorial_interfaces__rosidl_typesupport_c.so[0m
[28.549s] [ 53%] [32mBuilding CXX object CMakeFiles/tutorial_interfaces__rosidl_typesupport_cpp.dir/rosidl_typesupport_cpp/tutorial_interfaces/msg/sphere__type_support.cpp.o[0m
[28.551s] [35m[1mScanning dependencies of target tutorial_interfaces__rosidl_typesupport_introspection_c[0m
[28.590s] [ 55%] [32mBuilding CXX object CMakeFiles/tutorial_interfaces__rosidl_typesupport_fastrtps_c.dir/rosidl_typesupport_fastrtps_c/tutorial_interfaces/msg/detail/num__type_support_c.cpp.o[0m
[28.616s] [ 57%] [32mBuilding C object CMakeFiles/tutorial_interfaces__rosidl_typesupport_introspection_c.dir/rosidl_typesupport_introspection_c/tutorial_interfaces/msg/detail/num__type_support.c.o[0m
[28.692s] [ 57%] Built target tutorial_interfaces__rosidl_typesupport_c
[28.696s] [ 59%] [32mBuilding CXX object CMakeFiles/tutorial_interfaces__rosidl_typesupport_fastrtps_c.dir/rosidl_typesupport_fastrtps_c/tutorial_interfaces/msg/detail/sphere__type_support_c.cpp.o[0m
[28.728s] [ 61%] [32mBuilding CXX object CMakeFiles/tutorial_interfaces__rosidl_typesupport_fastrtps_c.dir/rosidl_typesupport_fastrtps_c/tutorial_interfaces/srv/detail/add_three_ints__type_support_c.cpp.o[0m
[28.735s] [ 63%] [32mBuilding C object CMakeFiles/tutorial_interfaces__rosidl_typesupport_introspection_c.dir/rosidl_typesupport_introspection_c/tutorial_interfaces/msg/detail/sphere__type_support.c.o[0m
[28.750s] [ 63%] Built target tutorial_interfaces__rosidl_typesupport_introspection_cpp
[28.789s] [ 65%] [32mBuilding C object CMakeFiles/tutorial_interfaces__rosidl_typesupport_introspection_c.dir/rosidl_typesupport_introspection_c/tutorial_interfaces/srv/detail/add_three_ints__type_support.c.o[0m
[28.849s] [ 68%] [32mBuilding CXX object CMakeFiles/tutorial_interfaces__rosidl_typesupport_cpp.dir/rosidl_typesupport_cpp/tutorial_interfaces/srv/add_three_ints__type_support.cpp.o[0m
[28.897s] [ 70%] [32m[1mLinking C shared library libtutorial_interfaces__rosidl_typesupport_introspection_c.so[0m
[29.007s] [ 70%] Built target tutorial_interfaces__rosidl_typesupport_introspection_c
[29.288s] [ 72%] [32m[1mLinking CXX shared library libtutorial_interfaces__rosidl_typesupport_cpp.so[0m
[29.331s] [ 74%] [32m[1mLinking CXX shared library libtutorial_interfaces__rosidl_typesupport_fastrtps_cpp.so[0m
[29.335s] [ 76%] [32m[1mLinking CXX shared library libtutorial_interfaces__rosidl_typesupport_fastrtps_c.so[0m
[29.373s] [ 76%] Built target tutorial_interfaces__rosidl_typesupport_cpp
[29.458s] [ 76%] Built target tutorial_interfaces__rosidl_typesupport_fastrtps_cpp
[29.462s] [ 76%] Built target tutorial_interfaces__rosidl_typesupport_fastrtps_c
[29.493s] [35m[1mScanning dependencies of target tutorial_interfaces[0m
[29.523s] [ 76%] Built target tutorial_interfaces
[29.553s] [35m[1mScanning dependencies of target tutorial_interfaces__py[0m
[29.585s] [ 78%] [34m[1mGenerating Python code for ROS interfaces[0m
[30.572s] [ 78%] Built target tutorial_interfaces__py
[30.600s] [35m[1mScanning dependencies of target tutorial_interfaces__rosidl_generator_py[0m
[30.645s] [ 85%] [32mBuilding C object CMakeFiles/tutorial_interfaces__rosidl_generator_py.dir/rosidl_generator_py/tutorial_interfaces/srv/_add_three_ints_s.c.o[0m
[30.645s] [ 85%] [32mBuilding C object CMakeFiles/tutorial_interfaces__rosidl_generator_py.dir/rosidl_generator_py/tutorial_interfaces/msg/_num_s.c.o[0m
[30.645s] [ 85%] [32mBuilding C object CMakeFiles/tutorial_interfaces__rosidl_generator_py.dir/rosidl_generator_py/tutorial_interfaces/msg/_sphere_s.c.o[0m
[30.776s] [ 87%] [32m[1mLinking C shared library rosidl_generator_py/tutorial_interfaces/libtutorial_interfaces__rosidl_generator_py.so[0m
[30.855s] [ 87%] Built target tutorial_interfaces__rosidl_generator_py
[30.887s] [35m[1mScanning dependencies of target tutorial_interfaces__rosidl_typesupport_introspection_c__pyext[0m
[30.887s] [35m[1mScanning dependencies of target tutorial_interfaces__rosidl_typesupport_fastrtps_c__pyext[0m
[30.889s] [35m[1mScanning dependencies of target tutorial_interfaces__rosidl_typesupport_c__pyext[0m
[30.929s] [ 89%] [32mBuilding C object CMakeFiles/tutorial_interfaces__rosidl_typesupport_introspection_c__pyext.dir/rosidl_generator_py/tutorial_interfaces/_tutorial_interfaces_s.ep.rosidl_typesupport_introspection_c.c.o[0m
[30.930s] [ 91%] [32mBuilding C object CMakeFiles/tutorial_interfaces__rosidl_typesupport_fastrtps_c__pyext.dir/rosidl_generator_py/tutorial_interfaces/_tutorial_interfaces_s.ep.rosidl_typesupport_fastrtps_c.c.o[0m
[30.931s] [ 93%] [32mBuilding C object CMakeFiles/tutorial_interfaces__rosidl_typesupport_c__pyext.dir/rosidl_generator_py/tutorial_interfaces/_tutorial_interfaces_s.ep.rosidl_typesupport_c.c.o[0m
[31.070s] [100%] [32m[1mLinking C shared library rosidl_generator_py/tutorial_interfaces/tutorial_interfaces_s__rosidl_typesupport_introspection_c.cpython-38-x86_64-linux-gnu.so[0m
[31.070s] [100%] [32m[1mLinking C shared library rosidl_generator_py/tutorial_interfaces/tutorial_interfaces_s__rosidl_typesupport_fastrtps_c.cpython-38-x86_64-linux-gnu.so[0m
[31.070s] [100%] [32m[1mLinking C shared library rosidl_generator_py/tutorial_interfaces/tutorial_interfaces_s__rosidl_typesupport_c.cpython-38-x86_64-linux-gnu.so[0m
[31.160s] [100%] Built target tutorial_interfaces__rosidl_typesupport_introspection_c__pyext
[31.160s] [100%] Built target tutorial_interfaces__rosidl_typesupport_c__pyext
[31.162s] [100%] Built target tutorial_interfaces__rosidl_typesupport_fastrtps_c__pyext
[31.188s] Invoked command in '/home/sln/beginner_tutorials/build/tutorial_interfaces' returned '0': CMAKE_PREFIX_PATH=${CMAKE_PREFIX_PATH}:/home/sln/ros2_humble/install/rqt_bag_plugins:/home/sln/ros2_humble/install/rqt_bag:/home/sln/ros2_humble/install/ros2bag:/home/sln/ros2_humble/install/tracetools_test:/home/sln/ros2_humble/install/tracetools_launch:/home/sln/ros2_humble/install/topic_monitor:/home/sln/ros2_humble/install/tf2_tools:/home/sln/ros2_humble/install/examples_tf2_py:/home/sln/ros2_humble/install/tf2_ros_py:/home/sln/ros2_humble/install/sros2:/home/sln/ros2_humble/install/rqt_topic:/home/sln/ros2_humble/install/rqt_srv:/home/sln/ros2_humble/install/rqt_shell:/home/sln/ros2_humble/install/rqt_service_caller:/home/sln/ros2_humble/install/rqt_reconfigure:/home/sln/ros2_humble/install/rqt_py_console:/home/sln/ros2_humble/install/rqt_publisher:/home/sln/ros2_humble/install/rqt_plot:/home/sln/ros2_humble/install/rqt_action:/home/sln/ros2_humble/install/rqt_msg:/home/sln/ros2_humble/install/rqt_console:/home/sln/ros2_humble/install/rqt:/home/sln/ros2_humble/install/rqt_graph:/home/sln/ros2_humble/install/rqt_gui_py:/home/sln/ros2_humble/install/rqt_gui:/home/sln/ros2_humble/install/ros2trace:/home/sln/ros2_humble/install/ros2topic:/home/sln/ros2_humble/install/ros2test:/home/sln/ros2_humble/install/ros2component:/home/sln/ros2_humble/install/ros2param:/home/sln/ros2_humble/install/ros2lifecycle:/home/sln/ros2_humble/install/ros2service:/home/sln/ros2_humble/install/ros2run:/home/sln/ros2_humble/install/ros2launch:/home/sln/ros2_humble/install/ros2pkg:/home/sln/ros2_humble/install/ros2node:/home/sln/ros2_humble/install/ros2multicast:/home/sln/ros2_humble/install/ros2interface:/home/sln/ros2_humble/install/ros2doctor:/home/sln/ros2_humble/install/ros2action:/home/sln/ros2_humble/install/ros2cli:/home/sln/ros2_humble/install/quality_of_service_demo_py:/home/sln/ros2_humble/install/lifecycle_py:/home/sln/ros2_humble/install/launch_testing_ros:/home/sln/ros2_humble/install/launch_ros:/home/sln/ros2_humble/install/examples_rclpy_pointcloud_publisher:/home/sln/ros2_humble/install/examples_rclpy_minimal_subscriber:/home/sln/ros2_humble/install/examples_rclpy_minimal_service:/home/sln/ros2_humble/install/examples_rclpy_minimal_publisher:/home/sln/ros2_humble/install/examples_rclpy_minimal_client:/home/sln/ros2_humble/install/examples_rclpy_minimal_action_server:/home/sln/ros2_humble/install/examples_rclpy_minimal_action_client:/home/sln/ros2_humble/install/examples_rclpy_guard_conditions:/home/sln/ros2_humble/install/examples_rclpy_executors:/home/sln/ros2_humble/install/demo_nodes_py:/home/sln/ros2_humble/install/action_tutorials_py:/home/sln/ros2_humble/install/ament_uncrustify:/home/sln/ros2_humble/install/tracetools_trace:/home/sln/ros2_humble/install/tracetools_read:/home/sln/ros2_humble/install/test_tracetools_launch:/home/sln/ros2_humble/install/test_launch_ros:/home/sln/ros2_humble/install/sensor_msgs_py:/home/sln/ros2_humble/install/rpyutils:/home/sln/ros2_humble/install/rosidl_runtime_py:/home/sln/ros2_humble/install/rosidl_cli:/home/sln/ros2_humble/install/launch_pytest:/home/sln/ros2_humble/install/launch_testing:/home/sln/ros2_humble/install/launch_yaml:/home/sln/ros2_humble/install/launch_xml:/home/sln/ros2_humble/install/launch:/home/sln/ros2_humble/install/osrf_pycommon:/home/sln/ros2_humble/install/launch_testing_examples:/home/sln/ros2_humble/install/domain_coordinator:/home/sln/ros2_humble/install/ament_xmllint:/home/sln/ros2_humble/install/ament_pyflakes:/home/sln/ros2_humble/install/ament_pycodestyle:/home/sln/ros2_humble/install/ament_pep257:/home/sln/ros2_humble/install/ament_pclint:/home/sln/ros2_humble/install/ament_package:/home/sln/ros2_humble/install/ament_mypy:/home/sln/ros2_humble/install/ament_lint_cmake:/home/sln/ros2_humble/install/ament_flake8:/home/sln/ros2_humble/install/ament_copyright:/home/sln/ros2_humble/install/ament_lint:/home/sln/ros2_humble/install/ament_index_python:/home/sln/ros2_humble/install/ament_cpplint:/home/sln/ros2_humble/install/ament_cppcheck:/home/sln/ros2_humble/install/ament_clang_tidy:/home/sln/ros2_humble/install/ament_clang_format /usr/bin/cmake --build /home/sln/beginner_tutorials/build/tutorial_interfaces -- -j8 -l8
[31.600s] Invoking command in '/home/sln/beginner_tutorials/build/tutorial_interfaces': CMAKE_PREFIX_PATH=${CMAKE_PREFIX_PATH}:/home/sln/ros2_humble/install/rqt_bag_plugins:/home/sln/ros2_humble/install/rqt_bag:/home/sln/ros2_humble/install/ros2bag:/home/sln/ros2_humble/install/tracetools_test:/home/sln/ros2_humble/install/tracetools_launch:/home/sln/ros2_humble/install/topic_monitor:/home/sln/ros2_humble/install/tf2_tools:/home/sln/ros2_humble/install/examples_tf2_py:/home/sln/ros2_humble/install/tf2_ros_py:/home/sln/ros2_humble/install/sros2:/home/sln/ros2_humble/install/rqt_topic:/home/sln/ros2_humble/install/rqt_srv:/home/sln/ros2_humble/install/rqt_shell:/home/sln/ros2_humble/install/rqt_service_caller:/home/sln/ros2_humble/install/rqt_reconfigure:/home/sln/ros2_humble/install/rqt_py_console:/home/sln/ros2_humble/install/rqt_publisher:/home/sln/ros2_humble/install/rqt_plot:/home/sln/ros2_humble/install/rqt_action:/home/sln/ros2_humble/install/rqt_msg:/home/sln/ros2_humble/install/rqt_console:/home/sln/ros2_humble/install/rqt:/home/sln/ros2_humble/install/rqt_graph:/home/sln/ros2_humble/install/rqt_gui_py:/home/sln/ros2_humble/install/rqt_gui:/home/sln/ros2_humble/install/ros2trace:/home/sln/ros2_humble/install/ros2topic:/home/sln/ros2_humble/install/ros2test:/home/sln/ros2_humble/install/ros2component:/home/sln/ros2_humble/install/ros2param:/home/sln/ros2_humble/install/ros2lifecycle:/home/sln/ros2_humble/install/ros2service:/home/sln/ros2_humble/install/ros2run:/home/sln/ros2_humble/install/ros2launch:/home/sln/ros2_humble/install/ros2pkg:/home/sln/ros2_humble/install/ros2node:/home/sln/ros2_humble/install/ros2multicast:/home/sln/ros2_humble/install/ros2interface:/home/sln/ros2_humble/install/ros2doctor:/home/sln/ros2_humble/install/ros2action:/home/sln/ros2_humble/install/ros2cli:/home/sln/ros2_humble/install/quality_of_service_demo_py:/home/sln/ros2_humble/install/lifecycle_py:/home/sln/ros2_humble/install/launch_testing_ros:/home/sln/ros2_humble/install/launch_ros:/home/sln/ros2_humble/install/examples_rclpy_pointcloud_publisher:/home/sln/ros2_humble/install/examples_rclpy_minimal_subscriber:/home/sln/ros2_humble/install/examples_rclpy_minimal_service:/home/sln/ros2_humble/install/examples_rclpy_minimal_publisher:/home/sln/ros2_humble/install/examples_rclpy_minimal_client:/home/sln/ros2_humble/install/examples_rclpy_minimal_action_server:/home/sln/ros2_humble/install/examples_rclpy_minimal_action_client:/home/sln/ros2_humble/install/examples_rclpy_guard_conditions:/home/sln/ros2_humble/install/examples_rclpy_executors:/home/sln/ros2_humble/install/demo_nodes_py:/home/sln/ros2_humble/install/action_tutorials_py:/home/sln/ros2_humble/install/ament_uncrustify:/home/sln/ros2_humble/install/tracetools_trace:/home/sln/ros2_humble/install/tracetools_read:/home/sln/ros2_humble/install/test_tracetools_launch:/home/sln/ros2_humble/install/test_launch_ros:/home/sln/ros2_humble/install/sensor_msgs_py:/home/sln/ros2_humble/install/rpyutils:/home/sln/ros2_humble/install/rosidl_runtime_py:/home/sln/ros2_humble/install/rosidl_cli:/home/sln/ros2_humble/install/launch_pytest:/home/sln/ros2_humble/install/launch_testing:/home/sln/ros2_humble/install/launch_yaml:/home/sln/ros2_humble/install/launch_xml:/home/sln/ros2_humble/install/launch:/home/sln/ros2_humble/install/osrf_pycommon:/home/sln/ros2_humble/install/launch_testing_examples:/home/sln/ros2_humble/install/domain_coordinator:/home/sln/ros2_humble/install/ament_xmllint:/home/sln/ros2_humble/install/ament_pyflakes:/home/sln/ros2_humble/install/ament_pycodestyle:/home/sln/ros2_humble/install/ament_pep257:/home/sln/ros2_humble/install/ament_pclint:/home/sln/ros2_humble/install/ament_package:/home/sln/ros2_humble/install/ament_mypy:/home/sln/ros2_humble/install/ament_lint_cmake:/home/sln/ros2_humble/install/ament_flake8:/home/sln/ros2_humble/install/ament_copyright:/home/sln/ros2_humble/install/ament_lint:/home/sln/ros2_humble/install/ament_index_python:/home/sln/ros2_humble/install/ament_cpplint:/home/sln/ros2_humble/install/ament_cppcheck:/home/sln/ros2_humble/install/ament_clang_tidy:/home/sln/ros2_humble/install/ament_clang_format /usr/bin/cmake --install /home/sln/beginner_tutorials/build/tutorial_interfaces
[31.623s] -- Install configuration: ""
[31.623s] -- Installing: /home/sln/beginner_tutorials/install/tutorial_interfaces/share/ament_index/resource_index/rosidl_interfaces/tutorial_interfaces
[31.624s] -- Installing: /home/sln/beginner_tutorials/install/tutorial_interfaces/include/tutorial_interfaces/tutorial_interfaces
[31.624s] -- Installing: /home/sln/beginner_tutorials/install/tutorial_interfaces/include/tutorial_interfaces/tutorial_interfaces/msg
[31.624s] -- Installing: /home/sln/beginner_tutorials/install/tutorial_interfaces/include/tutorial_interfaces/tutorial_interfaces/msg/num.h
[31.624s] -- Installing: /home/sln/beginner_tutorials/install/tutorial_interfaces/include/tutorial_interfaces/tutorial_interfaces/msg/detail
[31.624s] -- Installing: /home/sln/beginner_tutorials/install/tutorial_interfaces/include/tutorial_interfaces/tutorial_interfaces/msg/detail/sphere__struct.h
[31.624s] -- Installing: /home/sln/beginner_tutorials/install/tutorial_interfaces/include/tutorial_interfaces/tutorial_interfaces/msg/detail/num__type_support.h
[31.625s] -- Installing: /home/sln/beginner_tutorials/install/tutorial_interfaces/include/tutorial_interfaces/tutorial_interfaces/msg/detail/sphere__type_support.h
[31.625s] -- Installing: /home/sln/beginner_tutorials/install/tutorial_interfaces/include/tutorial_interfaces/tutorial_interfaces/msg/detail/num__struct.h
[31.625s] -- Installing: /home/sln/beginner_tutorials/install/tutorial_interfaces/include/tutorial_interfaces/tutorial_interfaces/msg/detail/sphere__functions.h
[31.625s] -- Installing: /home/sln/beginner_tutorials/install/tutorial_interfaces/include/tutorial_interfaces/tutorial_interfaces/msg/detail/sphere__functions.c
[31.625s] -- Installing: /home/sln/beginner_tutorials/install/tutorial_interfaces/include/tutorial_interfaces/tutorial_interfaces/msg/detail/num__functions.c
[31.625s] -- Installing: /home/sln/beginner_tutorials/install/tutorial_interfaces/include/tutorial_interfaces/tutorial_interfaces/msg/detail/num__functions.h
[31.625s] -- Installing: /home/sln/beginner_tutorials/install/tutorial_interfaces/include/tutorial_interfaces/tutorial_interfaces/msg/rosidl_generator_c__visibility_control.h
[31.625s] -- Installing: /home/sln/beginner_tutorials/install/tutorial_interfaces/include/tutorial_interfaces/tutorial_interfaces/msg/sphere.h
[31.625s] -- Installing: /home/sln/beginner_tutorials/install/tutorial_interfaces/include/tutorial_interfaces/tutorial_interfaces/srv
[31.625s] -- Installing: /home/sln/beginner_tutorials/install/tutorial_interfaces/include/tutorial_interfaces/tutorial_interfaces/srv/detail
[31.625s] -- Installing: /home/sln/beginner_tutorials/install/tutorial_interfaces/include/tutorial_interfaces/tutorial_interfaces/srv/detail/add_three_ints__functions.c
[31.625s] -- Installing: /home/sln/beginner_tutorials/install/tutorial_interfaces/include/tutorial_interfaces/tutorial_interfaces/srv/detail/add_three_ints__type_support.h
[31.626s] -- Installing: /home/sln/beginner_tutorials/install/tutorial_interfaces/include/tutorial_interfaces/tutorial_interfaces/srv/detail/add_three_ints__struct.h
[31.626s] -- Installing: /home/sln/beginner_tutorials/install/tutorial_interfaces/include/tutorial_interfaces/tutorial_interfaces/srv/detail/add_three_ints__functions.h
[31.626s] -- Installing: /home/sln/beginner_tutorials/install/tutorial_interfaces/include/tutorial_interfaces/tutorial_interfaces/srv/add_three_ints.h
[31.626s] -- Installing: /home/sln/beginner_tutorials/install/tutorial_interfaces/share/tutorial_interfaces/environment/library_path.sh
[31.626s] -- Installing: /home/sln/beginner_tutorials/install/tutorial_interfaces/share/tutorial_interfaces/environment/library_path.dsv
[31.626s] -- Installing: /home/sln/beginner_tutorials/install/tutorial_interfaces/lib/libtutorial_interfaces__rosidl_generator_c.so
[31.627s] -- Set runtime path of "/home/sln/beginner_tutorials/install/tutorial_interfaces/lib/libtutorial_interfaces__rosidl_generator_c.so" to ""
[31.627s] -- Up-to-date: /home/sln/beginner_tutorials/install/tutorial_interfaces/include/tutorial_interfaces/tutorial_interfaces
[31.627s] -- Up-to-date: /home/sln/beginner_tutorials/install/tutorial_interfaces/include/tutorial_interfaces/tutorial_interfaces/msg
[31.627s] -- Installing: /home/sln/beginner_tutorials/install/tutorial_interfaces/include/tutorial_interfaces/tutorial_interfaces/msg/rosidl_typesupport_fastrtps_c__visibility_control.h
[31.628s] -- Up-to-date: /home/sln/beginner_tutorials/install/tutorial_interfaces/include/tutorial_interfaces/tutorial_interfaces/msg/detail
[31.628s] -- Installing: /home/sln/beginner_tutorials/install/tutorial_interfaces/include/tutorial_interfaces/tutorial_interfaces/msg/detail/num__rosidl_typesupport_fastrtps_c.h
[31.628s] -- Installing: /home/sln/beginner_tutorials/install/tutorial_interfaces/include/tutorial_interfaces/tutorial_interfaces/msg/detail/sphere__rosidl_typesupport_fastrtps_c.h
[31.628s] -- Up-to-date: /home/sln/beginner_tutorials/install/tutorial_interfaces/include/tutorial_interfaces/tutorial_interfaces/srv
[31.628s] -- Up-to-date: /home/sln/beginner_tutorials/install/tutorial_interfaces/include/tutorial_interfaces/tutorial_interfaces/srv/detail
[31.628s] -- Installing: /home/sln/beginner_tutorials/install/tutorial_interfaces/include/tutorial_interfaces/tutorial_interfaces/srv/detail/add_three_ints__rosidl_typesupport_fastrtps_c.h
[31.628s] -- Installing: /home/sln/beginner_tutorials/install/tutorial_interfaces/lib/libtutorial_interfaces__rosidl_typesupport_fastrtps_c.so
[31.628s] -- Set runtime path of "/home/sln/beginner_tutorials/install/tutorial_interfaces/lib/libtutorial_interfaces__rosidl_typesupport_fastrtps_c.so" to ""
[31.629s] -- Up-to-date: /home/sln/beginner_tutorials/install/tutorial_interfaces/include/tutorial_interfaces/tutorial_interfaces
[31.629s] -- Up-to-date: /home/sln/beginner_tutorials/install/tutorial_interfaces/include/tutorial_interfaces/tutorial_interfaces/msg
[31.629s] -- Installing: /home/sln/beginner_tutorials/install/tutorial_interfaces/include/tutorial_interfaces/tutorial_interfaces/msg/sphere.hpp
[31.629s] -- Installing: /home/sln/beginner_tutorials/install/tutorial_interfaces/include/tutorial_interfaces/tutorial_interfaces/msg/num.hpp
[31.629s] -- Up-to-date: /home/sln/beginner_tutorials/install/tutorial_interfaces/include/tutorial_interfaces/tutorial_interfaces/msg/detail
[31.629s] -- Installing: /home/sln/beginner_tutorials/install/tutorial_interfaces/include/tutorial_interfaces/tutorial_interfaces/msg/detail/sphere__traits.hpp
[31.629s] -- Installing: /home/sln/beginner_tutorials/install/tutorial_interfaces/include/tutorial_interfaces/tutorial_interfaces/msg/detail/num__traits.hpp
[31.629s] -- Installing: /home/sln/beginner_tutorials/install/tutorial_interfaces/include/tutorial_interfaces/tutorial_interfaces/msg/detail/sphere__builder.hpp
[31.630s] -- Installing: /home/sln/beginner_tutorials/install/tutorial_interfaces/include/tutorial_interfaces/tutorial_interfaces/msg/detail/sphere__struct.hpp
[31.630s] -- Installing: /home/sln/beginner_tutorials/install/tutorial_interfaces/include/tutorial_interfaces/tutorial_interfaces/msg/detail/num__struct.hpp
[31.630s] -- Installing: /home/sln/beginner_tutorials/install/tutorial_interfaces/include/tutorial_interfaces/tutorial_interfaces/msg/detail/num__builder.hpp
[31.630s] -- Up-to-date: /home/sln/beginner_tutorials/install/tutorial_interfaces/include/tutorial_interfaces/tutorial_interfaces/srv
[31.630s] -- Up-to-date: /home/sln/beginner_tutorials/install/tutorial_interfaces/include/tutorial_interfaces/tutorial_interfaces/srv/detail
[31.630s] -- Installing: /home/sln/beginner_tutorials/install/tutorial_interfaces/include/tutorial_interfaces/tutorial_interfaces/srv/detail/add_three_ints__traits.hpp
[31.630s] -- Installing: /home/sln/beginner_tutorials/install/tutorial_interfaces/include/tutorial_interfaces/tutorial_interfaces/srv/detail/add_three_ints__struct.hpp
[31.630s] -- Installing: /home/sln/beginner_tutorials/install/tutorial_interfaces/include/tutorial_interfaces/tutorial_interfaces/srv/detail/add_three_ints__builder.hpp
[31.630s] -- Installing: /home/sln/beginner_tutorials/install/tutorial_interfaces/include/tutorial_interfaces/tutorial_interfaces/srv/add_three_ints.hpp
[31.630s] -- Up-to-date: /home/sln/beginner_tutorials/install/tutorial_interfaces/include/tutorial_interfaces/tutorial_interfaces
[31.631s] -- Up-to-date: /home/sln/beginner_tutorials/install/tutorial_interfaces/include/tutorial_interfaces/tutorial_interfaces/msg
[31.631s] -- Installing: /home/sln/beginner_tutorials/install/tutorial_interfaces/include/tutorial_interfaces/tutorial_interfaces/msg/rosidl_typesupport_fastrtps_cpp__visibility_control.h
[31.631s] -- Up-to-date: /home/sln/beginner_tutorials/install/tutorial_interfaces/include/tutorial_interfaces/tutorial_interfaces/msg/detail
[31.631s] -- Installing: /home/sln/beginner_tutorials/install/tutorial_interfaces/include/tutorial_interfaces/tutorial_interfaces/msg/detail/sphere__rosidl_typesupport_fastrtps_cpp.hpp
[31.631s] -- Installing: /home/sln/beginner_tutorials/install/tutorial_interfaces/include/tutorial_interfaces/tutorial_interfaces/msg/detail/dds_fastrtps
[31.632s] -- Installing: /home/sln/beginner_tutorials/install/tutorial_interfaces/include/tutorial_interfaces/tutorial_interfaces/msg/detail/num__rosidl_typesupport_fastrtps_cpp.hpp
[31.632s] -- Up-to-date: /home/sln/beginner_tutorials/install/tutorial_interfaces/include/tutorial_interfaces/tutorial_interfaces/srv
[31.632s] -- Up-to-date: /home/sln/beginner_tutorials/install/tutorial_interfaces/include/tutorial_interfaces/tutorial_interfaces/srv/detail
[31.632s] -- Installing: /home/sln/beginner_tutorials/install/tutorial_interfaces/include/tutorial_interfaces/tutorial_interfaces/srv/detail/add_three_ints__rosidl_typesupport_fastrtps_cpp.hpp
[31.632s] -- Installing: /home/sln/beginner_tutorials/install/tutorial_interfaces/include/tutorial_interfaces/tutorial_interfaces/srv/detail/dds_fastrtps
[31.632s] -- Installing: /home/sln/beginner_tutorials/install/tutorial_interfaces/lib/libtutorial_interfaces__rosidl_typesupport_fastrtps_cpp.so
[31.632s] -- Set runtime path of "/home/sln/beginner_tutorials/install/tutorial_interfaces/lib/libtutorial_interfaces__rosidl_typesupport_fastrtps_cpp.so" to ""
[31.632s] -- Up-to-date: /home/sln/beginner_tutorials/install/tutorial_interfaces/include/tutorial_interfaces/tutorial_interfaces
[31.632s] -- Up-to-date: /home/sln/beginner_tutorials/install/tutorial_interfaces/include/tutorial_interfaces/tutorial_interfaces/msg
[31.633s] -- Up-to-date: /home/sln/beginner_tutorials/install/tutorial_interfaces/include/tutorial_interfaces/tutorial_interfaces/msg/detail
[31.633s] -- Installing: /home/sln/beginner_tutorials/install/tutorial_interfaces/include/tutorial_interfaces/tutorial_interfaces/msg/detail/sphere__rosidl_typesupport_introspection_c.h
[31.633s] -- Installing: /home/sln/beginner_tutorials/install/tutorial_interfaces/include/tutorial_interfaces/tutorial_interfaces/msg/detail/num__rosidl_typesupport_introspection_c.h
[31.633s] -- Installing: /home/sln/beginner_tutorials/install/tutorial_interfaces/include/tutorial_interfaces/tutorial_interfaces/msg/detail/sphere__type_support.c
[31.633s] -- Installing: /home/sln/beginner_tutorials/install/tutorial_interfaces/include/tutorial_interfaces/tutorial_interfaces/msg/detail/num__type_support.c
[31.633s] -- Installing: /home/sln/beginner_tutorials/install/tutorial_interfaces/include/tutorial_interfaces/tutorial_interfaces/msg/rosidl_typesupport_introspection_c__visibility_control.h
[31.633s] -- Up-to-date: /home/sln/beginner_tutorials/install/tutorial_interfaces/include/tutorial_interfaces/tutorial_interfaces/srv
[31.633s] -- Up-to-date: /home/sln/beginner_tutorials/install/tutorial_interfaces/include/tutorial_interfaces/tutorial_interfaces/srv/detail
[31.633s] -- Installing: /home/sln/beginner_tutorials/install/tutorial_interfaces/include/tutorial_interfaces/tutorial_interfaces/srv/detail/add_three_ints__type_support.c
[31.633s] -- Installing: /home/sln/beginner_tutorials/install/tutorial_interfaces/include/tutorial_interfaces/tutorial_interfaces/srv/detail/add_three_ints__rosidl_typesupport_introspection_c.h
[31.633s] -- Installing: /home/sln/beginner_tutorials/install/tutorial_interfaces/lib/libtutorial_interfaces__rosidl_typesupport_introspection_c.so
[31.634s] -- Set runtime path of "/home/sln/beginner_tutorials/install/tutorial_interfaces/lib/libtutorial_interfaces__rosidl_typesupport_introspection_c.so" to ""
[31.634s] -- Installing: /home/sln/beginner_tutorials/install/tutorial_interfaces/lib/libtutorial_interfaces__rosidl_typesupport_c.so
[31.634s] -- Set runtime path of "/home/sln/beginner_tutorials/install/tutorial_interfaces/lib/libtutorial_interfaces__rosidl_typesupport_c.so" to ""
[31.634s] -- Up-to-date: /home/sln/beginner_tutorials/install/tutorial_interfaces/include/tutorial_interfaces/tutorial_interfaces
[31.634s] -- Up-to-date: /home/sln/beginner_tutorials/install/tutorial_interfaces/include/tutorial_interfaces/tutorial_interfaces/msg
[31.635s] -- Up-to-date: /home/sln/beginner_tutorials/install/tutorial_interfaces/include/tutorial_interfaces/tutorial_interfaces/msg/detail
[31.635s] -- Installing: /home/sln/beginner_tutorials/install/tutorial_interfaces/include/tutorial_interfaces/tutorial_interfaces/msg/detail/sphere__type_support.cpp
[31.635s] -- Installing: /home/sln/beginner_tutorials/install/tutorial_interfaces/include/tutorial_interfaces/tutorial_interfaces/msg/detail/sphere__rosidl_typesupport_introspection_cpp.hpp
[31.635s] -- Installing: /home/sln/beginner_tutorials/install/tutorial_interfaces/include/tutorial_interfaces/tutorial_interfaces/msg/detail/num__rosidl_typesupport_introspection_cpp.hpp
[31.635s] -- Installing: /home/sln/beginner_tutorials/install/tutorial_interfaces/include/tutorial_interfaces/tutorial_interfaces/msg/detail/num__type_support.cpp
[31.635s] -- Up-to-date: /home/sln/beginner_tutorials/install/tutorial_interfaces/include/tutorial_interfaces/tutorial_interfaces/srv
[31.635s] -- Up-to-date: /home/sln/beginner_tutorials/install/tutorial_interfaces/include/tutorial_interfaces/tutorial_interfaces/srv/detail
[31.635s] -- Installing: /home/sln/beginner_tutorials/install/tutorial_interfaces/include/tutorial_interfaces/tutorial_interfaces/srv/detail/add_three_ints__type_support.cpp
[31.635s] -- Installing: /home/sln/beginner_tutorials/install/tutorial_interfaces/include/tutorial_interfaces/tutorial_interfaces/srv/detail/add_three_ints__rosidl_typesupport_introspection_cpp.hpp
[31.635s] -- Installing: /home/sln/beginner_tutorials/install/tutorial_interfaces/lib/libtutorial_interfaces__rosidl_typesupport_introspection_cpp.so
[31.636s] -- Set runtime path of "/home/sln/beginner_tutorials/install/tutorial_interfaces/lib/libtutorial_interfaces__rosidl_typesupport_introspection_cpp.so" to ""
[31.636s] -- Installing: /home/sln/beginner_tutorials/install/tutorial_interfaces/lib/libtutorial_interfaces__rosidl_typesupport_cpp.so
[31.637s] -- Set runtime path of "/home/sln/beginner_tutorials/install/tutorial_interfaces/lib/libtutorial_interfaces__rosidl_typesupport_cpp.so" to ""
[31.637s] -- Installing: /home/sln/beginner_tutorials/install/tutorial_interfaces/share/tutorial_interfaces/environment/pythonpath.sh
[31.637s] -- Installing: /home/sln/beginner_tutorials/install/tutorial_interfaces/share/tutorial_interfaces/environment/pythonpath.dsv
[31.637s] -- Installing: /home/sln/beginner_tutorials/install/tutorial_interfaces/lib/python3.8/site-packages/tutorial_interfaces-0.0.0-py3.8.egg-info
[31.637s] -- Installing: /home/sln/beginner_tutorials/install/tutorial_interfaces/lib/python3.8/site-packages/tutorial_interfaces-0.0.0-py3.8.egg-info/top_level.txt
[31.638s] -- Installing: /home/sln/beginner_tutorials/install/tutorial_interfaces/lib/python3.8/site-packages/tutorial_interfaces-0.0.0-py3.8.egg-info/dependency_links.txt
[31.638s] -- Installing: /home/sln/beginner_tutorials/install/tutorial_interfaces/lib/python3.8/site-packages/tutorial_interfaces-0.0.0-py3.8.egg-info/SOURCES.txt
[31.638s] -- Installing: /home/sln/beginner_tutorials/install/tutorial_interfaces/lib/python3.8/site-packages/tutorial_interfaces-0.0.0-py3.8.egg-info/PKG-INFO
[31.638s] -- Installing: /home/sln/beginner_tutorials/install/tutorial_interfaces/lib/python3.8/site-packages/tutorial_interfaces
[31.638s] -- Installing: /home/sln/beginner_tutorials/install/tutorial_interfaces/lib/python3.8/site-packages/tutorial_interfaces/libtutorial_interfaces__rosidl_generator_py.so
[31.639s] -- Installing: /home/sln/beginner_tutorials/install/tutorial_interfaces/lib/python3.8/site-packages/tutorial_interfaces/tutorial_interfaces_s__rosidl_typesupport_fastrtps_c.cpython-38-x86_64-linux-gnu.so
[31.639s] -- Installing: /home/sln/beginner_tutorials/install/tutorial_interfaces/lib/python3.8/site-packages/tutorial_interfaces/tutorial_interfaces_s__rosidl_typesupport_c.cpython-38-x86_64-linux-gnu.so
[31.639s] -- Installing: /home/sln/beginner_tutorials/install/tutorial_interfaces/lib/python3.8/site-packages/tutorial_interfaces/_tutorial_interfaces_s.ep.rosidl_typesupport_c.c
[31.639s] -- Installing: /home/sln/beginner_tutorials/install/tutorial_interfaces/lib/python3.8/site-packages/tutorial_interfaces/tutorial_interfaces_s__rosidl_typesupport_introspection_c.cpython-38-x86_64-linux-gnu.so
[31.639s] -- Installing: /home/sln/beginner_tutorials/install/tutorial_interfaces/lib/python3.8/site-packages/tutorial_interfaces/msg
[31.640s] -- Installing: /home/sln/beginner_tutorials/install/tutorial_interfaces/lib/python3.8/site-packages/tutorial_interfaces/msg/_sphere_s.c
[31.640s] -- Installing: /home/sln/beginner_tutorials/install/tutorial_interfaces/lib/python3.8/site-packages/tutorial_interfaces/msg/_sphere.py
[31.640s] -- Installing: /home/sln/beginner_tutorials/install/tutorial_interfaces/lib/python3.8/site-packages/tutorial_interfaces/msg/__init__.py
[31.640s] -- Installing: /home/sln/beginner_tutorials/install/tutorial_interfaces/lib/python3.8/site-packages/tutorial_interfaces/msg/_num_s.c
[31.640s] -- Installing: /home/sln/beginner_tutorials/install/tutorial_interfaces/lib/python3.8/site-packages/tutorial_interfaces/msg/_num.py
[31.640s] -- Installing: /home/sln/beginner_tutorials/install/tutorial_interfaces/lib/python3.8/site-packages/tutorial_interfaces/_tutorial_interfaces_s.ep.rosidl_typesupport_introspection_c.c
[31.641s] -- Installing: /home/sln/beginner_tutorials/install/tutorial_interfaces/lib/python3.8/site-packages/tutorial_interfaces/srv
[31.641s] -- Installing: /home/sln/beginner_tutorials/install/tutorial_interfaces/lib/python3.8/site-packages/tutorial_interfaces/srv/_add_three_ints.py
[31.641s] -- Installing: /home/sln/beginner_tutorials/install/tutorial_interfaces/lib/python3.8/site-packages/tutorial_interfaces/srv/_add_three_ints_s.c
[31.641s] -- Installing: /home/sln/beginner_tutorials/install/tutorial_interfaces/lib/python3.8/site-packages/tutorial_interfaces/srv/__init__.py
[31.641s] -- Installing: /home/sln/beginner_tutorials/install/tutorial_interfaces/lib/python3.8/site-packages/tutorial_interfaces/__init__.py
[31.641s] -- Installing: /home/sln/beginner_tutorials/install/tutorial_interfaces/lib/python3.8/site-packages/tutorial_interfaces/_tutorial_interfaces_s.ep.rosidl_typesupport_fastrtps_c.c
[32.150s] Listing '/home/sln/beginner_tutorials/install/tutorial_interfaces/lib/python3.8/site-packages/tutorial_interfaces'...
[32.150s] Compiling '/home/sln/beginner_tutorials/install/tutorial_interfaces/lib/python3.8/site-packages/tutorial_interfaces/__init__.py'...
[32.150s] Listing '/home/sln/beginner_tutorials/install/tutorial_interfaces/lib/python3.8/site-packages/tutorial_interfaces/msg'...
[32.150s] Compiling '/home/sln/beginner_tutorials/install/tutorial_interfaces/lib/python3.8/site-packages/tutorial_interfaces/msg/__init__.py'...
[32.151s] Compiling '/home/sln/beginner_tutorials/install/tutorial_interfaces/lib/python3.8/site-packages/tutorial_interfaces/msg/_num.py'...
[32.151s] Compiling '/home/sln/beginner_tutorials/install/tutorial_interfaces/lib/python3.8/site-packages/tutorial_interfaces/msg/_sphere.py'...
[32.151s] Listing '/home/sln/beginner_tutorials/install/tutorial_interfaces/lib/python3.8/site-packages/tutorial_interfaces/srv'...
[32.151s] Compiling '/home/sln/beginner_tutorials/install/tutorial_interfaces/lib/python3.8/site-packages/tutorial_interfaces/srv/__init__.py'...
[32.151s] Compiling '/home/sln/beginner_tutorials/install/tutorial_interfaces/lib/python3.8/site-packages/tutorial_interfaces/srv/_add_three_ints.py'...
[32.155s] -- Installing: /home/sln/beginner_tutorials/install/tutorial_interfaces/lib/python3.8/site-packages/tutorial_interfaces/tutorial_interfaces_s__rosidl_typesupport_introspection_c.cpython-38-x86_64-linux-gnu.so
[32.155s] -- Set runtime path of "/home/sln/beginner_tutorials/install/tutorial_interfaces/lib/python3.8/site-packages/tutorial_interfaces/tutorial_interfaces_s__rosidl_typesupport_introspection_c.cpython-38-x86_64-linux-gnu.so" to ""
[32.156s] -- Installing: /home/sln/beginner_tutorials/install/tutorial_interfaces/lib/python3.8/site-packages/tutorial_interfaces/tutorial_interfaces_s__rosidl_typesupport_fastrtps_c.cpython-38-x86_64-linux-gnu.so
[32.156s] -- Set runtime path of "/home/sln/beginner_tutorials/install/tutorial_interfaces/lib/python3.8/site-packages/tutorial_interfaces/tutorial_interfaces_s__rosidl_typesupport_fastrtps_c.cpython-38-x86_64-linux-gnu.so" to ""
[32.157s] -- Installing: /home/sln/beginner_tutorials/install/tutorial_interfaces/lib/python3.8/site-packages/tutorial_interfaces/tutorial_interfaces_s__rosidl_typesupport_c.cpython-38-x86_64-linux-gnu.so
[32.158s] -- Set runtime path of "/home/sln/beginner_tutorials/install/tutorial_interfaces/lib/python3.8/site-packages/tutorial_interfaces/tutorial_interfaces_s__rosidl_typesupport_c.cpython-38-x86_64-linux-gnu.so" to ""
[32.158s] -- Installing: /home/sln/beginner_tutorials/install/tutorial_interfaces/lib/libtutorial_interfaces__rosidl_generator_py.so
[32.158s] -- Set runtime path of "/home/sln/beginner_tutorials/install/tutorial_interfaces/lib/libtutorial_interfaces__rosidl_generator_py.so" to ""
[32.159s] -- Installing: /home/sln/beginner_tutorials/install/tutorial_interfaces/share/tutorial_interfaces/msg/Num.idl
[32.159s] -- Installing: /home/sln/beginner_tutorials/install/tutorial_interfaces/share/tutorial_interfaces/msg/Sphere.idl
[32.159s] -- Installing: /home/sln/beginner_tutorials/install/tutorial_interfaces/share/tutorial_interfaces/srv/AddThreeInts.idl
[32.160s] -- Installing: /home/sln/beginner_tutorials/install/tutorial_interfaces/share/tutorial_interfaces/msg/Num.msg
[32.160s] -- Installing: /home/sln/beginner_tutorials/install/tutorial_interfaces/share/tutorial_interfaces/msg/Sphere.msg
[32.160s] -- Installing: /home/sln/beginner_tutorials/install/tutorial_interfaces/share/tutorial_interfaces/srv/AddThreeInts.srv
[32.160s] -- Installing: /home/sln/beginner_tutorials/install/tutorial_interfaces/share/tutorial_interfaces/srv/AddThreeInts_Request.msg
[32.161s] -- Installing: /home/sln/beginner_tutorials/install/tutorial_interfaces/share/tutorial_interfaces/srv/AddThreeInts_Response.msg
[32.161s] -- Installing: /home/sln/beginner_tutorials/install/tutorial_interfaces/share/ament_index/resource_index/package_run_dependencies/tutorial_interfaces
[32.161s] -- Installing: /home/sln/beginner_tutorials/install/tutorial_interfaces/share/ament_index/resource_index/parent_prefix_path/tutorial_interfaces
[32.161s] -- Installing: /home/sln/beginner_tutorials/install/tutorial_interfaces/share/tutorial_interfaces/environment/ament_prefix_path.sh
[32.162s] -- Installing: /home/sln/beginner_tutorials/install/tutorial_interfaces/share/tutorial_interfaces/environment/ament_prefix_path.dsv
[32.162s] -- Installing: /home/sln/beginner_tutorials/install/tutorial_interfaces/share/tutorial_interfaces/environment/path.sh
[32.162s] -- Installing: /home/sln/beginner_tutorials/install/tutorial_interfaces/share/tutorial_interfaces/environment/path.dsv
[32.162s] -- Installing: /home/sln/beginner_tutorials/install/tutorial_interfaces/share/tutorial_interfaces/local_setup.bash
[32.162s] -- Installing: /home/sln/beginner_tutorials/install/tutorial_interfaces/share/tutorial_interfaces/local_setup.sh
[32.163s] -- Installing: /home/sln/beginner_tutorials/install/tutorial_interfaces/share/tutorial_interfaces/local_setup.zsh
[32.163s] -- Installing: /home/sln/beginner_tutorials/install/tutorial_interfaces/share/tutorial_interfaces/local_setup.dsv
[32.163s] -- Installing: /home/sln/beginner_tutorials/install/tutorial_interfaces/share/tutorial_interfaces/package.dsv
[32.163s] -- Installing: /home/sln/beginner_tutorials/install/tutorial_interfaces/share/ament_index/resource_index/packages/tutorial_interfaces
[32.164s] -- Installing: /home/sln/beginner_tutorials/install/tutorial_interfaces/share/tutorial_interfaces/cmake/export_tutorial_interfaces__rosidl_generator_cExport.cmake
[32.164s] -- Installing: /home/sln/beginner_tutorials/install/tutorial_interfaces/share/tutorial_interfaces/cmake/export_tutorial_interfaces__rosidl_generator_cExport-noconfig.cmake
[32.164s] -- Installing: /home/sln/beginner_tutorials/install/tutorial_interfaces/share/tutorial_interfaces/cmake/export_tutorial_interfaces__rosidl_typesupport_fastrtps_cExport.cmake
[32.165s] -- Installing: /home/sln/beginner_tutorials/install/tutorial_interfaces/share/tutorial_interfaces/cmake/export_tutorial_interfaces__rosidl_typesupport_fastrtps_cExport-noconfig.cmake
[32.165s] -- Installing: /home/sln/beginner_tutorials/install/tutorial_interfaces/share/tutorial_interfaces/cmake/export_tutorial_interfaces__rosidl_generator_cppExport.cmake
[32.165s] -- Installing: /home/sln/beginner_tutorials/install/tutorial_interfaces/share/tutorial_interfaces/cmake/export_tutorial_interfaces__rosidl_typesupport_fastrtps_cppExport.cmake
[32.166s] -- Installing: /home/sln/beginner_tutorials/install/tutorial_interfaces/share/tutorial_interfaces/cmake/export_tutorial_interfaces__rosidl_typesupport_fastrtps_cppExport-noconfig.cmake
[32.166s] -- Installing: /home/sln/beginner_tutorials/install/tutorial_interfaces/share/tutorial_interfaces/cmake/tutorial_interfaces__rosidl_typesupport_introspection_cExport.cmake
[32.166s] -- Installing: /home/sln/beginner_tutorials/install/tutorial_interfaces/share/tutorial_interfaces/cmake/tutorial_interfaces__rosidl_typesupport_introspection_cExport-noconfig.cmake
[32.166s] -- Installing: /home/sln/beginner_tutorials/install/tutorial_interfaces/share/tutorial_interfaces/cmake/tutorial_interfaces__rosidl_typesupport_cExport.cmake
[32.167s] -- Installing: /home/sln/beginner_tutorials/install/tutorial_interfaces/share/tutorial_interfaces/cmake/tutorial_interfaces__rosidl_typesupport_cExport-noconfig.cmake
[32.167s] -- Installing: /home/sln/beginner_tutorials/install/tutorial_interfaces/share/tutorial_interfaces/cmake/tutorial_interfaces__rosidl_typesupport_introspection_cppExport.cmake
[32.167s] -- Installing: /home/sln/beginner_tutorials/install/tutorial_interfaces/share/tutorial_interfaces/cmake/tutorial_interfaces__rosidl_typesupport_introspection_cppExport-noconfig.cmake
[32.167s] -- Installing: /home/sln/beginner_tutorials/install/tutorial_interfaces/share/tutorial_interfaces/cmake/tutorial_interfaces__rosidl_typesupport_cppExport.cmake
[32.168s] -- Installing: /home/sln/beginner_tutorials/install/tutorial_interfaces/share/tutorial_interfaces/cmake/tutorial_interfaces__rosidl_typesupport_cppExport-noconfig.cmake
[32.168s] -- Installing: /home/sln/beginner_tutorials/install/tutorial_interfaces/share/tutorial_interfaces/cmake/export_tutorial_interfaces__rosidl_generator_pyExport.cmake
[32.168s] -- Installing: /home/sln/beginner_tutorials/install/tutorial_interfaces/share/tutorial_interfaces/cmake/export_tutorial_interfaces__rosidl_generator_pyExport-noconfig.cmake
[32.168s] -- Installing: /home/sln/beginner_tutorials/install/tutorial_interfaces/share/tutorial_interfaces/cmake/rosidl_cmake-extras.cmake
[32.169s] -- Installing: /home/sln/beginner_tutorials/install/tutorial_interfaces/share/tutorial_interfaces/cmake/ament_cmake_export_dependencies-extras.cmake
[32.169s] -- Installing: /home/sln/beginner_tutorials/install/tutorial_interfaces/share/tutorial_interfaces/cmake/ament_cmake_export_include_directories-extras.cmake
[32.169s] -- Installing: /home/sln/beginner_tutorials/install/tutorial_interfaces/share/tutorial_interfaces/cmake/ament_cmake_export_libraries-extras.cmake
[32.169s] -- Installing: /home/sln/beginner_tutorials/install/tutorial_interfaces/share/tutorial_interfaces/cmake/ament_cmake_export_targets-extras.cmake
[32.170s] -- Installing: /home/sln/beginner_tutorials/install/tutorial_interfaces/share/tutorial_interfaces/cmake/rosidl_cmake_export_typesupport_targets-extras.cmake
[32.170s] -- Installing: /home/sln/beginner_tutorials/install/tutorial_interfaces/share/tutorial_interfaces/cmake/rosidl_cmake_export_typesupport_libraries-extras.cmake
[32.170s] -- Installing: /home/sln/beginner_tutorials/install/tutorial_interfaces/share/tutorial_interfaces/cmake/tutorial_interfacesConfig.cmake
[32.170s] -- Installing: /home/sln/beginner_tutorials/install/tutorial_interfaces/share/tutorial_interfaces/cmake/tutorial_interfacesConfig-version.cmake
[32.170s] -- Installing: /home/sln/beginner_tutorials/install/tutorial_interfaces/share/tutorial_interfaces/package.xml
[32.173s] Invoked command in '/home/sln/beginner_tutorials/build/tutorial_interfaces' returned '0': CMAKE_PREFIX_PATH=${CMAKE_PREFIX_PATH}:/home/sln/ros2_humble/install/rqt_bag_plugins:/home/sln/ros2_humble/install/rqt_bag:/home/sln/ros2_humble/install/ros2bag:/home/sln/ros2_humble/install/tracetools_test:/home/sln/ros2_humble/install/tracetools_launch:/home/sln/ros2_humble/install/topic_monitor:/home/sln/ros2_humble/install/tf2_tools:/home/sln/ros2_humble/install/examples_tf2_py:/home/sln/ros2_humble/install/tf2_ros_py:/home/sln/ros2_humble/install/sros2:/home/sln/ros2_humble/install/rqt_topic:/home/sln/ros2_humble/install/rqt_srv:/home/sln/ros2_humble/install/rqt_shell:/home/sln/ros2_humble/install/rqt_service_caller:/home/sln/ros2_humble/install/rqt_reconfigure:/home/sln/ros2_humble/install/rqt_py_console:/home/sln/ros2_humble/install/rqt_publisher:/home/sln/ros2_humble/install/rqt_plot:/home/sln/ros2_humble/install/rqt_action:/home/sln/ros2_humble/install/rqt_msg:/home/sln/ros2_humble/install/rqt_console:/home/sln/ros2_humble/install/rqt:/home/sln/ros2_humble/install/rqt_graph:/home/sln/ros2_humble/install/rqt_gui_py:/home/sln/ros2_humble/install/rqt_gui:/home/sln/ros2_humble/install/ros2trace:/home/sln/ros2_humble/install/ros2topic:/home/sln/ros2_humble/install/ros2test:/home/sln/ros2_humble/install/ros2component:/home/sln/ros2_humble/install/ros2param:/home/sln/ros2_humble/install/ros2lifecycle:/home/sln/ros2_humble/install/ros2service:/home/sln/ros2_humble/install/ros2run:/home/sln/ros2_humble/install/ros2launch:/home/sln/ros2_humble/install/ros2pkg:/home/sln/ros2_humble/install/ros2node:/home/sln/ros2_humble/install/ros2multicast:/home/sln/ros2_humble/install/ros2interface:/home/sln/ros2_humble/install/ros2doctor:/home/sln/ros2_humble/install/ros2action:/home/sln/ros2_humble/install/ros2cli:/home/sln/ros2_humble/install/quality_of_service_demo_py:/home/sln/ros2_humble/install/lifecycle_py:/home/sln/ros2_humble/install/launch_testing_ros:/home/sln/ros2_humble/install/launch_ros:/home/sln/ros2_humble/install/examples_rclpy_pointcloud_publisher:/home/sln/ros2_humble/install/examples_rclpy_minimal_subscriber:/home/sln/ros2_humble/install/examples_rclpy_minimal_service:/home/sln/ros2_humble/install/examples_rclpy_minimal_publisher:/home/sln/ros2_humble/install/examples_rclpy_minimal_client:/home/sln/ros2_humble/install/examples_rclpy_minimal_action_server:/home/sln/ros2_humble/install/examples_rclpy_minimal_action_client:/home/sln/ros2_humble/install/examples_rclpy_guard_conditions:/home/sln/ros2_humble/install/examples_rclpy_executors:/home/sln/ros2_humble/install/demo_nodes_py:/home/sln/ros2_humble/install/action_tutorials_py:/home/sln/ros2_humble/install/ament_uncrustify:/home/sln/ros2_humble/install/tracetools_trace:/home/sln/ros2_humble/install/tracetools_read:/home/sln/ros2_humble/install/test_tracetools_launch:/home/sln/ros2_humble/install/test_launch_ros:/home/sln/ros2_humble/install/sensor_msgs_py:/home/sln/ros2_humble/install/rpyutils:/home/sln/ros2_humble/install/rosidl_runtime_py:/home/sln/ros2_humble/install/rosidl_cli:/home/sln/ros2_humble/install/launch_pytest:/home/sln/ros2_humble/install/launch_testing:/home/sln/ros2_humble/install/launch_yaml:/home/sln/ros2_humble/install/launch_xml:/home/sln/ros2_humble/install/launch:/home/sln/ros2_humble/install/osrf_pycommon:/home/sln/ros2_humble/install/launch_testing_examples:/home/sln/ros2_humble/install/domain_coordinator:/home/sln/ros2_humble/install/ament_xmllint:/home/sln/ros2_humble/install/ament_pyflakes:/home/sln/ros2_humble/install/ament_pycodestyle:/home/sln/ros2_humble/install/ament_pep257:/home/sln/ros2_humble/install/ament_pclint:/home/sln/ros2_humble/install/ament_package:/home/sln/ros2_humble/install/ament_mypy:/home/sln/ros2_humble/install/ament_lint_cmake:/home/sln/ros2_humble/install/ament_flake8:/home/sln/ros2_humble/install/ament_copyright:/home/sln/ros2_humble/install/ament_lint:/home/sln/ros2_humble/install/ament_index_python:/home/sln/ros2_humble/install/ament_cpplint:/home/sln/ros2_humble/install/ament_cppcheck:/home/sln/ros2_humble/install/ament_clang_tidy:/home/sln/ros2_humble/install/ament_clang_format /usr/bin/cmake --install /home/sln/beginner_tutorials/build/tutorial_interfaces
