[4.759s] Invoking command in '/home/sln/beginner_tutorials/build/examples_rclpy_guard_conditions': PYTHONPATH=/home/sln/beginner_tutorials/install/examples_rclpy_guard_conditions/lib/python3.8/site-packages:${PYTHONPATH} /usr/bin/python3 setup.py develop --prefix /home/sln/beginner_tutorials/install/examples_rclpy_guard_conditions --editable --build-directory /home/sln/beginner_tutorials/build/examples_rclpy_guard_conditions/build --no-deps install_data --install-dir /home/sln/beginner_tutorials/install/examples_rclpy_guard_conditions
[6.269s] running develop
[6.791s] running egg_info
[6.791s] creating examples_rclpy_guard_conditions.egg-info
[6.792s] writing examples_rclpy_guard_conditions.egg-info/PKG-INFO
[6.792s] writing dependency_links to examples_rclpy_guard_conditions.egg-info/dependency_links.txt
[6.792s] writing entry points to examples_rclpy_guard_conditions.egg-info/entry_points.txt
[6.792s] writing requirements to examples_rclpy_guard_conditions.egg-info/requires.txt
[6.792s] writing top-level names to examples_rclpy_guard_conditions.egg-info/top_level.txt
[6.793s] writing manifest file 'examples_rclpy_guard_conditions.egg-info/SOURCES.txt'
[6.865s] reading manifest file 'examples_rclpy_guard_conditions.egg-info/SOURCES.txt'
[6.865s] writing manifest file 'examples_rclpy_guard_conditions.egg-info/SOURCES.txt'
[6.870s] running build_ext
[6.871s] Creating /home/sln/beginner_tutorials/install/examples_rclpy_guard_conditions/lib/python3.8/site-packages/site.py
[6.876s] Creating /home/sln/beginner_tutorials/install/examples_rclpy_guard_conditions/lib/python3.8/site-packages/examples-rclpy-guard-conditions.egg-link (link to .)
[6.878s] Installing trigger_guard_condition script to /home/sln/beginner_tutorials/install/examples_rclpy_guard_conditions/lib/examples_rclpy_guard_conditions
[6.878s] 
[6.878s] Installed /home/sln/beginner_tutorials/build/examples_rclpy_guard_conditions
[6.878s] running install_data
[6.879s] creating /home/sln/beginner_tutorials/install/examples_rclpy_guard_conditions/share/ament_index
[6.879s] creating /home/sln/beginner_tutorials/install/examples_rclpy_guard_conditions/share/ament_index/resource_index
[6.879s] creating /home/sln/beginner_tutorials/install/examples_rclpy_guard_conditions/share/ament_index/resource_index/packages
[6.879s] copying resource/examples_rclpy_guard_conditions -> /home/sln/beginner_tutorials/install/examples_rclpy_guard_conditions/share/ament_index/resource_index/packages
[6.879s] copying package.xml -> /home/sln/beginner_tutorials/install/examples_rclpy_guard_conditions/share/examples_rclpy_guard_conditions
[7.238s] Invoked command in '/home/sln/beginner_tutorials/build/examples_rclpy_guard_conditions' returned '0': PYTHONPATH=/home/sln/beginner_tutorials/install/examples_rclpy_guard_conditions/lib/python3.8/site-packages:${PYTHONPATH} /usr/bin/python3 setup.py develop --prefix /home/sln/beginner_tutorials/install/examples_rclpy_guard_conditions --editable --build-directory /home/sln/beginner_tutorials/build/examples_rclpy_guard_conditions/build --no-deps install_data --install-dir /home/sln/beginner_tutorials/install/examples_rclpy_guard_conditions
