[4.409s] Invoking command in '/home/sln/beginner_tutorials/build/examples_rclpy_executors': PYTHONPATH=/home/sln/beginner_tutorials/install/examples_rclpy_executors/lib/python3.8/site-packages:${PYTHONPATH} /usr/bin/python3 setup.py develop --prefix /home/sln/beginner_tutorials/install/examples_rclpy_executors --uninstall --editable --build-directory /home/sln/beginner_tutorials/build/examples_rclpy_executors/build
[6.132s] running develop
[7.431s] Invoked command in '/home/sln/beginner_tutorials/build/examples_rclpy_executors' returned '0': PYTHONPATH=/home/sln/beginner_tutorials/install/examples_rclpy_executors/lib/python3.8/site-packages:${PYTHONPATH} /usr/bin/python3 setup.py develop --prefix /home/sln/beginner_tutorials/install/examples_rclpy_executors --uninstall --editable --build-directory /home/sln/beginner_tutorials/build/examples_rclpy_executors/build
[7.435s] Invoking command in '/home/sln/beginner_tutorials/src/examples/rclpy/executors': PYTHONPATH=/home/sln/beginner_tutorials/install/examples_rclpy_executors/lib/python3.8/site-packages:${PYTHONPATH} /usr/bin/python3 setup.py egg_info --egg-base ../../../../build/examples_rclpy_executors build --build-base /home/sln/beginner_tutorials/build/examples_rclpy_executors/build install --prefix /home/sln/beginner_tutorials/install/examples_rclpy_executors --record /home/sln/beginner_tutorials/build/examples_rclpy_executors/install.log --single-version-externally-managed
[8.819s] running egg_info
[8.821s] writing ../../../../build/examples_rclpy_executors/examples_rclpy_executors.egg-info/PKG-INFO
[8.821s] writing dependency_links to ../../../../build/examples_rclpy_executors/examples_rclpy_executors.egg-info/dependency_links.txt
[8.822s] writing entry points to ../../../../build/examples_rclpy_executors/examples_rclpy_executors.egg-info/entry_points.txt
[8.822s] writing requirements to ../../../../build/examples_rclpy_executors/examples_rclpy_executors.egg-info/requires.txt
[8.822s] writing top-level names to ../../../../build/examples_rclpy_executors/examples_rclpy_executors.egg-info/top_level.txt
[8.888s] reading manifest file '../../../../build/examples_rclpy_executors/examples_rclpy_executors.egg-info/SOURCES.txt'
[8.889s] writing manifest file '../../../../build/examples_rclpy_executors/examples_rclpy_executors.egg-info/SOURCES.txt'
[8.889s] running build
[8.889s] running build_py
[8.890s] running install
[8.892s] running install_lib
[8.897s] running install_data
[8.897s] running install_egg_info
[8.901s] removing '/home/sln/beginner_tutorials/install/examples_rclpy_executors/lib/python3.8/site-packages/examples_rclpy_executors-0.15.1-py3.8.egg-info' (and everything under it)
[8.902s] Copying ../../../../build/examples_rclpy_executors/examples_rclpy_executors.egg-info to /home/sln/beginner_tutorials/install/examples_rclpy_executors/lib/python3.8/site-packages/examples_rclpy_executors-0.15.1-py3.8.egg-info
[8.903s] running install_scripts
[8.958s] Installing callback_group script to /home/sln/beginner_tutorials/install/examples_rclpy_executors/lib/examples_rclpy_executors
[8.958s] Installing composed script to /home/sln/beginner_tutorials/install/examples_rclpy_executors/lib/examples_rclpy_executors
[8.958s] Installing custom_callback_group script to /home/sln/beginner_tutorials/install/examples_rclpy_executors/lib/examples_rclpy_executors
[8.958s] Installing custom_executor script to /home/sln/beginner_tutorials/install/examples_rclpy_executors/lib/examples_rclpy_executors
[8.959s] Installing listener script to /home/sln/beginner_tutorials/install/examples_rclpy_executors/lib/examples_rclpy_executors
[8.959s] Installing talker script to /home/sln/beginner_tutorials/install/examples_rclpy_executors/lib/examples_rclpy_executors
[8.960s] writing list of installed files to '/home/sln/beginner_tutorials/build/examples_rclpy_executors/install.log'
[10.099s] Invoked command in '/home/sln/beginner_tutorials/src/examples/rclpy/executors' returned '0': PYTHONPATH=/home/sln/beginner_tutorials/install/examples_rclpy_executors/lib/python3.8/site-packages:${PYTHONPATH} /usr/bin/python3 setup.py egg_info --egg-base ../../../../build/examples_rclpy_executors build --build-base /home/sln/beginner_tutorials/build/examples_rclpy_executors/build install --prefix /home/sln/beginner_tutorials/install/examples_rclpy_executors --record /home/sln/beginner_tutorials/build/examples_rclpy_executors/install.log --single-version-externally-managed
