[5.183s] Invoking command in '/home/sln/beginner_tutorials/build/examples_rclpy_minimal_publisher': PYTHONPATH=/home/sln/beginner_tutorials/install/examples_rclpy_minimal_publisher/lib/python3.8/site-packages:${PYTHONPATH} /usr/bin/python3 setup.py develop --prefix /home/sln/beginner_tutorials/install/examples_rclpy_minimal_publisher --uninstall --editable --build-directory /home/sln/beginner_tutorials/build/examples_rclpy_minimal_publisher/build
[6.739s] running develop
[7.346s] Invoked command in '/home/sln/beginner_tutorials/build/examples_rclpy_minimal_publisher' returned '0': PYTHONPATH=/home/sln/beginner_tutorials/install/examples_rclpy_minimal_publisher/lib/python3.8/site-packages:${PYTHONPATH} /usr/bin/python3 setup.py develop --prefix /home/sln/beginner_tutorials/install/examples_rclpy_minimal_publisher --uninstall --editable --build-directory /home/sln/beginner_tutorials/build/examples_rclpy_minimal_publisher/build
[7.349s] Invoking command in '/home/sln/beginner_tutorials/src/examples/rclpy/topics/minimal_publisher': PYTHONPATH=/home/sln/beginner_tutorials/install/examples_rclpy_minimal_publisher/lib/python3.8/site-packages:${PYTHONPATH} /usr/bin/python3 setup.py egg_info --egg-base ../../../../../build/examples_rclpy_minimal_publisher build --build-base /home/sln/beginner_tutorials/build/examples_rclpy_minimal_publisher/build install --prefix /home/sln/beginner_tutorials/install/examples_rclpy_minimal_publisher --record /home/sln/beginner_tutorials/build/examples_rclpy_minimal_publisher/install.log --single-version-externally-managed
[8.247s] running egg_info
[8.248s] writing ../../../../../build/examples_rclpy_minimal_publisher/examples_rclpy_minimal_publisher.egg-info/PKG-INFO
[8.248s] writing dependency_links to ../../../../../build/examples_rclpy_minimal_publisher/examples_rclpy_minimal_publisher.egg-info/dependency_links.txt
[8.249s] writing entry points to ../../../../../build/examples_rclpy_minimal_publisher/examples_rclpy_minimal_publisher.egg-info/entry_points.txt
[8.249s] writing requirements to ../../../../../build/examples_rclpy_minimal_publisher/examples_rclpy_minimal_publisher.egg-info/requires.txt
[8.249s] writing top-level names to ../../../../../build/examples_rclpy_minimal_publisher/examples_rclpy_minimal_publisher.egg-info/top_level.txt
[8.300s] reading manifest file '../../../../../build/examples_rclpy_minimal_publisher/examples_rclpy_minimal_publisher.egg-info/SOURCES.txt'
[8.304s] writing manifest file '../../../../../build/examples_rclpy_minimal_publisher/examples_rclpy_minimal_publisher.egg-info/SOURCES.txt'
[8.305s] running build
[8.305s] running build_py
[8.305s] running install
[8.306s] running install_lib
[8.309s] running install_data
[8.310s] running install_egg_info
[8.317s] removing '/home/sln/beginner_tutorials/install/examples_rclpy_minimal_publisher/lib/python3.8/site-packages/examples_rclpy_minimal_publisher-0.15.1-py3.8.egg-info' (and everything under it)
[8.318s] Copying ../../../../../build/examples_rclpy_minimal_publisher/examples_rclpy_minimal_publisher.egg-info to /home/sln/beginner_tutorials/install/examples_rclpy_minimal_publisher/lib/python3.8/site-packages/examples_rclpy_minimal_publisher-0.15.1-py3.8.egg-info
[8.319s] running install_scripts
[8.380s] Installing publisher_local_function script to /home/sln/beginner_tutorials/install/examples_rclpy_minimal_publisher/lib/examples_rclpy_minimal_publisher
[8.381s] Installing publisher_member_function script to /home/sln/beginner_tutorials/install/examples_rclpy_minimal_publisher/lib/examples_rclpy_minimal_publisher
[8.381s] Installing publisher_old_school script to /home/sln/beginner_tutorials/install/examples_rclpy_minimal_publisher/lib/examples_rclpy_minimal_publisher
[8.382s] writing list of installed files to '/home/sln/beginner_tutorials/build/examples_rclpy_minimal_publisher/install.log'
[8.434s] Invoked command in '/home/sln/beginner_tutorials/src/examples/rclpy/topics/minimal_publisher' returned '0': PYTHONPATH=/home/sln/beginner_tutorials/install/examples_rclpy_minimal_publisher/lib/python3.8/site-packages:${PYTHONPATH} /usr/bin/python3 setup.py egg_info --egg-base ../../../../../build/examples_rclpy_minimal_publisher build --build-base /home/sln/beginner_tutorials/build/examples_rclpy_minimal_publisher/build install --prefix /home/sln/beginner_tutorials/install/examples_rclpy_minimal_publisher --record /home/sln/beginner_tutorials/build/examples_rclpy_minimal_publisher/install.log --single-version-externally-managed
