[8.340s] Invoking command in '/home/sln/beginner_tutorials/build/examples_rclpy_minimal_action_client': PYTHONPATH=/home/sln/beginner_tutorials/install/examples_rclpy_minimal_action_client/lib/python3.8/site-packages:${PYTHONPATH} /usr/bin/python3 setup.py develop --prefix /home/sln/beginner_tutorials/install/examples_rclpy_minimal_action_client --uninstall --editable --build-directory /home/sln/beginner_tutorials/build/examples_rclpy_minimal_action_client/build
[10.346s] running develop
[10.728s] Removing /home/sln/beginner_tutorials/install/examples_rclpy_minimal_action_client/lib/python3.8/site-packages/examples-rclpy-minimal-action-client.egg-link (link to .)
[11.031s] Invoked command in '/home/sln/beginner_tutorials/build/examples_rclpy_minimal_action_client' returned '0': PYTHONPATH=/home/sln/beginner_tutorials/install/examples_rclpy_minimal_action_client/lib/python3.8/site-packages:${PYTHONPATH} /usr/bin/python3 setup.py develop --prefix /home/sln/beginner_tutorials/install/examples_rclpy_minimal_action_client --uninstall --editable --build-directory /home/sln/beginner_tutorials/build/examples_rclpy_minimal_action_client/build
[11.034s] Invoking command in '/home/sln/beginner_tutorials/src/examples/rclpy/actions/minimal_action_client': PYTHONPATH=/home/sln/beginner_tutorials/install/examples_rclpy_minimal_action_client/lib/python3.8/site-packages:${PYTHONPATH} /usr/bin/python3 setup.py egg_info --egg-base ../../../../../build/examples_rclpy_minimal_action_client build --build-base /home/sln/beginner_tutorials/build/examples_rclpy_minimal_action_client/build install --prefix /home/sln/beginner_tutorials/install/examples_rclpy_minimal_action_client --record /home/sln/beginner_tutorials/build/examples_rclpy_minimal_action_client/install.log --single-version-externally-managed
[12.402s] running egg_info
[12.402s] writing ../../../../../build/examples_rclpy_minimal_action_client/examples_rclpy_minimal_action_client.egg-info/PKG-INFO
[12.404s] writing dependency_links to ../../../../../build/examples_rclpy_minimal_action_client/examples_rclpy_minimal_action_client.egg-info/dependency_links.txt
[12.404s] writing entry points to ../../../../../build/examples_rclpy_minimal_action_client/examples_rclpy_minimal_action_client.egg-info/entry_points.txt
[12.404s] writing requirements to ../../../../../build/examples_rclpy_minimal_action_client/examples_rclpy_minimal_action_client.egg-info/requires.txt
[12.405s] writing top-level names to ../../../../../build/examples_rclpy_minimal_action_client/examples_rclpy_minimal_action_client.egg-info/top_level.txt
[12.405s] reading manifest file '../../../../../build/examples_rclpy_minimal_action_client/examples_rclpy_minimal_action_client.egg-info/SOURCES.txt'
[12.405s] writing manifest file '../../../../../build/examples_rclpy_minimal_action_client/examples_rclpy_minimal_action_client.egg-info/SOURCES.txt'
[12.408s] running build
[12.408s] running build_py
[12.414s] creating /home/sln/beginner_tutorials/build/examples_rclpy_minimal_action_client/build
[12.419s] creating /home/sln/beginner_tutorials/build/examples_rclpy_minimal_action_client/build/lib
[12.419s] creating /home/sln/beginner_tutorials/build/examples_rclpy_minimal_action_client/build/lib/examples_rclpy_minimal_action_client
[12.419s] copying examples_rclpy_minimal_action_client/client_asyncio.py -> /home/sln/beginner_tutorials/build/examples_rclpy_minimal_action_client/build/lib/examples_rclpy_minimal_action_client
[12.419s] copying examples_rclpy_minimal_action_client/client_not_composable.py -> /home/sln/beginner_tutorials/build/examples_rclpy_minimal_action_client/build/lib/examples_rclpy_minimal_action_client
[12.420s] copying examples_rclpy_minimal_action_client/__init__.py -> /home/sln/beginner_tutorials/build/examples_rclpy_minimal_action_client/build/lib/examples_rclpy_minimal_action_client
[12.420s] copying examples_rclpy_minimal_action_client/client.py -> /home/sln/beginner_tutorials/build/examples_rclpy_minimal_action_client/build/lib/examples_rclpy_minimal_action_client
[12.420s] copying examples_rclpy_minimal_action_client/client_cancel.py -> /home/sln/beginner_tutorials/build/examples_rclpy_minimal_action_client/build/lib/examples_rclpy_minimal_action_client
[12.420s] running install
[12.421s] running install_lib
[12.421s] creating /home/sln/beginner_tutorials/install/examples_rclpy_minimal_action_client/lib/python3.8/site-packages/examples_rclpy_minimal_action_client
[12.421s] copying /home/sln/beginner_tutorials/build/examples_rclpy_minimal_action_client/build/lib/examples_rclpy_minimal_action_client/client_asyncio.py -> /home/sln/beginner_tutorials/install/examples_rclpy_minimal_action_client/lib/python3.8/site-packages/examples_rclpy_minimal_action_client
[12.421s] copying /home/sln/beginner_tutorials/build/examples_rclpy_minimal_action_client/build/lib/examples_rclpy_minimal_action_client/client_not_composable.py -> /home/sln/beginner_tutorials/install/examples_rclpy_minimal_action_client/lib/python3.8/site-packages/examples_rclpy_minimal_action_client
[12.421s] copying /home/sln/beginner_tutorials/build/examples_rclpy_minimal_action_client/build/lib/examples_rclpy_minimal_action_client/__init__.py -> /home/sln/beginner_tutorials/install/examples_rclpy_minimal_action_client/lib/python3.8/site-packages/examples_rclpy_minimal_action_client
[12.421s] copying /home/sln/beginner_tutorials/build/examples_rclpy_minimal_action_client/build/lib/examples_rclpy_minimal_action_client/client.py -> /home/sln/beginner_tutorials/install/examples_rclpy_minimal_action_client/lib/python3.8/site-packages/examples_rclpy_minimal_action_client
[12.422s] copying /home/sln/beginner_tutorials/build/examples_rclpy_minimal_action_client/build/lib/examples_rclpy_minimal_action_client/client_cancel.py -> /home/sln/beginner_tutorials/install/examples_rclpy_minimal_action_client/lib/python3.8/site-packages/examples_rclpy_minimal_action_client
[12.442s] byte-compiling /home/sln/beginner_tutorials/install/examples_rclpy_minimal_action_client/lib/python3.8/site-packages/examples_rclpy_minimal_action_client/client_asyncio.py to client_asyncio.cpython-38.pyc
[12.442s] byte-compiling /home/sln/beginner_tutorials/install/examples_rclpy_minimal_action_client/lib/python3.8/site-packages/examples_rclpy_minimal_action_client/client_not_composable.py to client_not_composable.cpython-38.pyc
[12.442s] byte-compiling /home/sln/beginner_tutorials/install/examples_rclpy_minimal_action_client/lib/python3.8/site-packages/examples_rclpy_minimal_action_client/__init__.py to __init__.cpython-38.pyc
[12.442s] byte-compiling /home/sln/beginner_tutorials/install/examples_rclpy_minimal_action_client/lib/python3.8/site-packages/examples_rclpy_minimal_action_client/client.py to client.cpython-38.pyc
[12.443s] byte-compiling /home/sln/beginner_tutorials/install/examples_rclpy_minimal_action_client/lib/python3.8/site-packages/examples_rclpy_minimal_action_client/client_cancel.py to client_cancel.cpython-38.pyc
[12.443s] running install_data
[12.443s] running install_egg_info
[12.443s] Copying ../../../../../build/examples_rclpy_minimal_action_client/examples_rclpy_minimal_action_client.egg-info to /home/sln/beginner_tutorials/install/examples_rclpy_minimal_action_client/lib/python3.8/site-packages/examples_rclpy_minimal_action_client-0.15.1-py3.8.egg-info
[12.444s] running install_scripts
[12.444s] Installing client script to /home/sln/beginner_tutorials/install/examples_rclpy_minimal_action_client/lib/examples_rclpy_minimal_action_client
[12.444s] Installing client_asyncio script to /home/sln/beginner_tutorials/install/examples_rclpy_minimal_action_client/lib/examples_rclpy_minimal_action_client
[12.444s] Installing client_cancel script to /home/sln/beginner_tutorials/install/examples_rclpy_minimal_action_client/lib/examples_rclpy_minimal_action_client
[12.444s] Installing client_not_composable script to /home/sln/beginner_tutorials/install/examples_rclpy_minimal_action_client/lib/examples_rclpy_minimal_action_client
[12.445s] writing list of installed files to '/home/sln/beginner_tutorials/build/examples_rclpy_minimal_action_client/install.log'
[12.493s] Invoked command in '/home/sln/beginner_tutorials/src/examples/rclpy/actions/minimal_action_client' returned '0': PYTHONPATH=/home/sln/beginner_tutorials/install/examples_rclpy_minimal_action_client/lib/python3.8/site-packages:${PYTHONPATH} /usr/bin/python3 setup.py egg_info --egg-base ../../../../../build/examples_rclpy_minimal_action_client build --build-base /home/sln/beginner_tutorials/build/examples_rclpy_minimal_action_client/build install --prefix /home/sln/beginner_tutorials/install/examples_rclpy_minimal_action_client --record /home/sln/beginner_tutorials/build/examples_rclpy_minimal_action_client/install.log --single-version-externally-managed
